#-----------------------------------------------------------
# Vivado v2020.1 (64-bit)
# SW Build 2902540 on Wed May 27 19:54:49 MDT 2020
# IP Build 2902112 on Wed May 27 22:43:36 MDT 2020
# Start of session at: Thu Jul  7 13:34:19 2022
# Process ID: 13244
# Current directory: C:/Users/valen/Documents/repos/UZ/ultrazohm_sw_working/ip_cores/uz_inverter_3ph/hdl_prj/ipcore/uz_inverter_3ph_v1_0/prj_ip
# Command line: vivado.exe -mode batch -notrace -source vivado_ip_package.tcl
# Log file: C:/Users/valen/Documents/repos/UZ/ultrazohm_sw_working/ip_cores/uz_inverter_3ph/hdl_prj/ipcore/uz_inverter_3ph_v1_0/prj_ip/vivado.log
# Journal file: C:/Users/valen/Documents/repos/UZ/ultrazohm_sw_working/ip_cores/uz_inverter_3ph/hdl_prj/ipcore/uz_inverter_3ph_v1_0/prj_ip\vivado.jou
#-----------------------------------------------------------
source vivado_ip_package.tcl -notrace
INFO: [ProjectBase 1-489] The host OS only allows 260 characters in a normal path. The project is stored in a path with more than 80 characters. If you experience issues with IP, Block Designs, or files not being found, please consider moving the project to a location with a shorter path. Alternately consider using the OS subst command to map part of the path to a drive letter.
Current project path is 'C:/Users/valen/Documents/repos/UZ/ultrazohm_sw_working/ip_cores/uz_inverter_3ph/hdl_prj/ipcore/uz_inverter_3ph_v1_0/prj_ip'
INFO: [IP_Flow 19-234] Refreshing IP repositories
INFO: [IP_Flow 19-1700] Loaded user IP repository 'c:/Users/valen/Documents/repos/UZ/ultrazohm_sw_working/ip_cores/uz_inverter_3ph/hdl_prj/ipcore'.
WARNING: [IP_Flow 19-3656] If you move the project, the path for repository 'c:/Users/valen/Documents/repos/UZ/ultrazohm_sw_working/ip_cores/uz_inverter_3ph/hdl_prj/ipcore' may become invalid. A better location for the repository would be in a path adjacent to the project. (Current project location is 'c:/Users/valen/Documents/repos/UZ/ultrazohm_sw_working/ip_cores/uz_inverter_3ph/hdl_prj/ipcore/uz_inverter_3ph_v1_0/prj_ip'.)
INFO: [IP_Flow 19-2313] Loaded Vivado IP repository 'C:/Xilinx/Vivado/2020.1/data/ip'.
INFO: [IP_Flow 19-5107] Inferred bus interface 'AXI4' of definition 'xilinx.com:interface:aximm:1.0' (from Xilinx Repository).
INFO: [IP_Flow 19-5107] Inferred bus interface 'AXI4_ARESETN' of definition 'xilinx.com:signal:reset:1.0' (from Xilinx Repository).
INFO: [IP_Flow 19-5107] Inferred bus interface 'IPCORE_RESETN' of definition 'xilinx.com:signal:reset:1.0' (from Xilinx Repository).
INFO: [IP_Flow 19-5107] Inferred bus interface 'AXI4_ACLK' of definition 'xilinx.com:signal:clock:1.0' (from Xilinx Repository).
INFO: [IP_Flow 19-5107] Inferred bus interface 'IPCORE_CLK' of definition 'xilinx.com:signal:clock:1.0' (from Xilinx Repository).
INFO: [IP_Flow 19-4728] Bus Interface 'AXI4_ARESETN': Added interface parameter 'POLARITY' with value 'ACTIVE_LOW'.
INFO: [IP_Flow 19-4728] Bus Interface 'IPCORE_RESETN': Added interface parameter 'POLARITY' with value 'ACTIVE_LOW'.
INFO: [IP_Flow 19-4728] Bus Interface 'AXI4_ACLK': Added interface parameter 'ASSOCIATED_BUSIF' with value 'AXI4'.
INFO: [IP_Flow 19-4728] Bus Interface 'AXI4_ACLK': Added interface parameter 'ASSOCIATED_RESET' with value 'AXI4_ARESETN'.
INFO: [IP_Flow 19-4728] Bus Interface 'IPCORE_CLK': Added interface parameter 'ASSOCIATED_RESET' with value 'IPCORE_RESETN'.
WARNING: [IP_Flow 19-5661] Bus Interface 'IPCORE_CLK' does not have any bus interfaces associated with it.
INFO: [IP_Flow 19-2181] Payment Required is not set for this core.
INFO: [IP_Flow 19-2187] The Product Guide file is missing.
WARNING: [IP_Flow 19-1971] File named "hdl/vhdl/uz_inverter_3ph_src_uz_inverter_3ph_pkg.vhd" already exists in file group "xilinx_anylanguagesynthesis", cannot add it again.
WARNING: [IP_Flow 19-1971] File named "hdl/vhdl/uz_inverter_3ph_src_uz_inverter_3ph_pkg.vhd" already exists in file group "xilinx_anylanguagebehavioralsimulation", cannot add it again.
WARNING: [IP_Flow 19-1971] File named "hdl/vhdl/uz_inverter_3ph_src_Subsystem1.vhd" already exists in file group "xilinx_anylanguagesynthesis", cannot add it again.
WARNING: [IP_Flow 19-1971] File named "hdl/vhdl/uz_inverter_3ph_src_Subsystem1.vhd" already exists in file group "xilinx_anylanguagebehavioralsimulation", cannot add it again.
WARNING: [IP_Flow 19-1971] File named "hdl/vhdl/uz_inverter_3ph_src_Subsystem1_block.vhd" already exists in file group "xilinx_anylanguagesynthesis", cannot add it again.
WARNING: [IP_Flow 19-1971] File named "hdl/vhdl/uz_inverter_3ph_src_Subsystem1_block.vhd" already exists in file group "xilinx_anylanguagebehavioralsimulation", cannot add it again.
WARNING: [IP_Flow 19-1971] File named "hdl/vhdl/uz_inverter_3ph_src_Subsystem1_block1.vhd" already exists in file group "xilinx_anylanguagesynthesis", cannot add it again.
WARNING: [IP_Flow 19-1971] File named "hdl/vhdl/uz_inverter_3ph_src_Subsystem1_block1.vhd" already exists in file group "xilinx_anylanguagebehavioralsimulation", cannot add it again.
WARNING: [IP_Flow 19-1971] File named "hdl/vhdl/uz_inverter_3ph_src_Subsystem1_block2.vhd" already exists in file group "xilinx_anylanguagesynthesis", cannot add it again.
WARNING: [IP_Flow 19-1971] File named "hdl/vhdl/uz_inverter_3ph_src_Subsystem1_block2.vhd" already exists in file group "xilinx_anylanguagebehavioralsimulation", cannot add it again.
WARNING: [IP_Flow 19-1971] File named "hdl/vhdl/uz_inverter_3ph_src_Subsystem1_block3.vhd" already exists in file group "xilinx_anylanguagesynthesis", cannot add it again.
WARNING: [IP_Flow 19-1971] File named "hdl/vhdl/uz_inverter_3ph_src_Subsystem1_block3.vhd" already exists in file group "xilinx_anylanguagebehavioralsimulation", cannot add it again.
WARNING: [IP_Flow 19-1971] File named "hdl/vhdl/uz_inverter_3ph_src_Subsystem1_block4.vhd" already exists in file group "xilinx_anylanguagesynthesis", cannot add it again.
WARNING: [IP_Flow 19-1971] File named "hdl/vhdl/uz_inverter_3ph_src_Subsystem1_block4.vhd" already exists in file group "xilinx_anylanguagebehavioralsimulation", cannot add it again.
WARNING: [IP_Flow 19-1971] File named "hdl/vhdl/uz_inverter_3ph_src_Subsystem1_block5.vhd" already exists in file group "xilinx_anylanguagesynthesis", cannot add it again.
WARNING: [IP_Flow 19-1971] File named "hdl/vhdl/uz_inverter_3ph_src_Subsystem1_block5.vhd" already exists in file group "xilinx_anylanguagebehavioralsimulation", cannot add it again.
WARNING: [IP_Flow 19-1971] File named "hdl/vhdl/uz_inverter_3ph_src_Subsystem1_block6.vhd" already exists in file group "xilinx_anylanguagesynthesis", cannot add it again.
WARNING: [IP_Flow 19-1971] File named "hdl/vhdl/uz_inverter_3ph_src_Subsystem1_block6.vhd" already exists in file group "xilinx_anylanguagebehavioralsimulation", cannot add it again.
WARNING: [IP_Flow 19-1971] File named "hdl/vhdl/uz_inverter_3ph_src_Compare_To_Constant.vhd" already exists in file group "xilinx_anylanguagesynthesis", cannot add it again.
WARNING: [IP_Flow 19-1971] File named "hdl/vhdl/uz_inverter_3ph_src_Compare_To_Constant.vhd" already exists in file group "xilinx_anylanguagebehavioralsimulation", cannot add it again.
WARNING: [IP_Flow 19-1971] File named "hdl/vhdl/uz_inverter_3ph_src_nfp_mul_single.vhd" already exists in file group "xilinx_anylanguagesynthesis", cannot add it again.
WARNING: [IP_Flow 19-1971] File named "hdl/vhdl/uz_inverter_3ph_src_nfp_mul_single.vhd" already exists in file group "xilinx_anylanguagebehavioralsimulation", cannot add it again.
WARNING: [IP_Flow 19-1971] File named "hdl/vhdl/uz_inverter_3ph_src_nfp_add_single.vhd" already exists in file group "xilinx_anylanguagesynthesis", cannot add it again.
WARNING: [IP_Flow 19-1971] File named "hdl/vhdl/uz_inverter_3ph_src_nfp_add_single.vhd" already exists in file group "xilinx_anylanguagebehavioralsimulation", cannot add it again.
WARNING: [IP_Flow 19-1971] File named "hdl/vhdl/uz_inverter_3ph_src_dot_product_2.vhd" already exists in file group "xilinx_anylanguagesynthesis", cannot add it again.
WARNING: [IP_Flow 19-1971] File named "hdl/vhdl/uz_inverter_3ph_src_dot_product_2.vhd" already exists in file group "xilinx_anylanguagebehavioralsimulation", cannot add it again.
WARNING: [IP_Flow 19-1971] File named "hdl/vhdl/uz_inverter_3ph_src_dot_product_3.vhd" already exists in file group "xilinx_anylanguagesynthesis", cannot add it again.
WARNING: [IP_Flow 19-1971] File named "hdl/vhdl/uz_inverter_3ph_src_dot_product_3.vhd" already exists in file group "xilinx_anylanguagebehavioralsimulation", cannot add it again.
WARNING: [IP_Flow 19-1971] File named "hdl/vhdl/uz_inverter_3ph_src_nfp_convert_double_to_fixed_27_En16.vhd" already exists in file group "xilinx_anylanguagesynthesis", cannot add it again.
WARNING: [IP_Flow 19-1971] File named "hdl/vhdl/uz_inverter_3ph_src_nfp_convert_double_to_fixed_27_En16.vhd" already exists in file group "xilinx_anylanguagebehavioralsimulation", cannot add it again.
WARNING: [IP_Flow 19-1971] File named "hdl/vhdl/uz_inverter_3ph_src_nfp_convert_single2double.vhd" already exists in file group "xilinx_anylanguagesynthesis", cannot add it again.
WARNING: [IP_Flow 19-1971] File named "hdl/vhdl/uz_inverter_3ph_src_nfp_convert_single2double.vhd" already exists in file group "xilinx_anylanguagebehavioralsimulation", cannot add it again.
WARNING: [IP_Flow 19-1971] File named "hdl/vhdl/uz_inverter_3ph_src_nfp_convert_double2single.vhd" already exists in file group "xilinx_anylanguagesynthesis", cannot add it again.
WARNING: [IP_Flow 19-1971] File named "hdl/vhdl/uz_inverter_3ph_src_nfp_convert_double2single.vhd" already exists in file group "xilinx_anylanguagebehavioralsimulation", cannot add it again.
WARNING: [IP_Flow 19-1971] File named "hdl/vhdl/uz_inverter_3ph_src_nfp_convert_sfix_27_En18_to_double.vhd" already exists in file group "xilinx_anylanguagesynthesis", cannot add it again.
WARNING: [IP_Flow 19-1971] File named "hdl/vhdl/uz_inverter_3ph_src_nfp_convert_sfix_27_En18_to_double.vhd" already exists in file group "xilinx_anylanguagebehavioralsimulation", cannot add it again.
WARNING: [IP_Flow 19-1971] File named "hdl/vhdl/uz_inverter_3ph_src_nfp_relop_single.vhd" already exists in file group "xilinx_anylanguagesynthesis", cannot add it again.
WARNING: [IP_Flow 19-1971] File named "hdl/vhdl/uz_inverter_3ph_src_nfp_relop_single.vhd" already exists in file group "xilinx_anylanguagebehavioralsimulation", cannot add it again.
WARNING: [IP_Flow 19-1971] File named "hdl/vhdl/uz_inverter_3ph_src_nfp_uminus_single.vhd" already exists in file group "xilinx_anylanguagesynthesis", cannot add it again.
WARNING: [IP_Flow 19-1971] File named "hdl/vhdl/uz_inverter_3ph_src_nfp_uminus_single.vhd" already exists in file group "xilinx_anylanguagebehavioralsimulation", cannot add it again.
WARNING: [IP_Flow 19-1971] File named "hdl/vhdl/uz_inverter_3ph_src_uz_inverter_3ph_tc.vhd" already exists in file group "xilinx_anylanguagesynthesis", cannot add it again.
WARNING: [IP_Flow 19-1971] File named "hdl/vhdl/uz_inverter_3ph_src_uz_inverter_3ph_tc.vhd" already exists in file group "xilinx_anylanguagebehavioralsimulation", cannot add it again.
WARNING: [IP_Flow 19-1971] File named "hdl/vhdl/uz_inverter_3ph_src_uz_inverter_3ph.vhd" already exists in file group "xilinx_anylanguagesynthesis", cannot add it again.
WARNING: [IP_Flow 19-1971] File named "hdl/vhdl/uz_inverter_3ph_src_uz_inverter_3ph.vhd" already exists in file group "xilinx_anylanguagebehavioralsimulation", cannot add it again.
WARNING: [IP_Flow 19-1971] File named "hdl/vhdl/uz_inverter_3ph_pkg.vhd" already exists in file group "xilinx_anylanguagesynthesis", cannot add it again.
WARNING: [IP_Flow 19-1971] File named "hdl/vhdl/uz_inverter_3ph_pkg.vhd" already exists in file group "xilinx_anylanguagebehavioralsimulation", cannot add it again.
WARNING: [IP_Flow 19-1971] File named "hdl/vhdl/uz_inverter_3ph_reset_sync.vhd" already exists in file group "xilinx_anylanguagesynthesis", cannot add it again.
WARNING: [IP_Flow 19-1971] File named "hdl/vhdl/uz_inverter_3ph_reset_sync.vhd" already exists in file group "xilinx_anylanguagebehavioralsimulation", cannot add it again.
WARNING: [IP_Flow 19-1971] File named "hdl/vhdl/uz_inverter_3ph_dut.vhd" already exists in file group "xilinx_anylanguagesynthesis", cannot add it again.
WARNING: [IP_Flow 19-1971] File named "hdl/vhdl/uz_inverter_3ph_dut.vhd" already exists in file group "xilinx_anylanguagebehavioralsimulation", cannot add it again.
WARNING: [IP_Flow 19-1971] File named "hdl/vhdl/uz_inverter_3ph_addr_decoder.vhd" already exists in file group "xilinx_anylanguagesynthesis", cannot add it again.
WARNING: [IP_Flow 19-1971] File named "hdl/vhdl/uz_inverter_3ph_addr_decoder.vhd" already exists in file group "xilinx_anylanguagebehavioralsimulation", cannot add it again.
WARNING: [IP_Flow 19-1971] File named "hdl/vhdl/uz_inverter_3ph_SimpleDualPortRAM_generic.vhd" already exists in file group "xilinx_anylanguagesynthesis", cannot add it again.
WARNING: [IP_Flow 19-1971] File named "hdl/vhdl/uz_inverter_3ph_SimpleDualPortRAM_generic.vhd" already exists in file group "xilinx_anylanguagebehavioralsimulation", cannot add it again.
WARNING: [IP_Flow 19-1971] File named "hdl/vhdl/uz_inverter_3ph_rdfifo_data.vhd" already exists in file group "xilinx_anylanguagesynthesis", cannot add it again.
WARNING: [IP_Flow 19-1971] File named "hdl/vhdl/uz_inverter_3ph_rdfifo_data.vhd" already exists in file group "xilinx_anylanguagebehavioralsimulation", cannot add it again.
WARNING: [IP_Flow 19-1971] File named "hdl/vhdl/uz_inverter_3ph_SimpleDualPortRAM_singlebit.vhd" already exists in file group "xilinx_anylanguagesynthesis", cannot add it again.
WARNING: [IP_Flow 19-1971] File named "hdl/vhdl/uz_inverter_3ph_SimpleDualPortRAM_singlebit.vhd" already exists in file group "xilinx_anylanguagebehavioralsimulation", cannot add it again.
WARNING: [IP_Flow 19-1971] File named "hdl/vhdl/uz_inverter_3ph_rdfifo_last.vhd" already exists in file group "xilinx_anylanguagesynthesis", cannot add it again.
WARNING: [IP_Flow 19-1971] File named "hdl/vhdl/uz_inverter_3ph_rdfifo_last.vhd" already exists in file group "xilinx_anylanguagebehavioralsimulation", cannot add it again.
WARNING: [IP_Flow 19-1971] File named "hdl/vhdl/uz_inverter_3ph_rdfifo_rid.vhd" already exists in file group "xilinx_anylanguagesynthesis", cannot add it again.
WARNING: [IP_Flow 19-1971] File named "hdl/vhdl/uz_inverter_3ph_rdfifo_rid.vhd" already exists in file group "xilinx_anylanguagebehavioralsimulation", cannot add it again.
WARNING: [IP_Flow 19-1971] File named "hdl/vhdl/uz_inverter_3ph_axi4_module.vhd" already exists in file group "xilinx_anylanguagesynthesis", cannot add it again.
WARNING: [IP_Flow 19-1971] File named "hdl/vhdl/uz_inverter_3ph_axi4_module.vhd" already exists in file group "xilinx_anylanguagebehavioralsimulation", cannot add it again.
WARNING: [IP_Flow 19-1971] File named "hdl/vhdl/uz_inverter_3ph_axi4.vhd" already exists in file group "xilinx_anylanguagesynthesis", cannot add it again.
WARNING: [IP_Flow 19-1971] File named "hdl/vhdl/uz_inverter_3ph_axi4.vhd" already exists in file group "xilinx_anylanguagebehavioralsimulation", cannot add it again.
WARNING: [IP_Flow 19-1971] File named "hdl/vhdl/uz_inverter_3ph.vhd" already exists in file group "xilinx_anylanguagesynthesis", cannot add it again.
WARNING: [IP_Flow 19-1971] File named "hdl/vhdl/uz_inverter_3ph.vhd" already exists in file group "xilinx_anylanguagebehavioralsimulation", cannot add it again.
INFO: [Common 17-206] Exiting Vivado at Thu Jul  7 13:34:31 2022...
