

================================================================
== Vitis HLS Report for 'uz_FOC_SpaceVector_Limitation_q_1'
================================================================
* Date:           Thu May 19 19:39:06 2022

* Version:        2020.1 (Build 2902540 on Wed May 27 20:16:15 MDT 2020)
* Project:        FOC_hls
* Solution:       solution1 (Vivado IP Flow Target)
* Product family: zynquplus
* Target device:  xczu9eg-ffvb1156-2-e


================================================================
== Performance Estimates
================================================================
+ Timing: 
    * Summary: 
    +--------+----------+----------+------------+
    |  Clock |  Target  | Estimated| Uncertainty|
    +--------+----------+----------+------------+
    |ap_clk  | 10.00 ns | 7.455 ns |   2.70 ns  |
    +--------+----------+----------+------------+

+ Latency: 
    * Summary: 
    +---------+---------+----------+----------+-----+-----+---------+
    |  Latency (cycles) |  Latency (absolute) |  Interval | Pipeline|
    |   min   |   max   |    min   |    max   | min | max |   Type  |
    +---------+---------+----------+----------+-----+-----+---------+
    |       30|       69| 0.300 us | 0.690 us |   30|   69|   none  |
    +---------+---------+----------+----------+-----+-----+---------+

    + Detail: 
        * Instance: 
        +--------------------------------+---------------------+---------+---------+----------+----------+-----+-----+----------+
        |                                |                     |  Latency (cycles) |  Latency (absolute) |  Interval | Pipeline |
        |            Instance            |        Module       |   min   |   max   |    min   |    max   | min | max |   Type   |
        +--------------------------------+---------------------+---------+---------+----------+----------+-----+-----+----------+
        |grp_pow_generic_float_s_fu_138  |pow_generic_float_s  |       15|       15| 0.150 us | 0.150 us |    1|    1| function |
        |grp_pow_generic_float_s_fu_158  |pow_generic_float_s  |       15|       15| 0.150 us | 0.150 us |    1|    1| function |
        +--------------------------------+---------------------+---------+---------+----------+----------+-----+-----+----------+

        * Loop: 
        N/A



================================================================
== Utilization Estimates
================================================================
* Summary: 
+-----------------+---------+------+--------+--------+-----+
|       Name      | BRAM_18K|  DSP |   FF   |   LUT  | URAM|
+-----------------+---------+------+--------+--------+-----+
|DSP              |        -|     -|       -|       -|    -|
|Expression       |        -|     -|       0|    1005|    -|
|FIFO             |        -|     -|       -|       -|    -|
|Instance         |       14|    33|    3049|    4617|    -|
|Memory           |        -|     -|       -|       -|    -|
|Multiplexer      |        -|     -|       -|     916|    -|
|Register         |        -|     -|    1407|       -|    -|
+-----------------+---------+------+--------+--------+-----+
|Total            |       14|    33|    4456|    6538|    0|
+-----------------+---------+------+--------+--------+-----+
|Available        |     1824|  2520|  548160|  274080|    0|
+-----------------+---------+------+--------+--------+-----+
|Utilization (%)  |    ~0   |     1|   ~0   |       2|    0|
+-----------------+---------+------+--------+--------+-----+

+ Detail: 
    * Instance: 
    +----------------------------------------+------------------------------------+---------+----+------+------+-----+
    |                Instance                |               Module               | BRAM_18K| DSP|  FF  |  LUT | URAM|
    +----------------------------------------+------------------------------------+---------+----+------+------+-----+
    |faddfsub_32ns_32ns_32_4_full_dsp_1_U48  |faddfsub_32ns_32ns_32_4_full_dsp_1  |        0|   2|   227|   214|    0|
    |fcmp_32ns_32ns_1_2_no_dsp_1_U51         |fcmp_32ns_32ns_1_2_no_dsp_1         |        0|   0|     0|     0|    0|
    |fcmp_32ns_32ns_1_2_no_dsp_1_U52         |fcmp_32ns_32ns_1_2_no_dsp_1         |        0|   0|     0|     0|    0|
    |fcmp_32ns_32ns_1_2_no_dsp_1_U53         |fcmp_32ns_32ns_1_2_no_dsp_1         |        0|   0|     0|     0|    0|
    |fcmp_32ns_32ns_1_2_no_dsp_1_U54         |fcmp_32ns_32ns_1_2_no_dsp_1         |        0|   0|     0|     0|    0|
    |fcmp_32ns_32ns_1_2_no_dsp_1_U55         |fcmp_32ns_32ns_1_2_no_dsp_1         |        0|   0|     0|     0|    0|
    |fcmp_32ns_32ns_1_2_no_dsp_1_U56         |fcmp_32ns_32ns_1_2_no_dsp_1         |        0|   0|     0|     0|    0|
    |fdiv_32ns_32ns_32_9_no_dsp_1_U50        |fdiv_32ns_32ns_32_9_no_dsp_1        |        0|   0|     0|     0|    0|
    |fmul_32ns_32ns_32_3_max_dsp_1_U49       |fmul_32ns_32ns_32_3_max_dsp_1       |        0|   3|   128|   135|    0|
    |fsqrt_32ns_32ns_32_8_no_dsp_1_U57       |fsqrt_32ns_32ns_32_8_no_dsp_1       |        0|   0|     0|     0|    0|
    |grp_pow_generic_float_s_fu_138          |pow_generic_float_s                 |        7|  14|  1347|  2134|    0|
    |grp_pow_generic_float_s_fu_158          |pow_generic_float_s                 |        7|  14|  1347|  2134|    0|
    +----------------------------------------+------------------------------------+---------+----+------+------+-----+
    |Total                                   |                                    |       14|  33|  3049|  4617|    0|
    +----------------------------------------+------------------------------------+---------+----+------+------+-----+

    * DSP: 
    N/A

    * Memory: 
    N/A

    * FIFO: 
    N/A

    * Expression: 
    +------------------------------------+----------+----+---+-----+------------+------------+
    |            Variable Name           | Operation| DSP| FF| LUT | Bitwidth P0| Bitwidth P1|
    +------------------------------------+----------+----+---+-----+------------+------------+
    |and_ln105_1_fu_701_p2               |    and   |   0|  0|    2|           1|           1|
    |and_ln105_fu_695_p2                 |    and   |   0|  0|    2|           1|           1|
    |and_ln106_fu_727_p2                 |    and   |   0|  0|    2|           1|           1|
    |and_ln35_10_fu_410_p2               |    and   |   0|  0|    2|           1|           1|
    |and_ln35_11_fu_868_p2               |    and   |   0|  0|    2|           1|           1|
    |and_ln35_12_fu_900_p2               |    and   |   0|  0|    2|           1|           1|
    |and_ln35_8_fu_365_p2                |    and   |   0|  0|    2|           1|           1|
    |and_ln35_9_fu_379_p2                |    and   |   0|  0|    2|           1|           1|
    |and_ln35_fu_334_p2                  |    and   |   0|  0|    2|           1|           1|
    |and_ln35_fu_359_p2                  |    and   |   0|  0|    2|           1|           1|
    |and_ln35_fu_404_p2                  |    and   |   0|  0|    2|           1|           1|
    |and_ln35_fu_894_p2                  |    and   |   0|  0|    2|           1|           1|
    |and_ln73_fu_522_p2                  |    and   |   0|  0|    2|           1|           1|
    |and_ln75_1_fu_579_p2                |    and   |   0|  0|    2|           1|           1|
    |and_ln75_fu_573_p2                  |    and   |   0|  0|    2|           1|           1|
    |and_ln93_1_fu_827_p2                |    and   |   0|  0|    2|           1|           1|
    |and_ln93_fu_821_p2                  |    and   |   0|  0|    2|           1|           1|
    |and_ln94_fu_934_p2                  |    and   |   0|  0|    2|           1|           1|
    |if_omega_equal_q_current_fu_528_p2  |    and   |   0|  0|    2|           1|           1|
    |icmp_ln105_1_fu_669_p2              |   icmp   |   0|  0|   20|          23|           1|
    |icmp_ln105_2_fu_675_p2              |   icmp   |   0|  0|   11|           8|           2|
    |icmp_ln105_3_fu_681_p2              |   icmp   |   0|  0|   20|          23|           1|
    |icmp_ln105_fu_663_p2                |   icmp   |   0|  0|   11|           8|           2|
    |icmp_ln35_10_fu_322_p2              |   icmp   |   0|  0|   20|          23|           1|
    |icmp_ln35_11_fu_850_p2              |   icmp   |   0|  0|   11|           8|           2|
    |icmp_ln35_12_fu_856_p2              |   icmp   |   0|  0|   20|          23|           1|
    |icmp_ln35_8_fu_286_p2               |   icmp   |   0|  0|   20|          23|           1|
    |icmp_ln35_9_fu_316_p2               |   icmp   |   0|  0|   11|           8|           2|
    |icmp_ln35_fu_280_p2                 |   icmp   |   0|  0|   11|           8|           2|
    |icmp_ln73_1_fu_466_p2               |   icmp   |   0|  0|    8|           1|           1|
    |icmp_ln73_2_fu_472_p2               |   icmp   |   0|  0|   11|           8|           2|
    |icmp_ln73_3_fu_478_p2               |   icmp   |   0|  0|    8|           1|           1|
    |icmp_ln73_fu_460_p2                 |   icmp   |   0|  0|   11|           8|           2|
    |icmp_ln75_1_fu_508_p2               |   icmp   |   0|  0|   20|          23|           1|
    |icmp_ln75_2_fu_555_p2               |   icmp   |   0|  0|   11|           8|           2|
    |icmp_ln75_3_fu_561_p2               |   icmp   |   0|  0|   20|          23|           1|
    |icmp_ln75_fu_502_p2                 |   icmp   |   0|  0|   11|           8|           2|
    |icmp_ln93_1_fu_795_p2               |   icmp   |   0|  0|   20|          23|           1|
    |icmp_ln93_2_fu_801_p2               |   icmp   |   0|  0|   11|           8|           2|
    |icmp_ln93_3_fu_807_p2               |   icmp   |   0|  0|   20|          23|           1|
    |icmp_ln93_fu_789_p2                 |   icmp   |   0|  0|   11|           8|           2|
    |or_ln105_1_fu_691_p2                |    or    |   0|  0|    2|           1|           1|
    |or_ln105_fu_687_p2                  |    or    |   0|  0|    2|           1|           1|
    |or_ln35_4_fu_328_p2                 |    or    |   0|  0|    2|           1|           1|
    |or_ln35_5_fu_862_p2                 |    or    |   0|  0|    2|           1|           1|
    |or_ln35_fu_292_p2                   |    or    |   0|  0|    2|           1|           1|
    |or_ln73_1_fu_518_p2                 |    or    |   0|  0|    2|           1|           1|
    |or_ln73_fu_514_p2                   |    or    |   0|  0|    2|           1|           1|
    |or_ln75_1_fu_567_p2                 |    or    |   0|  0|    2|           1|           1|
    |or_ln75_fu_551_p2                   |    or    |   0|  0|    2|           1|           1|
    |or_ln77_fu_609_p2                   |    or    |   0|  0|  288|          41|         288|
    |or_ln93_1_fu_817_p2                 |    or    |   0|  0|    2|           1|           1|
    |or_ln93_fu_813_p2                   |    or    |   0|  0|    2|           1|           1|
    |select_ln106_1_fu_733_p3            |  select  |   0|  0|   32|           1|          32|
    |select_ln106_fu_707_p3              |  select  |   0|  0|   32|           1|          32|
    |select_ln35_5_fu_384_p3             |  select  |   0|  0|   32|           1|          32|
    |select_ln35_7_fu_874_p3             |  select  |   0|  0|   32|           1|          32|
    |select_ln35_fu_339_p3               |  select  |   0|  0|   32|           1|          32|
    |select_ln94_1_fu_940_p3             |  select  |   0|  0|   32|           1|          32|
    |select_ln94_fu_914_p3               |  select  |   0|  0|   32|           1|          32|
    |sign_4_fu_415_p3                    |  select  |   0|  0|   32|           1|          32|
    |sign_5_fu_906_p3                    |  select  |   0|  0|   32|           1|          32|
    |sign_fu_370_p3                      |  select  |   0|  0|   32|           1|          32|
    |xor_ln106_fu_715_p2                 |    xor   |   0|  0|    2|           1|           2|
    |xor_ln106_fu_721_p2                 |    xor   |   0|  0|    2|           1|           2|
    |xor_ln35_fu_347_p2                  |    xor   |   0|  0|    2|           1|           2|
    |xor_ln35_fu_353_p2                  |    xor   |   0|  0|    2|           1|           2|
    |xor_ln35_fu_392_p2                  |    xor   |   0|  0|    2|           1|           2|
    |xor_ln35_fu_398_p2                  |    xor   |   0|  0|    2|           1|           2|
    |xor_ln35_fu_882_p2                  |    xor   |   0|  0|    2|           1|           2|
    |xor_ln35_fu_888_p2                  |    xor   |   0|  0|    2|           1|           2|
    |xor_ln94_fu_922_p2                  |    xor   |   0|  0|    2|           1|           2|
    |xor_ln94_fu_928_p2                  |    xor   |   0|  0|    2|           1|           2|
    +------------------------------------+----------+----+---+-----+------------+------------+
    |Total                               |          |   0|  0| 1005|         388|         691|
    +------------------------------------+----------+----+---+-----+------------+------------+

    * Multiplexer: 
    +--------------------------------------------+-----+-----------+-----+-----------+
    |                    Name                    | LUT | Input Size| Bits| Total Bits|
    +--------------------------------------------+-----+-----------+-----+-----------+
    |ap_NS_fsm                                   |  500|        113|    1|        113|
    |ap_phi_mux_self_0_phi_fu_111_p10            |    9|          2|  281|        562|
    |ap_phi_mux_u_output_Volts_5_phi_fu_126_p10  |    9|          2|   32|         64|
    |ap_return_0                                 |    9|          2|   32|         64|
    |ap_return_1                                 |    9|          2|  281|        562|
    |grp_fu_178_opcode                           |   15|          3|    2|          6|
    |grp_fu_178_p0                               |   15|          3|   32|         96|
    |grp_fu_178_p1                               |   15|          3|   32|         96|
    |grp_fu_182_p0                               |   27|          5|   32|        160|
    |grp_fu_182_p1                               |   21|          4|   32|        128|
    |grp_fu_193_opcode                           |   21|          4|    5|         20|
    |grp_fu_193_p0                               |   38|          7|   32|        224|
    |grp_fu_193_p1                               |   21|          4|   32|        128|
    |grp_fu_199_opcode                           |   21|          4|    5|         20|
    |grp_fu_199_p0                               |   27|          5|   32|        160|
    |grp_fu_199_p1                               |   15|          3|   32|         96|
    |grp_fu_205_opcode                           |   15|          3|    5|         15|
    |grp_fu_205_p0                               |   21|          4|   32|        128|
    |grp_fu_211_opcode                           |   15|          3|    5|         15|
    |grp_fu_211_p0                               |   15|          3|   32|         96|
    |grp_pow_generic_float_s_fu_138_ap_start     |    9|          2|    1|          2|
    |grp_pow_generic_float_s_fu_138_base_r       |   15|          3|   32|         96|
    |grp_pow_generic_float_s_fu_158_ap_start     |    9|          2|    1|          2|
    |grp_pow_generic_float_s_fu_158_base_r       |   15|          3|   32|         96|
    |self_0_reg_108                              |    9|          2|  281|        562|
    |u_output_Volts_5_reg_123                    |   21|          4|   32|        128|
    +--------------------------------------------+-----+-----------+-----+-----------+
    |Total                                       |  916|        195| 1348|       3639|
    +--------------------------------------------+-----+-----------+-----+-----------+

    * Register: 
    +---------------------------------------------+-----+----+-----+-----------+
    |                     Name                    |  FF | LUT| Bits| Const Bits|
    +---------------------------------------------+-----+----+-----+-----------+
    |U_SV_max_reg_1001                            |   32|   0|   32|          0|
    |and_ln75_1_reg_1066                          |    1|   0|    1|          0|
    |and_ln93_1_reg_1146                          |    1|   0|    1|          0|
    |ap_CS_fsm                                    |  112|   0|  112|          0|
    |ap_return_0_preg                             |   32|   0|   32|          0|
    |ap_return_1_preg                             |  281|   0|  288|          7|
    |grp_pow_generic_float_s_fu_138_ap_start_reg  |    1|   0|    1|          0|
    |grp_pow_generic_float_s_fu_158_ap_start_reg  |    1|   0|    1|          0|
    |icmp_ln105_1_reg_1093                        |    1|   0|    1|          0|
    |icmp_ln105_2_reg_1098                        |    1|   0|    1|          0|
    |icmp_ln105_3_reg_1103                        |    1|   0|    1|          0|
    |icmp_ln105_reg_1088                          |    1|   0|    1|          0|
    |icmp_ln73_1_reg_1037                         |    1|   0|    1|          0|
    |icmp_ln73_2_reg_1042                         |    1|   0|    1|          0|
    |icmp_ln73_3_reg_1047                         |    1|   0|    1|          0|
    |icmp_ln73_reg_1032                           |    1|   0|    1|          0|
    |icmp_ln75_1_reg_1057                         |    1|   0|    1|          0|
    |icmp_ln75_reg_1052                           |    1|   0|    1|          0|
    |icmp_ln93_1_reg_1131                         |    1|   0|    1|          0|
    |icmp_ln93_2_reg_1136                         |    1|   0|    1|          0|
    |icmp_ln93_3_reg_1141                         |    1|   0|    1|          0|
    |icmp_ln93_reg_1126                           |    1|   0|    1|          0|
    |if_omega_equal_q_current_reg_1062            |    1|   0|    1|          0|
    |or_ln35_4_reg_1016                           |    1|   0|    1|          0|
    |or_ln35_reg_1010                             |    1|   0|    1|          0|
    |or_ln77_reg_1075                             |  280|   0|  288|          8|
    |reg_234                                      |   32|   0|   32|          0|
    |reg_240                                      |   32|   0|   32|          0|
    |reg_245                                      |   32|   0|   32|          0|
    |reg_250                                      |   32|   0|   32|          0|
    |reg_256                                      |   32|   0|   32|          0|
    |select_ln106_1_reg_1111                      |   20|   0|   32|         12|
    |select_ln94_1_reg_1165                       |   20|   0|   32|         12|
    |self_0_reg_108                               |  281|   0|  288|          7|
    |sign_5_reg_1150                              |    8|   0|   32|         24|
    |tmp_4_reg_1155                               |   32|   0|   32|          0|
    |u_output_Volts_2_reg_1170                    |   32|   0|   32|          0|
    |u_output_Volts_3_reg_1160                    |   32|   0|   32|          0|
    |u_output_Volts_4_reg_1116                    |   32|   0|   32|          0|
    |u_output_Volts_5_reg_123                     |   32|   0|   32|          0|
    +---------------------------------------------+-----+----+-----+-----------+
    |Total                                        | 1407|   0| 1477|         70|
    +---------------------------------------------+-----+----+-----+-----------+



================================================================
== Interface
================================================================
* Summary: 
+----------------------+-----+-----+------------+-----------------------------------+--------------+
|       RTL Ports      | Dir | Bits|  Protocol  |           Source Object           |    C Type    |
+----------------------+-----+-----+------------+-----------------------------------+--------------+
|ap_clk                |  in |    1| ap_ctrl_hs | uz_FOC_SpaceVector_Limitation_q.1 | return value |
|ap_rst                |  in |    1| ap_ctrl_hs | uz_FOC_SpaceVector_Limitation_q.1 | return value |
|ap_start              |  in |    1| ap_ctrl_hs | uz_FOC_SpaceVector_Limitation_q.1 | return value |
|ap_done               | out |    1| ap_ctrl_hs | uz_FOC_SpaceVector_Limitation_q.1 | return value |
|ap_idle               | out |    1| ap_ctrl_hs | uz_FOC_SpaceVector_Limitation_q.1 | return value |
|ap_ready              | out |    1| ap_ctrl_hs | uz_FOC_SpaceVector_Limitation_q.1 | return value |
|ap_return_0           | out |   32| ap_ctrl_hs | uz_FOC_SpaceVector_Limitation_q.1 | return value |
|ap_return_1           | out |  288| ap_ctrl_hs | uz_FOC_SpaceVector_Limitation_q.1 | return value |
|p_read                |  in |  288|   ap_none  |               p_read              |    scalar    |
|u_input_Volts_0       |  in |   32|   ap_none  |          u_input_Volts_0          |    scalar    |
|u_input_Volts_1       |  in |   32|   ap_none  |          u_input_Volts_1          |    scalar    |
|V_dc_volts            |  in |   32|   ap_none  |             V_dc_volts            |    scalar    |
|omega_el_rad_per_sec  |  in |   32|   ap_none  |        omega_el_rad_per_sec       |    scalar    |
|i_actual_Ampere_1     |  in |   32|   ap_none  |         i_actual_Ampere_1         |    scalar    |
+----------------------+-----+-----+------------+-----------------------------------+--------------+

