#-----------------------------------------------------------
# Vivado v2022.2.2 (64-bit)
# SW Build 3788238 on Tue Feb 21 20:00:34 MST 2023
# IP Build 3783773 on Tue Feb 21 23:41:56 MST 2023
# Start of session at: Mon Mar 30 10:13:44 2026
# Process ID: 323040
# Current directory: C:/Users/ga92wum/git/uz/uz_sw_fix_min_pulse_width_sw_only/ip_cores/uz_mux_axi/hdl_prj/ipcore/mux_axi_ip_v1_3/prj_ip
# Command line: vivado.exe -mode batch -notrace -source vivado_ip_package.tcl
# Log file: C:/Users/ga92wum/git/uz/uz_sw_fix_min_pulse_width_sw_only/ip_cores/uz_mux_axi/hdl_prj/ipcore/mux_axi_ip_v1_3/prj_ip/vivado.log
# Journal file: C:/Users/ga92wum/git/uz/uz_sw_fix_min_pulse_width_sw_only/ip_cores/uz_mux_axi/hdl_prj/ipcore/mux_axi_ip_v1_3/prj_ip\vivado.jou
# Running On: TUEIEAL-TM22, OS: Windows, CPU Frequency: 3294 MHz, CPU Physical cores: 16, Host memory: 64066 MB
#-----------------------------------------------------------
source vivado_ip_package.tcl -notrace
create_project: Time (s): cpu = 00:00:05 ; elapsed = 00:00:06 . Memory (MB): peak = 381.391 ; gain = 66.102
INFO: [IP_Flow 19-234] Refreshing IP repositories
INFO: [IP_Flow 19-1700] Loaded user IP repository 'c:/Users/ga92wum/git/uz/uz_sw_fix_min_pulse_width_sw_only/ip_cores/uz_mux_axi/hdl_prj/ipcore'.
WARNING: [IP_Flow 19-3656] If you move the project, the path for repository 'c:/Users/ga92wum/git/uz/uz_sw_fix_min_pulse_width_sw_only/ip_cores/uz_mux_axi/hdl_prj/ipcore' may become invalid. A better location for the repository would be in a path adjacent to the project. (Current project location is 'c:/Users/ga92wum/git/uz/uz_sw_fix_min_pulse_width_sw_only/ip_cores/uz_mux_axi/hdl_prj/ipcore/mux_axi_ip_v1_3/prj_ip'.)
INFO: [IP_Flow 19-2313] Loaded Vivado IP repository 'C:/Xilinx/Vivado/2022.2/data/ip'.
INFO: [IP_Flow 19-5107] Inferred bus interface 'AXI4_Lite' of definition 'xilinx.com:interface:aximm:1.0' (from Xilinx Repository).
INFO: [IP_Flow 19-5107] Inferred bus interface 'AXI4_Lite_ARESETN' of definition 'xilinx.com:signal:reset:1.0' (from Xilinx Repository).
INFO: [IP_Flow 19-5107] Inferred bus interface 'IPCORE_RESETN' of definition 'xilinx.com:signal:reset:1.0' (from Xilinx Repository).
INFO: [IP_Flow 19-5107] Inferred bus interface 'AXI4_Lite_ACLK' of definition 'xilinx.com:signal:clock:1.0' (from Xilinx Repository).
INFO: [IP_Flow 19-5107] Inferred bus interface 'IPCORE_CLK' of definition 'xilinx.com:signal:clock:1.0' (from Xilinx Repository).
INFO: [IP_Flow 19-4728] Bus Interface 'AXI4_Lite_ARESETN': Added interface parameter 'POLARITY' with value 'ACTIVE_LOW'.
INFO: [IP_Flow 19-4728] Bus Interface 'IPCORE_RESETN': Added interface parameter 'POLARITY' with value 'ACTIVE_LOW'.
INFO: [IP_Flow 19-4728] Bus Interface 'AXI4_Lite_ACLK': Added interface parameter 'ASSOCIATED_BUSIF' with value 'AXI4_Lite'.
INFO: [IP_Flow 19-4728] Bus Interface 'AXI4_Lite_ACLK': Added interface parameter 'ASSOCIATED_RESET' with value 'AXI4_Lite_ARESETN'.
INFO: [IP_Flow 19-4728] Bus Interface 'IPCORE_CLK': Added interface parameter 'ASSOCIATED_RESET' with value 'IPCORE_RESETN'.
WARNING: [IP_Flow 19-5661] Bus Interface 'IPCORE_CLK' does not have any bus interfaces associated with it.
INFO: [IP_Flow 19-2181] Payment Required is not set for this core.
INFO: [IP_Flow 19-2187] The Product Guide file is missing.
WARNING: [IP_Flow 19-1971] File named "hdl/mux_axi_ip_src_Detect_Fall_Nonpositive2.vhd" already exists in file group "xilinx_anylanguagesynthesis", cannot add it again.
WARNING: [IP_Flow 19-1971] File named "hdl/mux_axi_ip_src_Detect_Fall_Nonpositive2.vhd" already exists in file group "xilinx_anylanguagebehavioralsimulation", cannot add it again.
WARNING: [IP_Flow 19-1971] File named "hdl/mux_axi_ip_src_Detect_Rise_Positive.vhd" already exists in file group "xilinx_anylanguagesynthesis", cannot add it again.
WARNING: [IP_Flow 19-1971] File named "hdl/mux_axi_ip_src_Detect_Rise_Positive.vhd" already exists in file group "xilinx_anylanguagebehavioralsimulation", cannot add it again.
WARNING: [IP_Flow 19-1971] File named "hdl/mux_axi_ip_src_Subsystem1.vhd" already exists in file group "xilinx_anylanguagesynthesis", cannot add it again.
WARNING: [IP_Flow 19-1971] File named "hdl/mux_axi_ip_src_Subsystem1.vhd" already exists in file group "xilinx_anylanguagebehavioralsimulation", cannot add it again.
WARNING: [IP_Flow 19-1971] File named "hdl/mux_axi_ip_src_mux_axi.vhd" already exists in file group "xilinx_anylanguagesynthesis", cannot add it again.
WARNING: [IP_Flow 19-1971] File named "hdl/mux_axi_ip_src_mux_axi.vhd" already exists in file group "xilinx_anylanguagebehavioralsimulation", cannot add it again.
WARNING: [IP_Flow 19-1971] File named "hdl/mux_axi_ip_reset_sync.vhd" already exists in file group "xilinx_anylanguagesynthesis", cannot add it again.
WARNING: [IP_Flow 19-1971] File named "hdl/mux_axi_ip_reset_sync.vhd" already exists in file group "xilinx_anylanguagebehavioralsimulation", cannot add it again.
WARNING: [IP_Flow 19-1971] File named "hdl/mux_axi_ip_dut.vhd" already exists in file group "xilinx_anylanguagesynthesis", cannot add it again.
WARNING: [IP_Flow 19-1971] File named "hdl/mux_axi_ip_dut.vhd" already exists in file group "xilinx_anylanguagebehavioralsimulation", cannot add it again.
WARNING: [IP_Flow 19-1971] File named "hdl/mux_axi_ip_addr_decoder.vhd" already exists in file group "xilinx_anylanguagesynthesis", cannot add it again.
WARNING: [IP_Flow 19-1971] File named "hdl/mux_axi_ip_addr_decoder.vhd" already exists in file group "xilinx_anylanguagebehavioralsimulation", cannot add it again.
WARNING: [IP_Flow 19-1971] File named "hdl/mux_axi_ip_axi_lite_module.vhd" already exists in file group "xilinx_anylanguagesynthesis", cannot add it again.
WARNING: [IP_Flow 19-1971] File named "hdl/mux_axi_ip_axi_lite_module.vhd" already exists in file group "xilinx_anylanguagebehavioralsimulation", cannot add it again.
WARNING: [IP_Flow 19-1971] File named "hdl/mux_axi_ip_axi_lite.vhd" already exists in file group "xilinx_anylanguagesynthesis", cannot add it again.
WARNING: [IP_Flow 19-1971] File named "hdl/mux_axi_ip_axi_lite.vhd" already exists in file group "xilinx_anylanguagebehavioralsimulation", cannot add it again.
WARNING: [IP_Flow 19-1971] File named "hdl/mux_axi_ip.vhd" already exists in file group "xilinx_anylanguagesynthesis", cannot add it again.
WARNING: [IP_Flow 19-1971] File named "hdl/mux_axi_ip.vhd" already exists in file group "xilinx_anylanguagebehavioralsimulation", cannot add it again.
INFO: [Common 17-206] Exiting Vivado at Mon Mar 30 10:13:57 2026...
