Task "Vivado IP Packager" successful.
Generated logfile: 

****** Vivado v2020.1 (64-bit)
  **** SW Build 2902540 on Wed May 27 19:54:35 MDT 2020
  **** IP Build 2902112 on Wed May 27 22:43:36 MDT 2020
    ** Copyright 1986-2020 Xilinx, Inc. All Rights Reserved.

source vivado_ip_package.tcl -notrace
CRITICAL WARNING: [Vivado 12-3645] Please note that adding or importing multiple files, one at a time, can be performance intensive.  Both add_files and import_files commands accept multiple files as input, and passing a collection of multiple files to a single add_files or import_files commands can offer significant performance improvement.
WARNING: [IP_Flow 19-3899] Cannot get the environment domain name variable for the component vendor name. Setting the vendor name to 'user.org'.
INFO: [IP_Flow 19-234] Refreshing IP repositories
INFO: [IP_Flow 19-1700] Loaded user IP repository '/home/ts/Documents/integrate_nn_to_uz/ultrazohm_sw/ip_cores/nnAXI_v1_0/hdl_prj/ipcore'.
WARNING: [IP_Flow 19-3656] If you move the project, the path for repository '/home/ts/Documents/integrate_nn_to_uz/ultrazohm_sw/ip_cores/nnAXI_v1_0/hdl_prj/ipcore' may become invalid. A better location for the repository would be in a path adjacent to the project. (Current project location is '/home/ts/Documents/integrate_nn_to_uz/ultrazohm_sw/ip_cores/nnAXI_v1_0/hdl_prj/ipcore/uz_mlp_three_layer_v1_0/prj_ip'.)
INFO: [IP_Flow 19-2313] Loaded Vivado IP repository '/tools/Xilinx/Vivado/2020.1/data/ip'.
INFO: [IP_Flow 19-5107] Inferred bus interface 'AXI4' of definition 'xilinx.com:interface:aximm:1.0' (from Xilinx Repository).
INFO: [IP_Flow 19-5107] Inferred bus interface 'AXI4_ARESETN' of definition 'xilinx.com:signal:reset:1.0' (from Xilinx Repository).
INFO: [IP_Flow 19-5107] Inferred bus interface 'IPCORE_RESETN' of definition 'xilinx.com:signal:reset:1.0' (from Xilinx Repository).
INFO: [IP_Flow 19-5107] Inferred bus interface 'AXI4_ACLK' of definition 'xilinx.com:signal:clock:1.0' (from Xilinx Repository).
INFO: [IP_Flow 19-5107] Inferred bus interface 'IPCORE_CLK' of definition 'xilinx.com:signal:clock:1.0' (from Xilinx Repository).
INFO: [IP_Flow 19-4728] Bus Interface 'AXI4_ARESETN': Added interface parameter 'POLARITY' with value 'ACTIVE_LOW'.
INFO: [IP_Flow 19-4728] Bus Interface 'IPCORE_RESETN': Added interface parameter 'POLARITY' with value 'ACTIVE_LOW'.
INFO: [IP_Flow 19-4728] Bus Interface 'AXI4_ACLK': Added interface parameter 'ASSOCIATED_BUSIF' with value 'AXI4'.
INFO: [IP_Flow 19-4728] Bus Interface 'AXI4_ACLK': Added interface parameter 'ASSOCIATED_RESET' with value 'AXI4_ARESETN'.
INFO: [IP_Flow 19-4728] Bus Interface 'IPCORE_CLK': Added interface parameter 'ASSOCIATED_RESET' with value 'IPCORE_RESETN'.
WARNING: [IP_Flow 19-5661] Bus Interface 'IPCORE_CLK' does not have any bus interfaces associated with it.
INFO: [IP_Flow 19-2181] Payment Required is not set for this core.
INFO: [IP_Flow 19-2187] The Product Guide file is missing.
WARNING: [IP_Flow 19-1971] File named "hdl/vhdl/uz_mlp_three_layer_src_pcu_mlp2_8parallel_pkg.vhd" already exists in file group "xilinx_anylanguagesynthesis", cannot add it again.
WARNING: [IP_Flow 19-1971] File named "hdl/vhdl/uz_mlp_three_layer_src_pcu_mlp2_8parallel_pkg.vhd" already exists in file group "xilinx_anylanguagebehavioralsimulation", cannot add it again.
WARNING: [IP_Flow 19-1971] File named "hdl/vhdl/uz_mlp_three_layer_src_Detect_Rise_Positive.vhd" already exists in file group "xilinx_anylanguagesynthesis", cannot add it again.
WARNING: [IP_Flow 19-1971] File named "hdl/vhdl/uz_mlp_three_layer_src_Detect_Rise_Positive.vhd" already exists in file group "xilinx_anylanguagebehavioralsimulation", cannot add it again.
WARNING: [IP_Flow 19-1971] File named "hdl/vhdl/uz_mlp_three_layer_src_Detect_Rise_Positive_block.vhd" already exists in file group "xilinx_anylanguagesynthesis", cannot add it again.
WARNING: [IP_Flow 19-1971] File named "hdl/vhdl/uz_mlp_three_layer_src_Detect_Rise_Positive_block.vhd" already exists in file group "xilinx_anylanguagebehavioralsimulation", cannot add it again.
WARNING: [IP_Flow 19-1971] File named "hdl/vhdl/uz_mlp_three_layer_src_layer_control.vhd" already exists in file group "xilinx_anylanguagesynthesis", cannot add it again.
WARNING: [IP_Flow 19-1971] File named "hdl/vhdl/uz_mlp_three_layer_src_layer_control.vhd" already exists in file group "xilinx_anylanguagebehavioralsimulation", cannot add it again.
WARNING: [IP_Flow 19-1971] File named "hdl/vhdl/uz_mlp_three_layer_src_mac_control.vhd" already exists in file group "xilinx_anylanguagesynthesis", cannot add it again.
WARNING: [IP_Flow 19-1971] File named "hdl/vhdl/uz_mlp_three_layer_src_mac_control.vhd" already exists in file group "xilinx_anylanguagebehavioralsimulation", cannot add it again.
WARNING: [IP_Flow 19-1971] File named "hdl/vhdl/uz_mlp_three_layer_src_StateMachines.vhd" already exists in file group "xilinx_anylanguagesynthesis", cannot add it again.
WARNING: [IP_Flow 19-1971] File named "hdl/vhdl/uz_mlp_three_layer_src_StateMachines.vhd" already exists in file group "xilinx_anylanguagebehavioralsimulation", cannot add it again.
WARNING: [IP_Flow 19-1971] File named "hdl/vhdl/uz_mlp_three_layer_src_SimpleDualPortRAM_generic.vhd" already exists in file group "xilinx_anylanguagesynthesis", cannot add it again.
WARNING: [IP_Flow 19-1971] File named "hdl/vhdl/uz_mlp_three_layer_src_SimpleDualPortRAM_generic.vhd" already exists in file group "xilinx_anylanguagebehavioralsimulation", cannot add it again.
WARNING: [IP_Flow 19-1971] File named "hdl/vhdl/uz_mlp_three_layer_src_SimpleDualPortRAM_generic_block.vhd" already exists in file group "xilinx_anylanguagesynthesis", cannot add it again.
WARNING: [IP_Flow 19-1971] File named "hdl/vhdl/uz_mlp_three_layer_src_SimpleDualPortRAM_generic_block.vhd" already exists in file group "xilinx_anylanguagebehavioralsimulation", cannot add it again.
WARNING: [IP_Flow 19-1971] File named "hdl/vhdl/uz_mlp_three_layer_src_Subsystem1.vhd" already exists in file group "xilinx_anylanguagesynthesis", cannot add it again.
WARNING: [IP_Flow 19-1971] File named "hdl/vhdl/uz_mlp_three_layer_src_Subsystem1.vhd" already exists in file group "xilinx_anylanguagebehavioralsimulation", cannot add it again.
WARNING: [IP_Flow 19-1971] File named "hdl/vhdl/uz_mlp_three_layer_src_SimpleDualPortRAM_generic_block1.vhd" already exists in file group "xilinx_anylanguagesynthesis", cannot add it again.
WARNING: [IP_Flow 19-1971] File named "hdl/vhdl/uz_mlp_three_layer_src_SimpleDualPortRAM_generic_block1.vhd" already exists in file group "xilinx_anylanguagebehavioralsimulation", cannot add it again.
WARNING: [IP_Flow 19-1971] File named "hdl/vhdl/uz_mlp_three_layer_src_SimpleDualPortRAM_generic_block2.vhd" already exists in file group "xilinx_anylanguagesynthesis", cannot add it again.
WARNING: [IP_Flow 19-1971] File named "hdl/vhdl/uz_mlp_three_layer_src_SimpleDualPortRAM_generic_block2.vhd" already exists in file group "xilinx_anylanguagebehavioralsimulation", cannot add it again.
WARNING: [IP_Flow 19-1971] File named "hdl/vhdl/uz_mlp_three_layer_src_Subsystem8.vhd" already exists in file group "xilinx_anylanguagesynthesis", cannot add it again.
WARNING: [IP_Flow 19-1971] File named "hdl/vhdl/uz_mlp_three_layer_src_Subsystem8.vhd" already exists in file group "xilinx_anylanguagebehavioralsimulation", cannot add it again.
WARNING: [IP_Flow 19-1971] File named "hdl/vhdl/uz_mlp_three_layer_src_holdValue.vhd" already exists in file group "xilinx_anylanguagesynthesis", cannot add it again.
WARNING: [IP_Flow 19-1971] File named "hdl/vhdl/uz_mlp_three_layer_src_holdValue.vhd" already exists in file group "xilinx_anylanguagebehavioralsimulation", cannot add it again.
WARNING: [IP_Flow 19-1971] File named "hdl/vhdl/uz_mlp_three_layer_src_holdValue1.vhd" already exists in file group "xilinx_anylanguagesynthesis", cannot add it again.
WARNING: [IP_Flow 19-1971] File named "hdl/vhdl/uz_mlp_three_layer_src_holdValue1.vhd" already exists in file group "xilinx_anylanguagebehavioralsimulation", cannot add it again.
WARNING: [IP_Flow 19-1971] File named "hdl/vhdl/uz_mlp_three_layer_src_holdValue2.vhd" already exists in file group "xilinx_anylanguagesynthesis", cannot add it again.
WARNING: [IP_Flow 19-1971] File named "hdl/vhdl/uz_mlp_three_layer_src_holdValue2.vhd" already exists in file group "xilinx_anylanguagebehavioralsimulation", cannot add it again.
WARNING: [IP_Flow 19-1971] File named "hdl/vhdl/uz_mlp_three_layer_src_holdValue3.vhd" already exists in file group "xilinx_anylanguagesynthesis", cannot add it again.
WARNING: [IP_Flow 19-1971] File named "hdl/vhdl/uz_mlp_three_layer_src_holdValue3.vhd" already exists in file group "xilinx_anylanguagebehavioralsimulation", cannot add it again.
WARNING: [IP_Flow 19-1971] File named "hdl/vhdl/uz_mlp_three_layer_src_holdValue4.vhd" already exists in file group "xilinx_anylanguagesynthesis", cannot add it again.
WARNING: [IP_Flow 19-1971] File named "hdl/vhdl/uz_mlp_three_layer_src_holdValue4.vhd" already exists in file group "xilinx_anylanguagebehavioralsimulation", cannot add it again.
WARNING: [IP_Flow 19-1971] File named "hdl/vhdl/uz_mlp_three_layer_src_holdValue5.vhd" already exists in file group "xilinx_anylanguagesynthesis", cannot add it again.
WARNING: [IP_Flow 19-1971] File named "hdl/vhdl/uz_mlp_three_layer_src_holdValue5.vhd" already exists in file group "xilinx_anylanguagebehavioralsimulation", cannot add it again.
WARNING: [IP_Flow 19-1971] File named "hdl/vhdl/uz_mlp_three_layer_src_holdValue6.vhd" already exists in file group "xilinx_anylanguagesynthesis", cannot add it again.
WARNING: [IP_Flow 19-1971] File named "hdl/vhdl/uz_mlp_three_layer_src_holdValue6.vhd" already exists in file group "xilinx_anylanguagebehavioralsimulation", cannot add it again.
WARNING: [IP_Flow 19-1971] File named "hdl/vhdl/uz_mlp_three_layer_src_holdValue7.vhd" already exists in file group "xilinx_anylanguagesynthesis", cannot add it again.
WARNING: [IP_Flow 19-1971] File named "hdl/vhdl/uz_mlp_three_layer_src_holdValue7.vhd" already exists in file group "xilinx_anylanguagebehavioralsimulation", cannot add it again.
WARNING: [IP_Flow 19-1971] File named "hdl/vhdl/uz_mlp_three_layer_src_parallelOutput.vhd" already exists in file group "xilinx_anylanguagesynthesis", cannot add it again.
WARNING: [IP_Flow 19-1971] File named "hdl/vhdl/uz_mlp_three_layer_src_parallelOutput.vhd" already exists in file group "xilinx_anylanguagebehavioralsimulation", cannot add it again.
WARNING: [IP_Flow 19-1971] File named "hdl/vhdl/uz_mlp_three_layer_src_LastLayer.vhd" already exists in file group "xilinx_anylanguagesynthesis", cannot add it again.
WARNING: [IP_Flow 19-1971] File named "hdl/vhdl/uz_mlp_three_layer_src_LastLayer.vhd" already exists in file group "xilinx_anylanguagebehavioralsimulation", cannot add it again.
WARNING: [IP_Flow 19-1971] File named "hdl/vhdl/uz_mlp_three_layer_src_SimpleDualPortRAM_generic_block3.vhd" already exists in file group "xilinx_anylanguagesynthesis", cannot add it again.
WARNING: [IP_Flow 19-1971] File named "hdl/vhdl/uz_mlp_three_layer_src_SimpleDualPortRAM_generic_block3.vhd" already exists in file group "xilinx_anylanguagebehavioralsimulation", cannot add it again.
WARNING: [IP_Flow 19-1971] File named "hdl/vhdl/uz_mlp_three_layer_src_SimpleDualPortRAM_generic_block4.vhd" already exists in file group "xilinx_anylanguagesynthesis", cannot add it again.
WARNING: [IP_Flow 19-1971] File named "hdl/vhdl/uz_mlp_three_layer_src_SimpleDualPortRAM_generic_block4.vhd" already exists in file group "xilinx_anylanguagebehavioralsimulation", cannot add it again.
WARNING: [IP_Flow 19-1971] File named "hdl/vhdl/uz_mlp_three_layer_src_SimpleDualPortRAM_generic_block5.vhd" already exists in file group "xilinx_anylanguagesynthesis", cannot add it again.
WARNING: [IP_Flow 19-1971] File named "hdl/vhdl/uz_mlp_three_layer_src_SimpleDualPortRAM_generic_block5.vhd" already exists in file group "xilinx_anylanguagebehavioralsimulation", cannot add it again.
WARNING: [IP_Flow 19-1971] File named "hdl/vhdl/uz_mlp_three_layer_src_MAC.vhd" already exists in file group "xilinx_anylanguagesynthesis", cannot add it again.
WARNING: [IP_Flow 19-1971] File named "hdl/vhdl/uz_mlp_three_layer_src_MAC.vhd" already exists in file group "xilinx_anylanguagebehavioralsimulation", cannot add it again.
WARNING: [IP_Flow 19-1971] File named "hdl/vhdl/uz_mlp_three_layer_src_SimpleDualPortRAM_generic_block6.vhd" already exists in file group "xilinx_anylanguagesynthesis", cannot add it again.
WARNING: [IP_Flow 19-1971] File named "hdl/vhdl/uz_mlp_three_layer_src_SimpleDualPortRAM_generic_block6.vhd" already exists in file group "xilinx_anylanguagebehavioralsimulation", cannot add it again.
WARNING: [IP_Flow 19-1971] File named "hdl/vhdl/uz_mlp_three_layer_src_SimpleDualPortRAM_generic_block7.vhd" already exists in file group "xilinx_anylanguagesynthesis", cannot add it again.
WARNING: [IP_Flow 19-1971] File named "hdl/vhdl/uz_mlp_three_layer_src_SimpleDualPortRAM_generic_block7.vhd" already exists in file group "xilinx_anylanguagebehavioralsimulation", cannot add it again.
WARNING: [IP_Flow 19-1971] File named "hdl/vhdl/uz_mlp_three_layer_src_SimpleDualPortRAM_generic_block8.vhd" already exists in file group "xilinx_anylanguagesynthesis", cannot add it again.
WARNING: [IP_Flow 19-1971] File named "hdl/vhdl/uz_mlp_three_layer_src_SimpleDualPortRAM_generic_block8.vhd" already exists in file group "xilinx_anylanguagebehavioralsimulation", cannot add it again.
WARNING: [IP_Flow 19-1971] File named "hdl/vhdl/uz_mlp_three_layer_src_MAC1.vhd" already exists in file group "xilinx_anylanguagesynthesis", cannot add it again.
WARNING: [IP_Flow 19-1971] File named "hdl/vhdl/uz_mlp_three_layer_src_MAC1.vhd" already exists in file group "xilinx_anylanguagebehavioralsimulation", cannot add it again.
WARNING: [IP_Flow 19-1971] File named "hdl/vhdl/uz_mlp_three_layer_src_SimpleDualPortRAM_generic_block9.vhd" already exists in file group "xilinx_anylanguagesynthesis", cannot add it again.
WARNING: [IP_Flow 19-1971] File named "hdl/vhdl/uz_mlp_three_layer_src_SimpleDualPortRAM_generic_block9.vhd" already exists in file group "xilinx_anylanguagebehavioralsimulation", cannot add it again.
WARNING: [IP_Flow 19-1971] File named "hdl/vhdl/uz_mlp_three_layer_src_SimpleDualPortRAM_generic_block10.vhd" already exists in file group "xilinx_anylanguagesynthesis", cannot add it again.
WARNING: [IP_Flow 19-1971] File named "hdl/vhdl/uz_mlp_three_layer_src_SimpleDualPortRAM_generic_block10.vhd" already exists in file group "xilinx_anylanguagebehavioralsimulation", cannot add it again.
WARNING: [IP_Flow 19-1971] File named "hdl/vhdl/uz_mlp_three_layer_src_SimpleDualPortRAM_generic_block11.vhd" already exists in file group "xilinx_anylanguagesynthesis", cannot add it again.
WARNING: [IP_Flow 19-1971] File named "hdl/vhdl/uz_mlp_three_layer_src_SimpleDualPortRAM_generic_block11.vhd" already exists in file group "xilinx_anylanguagebehavioralsimulation", cannot add it again.
WARNING: [IP_Flow 19-1971] File named "hdl/vhdl/uz_mlp_three_layer_src_MAC2.vhd" already exists in file group "xilinx_anylanguagesynthesis", cannot add it again.
WARNING: [IP_Flow 19-1971] File named "hdl/vhdl/uz_mlp_three_layer_src_MAC2.vhd" already exists in file group "xilinx_anylanguagebehavioralsimulation", cannot add it again.
WARNING: [IP_Flow 19-1971] File named "hdl/vhdl/uz_mlp_three_layer_src_SimpleDualPortRAM_generic_block12.vhd" already exists in file group "xilinx_anylanguagesynthesis", cannot add it again.
WARNING: [IP_Flow 19-1971] File named "hdl/vhdl/uz_mlp_three_layer_src_SimpleDualPortRAM_generic_block12.vhd" already exists in file group "xilinx_anylanguagebehavioralsimulation", cannot add it again.
WARNING: [IP_Flow 19-1971] File named "hdl/vhdl/uz_mlp_three_layer_src_SimpleDualPortRAM_generic_block13.vhd" already exists in file group "xilinx_anylanguagesynthesis", cannot add it again.
WARNING: [IP_Flow 19-1971] File named "hdl/vhdl/uz_mlp_three_layer_src_SimpleDualPortRAM_generic_block13.vhd" already exists in file group "xilinx_anylanguagebehavioralsimulation", cannot add it again.
WARNING: [IP_Flow 19-1971] File named "hdl/vhdl/uz_mlp_three_layer_src_SimpleDualPortRAM_generic_block14.vhd" already exists in file group "xilinx_anylanguagesynthesis", cannot add it again.
WARNING: [IP_Flow 19-1971] File named "hdl/vhdl/uz_mlp_three_layer_src_SimpleDualPortRAM_generic_block14.vhd" already exists in file group "xilinx_anylanguagebehavioralsimulation", cannot add it again.
WARNING: [IP_Flow 19-1971] File named "hdl/vhdl/uz_mlp_three_layer_src_MAC3.vhd" already exists in file group "xilinx_anylanguagesynthesis", cannot add it again.
WARNING: [IP_Flow 19-1971] File named "hdl/vhdl/uz_mlp_three_layer_src_MAC3.vhd" already exists in file group "xilinx_anylanguagebehavioralsimulation", cannot add it again.
WARNING: [IP_Flow 19-1971] File named "hdl/vhdl/uz_mlp_three_layer_src_Detect_Rise_Positive_block1.vhd" already exists in file group "xilinx_anylanguagesynthesis", cannot add it again.
WARNING: [IP_Flow 19-1971] File named "hdl/vhdl/uz_mlp_three_layer_src_Detect_Rise_Positive_block1.vhd" already exists in file group "xilinx_anylanguagebehavioralsimulation", cannot add it again.
WARNING: [IP_Flow 19-1971] File named "hdl/vhdl/uz_mlp_three_layer_src_StateMachines1.vhd" already exists in file group "xilinx_anylanguagesynthesis", cannot add it again.
WARNING: [IP_Flow 19-1971] File named "hdl/vhdl/uz_mlp_three_layer_src_StateMachines1.vhd" already exists in file group "xilinx_anylanguagebehavioralsimulation", cannot add it again.
WARNING: [IP_Flow 19-1971] File named "hdl/vhdl/uz_mlp_three_layer_src_MATLAB_Function.vhd" already exists in file group "xilinx_anylanguagesynthesis", cannot add it again.
WARNING: [IP_Flow 19-1971] File named "hdl/vhdl/uz_mlp_three_layer_src_MATLAB_Function.vhd" already exists in file group "xilinx_anylanguagebehavioralsimulation", cannot add it again.
WARNING: [IP_Flow 19-1971] File named "hdl/vhdl/uz_mlp_three_layer_src_reluLayer_4Parallel.vhd" already exists in file group "xilinx_anylanguagesynthesis", cannot add it again.
WARNING: [IP_Flow 19-1971] File named "hdl/vhdl/uz_mlp_three_layer_src_reluLayer_4Parallel.vhd" already exists in file group "xilinx_anylanguagebehavioralsimulation", cannot add it again.
WARNING: [IP_Flow 19-1971] File named "hdl/vhdl/uz_mlp_three_layer_src_SimpleDualPortRAM_generic_block15.vhd" already exists in file group "xilinx_anylanguagesynthesis", cannot add it again.
WARNING: [IP_Flow 19-1971] File named "hdl/vhdl/uz_mlp_three_layer_src_SimpleDualPortRAM_generic_block15.vhd" already exists in file group "xilinx_anylanguagebehavioralsimulation", cannot add it again.
WARNING: [IP_Flow 19-1971] File named "hdl/vhdl/uz_mlp_three_layer_src_SimpleDualPortRAM_generic_block16.vhd" already exists in file group "xilinx_anylanguagesynthesis", cannot add it again.
WARNING: [IP_Flow 19-1971] File named "hdl/vhdl/uz_mlp_three_layer_src_SimpleDualPortRAM_generic_block16.vhd" already exists in file group "xilinx_anylanguagebehavioralsimulation", cannot add it again.
WARNING: [IP_Flow 19-1971] File named "hdl/vhdl/uz_mlp_three_layer_src_SimpleDualPortRAM_generic_block17.vhd" already exists in file group "xilinx_anylanguagesynthesis", cannot add it again.
WARNING: [IP_Flow 19-1971] File named "hdl/vhdl/uz_mlp_three_layer_src_SimpleDualPortRAM_generic_block17.vhd" already exists in file group "xilinx_anylanguagebehavioralsimulation", cannot add it again.
WARNING: [IP_Flow 19-1971] File named "hdl/vhdl/uz_mlp_three_layer_src_MAC_block.vhd" already exists in file group "xilinx_anylanguagesynthesis", cannot add it again.
WARNING: [IP_Flow 19-1971] File named "hdl/vhdl/uz_mlp_three_layer_src_MAC_block.vhd" already exists in file group "xilinx_anylanguagebehavioralsimulation", cannot add it again.
WARNING: [IP_Flow 19-1971] File named "hdl/vhdl/uz_mlp_three_layer_src_SimpleDualPortRAM_generic_block18.vhd" already exists in file group "xilinx_anylanguagesynthesis", cannot add it again.
WARNING: [IP_Flow 19-1971] File named "hdl/vhdl/uz_mlp_three_layer_src_SimpleDualPortRAM_generic_block18.vhd" already exists in file group "xilinx_anylanguagebehavioralsimulation", cannot add it again.
WARNING: [IP_Flow 19-1971] File named "hdl/vhdl/uz_mlp_three_layer_src_SimpleDualPortRAM_generic_block19.vhd" already exists in file group "xilinx_anylanguagesynthesis", cannot add it again.
WARNING: [IP_Flow 19-1971] File named "hdl/vhdl/uz_mlp_three_layer_src_SimpleDualPortRAM_generic_block19.vhd" already exists in file group "xilinx_anylanguagebehavioralsimulation", cannot add it again.
WARNING: [IP_Flow 19-1971] File named "hdl/vhdl/uz_mlp_three_layer_src_SimpleDualPortRAM_generic_block20.vhd" already exists in file group "xilinx_anylanguagesynthesis", cannot add it again.
WARNING: [IP_Flow 19-1971] File named "hdl/vhdl/uz_mlp_three_layer_src_SimpleDualPortRAM_generic_block20.vhd" already exists in file group "xilinx_anylanguagebehavioralsimulation", cannot add it again.
WARNING: [IP_Flow 19-1971] File named "hdl/vhdl/uz_mlp_three_layer_src_MAC1_block.vhd" already exists in file group "xilinx_anylanguagesynthesis", cannot add it again.
WARNING: [IP_Flow 19-1971] File named "hdl/vhdl/uz_mlp_three_layer_src_MAC1_block.vhd" already exists in file group "xilinx_anylanguagebehavioralsimulation", cannot add it again.
INFO: [Common 17-14] Message 'IP_Flow 19-1971' appears 100 times and further instances of the messages will be disabled. Use the Tcl command set_msg_config to change the current settings.
INFO: [Common 17-206] Exiting Vivado at Fri Oct  8 18:26:30 2021...

Elapsed time is 16.1852 seconds.
