#-----------------------------------------------------------
# Vivado v2022.2.2 (64-bit)
# SW Build 3788238 on Tue Feb 21 19:59:23 MST 2023
# IP Build 3783773 on Tue Feb 21 23:41:56 MST 2023
# Start of session at: Mon Apr 20 13:42:28 2026
# Process ID: 2429301
# Current directory: /home/hoernermi/git/ultrazohm/ultrazohm_sw_clean
# Command line: vivado
# Log file: /home/hoernermi/git/ultrazohm/ultrazohm_sw_clean/vivado.log
# Journal file: /home/hoernermi/git/ultrazohm/ultrazohm_sw_clean/vivado.jou
# Running On: lin1, OS: Linux, CPU Frequency: 3699.934 MHz, CPU Physical cores: 4, Host memory: 33419 MB
#-----------------------------------------------------------
start_gui
open_project /home/hoernermi/git/ultrazohm/ultrazohm_sw_clean/vivado/project/ultrazohm.xpr
WARNING: [Board 49-26] cannot add Board Part xilinx.com:ac701:part0:1.4 available at /tools/Xilinx/Vivado/2022.2/data/xhub/boards/XilinxBoardStore/boards/Xilinx/ac701/1.4/board.xml as part xc7a200tfbg676-2 specified in board_part file is either invalid or not available
WARNING: [Board 49-26] cannot add Board Part xilinx.com:kc705:part0:1.6 available at /tools/Xilinx/Vivado/2022.2/data/xhub/boards/XilinxBoardStore/boards/Xilinx/kc705/1.6/board.xml as part xc7k325tffg900-2 specified in board_part file is either invalid or not available
WARNING: [Board 49-26] cannot add Board Part xilinx.com:kcu105:part0:1.6 available at /tools/Xilinx/Vivado/2022.2/data/xhub/boards/XilinxBoardStore/boards/Xilinx/kcu105/1.6/board.xml as part xcku040-ffva1156-2-e specified in board_part file is either invalid or not available
WARNING: [Board 49-26] cannot add Board Part xilinx.com:kcu105:part0:1.7 available at /tools/Xilinx/Vivado/2022.2/data/xhub/boards/XilinxBoardStore/boards/Xilinx/kcu105/1.7/board.xml as part xcku040-ffva1156-2-e specified in board_part file is either invalid or not available
WARNING: [Board 49-26] cannot add Board Part xilinx.com:kcu116:part0:1.4 available at /tools/Xilinx/Vivado/2022.2/data/xhub/boards/XilinxBoardStore/boards/Xilinx/kcu116/1.4/board.xml as part xcku5p-ffvb676-2-e specified in board_part file is either invalid or not available
WARNING: [Board 49-26] cannot add Board Part xilinx.com:kcu116:part0:1.5 available at /tools/Xilinx/Vivado/2022.2/data/xhub/boards/XilinxBoardStore/boards/Xilinx/kcu116/1.5/board.xml as part xcku5p-ffvb676-2-e specified in board_part file is either invalid or not available
WARNING: [Board 49-26] cannot add Board Part xilinx.com:kcu1500:part0:1.2 available at /tools/Xilinx/Vivado/2022.2/data/xhub/boards/XilinxBoardStore/boards/Xilinx/kcu1500/1.2/board.xml as part xcku115-flvb2104-2-e specified in board_part file is either invalid or not available
WARNING: [Board 49-26] cannot add Board Part xilinx.com:sp701:part0:1.0 available at /tools/Xilinx/Vivado/2022.2/data/xhub/boards/XilinxBoardStore/boards/Xilinx/sp701/1.0/board.xml as part xc7s100fgga676-2 specified in board_part file is either invalid or not available
WARNING: [Board 49-26] cannot add Board Part xilinx.com:sp701:part0:1.1 available at /tools/Xilinx/Vivado/2022.2/data/xhub/boards/XilinxBoardStore/boards/Xilinx/sp701/1.1/board.xml as part xc7s100fgga676-2 specified in board_part file is either invalid or not available
WARNING: [Board 49-26] cannot add Board Part xilinx.com:vc707:part0:1.4 available at /tools/Xilinx/Vivado/2022.2/data/xhub/boards/XilinxBoardStore/boards/Xilinx/vc707/1.4/board.xml as part xc7vx485tffg1761-2 specified in board_part file is either invalid or not available
WARNING: [Board 49-26] cannot add Board Part xilinx.com:vc709:part0:1.8 available at /tools/Xilinx/Vivado/2022.2/data/xhub/boards/XilinxBoardStore/boards/Xilinx/vc709/1.8/board.xml as part xc7vx690tffg1761-2 specified in board_part file is either invalid or not available
WARNING: [Board 49-26] cannot add Board Part xilinx.com:vck190:part0:2.2 available at /tools/Xilinx/Vivado/2022.2/data/xhub/boards/XilinxBoardStore/boards/Xilinx/vck190/production/2.2/board.xml as part xcvc1902-vsva2197-2mp-e-s specified in board_part file is either invalid or not available
WARNING: [Board 49-26] cannot add Board Part xilinx.com:vck190:part0:3.0 available at /tools/Xilinx/Vivado/2022.2/data/xhub/boards/XilinxBoardStore/boards/Xilinx/vck190/production/3.0/board.xml as part xcvc1902-vsva2197-2mp-e-s specified in board_part file is either invalid or not available
WARNING: [Board 49-26] cannot add Board Part xilinx.com:vck190:part0:3.1 available at /tools/Xilinx/Vivado/2022.2/data/xhub/boards/XilinxBoardStore/boards/Xilinx/vck190/production/3.1/board.xml as part xcvc1902-vsva2197-2mp-e-s specified in board_part file is either invalid or not available
WARNING: [Board 49-26] cannot add Board Part xilinx.com:vck190_newl:part0:1.0 available at /tools/Xilinx/Vivado/2022.2/data/xhub/boards/XilinxBoardStore/boards/Xilinx/vck190_newl/production/1.0/board.xml as part xcvc1902-vsva2197-2mp-e-s specified in board_part file is either invalid or not available
WARNING: [Board 49-26] cannot add Board Part xilinx.com:vcu108:part0:1.6 available at /tools/Xilinx/Vivado/2022.2/data/xhub/boards/XilinxBoardStore/boards/Xilinx/vcu108/1.6/board.xml as part xcvu095-ffva2104-2-e specified in board_part file is either invalid or not available
WARNING: [Board 49-26] cannot add Board Part xilinx.com:vcu108:part0:1.7 available at /tools/Xilinx/Vivado/2022.2/data/xhub/boards/XilinxBoardStore/boards/Xilinx/vcu108/1.7/board.xml as part xcvu095-ffva2104-2-e specified in board_part file is either invalid or not available
WARNING: [Board 49-26] cannot add Board Part xilinx.com:vcu110:part0:1.4 available at /tools/Xilinx/Vivado/2022.2/data/xhub/boards/XilinxBoardStore/boards/Xilinx/vcu110/1.4/board.xml as part xcvu190-flgc2104-2-e specified in board_part file is either invalid or not available
WARNING: [Board 49-26] cannot add Board Part xilinx.com:vcu118:part0:2.0 available at /tools/Xilinx/Vivado/2022.2/data/xhub/boards/XilinxBoardStore/boards/Xilinx/vcu118/2.0/board.xml as part xcvu9p-flga2104-2l-e specified in board_part file is either invalid or not available
WARNING: [Board 49-26] cannot add Board Part xilinx.com:vcu118:part0:2.3 available at /tools/Xilinx/Vivado/2022.2/data/xhub/boards/XilinxBoardStore/boards/Xilinx/vcu118/2.3/board.xml as part xcvu9p-flga2104-2l-e specified in board_part file is either invalid or not available
WARNING: [Board 49-26] cannot add Board Part xilinx.com:vcu118:part0:2.4 available at /tools/Xilinx/Vivado/2022.2/data/xhub/boards/XilinxBoardStore/boards/Xilinx/vcu118/2.4/board.xml as part xcvu9p-flga2104-2l-e specified in board_part file is either invalid or not available
WARNING: [Board 49-26] cannot add Board Part xilinx.com:vcu128:part0:1.0 available at /tools/Xilinx/Vivado/2022.2/data/xhub/boards/XilinxBoardStore/boards/Xilinx/vcu128/production/1.0/board.xml as part xcvu37p-fsvh2892-2l-e specified in board_part file is either invalid or not available
WARNING: [Board 49-26] cannot add Board Part xilinx.com:vcu129:part0:1.0 available at /tools/Xilinx/Vivado/2022.2/data/xhub/boards/XilinxBoardStore/boards/Xilinx/vcu129/production/1.0/board.xml as part xcvu29p-fsga2577-2l-e specified in board_part file is either invalid or not available
WARNING: [Board 49-26] cannot add Board Part xilinx.com:vcu1525:part0:1.3 available at /tools/Xilinx/Vivado/2022.2/data/xhub/boards/XilinxBoardStore/boards/Xilinx/vcu1525/1.3/board.xml as part xcvu9p-fsgd2104-2l-e specified in board_part file is either invalid or not available
WARNING: [Board 49-26] cannot add Board Part xilinx.com:vek280_es:part0:1.0 available at /tools/Xilinx/Vivado/2022.2/data/xhub/boards/XilinxBoardStore/boards/Xilinx/vek280/es/rev_a/1.0/board.xml as part xcve2802-vsvh1760-2lp-e-s-es1 specified in board_part file is either invalid or not available
WARNING: [Board 49-26] cannot add Board Part xilinx.com:vek280_es_revb:part0:1.0 available at /tools/Xilinx/Vivado/2022.2/data/xhub/boards/XilinxBoardStore/boards/Xilinx/vek280/es/rev_b/1.0/board.xml as part xcve2802-vsvh1760-2mp-e-s-es1 specified in board_part file is either invalid or not available
WARNING: [Board 49-26] cannot add Board Part xilinx.com:vermeo_t1_rfsoc:part0:1.0 available at /tools/Xilinx/Vivado/2022.2/data/xhub/boards/XilinxBoardStore/boards/Xilinx/vermeo_t1_rfsoc/1.0/board.xml as part xczu21dr-ffvd1156-2l-e specified in board_part file is either invalid or not available
WARNING: [Board 49-26] cannot add Board Part xilinx.com:vhk158_es:part0:1.0 available at /tools/Xilinx/Vivado/2022.2/data/xhub/boards/XilinxBoardStore/boards/Xilinx/vhk158/es/1.0/board.xml as part xcvh1582-vsva3697-2mp-e-s-es1 specified in board_part file is either invalid or not available
WARNING: [Board 49-26] cannot add Board Part xilinx.com:vmk180:part0:2.2 available at /tools/Xilinx/Vivado/2022.2/data/xhub/boards/XilinxBoardStore/boards/Xilinx/vmk180/production/2.2/board.xml as part xcvm1802-vsva2197-2mp-e-s specified in board_part file is either invalid or not available
WARNING: [Board 49-26] cannot add Board Part xilinx.com:vmk180:part0:3.0 available at /tools/Xilinx/Vivado/2022.2/data/xhub/boards/XilinxBoardStore/boards/Xilinx/vmk180/production/3.0/board.xml as part xcvm1802-vsva2197-2mp-e-s specified in board_part file is either invalid or not available
WARNING: [Board 49-26] cannot add Board Part xilinx.com:vmk180:part0:3.1 available at /tools/Xilinx/Vivado/2022.2/data/xhub/boards/XilinxBoardStore/boards/Xilinx/vmk180/production/3.1/board.xml as part xcvm1802-vsva2197-2mp-e-s specified in board_part file is either invalid or not available
WARNING: [Board 49-26] cannot add Board Part xilinx.com:vmk180_newl:part0:1.0 available at /tools/Xilinx/Vivado/2022.2/data/xhub/boards/XilinxBoardStore/boards/Xilinx/vmk180_newl/production/1.0/board.xml as part xcvm1802-vsva2197-2mp-e-s specified in board_part file is either invalid or not available
WARNING: [Board 49-26] cannot add Board Part xilinx.com:vpk120:part0:1.0 available at /tools/Xilinx/Vivado/2022.2/data/xhub/boards/XilinxBoardStore/boards/Xilinx/vpk120/production/1.0/board.xml as part xcvp1202-vsva2785-2mp-e-s specified in board_part file is either invalid or not available
WARNING: [Board 49-26] cannot add Board Part xilinx.com:vpk120_es:part0:1.2 available at /tools/Xilinx/Vivado/2022.2/data/xhub/boards/XilinxBoardStore/boards/Xilinx/vpk120/es/1.2/board.xml as part xcvp1202-vsva2785-2mp-e-s-es1 specified in board_part file is either invalid or not available
WARNING: [Board 49-26] cannot add Board Part xilinx.com:vpk120_es_revb:part0:1.0 available at /tools/Xilinx/Vivado/2022.2/data/xhub/boards/XilinxBoardStore/boards/Xilinx/vpk120_revb/es/1.0/board.xml as part xcvp1202-vsva2785-2mp-e-s-es1 specified in board_part file is either invalid or not available
WARNING: [Board 49-26] cannot add Board Part xilinx.com:vpk180_es:part0:1.0 available at /tools/Xilinx/Vivado/2022.2/data/xhub/boards/XilinxBoardStore/boards/Xilinx/vpk180/es/1.0/board.xml as part xcvp1802-lsvc4072-2mp-e-s-es1 specified in board_part file is either invalid or not available
WARNING: [Board 49-26] cannot add Board Part xilinx.com:zc702:part0:1.4 available at /tools/Xilinx/Vivado/2022.2/data/xhub/boards/XilinxBoardStore/boards/Xilinx/zc702/1.4/board.xml as part xc7z020clg484-1 specified in board_part file is either invalid or not available
WARNING: [Board 49-26] cannot add Board Part xilinx.com:zc706:part0:1.4 available at /tools/Xilinx/Vivado/2022.2/data/xhub/boards/XilinxBoardStore/boards/Xilinx/zc706/1.4/board.xml as part xc7z045ffg900-2 specified in board_part file is either invalid or not available
WARNING: [Board 49-26] cannot add Board Part xilinx.com:zcu111:part0:1.2 available at /tools/Xilinx/Vivado/2022.2/data/xhub/boards/XilinxBoardStore/boards/Xilinx/zcu111/1.2/board.xml as part xczu28dr-ffvg1517-2-e specified in board_part file is either invalid or not available
WARNING: [Board 49-26] cannot add Board Part xilinx.com:zcu111:part0:1.3 available at /tools/Xilinx/Vivado/2022.2/data/xhub/boards/XilinxBoardStore/boards/Xilinx/zcu111/1.3/board.xml as part xczu28dr-ffvg1517-2-e specified in board_part file is either invalid or not available
WARNING: [Board 49-26] cannot add Board Part xilinx.com:zcu111:part0:1.4 available at /tools/Xilinx/Vivado/2022.2/data/xhub/boards/XilinxBoardStore/boards/Xilinx/zcu111/1.4/board.xml as part xczu28dr-ffvg1517-2-e specified in board_part file is either invalid or not available
WARNING: [Board 49-26] cannot add Board Part xilinx.com:zcu1275:part0:1.0 available at /tools/Xilinx/Vivado/2022.2/data/xhub/boards/XilinxBoardStore/boards/Xilinx/zcu1275/1.0/board.xml as part xczu29dr-ffvf1760-2-e specified in board_part file is either invalid or not available
WARNING: [Board 49-26] cannot add Board Part xilinx.com:zcu1285:part0:1.0 available at /tools/Xilinx/Vivado/2022.2/data/xhub/boards/XilinxBoardStore/boards/Xilinx/zcu1285/1.0/board.xml as part xczu39dr-ffvf1760-2-i specified in board_part file is either invalid or not available
WARNING: [Board 49-26] cannot add Board Part xilinx.com:zcu208:part0:2.0 available at /tools/Xilinx/Vivado/2022.2/data/xhub/boards/XilinxBoardStore/boards/Xilinx/zcu208/production/2.0/board.xml as part xczu48dr-fsvg1517-2-e specified in board_part file is either invalid or not available
WARNING: [Board 49-26] cannot add Board Part xilinx.com:zcu208ld:part0:2.0 available at /tools/Xilinx/Vivado/2022.2/data/xhub/boards/XilinxBoardStore/boards/Xilinx/zcu208ld/production/2.0/board.xml as part xczu58dr-fsvg1517-2-i specified in board_part file is either invalid or not available
WARNING: [Board 49-26] cannot add Board Part xilinx.com:zcu216:part0:2.0 available at /tools/Xilinx/Vivado/2022.2/data/xhub/boards/XilinxBoardStore/boards/Xilinx/zcu216/production/2.0/board.xml as part xczu49dr-ffvf1760-2-e specified in board_part file is either invalid or not available
WARNING: [Board 49-26] cannot add Board Part xilinx.com:zcu216ld:part0:2.0 available at /tools/Xilinx/Vivado/2022.2/data/xhub/boards/XilinxBoardStore/boards/Xilinx/zcu216ld/production/2.0/board.xml as part xczu59dr-ffvf1760-2-i specified in board_part file is either invalid or not available
WARNING: [Board 49-26] cannot add Board Part xilinx.com:zcu670:part0:2.0 available at /tools/Xilinx/Vivado/2022.2/data/xhub/boards/XilinxBoardStore/boards/Xilinx/zcu670/2.0/board.xml as part xczu67dr-fsve1156-2-i specified in board_part file is either invalid or not available
WARNING: [Board 49-26] cannot add Board Part xilinx.com:zcu670ld:part0:1.0 available at /tools/Xilinx/Vivado/2022.2/data/xhub/boards/XilinxBoardStore/boards/Xilinx/zcu670ld/1.0/board.xml as part xczu57dr-fsve1156-2-i specified in board_part file is either invalid or not available
WARNING: [filemgmt 56-3] IPUserFilesDir: Could not find the directory '/home/hoernermi/git/ultrazohm/ultrazohm_sw_clean/vivado/project/ultrazohm.ip_user_files'.
Scanning sources...
Finished scanning sources
INFO: [IP_Flow 19-234] Refreshing IP repositories
INFO: [IP_Flow 19-1700] Loaded user IP repository '/home/hoernermi/git/ultrazohm/ultrazohm_sw_clean/ip_cores'.
INFO: [IP_Flow 19-2313] Loaded Vivado IP repository '/tools/Xilinx/Vivado/2022.2/data/ip'.
WARNING: [IP_Flow 19-1663] Duplicate IP found for 'xilinx.com:ip:Trans_123_dq_V12_ip:1.0'. The one found in IP location '/home/hoernermi/git/ultrazohm/ultrazohm_sw_clean/ip_cores/Trans_123_dq_V12_ip/Trans_123_dq_V12_ip_v1_0' will take precedence over the same IP in location /home/hoernermi/git/ultrazohm/ultrazohm_sw_clean/ip_cores/Trans_123_dq_V12_ip/Simulation/hdl_prj/ipcore/Trans_123_dq_V12_ip_v1_0
WARNING: [BD 41-1661] One or more IPs have been locked in the design 'zusys.bd'. Please run report_ip_status for more details and recommendations on how to fix this issue.
List of locked IPs:
zusys_uz_endat_interface_0_0

open_project: Time (s): cpu = 00:00:37 ; elapsed = 00:00:22 . Memory (MB): peak = 7088.020 ; gain = 829.098 ; free physical = 21244 ; free virtual = 27300
open_bd_design {/home/hoernermi/git/ultrazohm/ultrazohm_sw_clean/vivado/project/zusys/zusys.bd}
Reading block design file </home/hoernermi/git/ultrazohm/ultrazohm_sw_clean/vivado/project/zusys/zusys.bd>...
Adding component instance block -- UltraZohm:user:ADC_LTC2311:3.0 - A1_ADC_LTC2311
Adding component instance block -- xilinx.com:ip:xlconstant:1.1 - A1_inv_input
Adding component instance block -- xilinx.com:module_ref:iobufds_inst:1.0 - A1_iobufds_inst
Adding component instance block -- xilinx.com:ip:system_ila:1.1 - system_ila_0
Adding component instance block -- xilinx.com:ip:xlslice:1.0 - xlslice_2
Adding component instance block -- xilinx.com:ip:xlslice:1.0 - xlslice_3
Adding component instance block -- xilinx.com:ip:xlslice:1.0 - xlslice_4
Adding component instance block -- xilinx.com:ip:xlslice:1.0 - xlslice_5
Adding component instance block -- xilinx.com:ip:xlslice:1.0 - xlslice_6
Adding component instance block -- xilinx.com:ip:xlslice:1.0 - xlslice_7
Adding component instance block -- xilinx.com:ip:xlslice:1.0 - xlslice_8
Adding component instance block -- xilinx.com:ip:xlslice:1.0 - xlslice_9
Adding component instance block -- UltraZohm:user:ADC_LTC2311:3.0 - A2_ADC_LTC2311
Adding component instance block -- xilinx.com:ip:xlconstant:1.1 - A2_inv_input
Adding component instance block -- xilinx.com:module_ref:iobufds_inst:1.0 - A2_iobufds_inst
Adding component instance block -- UltraZohm:user:ADC_LTC2311:3.0 - A3_ADC_LTC2311
Adding component instance block -- xilinx.com:ip:xlconstant:1.1 - A3_inv_input
Adding component instance block -- xilinx.com:module_ref:iobufds_inst:1.0 - iobufds_inst_2
Adding component instance block -- xilinx.com:ip:util_vector_logic:2.0 - util_vector_logic_0
Adding component instance block -- user.org:ip:uz_interlockDeadtime2L:1.0 - uz_interlockDeadtime_0
Adding component instance block -- user.org:ip:uz_interlockDeadtime2L:1.0 - uz_interlockDeadtime_1
Adding component instance block -- user.org:ip:uz_interlockDeadtime2L:1.0 - uz_interlockDeadtime_2
Adding component instance block -- user.org:ip:uz_interlockDeadtime2L:1.0 - uz_interlockDeadtime_3
Adding component instance block -- xilinx.com:ip:vio:3.0 - vio_Gates_2L
Adding component instance block -- xilinx.com:ip:xlconcat:2.1 - xlconcat_0
Adding component instance block -- xilinx.com:ip:xlconstant:1.1 - xlconstant_0
Adding component instance block -- xilinx.com:ip:xlconstant:1.1 - xlconstant_1
Adding component instance block -- xilinx.com:ip:PWM_and_SS_control_V4_ip:4.4 - PWM_and_SS_control_V_0
Adding component instance block -- xilinx.com:ip:PWM_and_SS_control_V4_ip:4.4 - PWM_and_SS_control_V_1
Adding component instance block -- xilinx.com:ip:PWM_and_SS_control_V4_ip:4.4 - PWM_and_SS_control_V_2
Adding component instance block -- xilinx.com:ip:PWM_and_SS_control_V4_ip:4.4 - PWM_and_SS_control_V_3
Adding component instance block -- xilinx.com:ip:ila:6.2 - ila_0
INFO: [xilinx.com:ip:ila:6.2-6] /uz_digital_adapter/D1_adapter/Gates/ila_0: Xilinx recommends using the System ILA IP in IP Integrator. The System ILA IP is functionally equivalent to an ILA and offers additional benefits in debugging interfaces both within IP Integrator and the Hardware Manager. Consult the Programming and Debug User Guide UG908 for further details.
Adding component instance block -- xilinx.com:ip:xlconcat:2.1 - Gates_Vector
Adding component instance block -- xilinx.com:ip:util_vector_logic:2.0 - Interrupt_Start_Center
Adding component instance block -- mwn.de:ip:PWM_SS_3L_ip:1.4 - PWM_SS_3L_ip_0
Adding component instance block -- xilinx.com:ip:vio:3.0 - Set_Deadtime_3L
Adding component instance block -- xilinx.com:ip:system_ila:1.1 - system_ila_0
Adding component instance block -- xilinx.com:module_ref:top_npc_state_machine:1.0 - top_npc_state_machine_0
Adding component instance block -- xilinx.com:ip:vio:3.0 - vio_Gates_3L
Adding component instance block -- xilinx.com:ip:xlconcat:2.1 - xlconcat_0
Adding component instance block -- xilinx.com:ip:vio:3.0 - vio_D3_test
Adding component instance block -- xilinx.com:ip:Incremental_Encoder_v26:26.0 - Incremental_Encoder_0
Adding component instance block -- xilinx.com:ip:system_ila:1.1 - system_ila_0
Adding component instance block -- TUM:user:AXI2TCM:1.1 - AXI2TCM_0
Adding component instance block -- xilinx.com:ip:system_ila:1.1 - system_ila_0
Adding component instance block -- xilinx.com:ip:util_vector_logic:2.0 - util_vector_logic_0
Adding component instance block -- xilinx.com:ip:xlconcat:2.1 - xlconcat_0
Adding component instance block -- xilinx.com:ip:xlconcat:2.1 - Concat_interrupts
Adding component instance block -- xilinx.com:ip:system_ila:1.1 - system_ila_0
Adding component instance block -- xilinx.com:ip:vio:3.0 - vio_interrupt
Adding component instance block -- xilinx.com:module_ref:delay_trigger:1.0 - delay_trigger_0
Adding component instance block -- mwn.de:ip:mux_axi_ip:1.3 - mux_axi_ip_1
Adding component instance block -- xilinx.com:ip:axi_timebase_wdt:3.0 - axi_timebase_wdt_0
Adding component instance block -- xilinx.com:ip:smartconnect:1.0 - smartconnect_0
Adding component instance block -- xilinx.com:ip:smartconnect:1.0 - smartconnect_1
Adding component instance block -- xilinx.com:ip:axi_timer:2.0 - timer_uptime_64bit
Adding component instance block -- xilinx.com:ip:clk_wiz:6.0 - clk_wiz_0
Adding component instance block -- xilinx.com:ip:proc_sys_reset:5.0 - proc_sys_reset_100MHz
Adding component instance block -- xilinx.com:ip:proc_sys_reset:5.0 - proc_sys_reset_10MHz
Adding component instance block -- xilinx.com:ip:proc_sys_reset:5.0 - proc_sys_reset_25MHz
Adding component instance block -- xilinx.com:ip:proc_sys_reset:5.0 - proc_sys_reset_50MHz
Adding component instance block -- xilinx.com:ip:xlconstant:1.1 - Enable_Gates_CPLD_High
Adding component instance block -- xilinx.com:ip:xlconstant:1.1 - Enable_Gates_CPLD_Low
Adding component instance block -- xilinx.com:ip:axi_gpio:2.0 - axi_gpio_2
Adding component instance block -- xilinx.com:module_ref:uz_usr_access_bridge:1.0 - uz_usr_access_bridge_0
Adding component instance block -- xilinx.com:ip:xlslice:1.0 - xlslice_Enable_AXI2TCM_Bit4
Adding component instance block -- xilinx.com:ip:xlslice:1.0 - xlslice_Enable_Gate_Bit1
Adding component instance block -- xilinx.com:ip:xlslice:1.0 - xlslice_Enable_Inverter_Bit0
Adding component instance block -- xilinx.com:ip:smartconnect:1.0 - smartconnect_1
Adding component instance block -- user.org:ip:uz_axi_testIP:1.0 - uz_axi_testIP_0
Adding component instance block -- xilinx.com:ip:uz_endat_interface:1.1 - uz_endat_interface_0
Adding component instance block -- xilinx.com:ip:ila:6.2 - ila_0
INFO: [xilinx.com:ip:ila:6.2-6] /uz_user/ila_0: Xilinx recommends using the System ILA IP in IP Integrator. The System ILA IP is functionally equivalent to an ILA and offers additional benefits in debugging interfaces both within IP Integrator and the Hardware Manager. Consult the Programming and Debug User Guide UG908 for further details.
Adding component instance block -- xilinx.com:ip:zynq_ultra_ps_e:3.4 - zynq_ultra_ps_e_0
Adding component instance block -- xilinx.com:ip:xlconstant:1.1 - xlconstant_0
Excluding slave segment /zynq_ultra_ps_e_0/SAXIGP6/LPD_DDR_HIGH from address space /uz_system/DataMover/AXI2TCM_0/M00_AXI.
Successfully read diagram <zusys> from block design file </home/hoernermi/git/ultrazohm/ultrazohm_sw_clean/vivado/project/zusys/zusys.bd>
open_bd_design: Time (s): cpu = 00:00:54 ; elapsed = 00:00:22 . Memory (MB): peak = 7792.617 ; gain = 598.301 ; free physical = 20667 ; free virtual = 26728
update_compile_order -fileset sources_1
create_bd_port -dir I Dig_06_Ch5
startgroup
disconnect_bd_net /uz_user/Dig_07_Ch5_1 [get_bd_pins uz_user/uz_endat_interface_0/endat_data_in]
disconnect_bd_net /uz_user/trigger_endat_1 [get_bd_pins uz_user/uz_endat_interface_0/trigger_endat_read]
disconnect_bd_net /uz_user/zynq_ultra_ps_e_0_pl_clk1 [get_bd_pins uz_user/uz_endat_interface_0/AXI4_Lite_ACLK] [get_bd_pins uz_user/uz_endat_interface_0/IPCORE_CLK]
disconnect_bd_net /uz_user/proc_sys_reset_1_peripheral_aresetn [get_bd_pins uz_user/uz_endat_interface_0/AXI4_Lite_ARESETN] [get_bd_pins uz_user/uz_endat_interface_0/IPCORE_RESETN]
delete_bd_objs [get_bd_intf_nets uz_user/smartconnect_1_M01_AXI]
endgroup
startgroup
delete_bd_objs [get_bd_nets uz_user/uz_endat_interface_0_CRC_raw]
delete_bd_objs [get_bd_nets uz_user/uz_endat_interface_0_endat_transaction_done]
delete_bd_objs [get_bd_nets uz_user/uz_endat_interface_0_position_raw_single_turn]
delete_bd_objs [get_bd_nets uz_user/uz_endat_interface_0_position_raw_multi_turn]
disconnect_bd_net /uz_user/uz_endat_interface_0_endat_mode_data_out [get_bd_pins uz_user/uz_endat_interface_0/endat_mode_data_out]
disconnect_bd_net /uz_user/uz_endat_interface_0_RW_data [get_bd_pins uz_user/uz_endat_interface_0/RW_data]
delete_bd_objs [get_bd_nets uz_user/uz_endat_interface_0_endat_received_data_out_SH]
disconnect_bd_net /uz_user/uz_endat_interface_0_endat_clk [get_bd_pins uz_user/uz_endat_interface_0/endat_clk]
delete_bd_objs [get_bd_nets uz_user/uz_endat_interface_0_RW_clk]
endgroup
delete_bd_objs [get_bd_cells uz_user/uz_endat_interface_0]
update_ip_catalog -rebuild
INFO: [IP_Flow 19-234] Refreshing IP repositories
INFO: [IP_Flow 19-1700] Loaded user IP repository '/home/hoernermi/git/ultrazohm/ultrazohm_sw_clean/ip_cores'.
WARNING: [IP_Flow 19-1663] Duplicate IP found for 'xilinx.com:ip:Trans_123_dq_V12_ip:1.0'. The one found in IP location '/home/hoernermi/git/ultrazohm/ultrazohm_sw_clean/ip_cores/Trans_123_dq_V12_ip/Trans_123_dq_V12_ip_v1_0' will take precedence over the same IP in location /home/hoernermi/git/ultrazohm/ultrazohm_sw_clean/ip_cores/Trans_123_dq_V12_ip/Simulation/hdl_prj/ipcore/Trans_123_dq_V12_ip_v1_0
create_bd_pin -dir I uz_user/Dig_06_Ch5
create_bd_pin -dir I uz_user/Dig_18_Ch5
set_property location {-257 532} [get_bd_pins uz_user/Dig_06_Ch5]
startgroup
create_bd_cell -type ip -vlnv xilinx.com:ip:uz_endat_interface:1.0 uz_user/uz_endat_interface_0
endgroup
startgroup
create_bd_cell -type ip -vlnv xilinx.com:ip:uz_endat_interface:1.0 uz_user/uz_endat_interface_1
endgroup
set_property location {1 34 1042} [get_bd_cells uz_user/uz_endat_interface_1]
startgroup
create_bd_cell -type ip -vlnv xilinx.com:ip:uz_endat_interface:1.0 uz_user/uz_endat_interface_2
endgroup
connect_bd_net [get_bd_pins uz_user/aresetn] [get_bd_pins uz_user/uz_endat_interface_2/AXI4_Lite_ARESETN]
connect_bd_net [get_bd_pins uz_user/aresetn] [get_bd_pins uz_user/uz_endat_interface_0/IPCORE_RESETN]
connect_bd_net [get_bd_pins uz_user/aresetn] [get_bd_pins uz_user/uz_endat_interface_0/AXI4_Lite_ARESETN]
connect_bd_net [get_bd_pins uz_user/aresetn] [get_bd_pins uz_user/uz_endat_interface_1/IPCORE_RESETN]
connect_bd_net [get_bd_pins uz_user/aresetn] [get_bd_pins uz_user/uz_endat_interface_1/AXI4_Lite_ARESETN]
connect_bd_net [get_bd_pins uz_user/aresetn] [get_bd_pins uz_user/uz_endat_interface_2/IPCORE_RESETN]
connect_bd_net [get_bd_pins uz_user/aclk] [get_bd_pins uz_user/uz_endat_interface_2/AXI4_Lite_ACLK]
connect_bd_net [get_bd_pins uz_user/aclk] [get_bd_pins uz_user/uz_endat_interface_0/IPCORE_CLK]
connect_bd_net [get_bd_pins uz_user/aclk] [get_bd_pins uz_user/uz_endat_interface_0/AXI4_Lite_ACLK]
connect_bd_net [get_bd_pins uz_user/aclk] [get_bd_pins uz_user/uz_endat_interface_1/IPCORE_CLK]
connect_bd_net [get_bd_pins uz_user/aclk] [get_bd_pins uz_user/uz_endat_interface_1/AXI4_Lite_ACLK]
connect_bd_net [get_bd_pins uz_user/aclk] [get_bd_pins uz_user/uz_endat_interface_2/IPCORE_CLK]
connect_bd_net [get_bd_pins uz_user/trigger_endat] [get_bd_pins uz_user/uz_endat_interface_2/trigger_endat_read]
connect_bd_net [get_bd_pins uz_user/trigger_endat] [get_bd_pins uz_user/uz_endat_interface_0/trigger_endat_read]
connect_bd_net [get_bd_pins uz_user/trigger_endat] [get_bd_pins uz_user/uz_endat_interface_1/trigger_endat_read]
connect_bd_net [get_bd_pins uz_user/Dig_18_Ch5] [get_bd_pins uz_user/uz_endat_interface_2/endat_data_in]
connect_bd_net [get_bd_pins uz_user/Dig_06_Ch5] [get_bd_pins uz_user/uz_endat_interface_1/endat_data_in]
connect_bd_net [get_bd_pins uz_user/Dig_07_Ch5] [get_bd_pins uz_user/uz_endat_interface_0/endat_data_in]
startgroup
set_property CONFIG.NUM_MI {4} [get_bd_cells uz_user/smartconnect_1]
endgroup
connect_bd_intf_net [get_bd_intf_pins uz_user/uz_endat_interface_0/AXI4_Lite] [get_bd_intf_pins uz_user/smartconnect_1/M01_AXI]
connect_bd_intf_net [get_bd_intf_pins uz_user/uz_endat_interface_1/AXI4_Lite] [get_bd_intf_pins uz_user/smartconnect_1/M02_AXI]
connect_bd_intf_net [get_bd_intf_pins uz_user/uz_endat_interface_2/AXI4_Lite] [get_bd_intf_pins uz_user/smartconnect_1/M03_AXI]
connect_bd_net [get_bd_pins uz_user/CLK_Dig_15_Ch5] [get_bd_pins uz_user/uz_endat_interface_0/endat_clk]
connect_bd_net [get_bd_pins uz_user/TX_DATA_Dig_08_Ch5] [get_bd_pins uz_user/uz_endat_interface_0/endat_mode_data_out]
connect_bd_net [get_bd_pins uz_user/RW_CLK_Dig_17_Ch5] [get_bd_pins uz_user/uz_endat_interface_0/RW_clk]
connect_bd_net [get_bd_pins uz_user/RW_DATA_Dig_11_Ch5] [get_bd_pins uz_user/uz_endat_interface_0/RW_data]
create_bd_pin -dir O uz_user/CLK_Dig_14_Ch5
connect_bd_net [get_bd_pins uz_user/CLK_Dig_14_Ch5] [get_bd_pins uz_user/uz_endat_interface_1/endat_clk]
set_property location {1008 821} [get_bd_pins uz_user/CLK_Dig_14_Ch5]
create_bd_pin -dir O uz_user/TX_DATA_Dig_09_Ch5
connect_bd_net [get_bd_pins uz_user/TX_DATA_Dig_09_Ch5] [get_bd_pins uz_user/uz_endat_interface_1/endat_mode_data_out]
create_bd_pin -dir O uz_user/RW_CLK_Dig_16_Ch5
connect_bd_net [get_bd_pins uz_user/RW_CLK_Dig_16_Ch5] [get_bd_pins uz_user/uz_endat_interface_1/RW_clk]
create_bd_pin -dir O uz_user/RW_DATA_Dig_10_Ch5
connect_bd_net [get_bd_pins uz_user/RW_DATA_Dig_10_Ch5] [get_bd_pins uz_user/uz_endat_interface_1/RW_data]
create_bd_pin -dir O uz_user/CLK_Dig_22_Ch5
create_bd_pin -dir O uz_user/TX_DATA_Dig_12_Ch5
create_bd_pin -dir O uz_user/RW_CLK_Dig_23_Ch5
create_bd_pin -dir O uz_user/RW_DATA_Dig20_Ch5
connect_bd_net [get_bd_pins uz_user/RW_DATA_Dig20_Ch5] [get_bd_pins uz_user/uz_endat_interface_2/RW_data]
connect_bd_net [get_bd_pins uz_user/RW_CLK_Dig_23_Ch5] [get_bd_pins uz_user/uz_endat_interface_2/RW_clk]
connect_bd_net [get_bd_pins uz_user/TX_DATA_Dig_12_Ch5] [get_bd_pins uz_user/uz_endat_interface_2/endat_mode_data_out]
connect_bd_net [get_bd_pins uz_user/CLK_Dig_22_Ch5] [get_bd_pins uz_user/uz_endat_interface_2/endat_clk]
set_property name RW_DATA_Dig_20_Ch5 [get_bd_pins uz_user/RW_DATA_Dig20_Ch5]
assign_bd_address
Slave segment '/uz_user/uz_endat_interface_0/AXI4_Lite/reg0' is being assigned into address space '/zynq_ultra_ps_e_0/Data' at <0x8012_0000 [ 64K ]>.
Slave segment '/uz_user/uz_endat_interface_1/AXI4_Lite/reg0' is being assigned into address space '/zynq_ultra_ps_e_0/Data' at <0x8013_0000 [ 64K ]>.
Slave segment '/uz_user/uz_endat_interface_2/AXI4_Lite/reg0' is being assigned into address space '/zynq_ultra_ps_e_0/Data' at <0x8014_0000 [ 64K ]>.
save_bd_design
Wrote  : </home/hoernermi/git/ultrazohm/ultrazohm_sw_clean/vivado/project/zusys/zusys.bd> 
Wrote  : </home/hoernermi/git/ultrazohm/ultrazohm_sw_clean/vivado/project/zusys/ui/bd_ec7575b2.ui> 
Wrote  : </home/hoernermi/git/ultrazohm/ultrazohm_sw_clean/vivado/project/zusys/ui/bd_ecf4f3b3.ui> 
create_bd_port -dir O Dig_14_Ch5
create_bd_port -dir O Dig_09_Ch5
create_bd_port -dir O Dig_16_Ch5
create_bd_port -dir O Dig_10_Ch5
create_bd_port -dir O Dig_22_Ch5
create_bd_port -dir O Dig_12_Ch5
create_bd_port -dir O Dig_23_Ch5
create_bd_port -dir O Dig_20_Ch5
connect_bd_net [get_bd_ports Dig_14_Ch5] [get_bd_pins uz_user/CLK_Dig_14_Ch5]
connect_bd_net [get_bd_ports Dig_09_Ch5] [get_bd_pins uz_user/TX_DATA_Dig_09_Ch5]
connect_bd_net [get_bd_ports Dig_16_Ch5] [get_bd_pins uz_user/RW_CLK_Dig_16_Ch5]
connect_bd_net [get_bd_ports Dig_10_Ch5] [get_bd_pins uz_user/RW_DATA_Dig_10_Ch5]
connect_bd_net [get_bd_ports Dig_22_Ch5] [get_bd_pins uz_user/CLK_Dig_22_Ch5]
connect_bd_net [get_bd_ports Dig_12_Ch5] [get_bd_pins uz_user/TX_DATA_Dig_12_Ch5]
set_property location {2329 1173} [get_bd_ports Dig_23_Ch5]
connect_bd_net [get_bd_ports Dig_23_Ch5] [get_bd_pins uz_user/RW_CLK_Dig_23_Ch5]
connect_bd_net [get_bd_ports Dig_20_Ch5] [get_bd_pins uz_user/RW_DATA_Dig_20_Ch5]
save_bd_design
Wrote  : </home/hoernermi/git/ultrazohm/ultrazohm_sw_clean/vivado/project/zusys/zusys.bd> 
Wrote  : </home/hoernermi/git/ultrazohm/ultrazohm_sw_clean/vivado/project/zusys/ui/bd_ec7575b2.ui> 
Wrote  : </home/hoernermi/git/ultrazohm/ultrazohm_sw_clean/vivado/project/zusys/ui/bd_ecf4f3b3.ui> 
validate_bd_design
WARNING: [BD 41-1629] Slave segment </zynq_ultra_ps_e_0/SAXIGP6/LPD_DDR_HIGH> is excluded from all addressing paths.
Excluding slave segment /zynq_ultra_ps_e_0/SAXIGP6/LPD_DDR_HIGH from address space /uz_system/DataMover/AXI2TCM_0/M00_AXI.
ERROR: [Common 17-161] Invalid option value '' specified for 'object'.
ERROR: [BD 41-1273] Error running propagate TCL procedure: ERROR: [Common 17-161] Invalid option value '' specified for 'object'.
    ::xilinx.com_ip_ila_6.2::propagate Line 95
INFO: [xilinx.com:ip:smartconnect:1.0-1] zusys_smartconnect_0_0: SmartConnect zusys_smartconnect_0_0 is in High-performance Mode.
INFO: [Ipptcl 7-1463] No Compatible Board Interface found. Board Tab not created in customize GUI
INFO: [xilinx.com:ip:smartconnect:1.0-1] zusys_smartconnect_1_0: SmartConnect zusys_smartconnect_1_0 is in High-performance Mode.
INFO: [xilinx.com:ip:smartconnect:1.0-1] zusys_smartconnect_1_1: SmartConnect zusys_smartconnect_1_1 is in High-performance Mode.
INFO: [xilinx.com:ip:clk_wiz:6.0-1] /uz_system/uz_clocks/clk_wiz_0 clk_wiz propagate
WARNING: [BD 41-237] Bus Interface property AWUSER_WIDTH does not match between /uz_digital_adapter/D1_adapter/Gates/uz_interlockDeadtime_0/AXI4(0) and /uz_system/smartconnect_0/M07_AXI(16)
WARNING: [BD 41-237] Bus Interface property ARUSER_WIDTH does not match between /uz_digital_adapter/D1_adapter/Gates/uz_interlockDeadtime_0/AXI4(0) and /uz_system/smartconnect_0/M07_AXI(16)
WARNING: [BD 41-237] Bus Interface property AWUSER_WIDTH does not match between /uz_digital_adapter/D1_adapter/Gates/uz_interlockDeadtime_1/AXI4(0) and /uz_system/smartconnect_1/M02_AXI(16)
WARNING: [BD 41-237] Bus Interface property ARUSER_WIDTH does not match between /uz_digital_adapter/D1_adapter/Gates/uz_interlockDeadtime_1/AXI4(0) and /uz_system/smartconnect_1/M02_AXI(16)
WARNING: [BD 41-237] Bus Interface property AWUSER_WIDTH does not match between /uz_digital_adapter/D1_adapter/Gates/uz_interlockDeadtime_2/AXI4(0) and /uz_system/smartconnect_1/M03_AXI(16)
WARNING: [BD 41-237] Bus Interface property ARUSER_WIDTH does not match between /uz_digital_adapter/D1_adapter/Gates/uz_interlockDeadtime_2/AXI4(0) and /uz_system/smartconnect_1/M03_AXI(16)
WARNING: [BD 41-237] Bus Interface property AWUSER_WIDTH does not match between /uz_digital_adapter/D1_adapter/Gates/uz_interlockDeadtime_3/AXI4(0) and /uz_system/smartconnect_1/M04_AXI(16)
WARNING: [BD 41-237] Bus Interface property ARUSER_WIDTH does not match between /uz_digital_adapter/D1_adapter/Gates/uz_interlockDeadtime_3/AXI4(0) and /uz_system/smartconnect_1/M04_AXI(16)
WARNING: [BD 41-237] Bus Interface property WUSER_WIDTH does not match between /zynq_ultra_ps_e_0/S_AXI_LPD(0) and /uz_system/DataMover/AXI2TCM_0/M00_AXI(1)
WARNING: [BD 41-237] Bus Interface property RUSER_WIDTH does not match between /zynq_ultra_ps_e_0/S_AXI_LPD(0) and /uz_system/DataMover/AXI2TCM_0/M00_AXI(1)
WARNING: [BD 41-237] Bus Interface property BUSER_WIDTH does not match between /zynq_ultra_ps_e_0/S_AXI_LPD(0) and /uz_system/DataMover/AXI2TCM_0/M00_AXI(1)
WARNING: [BD 41-237] Bus Interface property AWUSER_WIDTH does not match between /uz_user/uz_axi_testIP_0/AXI4(0) and /uz_user/smartconnect_1/M00_AXI(16)
WARNING: [BD 41-237] Bus Interface property ARUSER_WIDTH does not match between /uz_user/uz_axi_testIP_0/AXI4(0) and /uz_user/smartconnect_1/M00_AXI(16)
CRITICAL WARNING: [BD 41-759] The input pins (listed below) are either not connected or do not have a source port, and they don't have a tie-off specified. These pins are tied-off to all 0's to avoid error in Implementation flow.
Please check your design and connect them as needed: 
/uz_user/Dig_06_Ch5
/uz_user/Dig_18_Ch5

validate_bd_design: Time (s): cpu = 00:01:13 ; elapsed = 00:00:29 . Memory (MB): peak = 9601.828 ; gain = 0.000 ; free physical = 20187 ; free virtual = 26200
ERROR: [Common 17-39] 'validate_bd_design' failed due to earlier errors.
connect_bd_net [get_bd_pins uz_user/ila_0/probe4] [get_bd_pins uz_user/uz_endat_interface_0/endat_transaction_done]
connect_bd_net [get_bd_pins uz_user/ila_0/probe6] [get_bd_pins uz_user/uz_endat_interface_0/endat_received_data_out_SH]
connect_bd_net [get_bd_pins uz_user/ila_0/probe7] [get_bd_pins uz_user/uz_endat_interface_0/position_raw_single_turn]
connect_bd_net [get_bd_pins uz_user/ila_0/probe8] [get_bd_pins uz_user/uz_endat_interface_0/position_raw_multi_turn]
connect_bd_net [get_bd_pins uz_user/ila_0/probe9] [get_bd_pins uz_user/uz_endat_interface_0/CRC_raw]
save_bd_design
Wrote  : </home/hoernermi/git/ultrazohm/ultrazohm_sw_clean/vivado/project/zusys/zusys.bd> 
Wrote  : </home/hoernermi/git/ultrazohm/ultrazohm_sw_clean/vivado/project/zusys/ui/bd_ec7575b2.ui> 
Wrote  : </home/hoernermi/git/ultrazohm/ultrazohm_sw_clean/vivado/project/zusys/ui/bd_ecf4f3b3.ui> 
save_bd_design: Time (s): cpu = 00:00:05 ; elapsed = 00:00:05 . Memory (MB): peak = 9601.828 ; gain = 0.000 ; free physical = 20159 ; free virtual = 26234
validate_bd_design
WARNING: [BD 41-1629] Slave segment </zynq_ultra_ps_e_0/SAXIGP6/LPD_DDR_HIGH> is excluded from all addressing paths.
Excluding slave segment /zynq_ultra_ps_e_0/SAXIGP6/LPD_DDR_HIGH from address space /uz_system/DataMover/AXI2TCM_0/M00_AXI.
INFO: [xilinx.com:ip:smartconnect:1.0-1] zusys_smartconnect_0_0: SmartConnect zusys_smartconnect_0_0 is in High-performance Mode.
INFO: [Ipptcl 7-1463] No Compatible Board Interface found. Board Tab not created in customize GUI
INFO: [xilinx.com:ip:smartconnect:1.0-1] zusys_smartconnect_1_0: SmartConnect zusys_smartconnect_1_0 is in High-performance Mode.
INFO: [xilinx.com:ip:smartconnect:1.0-1] zusys_smartconnect_1_1: SmartConnect zusys_smartconnect_1_1 is in High-performance Mode.
INFO: [xilinx.com:ip:clk_wiz:6.0-1] /uz_system/uz_clocks/clk_wiz_0 clk_wiz propagate
WARNING: [BD 41-237] Bus Interface property AWUSER_WIDTH does not match between /uz_digital_adapter/D1_adapter/Gates/uz_interlockDeadtime_0/AXI4(0) and /uz_system/smartconnect_0/M07_AXI(16)
WARNING: [BD 41-237] Bus Interface property ARUSER_WIDTH does not match between /uz_digital_adapter/D1_adapter/Gates/uz_interlockDeadtime_0/AXI4(0) and /uz_system/smartconnect_0/M07_AXI(16)
WARNING: [BD 41-237] Bus Interface property AWUSER_WIDTH does not match between /uz_digital_adapter/D1_adapter/Gates/uz_interlockDeadtime_1/AXI4(0) and /uz_system/smartconnect_1/M02_AXI(16)
WARNING: [BD 41-237] Bus Interface property ARUSER_WIDTH does not match between /uz_digital_adapter/D1_adapter/Gates/uz_interlockDeadtime_1/AXI4(0) and /uz_system/smartconnect_1/M02_AXI(16)
WARNING: [BD 41-237] Bus Interface property AWUSER_WIDTH does not match between /uz_digital_adapter/D1_adapter/Gates/uz_interlockDeadtime_2/AXI4(0) and /uz_system/smartconnect_1/M03_AXI(16)
WARNING: [BD 41-237] Bus Interface property ARUSER_WIDTH does not match between /uz_digital_adapter/D1_adapter/Gates/uz_interlockDeadtime_2/AXI4(0) and /uz_system/smartconnect_1/M03_AXI(16)
WARNING: [BD 41-237] Bus Interface property AWUSER_WIDTH does not match between /uz_digital_adapter/D1_adapter/Gates/uz_interlockDeadtime_3/AXI4(0) and /uz_system/smartconnect_1/M04_AXI(16)
WARNING: [BD 41-237] Bus Interface property ARUSER_WIDTH does not match between /uz_digital_adapter/D1_adapter/Gates/uz_interlockDeadtime_3/AXI4(0) and /uz_system/smartconnect_1/M04_AXI(16)
WARNING: [BD 41-237] Bus Interface property WUSER_WIDTH does not match between /zynq_ultra_ps_e_0/S_AXI_LPD(0) and /uz_system/DataMover/AXI2TCM_0/M00_AXI(1)
WARNING: [BD 41-237] Bus Interface property RUSER_WIDTH does not match between /zynq_ultra_ps_e_0/S_AXI_LPD(0) and /uz_system/DataMover/AXI2TCM_0/M00_AXI(1)
WARNING: [BD 41-237] Bus Interface property BUSER_WIDTH does not match between /zynq_ultra_ps_e_0/S_AXI_LPD(0) and /uz_system/DataMover/AXI2TCM_0/M00_AXI(1)
WARNING: [BD 41-237] Bus Interface property AWUSER_WIDTH does not match between /uz_user/uz_axi_testIP_0/AXI4(0) and /uz_user/smartconnect_1/M00_AXI(16)
WARNING: [BD 41-237] Bus Interface property ARUSER_WIDTH does not match between /uz_user/uz_axi_testIP_0/AXI4(0) and /uz_user/smartconnect_1/M00_AXI(16)
CRITICAL WARNING: [BD 41-759] The input pins (listed below) are either not connected or do not have a source port, and they don't have a tie-off specified. These pins are tied-off to all 0's to avoid error in Implementation flow.
Please check your design and connect them as needed: 
/uz_user/Dig_06_Ch5
/uz_user/Dig_18_Ch5

validate_bd_design: Time (s): cpu = 00:01:00 ; elapsed = 00:00:29 . Memory (MB): peak = 9686.273 ; gain = 84.445 ; free physical = 20152 ; free virtual = 26164
connect_bd_net [get_bd_ports Dig_06_Ch5] [get_bd_pins uz_user/Dig_06_Ch5]
connect_bd_net [get_bd_ports Dig_18_Ch5] [get_bd_pins uz_user/Dig_18_Ch5]
save_bd_design
Wrote  : </home/hoernermi/git/ultrazohm/ultrazohm_sw_clean/vivado/project/zusys/zusys.bd> 
Wrote  : </home/hoernermi/git/ultrazohm/ultrazohm_sw_clean/vivado/project/zusys/ui/bd_ec7575b2.ui> 
Wrote  : </home/hoernermi/git/ultrazohm/ultrazohm_sw_clean/vivado/project/zusys/ui/bd_ecf4f3b3.ui> 
save_bd_design: Time (s): cpu = 00:00:05 ; elapsed = 00:00:05 . Memory (MB): peak = 9686.273 ; gain = 0.000 ; free physical = 20095 ; free virtual = 26170
validate_bd_design
WARNING: [BD 41-1629] Slave segment </zynq_ultra_ps_e_0/SAXIGP6/LPD_DDR_HIGH> is excluded from all addressing paths.
Excluding slave segment /zynq_ultra_ps_e_0/SAXIGP6/LPD_DDR_HIGH from address space /uz_system/DataMover/AXI2TCM_0/M00_AXI.
INFO: [xilinx.com:ip:smartconnect:1.0-1] zusys_smartconnect_0_0: SmartConnect zusys_smartconnect_0_0 is in High-performance Mode.
INFO: [Ipptcl 7-1463] No Compatible Board Interface found. Board Tab not created in customize GUI
INFO: [xilinx.com:ip:smartconnect:1.0-1] zusys_smartconnect_1_0: SmartConnect zusys_smartconnect_1_0 is in High-performance Mode.
INFO: [xilinx.com:ip:smartconnect:1.0-1] zusys_smartconnect_1_1: SmartConnect zusys_smartconnect_1_1 is in High-performance Mode.
INFO: [xilinx.com:ip:clk_wiz:6.0-1] /uz_system/uz_clocks/clk_wiz_0 clk_wiz propagate
WARNING: [BD 41-237] Bus Interface property AWUSER_WIDTH does not match between /uz_digital_adapter/D1_adapter/Gates/uz_interlockDeadtime_0/AXI4(0) and /uz_system/smartconnect_0/M07_AXI(16)
WARNING: [BD 41-237] Bus Interface property ARUSER_WIDTH does not match between /uz_digital_adapter/D1_adapter/Gates/uz_interlockDeadtime_0/AXI4(0) and /uz_system/smartconnect_0/M07_AXI(16)
WARNING: [BD 41-237] Bus Interface property AWUSER_WIDTH does not match between /uz_digital_adapter/D1_adapter/Gates/uz_interlockDeadtime_1/AXI4(0) and /uz_system/smartconnect_1/M02_AXI(16)
WARNING: [BD 41-237] Bus Interface property ARUSER_WIDTH does not match between /uz_digital_adapter/D1_adapter/Gates/uz_interlockDeadtime_1/AXI4(0) and /uz_system/smartconnect_1/M02_AXI(16)
WARNING: [BD 41-237] Bus Interface property AWUSER_WIDTH does not match between /uz_digital_adapter/D1_adapter/Gates/uz_interlockDeadtime_2/AXI4(0) and /uz_system/smartconnect_1/M03_AXI(16)
WARNING: [BD 41-237] Bus Interface property ARUSER_WIDTH does not match between /uz_digital_adapter/D1_adapter/Gates/uz_interlockDeadtime_2/AXI4(0) and /uz_system/smartconnect_1/M03_AXI(16)
WARNING: [BD 41-237] Bus Interface property AWUSER_WIDTH does not match between /uz_digital_adapter/D1_adapter/Gates/uz_interlockDeadtime_3/AXI4(0) and /uz_system/smartconnect_1/M04_AXI(16)
WARNING: [BD 41-237] Bus Interface property ARUSER_WIDTH does not match between /uz_digital_adapter/D1_adapter/Gates/uz_interlockDeadtime_3/AXI4(0) and /uz_system/smartconnect_1/M04_AXI(16)
WARNING: [BD 41-237] Bus Interface property WUSER_WIDTH does not match between /zynq_ultra_ps_e_0/S_AXI_LPD(0) and /uz_system/DataMover/AXI2TCM_0/M00_AXI(1)
WARNING: [BD 41-237] Bus Interface property RUSER_WIDTH does not match between /zynq_ultra_ps_e_0/S_AXI_LPD(0) and /uz_system/DataMover/AXI2TCM_0/M00_AXI(1)
WARNING: [BD 41-237] Bus Interface property BUSER_WIDTH does not match between /zynq_ultra_ps_e_0/S_AXI_LPD(0) and /uz_system/DataMover/AXI2TCM_0/M00_AXI(1)
WARNING: [BD 41-237] Bus Interface property AWUSER_WIDTH does not match between /uz_user/uz_axi_testIP_0/AXI4(0) and /uz_user/smartconnect_1/M00_AXI(16)
WARNING: [BD 41-237] Bus Interface property ARUSER_WIDTH does not match between /uz_user/uz_axi_testIP_0/AXI4(0) and /uz_user/smartconnect_1/M00_AXI(16)
validate_bd_design: Time (s): cpu = 00:01:11 ; elapsed = 00:00:29 . Memory (MB): peak = 9744.168 ; gain = 57.895 ; free physical = 20031 ; free virtual = 26044
save_bd_design
Wrote  : </home/hoernermi/git/ultrazohm/ultrazohm_sw_clean/vivado/project/zusys/zusys.bd> 
Wrote  : </home/hoernermi/git/ultrazohm/ultrazohm_sw_clean/vivado/project/zusys/ui/bd_ec7575b2.ui> 
Wrote  : </home/hoernermi/git/ultrazohm/ultrazohm_sw_clean/vivado/project/zusys/ui/bd_ecf4f3b3.ui> 
save_bd_design: Time (s): cpu = 00:00:05 ; elapsed = 00:00:05 . Memory (MB): peak = 9744.168 ; gain = 0.000 ; free physical = 20040 ; free virtual = 26116
reset_run synth_1
reset_run zusys_smartconnect_0_0_synth_1
reset_run zusys_system_ila_0_2_synth_1
reset_run zusys_system_ila_0_3_synth_1
reset_run zusys_system_ila_0_4_synth_1
reset_run zusys_system_ila_0_0_synth_1
reset_run zusys_system_ila_0_1_synth_1
reset_run zusys_smartconnect_1_0_synth_1
reset_run zusys_smartconnect_1_1_synth_1
launch_runs impl_1 -to_step write_bitstream -jobs 6
INFO: [BD 41-1662] The design 'zusys.bd' is already validated. Therefore parameter propagation will not be re-run.
Wrote  : </home/hoernermi/git/ultrazohm/ultrazohm_sw_clean/vivado/project/zusys/ui/bd_ec7575b2.ui> 
Wrote  : </home/hoernermi/git/ultrazohm/ultrazohm_sw_clean/vivado/project/zusys/ui/bd_ecf4f3b3.ui> 
WARNING: [BD 41-2384] Width mismatch when connecting pin: '/uz_system/DataMover/AXI2TCM_0/m00_axi_rid'(1) to pin: '/uz_system/DataMover/M00_AXI_rid'(6) - Only lower order bits will be connected.
WARNING: [BD 41-2384] Width mismatch when connecting pin: '/uz_system/DataMover/AXI2TCM_0/m00_axi_bid'(1) to pin: '/uz_system/DataMover/M00_AXI_bid'(6) - Only lower order bits will be connected.
WARNING: [BD 41-2384] Width mismatch when connecting pin: '/zynq_ultra_ps_e_0/saxigp6_awid'(6) to pin: '/uz_system/M00_AXI_awid'(1) - Only lower order bits will be connected.
WARNING: [BD 41-2384] Width mismatch when connecting pin: '/zynq_ultra_ps_e_0/saxigp6_arid'(6) to pin: '/uz_system/M00_AXI_arid'(1) - Only lower order bits will be connected.
VHDL Output written to : /home/hoernermi/git/ultrazohm/ultrazohm_sw_clean/vivado/project/zusys/synth/zusys.vhd
WARNING: [BD 41-2384] Width mismatch when connecting pin: '/uz_system/DataMover/AXI2TCM_0/m00_axi_rid'(1) to pin: '/uz_system/DataMover/M00_AXI_rid'(6) - Only lower order bits will be connected.
WARNING: [BD 41-2384] Width mismatch when connecting pin: '/uz_system/DataMover/AXI2TCM_0/m00_axi_bid'(1) to pin: '/uz_system/DataMover/M00_AXI_bid'(6) - Only lower order bits will be connected.
WARNING: [BD 41-2384] Width mismatch when connecting pin: '/zynq_ultra_ps_e_0/saxigp6_awid'(6) to pin: '/uz_system/M00_AXI_awid'(1) - Only lower order bits will be connected.
WARNING: [BD 41-2384] Width mismatch when connecting pin: '/zynq_ultra_ps_e_0/saxigp6_arid'(6) to pin: '/uz_system/M00_AXI_arid'(1) - Only lower order bits will be connected.
VHDL Output written to : /home/hoernermi/git/ultrazohm/ultrazohm_sw_clean/vivado/project/zusys/sim/zusys.vhd
VHDL Output written to : /home/hoernermi/git/ultrazohm/ultrazohm_sw_clean/vivado/project/zusys/hdl/zusys_wrapper.vhd
Wrote  : </home/hoernermi/git/ultrazohm/ultrazohm_sw_clean/vivado/project/zusys/ui/bd_ec7575b2.ui> 
Wrote  : </home/hoernermi/git/ultrazohm/ultrazohm_sw_clean/vivado/project/zusys/ui/bd_ecf4f3b3.ui> 
WARNING: [IP_Flow 19-4994] Overwriting existing constraint file '/home/hoernermi/git/ultrazohm/ultrazohm_sw_clean/vivado/project/zusys/ip/zusys_system_ila_0_0/zusys_system_ila_0_0_ooc.xdc'
Exporting to file /home/hoernermi/git/ultrazohm/ultrazohm_sw_clean/vivado/project/zusys/ip/zusys_system_ila_0_0/bd_0/hw_handoff/zusys_system_ila_0_0.hwh
Generated Hardware Definition File /home/hoernermi/git/ultrazohm/ultrazohm_sw_clean/vivado/project/zusys/ip/zusys_system_ila_0_0/bd_0/synth/zusys_system_ila_0_0.hwdef
INFO: [BD 41-1029] Generation completed for the IP Integrator block uz_analog_adapter/A1_adapter/adc_debug/system_ila_0 .
WARNING: [IP_Flow 19-4994] Overwriting existing constraint file '/home/hoernermi/git/ultrazohm/ultrazohm_sw_clean/vivado/project/zusys/ip/zusys_system_ila_0_1/zusys_system_ila_0_1_ooc.xdc'
Exporting to file /home/hoernermi/git/ultrazohm/ultrazohm_sw_clean/vivado/project/zusys/ip/zusys_system_ila_0_1/bd_0/hw_handoff/zusys_system_ila_0_1.hwh
Generated Hardware Definition File /home/hoernermi/git/ultrazohm/ultrazohm_sw_clean/vivado/project/zusys/ip/zusys_system_ila_0_1/bd_0/synth/zusys_system_ila_0_1.hwdef
INFO: [BD 41-1029] Generation completed for the IP Integrator block uz_digital_adapter/D2_adapter/Gates_3L/system_ila_0 .
WARNING: [IP_Flow 19-4994] Overwriting existing constraint file '/home/hoernermi/git/ultrazohm/ultrazohm_sw_clean/vivado/project/zusys/ip/zusys_system_ila_0_2/zusys_system_ila_0_2_ooc.xdc'
Exporting to file /home/hoernermi/git/ultrazohm/ultrazohm_sw_clean/vivado/project/zusys/ip/zusys_system_ila_0_2/bd_0/hw_handoff/zusys_system_ila_0_2.hwh
Generated Hardware Definition File /home/hoernermi/git/ultrazohm/ultrazohm_sw_clean/vivado/project/zusys/ip/zusys_system_ila_0_2/bd_0/synth/zusys_system_ila_0_2.hwdef
INFO: [BD 41-1029] Generation completed for the IP Integrator block uz_digital_adapter/D5_adapter/system_ila_0 .
WARNING: [IP_Flow 19-4994] Overwriting existing constraint file '/home/hoernermi/git/ultrazohm/ultrazohm_sw_clean/vivado/project/zusys/ip/zusys_system_ila_0_3/zusys_system_ila_0_3_ooc.xdc'
Exporting to file /home/hoernermi/git/ultrazohm/ultrazohm_sw_clean/vivado/project/zusys/ip/zusys_system_ila_0_3/bd_0/hw_handoff/zusys_system_ila_0_3.hwh
Generated Hardware Definition File /home/hoernermi/git/ultrazohm/ultrazohm_sw_clean/vivado/project/zusys/ip/zusys_system_ila_0_3/bd_0/synth/zusys_system_ila_0_3.hwdef
INFO: [BD 41-1029] Generation completed for the IP Integrator block uz_system/DataMover/system_ila_0 .
WARNING: [IP_Flow 19-4994] Overwriting existing constraint file '/home/hoernermi/git/ultrazohm/ultrazohm_sw_clean/vivado/project/zusys/ip/zusys_system_ila_0_4/zusys_system_ila_0_4_ooc.xdc'
Exporting to file /home/hoernermi/git/ultrazohm/ultrazohm_sw_clean/vivado/project/zusys/ip/zusys_system_ila_0_4/bd_0/hw_handoff/zusys_system_ila_0_4.hwh
Generated Hardware Definition File /home/hoernermi/git/ultrazohm/ultrazohm_sw_clean/vivado/project/zusys/ip/zusys_system_ila_0_4/bd_0/synth/zusys_system_ila_0_4.hwdef
INFO: [BD 41-1029] Generation completed for the IP Integrator block uz_system/Interrupt/system_ila_0 .
WARNING: [IP_Flow 19-5160] IP 'bd_2abc_one_0' detected simulation language mismatch. Simulation type 'rtl' does not support 'VHDL' outputs (see project's "simulator_language" property), delivering 'Verilog' outputs instead.
Exporting to file /home/hoernermi/git/ultrazohm/ultrazohm_sw_clean/vivado/project/zusys/ip/zusys_smartconnect_0_0/bd_0/hw_handoff/zusys_smartconnect_0_0.hwh
Generated Hardware Definition File /home/hoernermi/git/ultrazohm/ultrazohm_sw_clean/vivado/project/zusys/ip/zusys_smartconnect_0_0/bd_0/synth/zusys_smartconnect_0_0.hwdef
INFO: [BD 41-1029] Generation completed for the IP Integrator block uz_system/smartconnect_0 .
WARNING: [IP_Flow 19-5160] IP 'bd_eaed_one_0' detected simulation language mismatch. Simulation type 'rtl' does not support 'VHDL' outputs (see project's "simulator_language" property), delivering 'Verilog' outputs instead.
Exporting to file /home/hoernermi/git/ultrazohm/ultrazohm_sw_clean/vivado/project/zusys/ip/zusys_smartconnect_1_0/bd_0/hw_handoff/zusys_smartconnect_1_0.hwh
Generated Hardware Definition File /home/hoernermi/git/ultrazohm/ultrazohm_sw_clean/vivado/project/zusys/ip/zusys_smartconnect_1_0/bd_0/synth/zusys_smartconnect_1_0.hwdef
INFO: [BD 41-1029] Generation completed for the IP Integrator block uz_system/smartconnect_1 .
WARNING: [IP_Flow 19-5160] IP 'zusys_smartconnect_1_1' detected simulation language mismatch. Simulation type 'rtl' does not support 'VHDL' outputs (see project's "simulator_language" property), delivering 'Verilog' outputs instead.
WARNING: [IP_Flow 19-5160] IP 'bd_2a2c_one_0' detected simulation language mismatch. Simulation type 'rtl' does not support 'VHDL' outputs (see project's "simulator_language" property), delivering 'Verilog' outputs instead.
Exporting to file /home/hoernermi/git/ultrazohm/ultrazohm_sw_clean/vivado/project/zusys/ip/zusys_smartconnect_1_1/bd_0/hw_handoff/zusys_smartconnect_1_1.hwh
Generated Hardware Definition File /home/hoernermi/git/ultrazohm/ultrazohm_sw_clean/vivado/project/zusys/ip/zusys_smartconnect_1_1/bd_0/synth/zusys_smartconnect_1_1.hwdef
INFO: [BD 41-1029] Generation completed for the IP Integrator block uz_user/smartconnect_1 .
INFO: [BD 41-1029] Generation completed for the IP Integrator block uz_user/uz_endat_interface_0 .
INFO: [BD 41-1029] Generation completed for the IP Integrator block uz_user/uz_endat_interface_1 .
INFO: [BD 41-1029] Generation completed for the IP Integrator block uz_user/uz_endat_interface_2 .
Exporting to file /home/hoernermi/git/ultrazohm/ultrazohm_sw_clean/vivado/project/zusys/hw_handoff/zusys.hwh
Generated Hardware Definition File /home/hoernermi/git/ultrazohm/ultrazohm_sw_clean/vivado/project/zusys/synth/zusys.hwdef
INFO: [IP_Flow 19-6930] IPCACHE: runCacheChecks() number of threads = 8
INFO: [IP_Flow 19-6921] IPCACHE: Adding cache check func to thread queue for IP zusys_smartconnect_0_0
INFO: [IP_Flow 19-6921] IPCACHE: Adding cache check func to thread queue for IP zusys_smartconnect_1_0
INFO: [IP_Flow 19-6921] IPCACHE: Adding cache check func to thread queue for IP zusys_smartconnect_1_1
INFO: [IP_Flow 19-6921] IPCACHE: Adding cache check func to thread queue for IP zusys_system_ila_0_0
INFO: [IP_Flow 19-6921] IPCACHE: Adding cache check func to thread queue for IP zusys_system_ila_0_1
INFO: [IP_Flow 19-6921] IPCACHE: Adding cache check func to thread queue for IP zusys_system_ila_0_2
INFO: [IP_Flow 19-6921] IPCACHE: Adding cache check func to thread queue for IP zusys_system_ila_0_3
INFO: [IP_Flow 19-6921] IPCACHE: Adding cache check func to thread queue for IP zusys_system_ila_0_4
INFO: [IP_Flow 19-6921] IPCACHE: Adding cache check func to thread queue for IP zusys_uz_endat_interface_0_1
INFO: [IP_Flow 19-6921] IPCACHE: Adding cache check func to thread queue for IP zusys_uz_endat_interface_1_0
INFO: [IP_Flow 19-6921] IPCACHE: Adding cache check func to thread queue for IP zusys_uz_endat_interface_2_0
INFO: [IP_Flow 19-8020] IPCACHE: runCacheChecks() calling threadPool finishWork()
INFO: [IP_Flow 19-6924] IPCACHE: Running cache check for IP inst: zusys_smartconnect_0_0
INFO: [IP_Flow 19-6924] IPCACHE: Running cache check for IP inst: zusys_smartconnect_1_0
INFO: [IP_Flow 19-6922] IPCACHE: Exporting cached entry 39d6d4d4fcfd65af to dir: /home/hoernermi/git/ultrazohm/ultrazohm_sw_clean/vivado/project/zusys/ip/zusys_smartconnect_1_0
INFO: [IP_Flow 19-6928] IPCACHE: copied cached file /home/hoernermi/git/ultrazohm/ultrazohm_sw_clean/vivado/project/ultrazohm.cache/ip/2022.2.2/3/9/39d6d4d4fcfd65af/zusys_smartconnect_1_0_stub.vhdl to /home/hoernermi/git/ultrazohm/ultrazohm_sw_clean/vivado/project/zusys/ip/zusys_smartconnect_1_0/zusys_smartconnect_1_0_stub.vhdl.
INFO: [IP_Flow 19-6926] IPCACHE: added file to list for BOM: /home/hoernermi/git/ultrazohm/ultrazohm_sw_clean/vivado/project/zusys/ip/zusys_smartconnect_1_0/zusys_smartconnect_1_0_stub.vhdl
INFO: [IP_Flow 19-6928] IPCACHE: copied cached file /home/hoernermi/git/ultrazohm/ultrazohm_sw_clean/vivado/project/ultrazohm.cache/ip/2022.2.2/3/9/39d6d4d4fcfd65af/zusys_smartconnect_1_0_sim_netlist.vhdl to /home/hoernermi/git/ultrazohm/ultrazohm_sw_clean/vivado/project/zusys/ip/zusys_smartconnect_1_0/zusys_smartconnect_1_0_sim_netlist.vhdl.
INFO: [IP_Flow 19-6926] IPCACHE: added file to list for BOM: /home/hoernermi/git/ultrazohm/ultrazohm_sw_clean/vivado/project/zusys/ip/zusys_smartconnect_1_0/zusys_smartconnect_1_0_sim_netlist.vhdl
INFO: [IP_Flow 19-6928] IPCACHE: copied cached file /home/hoernermi/git/ultrazohm/ultrazohm_sw_clean/vivado/project/ultrazohm.cache/ip/2022.2.2/3/9/39d6d4d4fcfd65af/zusys_smartconnect_1_0_sim_netlist.v to /home/hoernermi/git/ultrazohm/ultrazohm_sw_clean/vivado/project/zusys/ip/zusys_smartconnect_1_0/zusys_smartconnect_1_0_sim_netlist.v.
INFO: [IP_Flow 19-6926] IPCACHE: added file to list for BOM: /home/hoernermi/git/ultrazohm/ultrazohm_sw_clean/vivado/project/zusys/ip/zusys_smartconnect_1_0/zusys_smartconnect_1_0_sim_netlist.v
INFO: [IP_Flow 19-6928] IPCACHE: copied cached file /home/hoernermi/git/ultrazohm/ultrazohm_sw_clean/vivado/project/ultrazohm.cache/ip/2022.2.2/3/9/39d6d4d4fcfd65af/zusys_smartconnect_1_0.dcp to /home/hoernermi/git/ultrazohm/ultrazohm_sw_clean/vivado/project/zusys/ip/zusys_smartconnect_1_0/zusys_smartconnect_1_0.dcp.
INFO: [IP_Flow 19-6926] IPCACHE: added file to list for BOM: /home/hoernermi/git/ultrazohm/ultrazohm_sw_clean/vivado/project/zusys/ip/zusys_smartconnect_1_0/zusys_smartconnect_1_0.dcp
INFO: [IP_Flow 19-6928] IPCACHE: copied cached file /home/hoernermi/git/ultrazohm/ultrazohm_sw_clean/vivado/project/ultrazohm.cache/ip/2022.2.2/3/9/39d6d4d4fcfd65af/zusys_smartconnect_1_0_stub.v to /home/hoernermi/git/ultrazohm/ultrazohm_sw_clean/vivado/project/zusys/ip/zusys_smartconnect_1_0/zusys_smartconnect_1_0_stub.v.
INFO: [IP_Flow 19-6926] IPCACHE: added file to list for BOM: /home/hoernermi/git/ultrazohm/ultrazohm_sw_clean/vivado/project/zusys/ip/zusys_smartconnect_1_0/zusys_smartconnect_1_0_stub.v
INFO: [IP_Flow 19-4993] Using cached IP synthesis design for IP zusys_smartconnect_1_0, cache-ID = 39d6d4d4fcfd65af; cache size = 262.750 MB.
INFO: [IP_Flow 19-6924] IPCACHE: Running cache check for IP inst: zusys_smartconnect_1_1
INFO: [IP_Flow 19-6924] IPCACHE: Running cache check for IP inst: zusys_system_ila_0_0
INFO: [IP_Flow 19-6922] IPCACHE: Exporting cached entry bfe3cfa737061a0d to dir: /home/hoernermi/git/ultrazohm/ultrazohm_sw_clean/vivado/project/zusys/ip/zusys_system_ila_0_0
INFO: [IP_Flow 19-6928] IPCACHE: copied cached file /home/hoernermi/git/ultrazohm/ultrazohm_sw_clean/vivado/project/ultrazohm.cache/ip/2022.2.2/b/f/bfe3cfa737061a0d/zusys_system_ila_0_0_stub.v to /home/hoernermi/git/ultrazohm/ultrazohm_sw_clean/vivado/project/zusys/ip/zusys_system_ila_0_0/zusys_system_ila_0_0_stub.v.
INFO: [IP_Flow 19-6926] IPCACHE: added file to list for BOM: /home/hoernermi/git/ultrazohm/ultrazohm_sw_clean/vivado/project/zusys/ip/zusys_system_ila_0_0/zusys_system_ila_0_0_stub.v
INFO: [IP_Flow 19-6928] IPCACHE: copied cached file /home/hoernermi/git/ultrazohm/ultrazohm_sw_clean/vivado/project/ultrazohm.cache/ip/2022.2.2/b/f/bfe3cfa737061a0d/zusys_system_ila_0_0.dcp to /home/hoernermi/git/ultrazohm/ultrazohm_sw_clean/vivado/project/zusys/ip/zusys_system_ila_0_0/zusys_system_ila_0_0.dcp.
INFO: [IP_Flow 19-6926] IPCACHE: added file to list for BOM: /home/hoernermi/git/ultrazohm/ultrazohm_sw_clean/vivado/project/zusys/ip/zusys_system_ila_0_0/zusys_system_ila_0_0.dcp
INFO: [IP_Flow 19-6928] IPCACHE: copied cached file /home/hoernermi/git/ultrazohm/ultrazohm_sw_clean/vivado/project/ultrazohm.cache/ip/2022.2.2/b/f/bfe3cfa737061a0d/zusys_system_ila_0_0_stub.vhdl to /home/hoernermi/git/ultrazohm/ultrazohm_sw_clean/vivado/project/zusys/ip/zusys_system_ila_0_0/zusys_system_ila_0_0_stub.vhdl.
INFO: [IP_Flow 19-6926] IPCACHE: added file to list for BOM: /home/hoernermi/git/ultrazohm/ultrazohm_sw_clean/vivado/project/zusys/ip/zusys_system_ila_0_0/zusys_system_ila_0_0_stub.vhdl
INFO: [IP_Flow 19-6928] IPCACHE: copied cached file /home/hoernermi/git/ultrazohm/ultrazohm_sw_clean/vivado/project/ultrazohm.cache/ip/2022.2.2/b/f/bfe3cfa737061a0d/zusys_system_ila_0_0_sim_netlist.vhdl to /home/hoernermi/git/ultrazohm/ultrazohm_sw_clean/vivado/project/zusys/ip/zusys_system_ila_0_0/zusys_system_ila_0_0_sim_netlist.vhdl.
INFO: [IP_Flow 19-6926] IPCACHE: added file to list for BOM: /home/hoernermi/git/ultrazohm/ultrazohm_sw_clean/vivado/project/zusys/ip/zusys_system_ila_0_0/zusys_system_ila_0_0_sim_netlist.vhdl
INFO: [IP_Flow 19-6928] IPCACHE: copied cached file /home/hoernermi/git/ultrazohm/ultrazohm_sw_clean/vivado/project/ultrazohm.cache/ip/2022.2.2/b/f/bfe3cfa737061a0d/zusys_system_ila_0_0_sim_netlist.v to /home/hoernermi/git/ultrazohm/ultrazohm_sw_clean/vivado/project/zusys/ip/zusys_system_ila_0_0/zusys_system_ila_0_0_sim_netlist.v.
INFO: [IP_Flow 19-6926] IPCACHE: added file to list for BOM: /home/hoernermi/git/ultrazohm/ultrazohm_sw_clean/vivado/project/zusys/ip/zusys_system_ila_0_0/zusys_system_ila_0_0_sim_netlist.v
INFO: [IP_Flow 19-4993] Using cached IP synthesis design for IP zusys_system_ila_0_0, cache-ID = bfe3cfa737061a0d; cache size = 262.750 MB.
INFO: [IP_Flow 19-6924] IPCACHE: Running cache check for IP inst: zusys_system_ila_0_1
INFO: [IP_Flow 19-6922] IPCACHE: Exporting cached entry be061acbc82c59cc to dir: /home/hoernermi/git/ultrazohm/ultrazohm_sw_clean/vivado/project/zusys/ip/zusys_system_ila_0_1
INFO: [IP_Flow 19-6928] IPCACHE: copied cached file /home/hoernermi/git/ultrazohm/ultrazohm_sw_clean/vivado/project/ultrazohm.cache/ip/2022.2.2/b/e/be061acbc82c59cc/zusys_system_ila_0_1_stub.vhdl to /home/hoernermi/git/ultrazohm/ultrazohm_sw_clean/vivado/project/zusys/ip/zusys_system_ila_0_1/zusys_system_ila_0_1_stub.vhdl.
INFO: [IP_Flow 19-6926] IPCACHE: added file to list for BOM: /home/hoernermi/git/ultrazohm/ultrazohm_sw_clean/vivado/project/zusys/ip/zusys_system_ila_0_1/zusys_system_ila_0_1_stub.vhdl
INFO: [IP_Flow 19-6928] IPCACHE: copied cached file /home/hoernermi/git/ultrazohm/ultrazohm_sw_clean/vivado/project/ultrazohm.cache/ip/2022.2.2/b/e/be061acbc82c59cc/zusys_system_ila_0_1_stub.v to /home/hoernermi/git/ultrazohm/ultrazohm_sw_clean/vivado/project/zusys/ip/zusys_system_ila_0_1/zusys_system_ila_0_1_stub.v.
INFO: [IP_Flow 19-6926] IPCACHE: added file to list for BOM: /home/hoernermi/git/ultrazohm/ultrazohm_sw_clean/vivado/project/zusys/ip/zusys_system_ila_0_1/zusys_system_ila_0_1_stub.v
INFO: [IP_Flow 19-6928] IPCACHE: copied cached file /home/hoernermi/git/ultrazohm/ultrazohm_sw_clean/vivado/project/ultrazohm.cache/ip/2022.2.2/b/e/be061acbc82c59cc/zusys_system_ila_0_1_sim_netlist.v to /home/hoernermi/git/ultrazohm/ultrazohm_sw_clean/vivado/project/zusys/ip/zusys_system_ila_0_1/zusys_system_ila_0_1_sim_netlist.v.
INFO: [IP_Flow 19-6926] IPCACHE: added file to list for BOM: /home/hoernermi/git/ultrazohm/ultrazohm_sw_clean/vivado/project/zusys/ip/zusys_system_ila_0_1/zusys_system_ila_0_1_sim_netlist.v
INFO: [IP_Flow 19-6928] IPCACHE: copied cached file /home/hoernermi/git/ultrazohm/ultrazohm_sw_clean/vivado/project/ultrazohm.cache/ip/2022.2.2/b/e/be061acbc82c59cc/zusys_system_ila_0_1.dcp to /home/hoernermi/git/ultrazohm/ultrazohm_sw_clean/vivado/project/zusys/ip/zusys_system_ila_0_1/zusys_system_ila_0_1.dcp.
INFO: [IP_Flow 19-6926] IPCACHE: added file to list for BOM: /home/hoernermi/git/ultrazohm/ultrazohm_sw_clean/vivado/project/zusys/ip/zusys_system_ila_0_1/zusys_system_ila_0_1.dcp
INFO: [IP_Flow 19-6928] IPCACHE: copied cached file /home/hoernermi/git/ultrazohm/ultrazohm_sw_clean/vivado/project/ultrazohm.cache/ip/2022.2.2/b/e/be061acbc82c59cc/zusys_system_ila_0_1_sim_netlist.vhdl to /home/hoernermi/git/ultrazohm/ultrazohm_sw_clean/vivado/project/zusys/ip/zusys_system_ila_0_1/zusys_system_ila_0_1_sim_netlist.vhdl.
INFO: [IP_Flow 19-6926] IPCACHE: added file to list for BOM: /home/hoernermi/git/ultrazohm/ultrazohm_sw_clean/vivado/project/zusys/ip/zusys_system_ila_0_1/zusys_system_ila_0_1_sim_netlist.vhdl
INFO: [IP_Flow 19-4993] Using cached IP synthesis design for IP zusys_system_ila_0_1, cache-ID = be061acbc82c59cc; cache size = 262.750 MB.
INFO: [IP_Flow 19-6924] IPCACHE: Running cache check for IP inst: zusys_system_ila_0_2
INFO: [IP_Flow 19-6922] IPCACHE: Exporting cached entry cdfbe341e389ba3e to dir: /home/hoernermi/git/ultrazohm/ultrazohm_sw_clean/vivado/project/zusys/ip/zusys_system_ila_0_2
INFO: [IP_Flow 19-6928] IPCACHE: copied cached file /home/hoernermi/git/ultrazohm/ultrazohm_sw_clean/vivado/project/ultrazohm.cache/ip/2022.2.2/c/d/cdfbe341e389ba3e/zusys_system_ila_0_2_sim_netlist.v to /home/hoernermi/git/ultrazohm/ultrazohm_sw_clean/vivado/project/zusys/ip/zusys_system_ila_0_2/zusys_system_ila_0_2_sim_netlist.v.
INFO: [IP_Flow 19-6926] IPCACHE: added file to list for BOM: /home/hoernermi/git/ultrazohm/ultrazohm_sw_clean/vivado/project/zusys/ip/zusys_system_ila_0_2/zusys_system_ila_0_2_sim_netlist.v
INFO: [IP_Flow 19-6928] IPCACHE: copied cached file /home/hoernermi/git/ultrazohm/ultrazohm_sw_clean/vivado/project/ultrazohm.cache/ip/2022.2.2/c/d/cdfbe341e389ba3e/zusys_system_ila_0_2_stub.vhdl to /home/hoernermi/git/ultrazohm/ultrazohm_sw_clean/vivado/project/zusys/ip/zusys_system_ila_0_2/zusys_system_ila_0_2_stub.vhdl.
INFO: [IP_Flow 19-6926] IPCACHE: added file to list for BOM: /home/hoernermi/git/ultrazohm/ultrazohm_sw_clean/vivado/project/zusys/ip/zusys_system_ila_0_2/zusys_system_ila_0_2_stub.vhdl
INFO: [IP_Flow 19-6928] IPCACHE: copied cached file /home/hoernermi/git/ultrazohm/ultrazohm_sw_clean/vivado/project/ultrazohm.cache/ip/2022.2.2/c/d/cdfbe341e389ba3e/zusys_system_ila_0_2.dcp to /home/hoernermi/git/ultrazohm/ultrazohm_sw_clean/vivado/project/zusys/ip/zusys_system_ila_0_2/zusys_system_ila_0_2.dcp.
INFO: [IP_Flow 19-6926] IPCACHE: added file to list for BOM: /home/hoernermi/git/ultrazohm/ultrazohm_sw_clean/vivado/project/zusys/ip/zusys_system_ila_0_2/zusys_system_ila_0_2.dcp
INFO: [IP_Flow 19-6928] IPCACHE: copied cached file /home/hoernermi/git/ultrazohm/ultrazohm_sw_clean/vivado/project/ultrazohm.cache/ip/2022.2.2/c/d/cdfbe341e389ba3e/zusys_system_ila_0_2_sim_netlist.vhdl to /home/hoernermi/git/ultrazohm/ultrazohm_sw_clean/vivado/project/zusys/ip/zusys_system_ila_0_2/zusys_system_ila_0_2_sim_netlist.vhdl.
INFO: [IP_Flow 19-6926] IPCACHE: added file to list for BOM: /home/hoernermi/git/ultrazohm/ultrazohm_sw_clean/vivado/project/zusys/ip/zusys_system_ila_0_2/zusys_system_ila_0_2_sim_netlist.vhdl
INFO: [IP_Flow 19-6928] IPCACHE: copied cached file /home/hoernermi/git/ultrazohm/ultrazohm_sw_clean/vivado/project/ultrazohm.cache/ip/2022.2.2/c/d/cdfbe341e389ba3e/zusys_system_ila_0_2_stub.v to /home/hoernermi/git/ultrazohm/ultrazohm_sw_clean/vivado/project/zusys/ip/zusys_system_ila_0_2/zusys_system_ila_0_2_stub.v.
INFO: [IP_Flow 19-6926] IPCACHE: added file to list for BOM: /home/hoernermi/git/ultrazohm/ultrazohm_sw_clean/vivado/project/zusys/ip/zusys_system_ila_0_2/zusys_system_ila_0_2_stub.v
INFO: [IP_Flow 19-4993] Using cached IP synthesis design for IP zusys_system_ila_0_2, cache-ID = cdfbe341e389ba3e; cache size = 262.750 MB.
INFO: [IP_Flow 19-6924] IPCACHE: Running cache check for IP inst: zusys_system_ila_0_3
INFO: [IP_Flow 19-6922] IPCACHE: Exporting cached entry 4598c06f9c673718 to dir: /home/hoernermi/git/ultrazohm/ultrazohm_sw_clean/vivado/project/zusys/ip/zusys_system_ila_0_3
INFO: [IP_Flow 19-6928] IPCACHE: copied cached file /home/hoernermi/git/ultrazohm/ultrazohm_sw_clean/vivado/project/ultrazohm.cache/ip/2022.2.2/4/5/4598c06f9c673718/zusys_system_ila_0_3_sim_netlist.v to /home/hoernermi/git/ultrazohm/ultrazohm_sw_clean/vivado/project/zusys/ip/zusys_system_ila_0_3/zusys_system_ila_0_3_sim_netlist.v.
INFO: [IP_Flow 19-6926] IPCACHE: added file to list for BOM: /home/hoernermi/git/ultrazohm/ultrazohm_sw_clean/vivado/project/zusys/ip/zusys_system_ila_0_3/zusys_system_ila_0_3_sim_netlist.v
INFO: [IP_Flow 19-6928] IPCACHE: copied cached file /home/hoernermi/git/ultrazohm/ultrazohm_sw_clean/vivado/project/ultrazohm.cache/ip/2022.2.2/4/5/4598c06f9c673718/zusys_system_ila_0_3_sim_netlist.vhdl to /home/hoernermi/git/ultrazohm/ultrazohm_sw_clean/vivado/project/zusys/ip/zusys_system_ila_0_3/zusys_system_ila_0_3_sim_netlist.vhdl.
INFO: [IP_Flow 19-6926] IPCACHE: added file to list for BOM: /home/hoernermi/git/ultrazohm/ultrazohm_sw_clean/vivado/project/zusys/ip/zusys_system_ila_0_3/zusys_system_ila_0_3_sim_netlist.vhdl
INFO: [IP_Flow 19-6928] IPCACHE: copied cached file /home/hoernermi/git/ultrazohm/ultrazohm_sw_clean/vivado/project/ultrazohm.cache/ip/2022.2.2/4/5/4598c06f9c673718/zusys_system_ila_0_3_stub.v to /home/hoernermi/git/ultrazohm/ultrazohm_sw_clean/vivado/project/zusys/ip/zusys_system_ila_0_3/zusys_system_ila_0_3_stub.v.
INFO: [IP_Flow 19-6926] IPCACHE: added file to list for BOM: /home/hoernermi/git/ultrazohm/ultrazohm_sw_clean/vivado/project/zusys/ip/zusys_system_ila_0_3/zusys_system_ila_0_3_stub.v
INFO: [IP_Flow 19-6928] IPCACHE: copied cached file /home/hoernermi/git/ultrazohm/ultrazohm_sw_clean/vivado/project/ultrazohm.cache/ip/2022.2.2/4/5/4598c06f9c673718/zusys_system_ila_0_3_stub.vhdl to /home/hoernermi/git/ultrazohm/ultrazohm_sw_clean/vivado/project/zusys/ip/zusys_system_ila_0_3/zusys_system_ila_0_3_stub.vhdl.
INFO: [IP_Flow 19-6926] IPCACHE: added file to list for BOM: /home/hoernermi/git/ultrazohm/ultrazohm_sw_clean/vivado/project/zusys/ip/zusys_system_ila_0_3/zusys_system_ila_0_3_stub.vhdl
INFO: [IP_Flow 19-6928] IPCACHE: copied cached file /home/hoernermi/git/ultrazohm/ultrazohm_sw_clean/vivado/project/ultrazohm.cache/ip/2022.2.2/4/5/4598c06f9c673718/zusys_system_ila_0_3.dcp to /home/hoernermi/git/ultrazohm/ultrazohm_sw_clean/vivado/project/zusys/ip/zusys_system_ila_0_3/zusys_system_ila_0_3.dcp.
INFO: [IP_Flow 19-6926] IPCACHE: added file to list for BOM: /home/hoernermi/git/ultrazohm/ultrazohm_sw_clean/vivado/project/zusys/ip/zusys_system_ila_0_3/zusys_system_ila_0_3.dcp
INFO: [IP_Flow 19-4993] Using cached IP synthesis design for IP zusys_system_ila_0_3, cache-ID = 4598c06f9c673718; cache size = 262.750 MB.
INFO: [IP_Flow 19-6924] IPCACHE: Running cache check for IP inst: zusys_system_ila_0_4
INFO: [IP_Flow 19-6922] IPCACHE: Exporting cached entry bc7fb03c3d5022e3 to dir: /home/hoernermi/git/ultrazohm/ultrazohm_sw_clean/vivado/project/zusys/ip/zusys_system_ila_0_4
INFO: [IP_Flow 19-6928] IPCACHE: copied cached file /home/hoernermi/git/ultrazohm/ultrazohm_sw_clean/vivado/project/ultrazohm.cache/ip/2022.2.2/b/c/bc7fb03c3d5022e3/zusys_system_ila_0_4_stub.v to /home/hoernermi/git/ultrazohm/ultrazohm_sw_clean/vivado/project/zusys/ip/zusys_system_ila_0_4/zusys_system_ila_0_4_stub.v.
INFO: [IP_Flow 19-6926] IPCACHE: added file to list for BOM: /home/hoernermi/git/ultrazohm/ultrazohm_sw_clean/vivado/project/zusys/ip/zusys_system_ila_0_4/zusys_system_ila_0_4_stub.v
INFO: [IP_Flow 19-6928] IPCACHE: copied cached file /home/hoernermi/git/ultrazohm/ultrazohm_sw_clean/vivado/project/ultrazohm.cache/ip/2022.2.2/b/c/bc7fb03c3d5022e3/zusys_system_ila_0_4_sim_netlist.vhdl to /home/hoernermi/git/ultrazohm/ultrazohm_sw_clean/vivado/project/zusys/ip/zusys_system_ila_0_4/zusys_system_ila_0_4_sim_netlist.vhdl.
INFO: [IP_Flow 19-6926] IPCACHE: added file to list for BOM: /home/hoernermi/git/ultrazohm/ultrazohm_sw_clean/vivado/project/zusys/ip/zusys_system_ila_0_4/zusys_system_ila_0_4_sim_netlist.vhdl
INFO: [IP_Flow 19-6928] IPCACHE: copied cached file /home/hoernermi/git/ultrazohm/ultrazohm_sw_clean/vivado/project/ultrazohm.cache/ip/2022.2.2/b/c/bc7fb03c3d5022e3/zusys_system_ila_0_4_stub.vhdl to /home/hoernermi/git/ultrazohm/ultrazohm_sw_clean/vivado/project/zusys/ip/zusys_system_ila_0_4/zusys_system_ila_0_4_stub.vhdl.
INFO: [IP_Flow 19-6926] IPCACHE: added file to list for BOM: /home/hoernermi/git/ultrazohm/ultrazohm_sw_clean/vivado/project/zusys/ip/zusys_system_ila_0_4/zusys_system_ila_0_4_stub.vhdl
INFO: [IP_Flow 19-6928] IPCACHE: copied cached file /home/hoernermi/git/ultrazohm/ultrazohm_sw_clean/vivado/project/ultrazohm.cache/ip/2022.2.2/b/c/bc7fb03c3d5022e3/zusys_system_ila_0_4_sim_netlist.v to /home/hoernermi/git/ultrazohm/ultrazohm_sw_clean/vivado/project/zusys/ip/zusys_system_ila_0_4/zusys_system_ila_0_4_sim_netlist.v.
INFO: [IP_Flow 19-6926] IPCACHE: added file to list for BOM: /home/hoernermi/git/ultrazohm/ultrazohm_sw_clean/vivado/project/zusys/ip/zusys_system_ila_0_4/zusys_system_ila_0_4_sim_netlist.v
INFO: [IP_Flow 19-6928] IPCACHE: copied cached file /home/hoernermi/git/ultrazohm/ultrazohm_sw_clean/vivado/project/ultrazohm.cache/ip/2022.2.2/b/c/bc7fb03c3d5022e3/zusys_system_ila_0_4.dcp to /home/hoernermi/git/ultrazohm/ultrazohm_sw_clean/vivado/project/zusys/ip/zusys_system_ila_0_4/zusys_system_ila_0_4.dcp.
INFO: [IP_Flow 19-6926] IPCACHE: added file to list for BOM: /home/hoernermi/git/ultrazohm/ultrazohm_sw_clean/vivado/project/zusys/ip/zusys_system_ila_0_4/zusys_system_ila_0_4.dcp
INFO: [IP_Flow 19-4993] Using cached IP synthesis design for IP zusys_system_ila_0_4, cache-ID = bc7fb03c3d5022e3; cache size = 262.750 MB.
INFO: [IP_Flow 19-6924] IPCACHE: Running cache check for IP inst: zusys_uz_endat_interface_0_1
INFO: [IP_Flow 19-6924] IPCACHE: Running cache check for IP inst: zusys_uz_endat_interface_2_0
INFO: [IP_Flow 19-6924] IPCACHE: Running cache check for IP inst: zusys_uz_endat_interface_1_0
config_ip_cache: Time (s): cpu = 00:00:19 ; elapsed = 00:00:14 . Memory (MB): peak = 9744.168 ; gain = 0.000 ; free physical = 20228 ; free virtual = 25987
[Mon Apr 20 14:09:47 2026] Launched zusys_smartconnect_0_0_synth_1, zusys_smartconnect_1_1_synth_1, zusys_uz_endat_interface_2_0_synth_1, zusys_uz_endat_interface_0_1_synth_1, zusys_uz_endat_interface_1_0_synth_1, synth_1...
Run output will be captured here:
zusys_smartconnect_0_0_synth_1: /home/hoernermi/git/ultrazohm/ultrazohm_sw_clean/vivado/project/ultrazohm.runs/zusys_smartconnect_0_0_synth_1/runme.log
zusys_smartconnect_1_1_synth_1: /home/hoernermi/git/ultrazohm/ultrazohm_sw_clean/vivado/project/ultrazohm.runs/zusys_smartconnect_1_1_synth_1/runme.log
zusys_uz_endat_interface_2_0_synth_1: /home/hoernermi/git/ultrazohm/ultrazohm_sw_clean/vivado/project/ultrazohm.runs/zusys_uz_endat_interface_2_0_synth_1/runme.log
zusys_uz_endat_interface_0_1_synth_1: /home/hoernermi/git/ultrazohm/ultrazohm_sw_clean/vivado/project/ultrazohm.runs/zusys_uz_endat_interface_0_1_synth_1/runme.log
zusys_uz_endat_interface_1_0_synth_1: /home/hoernermi/git/ultrazohm/ultrazohm_sw_clean/vivado/project/ultrazohm.runs/zusys_uz_endat_interface_1_0_synth_1/runme.log
synth_1: /home/hoernermi/git/ultrazohm/ultrazohm_sw_clean/vivado/project/ultrazohm.runs/synth_1/runme.log
[Mon Apr 20 14:09:47 2026] Launched impl_1...
Run output will be captured here: /home/hoernermi/git/ultrazohm/ultrazohm_sw_clean/vivado/project/ultrazohm.runs/impl_1/runme.log
launch_runs: Time (s): cpu = 00:02:04 ; elapsed = 00:01:19 . Memory (MB): peak = 10528.578 ; gain = 784.410 ; free physical = 19870 ; free virtual = 25532
source /home/hoernermi/git/ultrazohm/ultrazohm_sw_clean/tcl_scripts/vivado_export_xsa.tcl
# set work_directory [get_property DIRECTORY [current_project]] ;
# cd $work_directory ;
# write_hw_platform -fixed -force -include_bit -file {../../vitis/vivado_exported_xsa/zusys_wrapper.xsa}
INFO: [Project 1-1918] Creating Hardware Platform: /home/hoernermi/git/ultrazohm/ultrazohm_sw_clean/vitis/vivado_exported_xsa/zusys_wrapper.xsa ...
INFO: [Project 1-1943] The Hardware Platform can be used for Hardware
INFO: [Project 1-1941] Successfully created Hardware Platform: /home/hoernermi/git/ultrazohm/ultrazohm_sw_clean/vitis/vivado_exported_xsa/zusys_wrapper.xsa
INFO: [Hsi 55-2053] elapsed time for repository (/tools/Xilinx/Vivado/2022.2/data/embeddedsw) loading 0 seconds
write_hw_platform: Time (s): cpu = 00:00:40 ; elapsed = 00:00:38 . Memory (MB): peak = 10528.578 ; gain = 0.000 ; free physical = 19653 ; free virtual = 25923
# open_run impl_1
INFO: [Device 21-403] Loading part xczu9eg-ffvc900-1-e
Netlist sorting complete. Time (s): cpu = 00:00:03 ; elapsed = 00:00:02 . Memory (MB): peak = 10927.312 ; gain = 62.453 ; free physical = 18680 ; free virtual = 24952
INFO: [Netlist 29-17] Analyzing 5659 Unisim elements for replacement
INFO: [Netlist 29-28] Unisim Transformation completed in 31 CPU seconds
INFO: [Project 1-479] Netlist was created with Vivado 2022.2.2
INFO: [Project 1-570] Preparing netlist for logic optimization
WARNING: [Constraints 18-550] Could not create 'SLEW' constraint because net 'zusys_i/uz_analog_adapter/A1_adapter/A1_iobufds_inst/SCLK_IN[0]' is not directly connected to top level port. Synthesis is ignored for SLEW but preserved for implementation.
WARNING: [Constraints 18-550] Could not create 'SLEW' constraint because net 'zusys_i/uz_analog_adapter/A2_adapter/A2_iobufds_inst/SCLK_IN[0]' is not directly connected to top level port. Synthesis is ignored for SLEW but preserved for implementation.
WARNING: [Constraints 18-550] Could not create 'SLEW' constraint because net 'zusys_i/uz_analog_adapter/A3_adapter/iobufds_inst_2/SCLK_IN[0]' is not directly connected to top level port. Synthesis is ignored for SLEW but preserved for implementation.
INFO: [Timing 38-478] Restoring timing data from binary archive.
INFO: [Timing 38-479] Binary timing data restore complete.
INFO: [Project 1-856] Restoring constraints from binary archive.
INFO: [Project 1-853] Binary constraint restore complete.
Reading XDEF placement.
Reading placer database...
Reading XDEF routing.
Read XDEF Files: Time (s): cpu = 00:00:20 ; elapsed = 00:00:19 . Memory (MB): peak = 12275.672 ; gain = 199.281 ; free physical = 17499 ; free virtual = 23771
Restored from archive | CPU: 20.550000 secs | Memory: 187.803864 MB |
Finished XDEF File Restore: Time (s): cpu = 00:00:20 ; elapsed = 00:00:19 . Memory (MB): peak = 12275.672 ; gain = 199.281 ; free physical = 17499 ; free virtual = 23771
Netlist sorting complete. Time (s): cpu = 00:00:00.02 ; elapsed = 00:00:00.03 . Memory (MB): peak = 12619.328 ; gain = 0.000 ; free physical = 17183 ; free virtual = 23456
INFO: [Project 1-111] Unisim Transformation Summary:
  A total of 2017 instances were transformed.
  CFGLUT5 => CFGLUT5 (SRL16E, SRLC32E): 948 instances
  DSP48E2 => DSP48E2 (DSP_ALU, DSP_A_B_DATA, DSP_C_DATA, DSP_MULTIPLIER, DSP_M_DATA, DSP_OUTPUT, DSP_PREADD, DSP_PREADD_DATA): 213 instances
  IBUF => IBUF (IBUFCTRL, INBUF): 3 instances
  IBUFDS => IBUFDS (DIFFINBUF, IBUFCTRL): 24 instances
  RAM16X1D => RAM32X1D (RAMD32(x2)): 5 instances
  RAM32M => RAM32M (RAMD32(x6), RAMS32(x2)): 6 instances
  RAM32M16 => RAM32M16 (RAMD32(x14), RAMS32(x2)): 814 instances
  RAM32X1D => RAM32X1D (RAMD32(x2)): 4 instances

open_run: Time (s): cpu = 00:02:15 ; elapsed = 00:01:49 . Memory (MB): peak = 12853.555 ; gain = 2324.977 ; free physical = 16817 ; free virtual = 23090
# write_debug_probes -force ../DebugProbes
/home/hoernermi/git/ultrazohm/ultrazohm_sw_clean/vivado/project/../DebugProbes.ltx
