Task "Vivado IP Packager" successful.
Generated logfile: 

****** Vivado v2020.1.1 (64-bit)
  **** SW Build 2960000 on Wed Aug  5 22:57:20 MDT 2020
  **** IP Build 2956692 on Thu Aug  6 01:41:30 MDT 2020
    ** Copyright 1986-2020 Xilinx, Inc. All Rights Reserved.

source vivado_ip_package.tcl -notrace
INFO: [ProjectBase 1-489] The host OS only allows 260 characters in a normal path. The project is stored in a path with more than 80 characters. If you experience issues with IP, Block Designs, or files not being found, please consider moving the project to a location with a shorter path. Alternately consider using the OS subst command to map part of the path to a drive letter.
Current project path is 'C:/GIT/UltraZohm/software/ultrazohm_sw_clean/ip_cores/uz_endat_interface/hdl_prj/ipcore/uz_endat_interface_v0_7/prj_ip'
INFO: [IP_Flow 19-234] Refreshing IP repositories
INFO: [IP_Flow 19-1700] Loaded user IP repository 'c:/GIT/UltraZohm/software/ultrazohm_sw_clean/ip_cores/uz_endat_interface/hdl_prj/ipcore'.
WARNING: [IP_Flow 19-3656] If you move the project, the path for repository 'c:/GIT/UltraZohm/software/ultrazohm_sw_clean/ip_cores/uz_endat_interface/hdl_prj/ipcore' may become invalid. A better location for the repository would be in a path adjacent to the project. (Current project location is 'c:/GIT/UltraZohm/software/ultrazohm_sw_clean/ip_cores/uz_endat_interface/hdl_prj/ipcore/uz_endat_interface_v0_7/prj_ip'.)
INFO: [IP_Flow 19-2313] Loaded Vivado IP repository 'C:/Xilinx/Vivado/2020.1/data/ip'.
INFO: [IP_Flow 19-5107] Inferred bus interface 'AXI4_Lite' of definition 'xilinx.com:interface:aximm:1.0' (from Xilinx Repository).
INFO: [IP_Flow 19-5107] Inferred bus interface 'AXI4_Lite_ARESETN' of definition 'xilinx.com:signal:reset:1.0' (from Xilinx Repository).
INFO: [IP_Flow 19-5107] Inferred bus interface 'IPCORE_RESETN' of definition 'xilinx.com:signal:reset:1.0' (from Xilinx Repository).
INFO: [IP_Flow 19-5107] Inferred bus interface 'AXI4_Lite_ACLK' of definition 'xilinx.com:signal:clock:1.0' (from Xilinx Repository).
INFO: [IP_Flow 19-5107] Inferred bus interface 'IPCORE_CLK' of definition 'xilinx.com:signal:clock:1.0' (from Xilinx Repository).
INFO: [IP_Flow 19-5107] Inferred bus interface 'RW_clk' of definition 'xilinx.com:signal:clock:1.0' (from Xilinx Repository).
INFO: [IP_Flow 19-5107] Inferred bus interface 'endat_clk' of definition 'xilinx.com:signal:clock:1.0' (from Xilinx Repository).
INFO: [IP_Flow 19-4728] Bus Interface 'AXI4_Lite_ARESETN': Added interface parameter 'POLARITY' with value 'ACTIVE_LOW'.
INFO: [IP_Flow 19-4728] Bus Interface 'IPCORE_RESETN': Added interface parameter 'POLARITY' with value 'ACTIVE_LOW'.
INFO: [IP_Flow 19-4728] Bus Interface 'AXI4_Lite_ACLK': Added interface parameter 'ASSOCIATED_BUSIF' with value 'AXI4_Lite'.
INFO: [IP_Flow 19-4728] Bus Interface 'AXI4_Lite_ACLK': Added interface parameter 'ASSOCIATED_RESET' with value 'AXI4_Lite_ARESETN'.
INFO: [IP_Flow 19-4728] Bus Interface 'IPCORE_CLK': Added interface parameter 'ASSOCIATED_RESET' with value 'IPCORE_RESETN'.
WARNING: [IP_Flow 19-5661] Bus Interface 'IPCORE_CLK' does not have any bus interfaces associated with it.
WARNING: [IP_Flow 19-5661] Bus Interface 'RW_clk' does not have any bus interfaces associated with it.
WARNING: [IP_Flow 19-4751] Bus Interface 'RW_clk': FREQ_HZ bus parameter is missing for output clock interface.
WARNING: [IP_Flow 19-5661] Bus Interface 'endat_clk' does not have any bus interfaces associated with it.
WARNING: [IP_Flow 19-4751] Bus Interface 'endat_clk': FREQ_HZ bus parameter is missing for output clock interface.
INFO: [IP_Flow 19-2181] Payment Required is not set for this core.
INFO: [IP_Flow 19-2187] The Product Guide file is missing.
WARNING: [IP_Flow 19-1971] File named "hdl/uz_endat_interface_src_uz_endat_interface_pkg.vhd" already exists in file group "xilinx_anylanguagesynthesis", cannot add it again.
WARNING: [IP_Flow 19-1971] File named "hdl/uz_endat_interface_src_uz_endat_interface_pkg.vhd" already exists in file group "xilinx_anylanguagebehavioralsimulation", cannot add it again.
WARNING: [IP_Flow 19-1971] File named "hdl/uz_endat_interface_src_Detect_Rise_Positive.vhd" already exists in file group "xilinx_anylanguagesynthesis", cannot add it again.
WARNING: [IP_Flow 19-1971] File named "hdl/uz_endat_interface_src_Detect_Rise_Positive.vhd" already exists in file group "xilinx_anylanguagebehavioralsimulation", cannot add it again.
WARNING: [IP_Flow 19-1971] File named "hdl/uz_endat_interface_src_Detect_Rise_Positive1.vhd" already exists in file group "xilinx_anylanguagesynthesis", cannot add it again.
WARNING: [IP_Flow 19-1971] File named "hdl/uz_endat_interface_src_Detect_Rise_Positive1.vhd" already exists in file group "xilinx_anylanguagebehavioralsimulation", cannot add it again.
WARNING: [IP_Flow 19-1971] File named "hdl/uz_endat_interface_src_Sine_HDL_Optimized1.vhd" already exists in file group "xilinx_anylanguagesynthesis", cannot add it again.
WARNING: [IP_Flow 19-1971] File named "hdl/uz_endat_interface_src_Sine_HDL_Optimized1.vhd" already exists in file group "xilinx_anylanguagebehavioralsimulation", cannot add it again.
WARNING: [IP_Flow 19-1971] File named "hdl/uz_endat_interface_src_fixed_point_floor.vhd" already exists in file group "xilinx_anylanguagesynthesis", cannot add it again.
WARNING: [IP_Flow 19-1971] File named "hdl/uz_endat_interface_src_fixed_point_floor.vhd" already exists in file group "xilinx_anylanguagebehavioralsimulation", cannot add it again.
WARNING: [IP_Flow 19-1971] File named "hdl/uz_endat_interface_src_Sine_HDL_Optimized.vhd" already exists in file group "xilinx_anylanguagesynthesis", cannot add it again.
WARNING: [IP_Flow 19-1971] File named "hdl/uz_endat_interface_src_Sine_HDL_Optimized.vhd" already exists in file group "xilinx_anylanguagebehavioralsimulation", cannot add it again.
WARNING: [IP_Flow 19-1971] File named "hdl/uz_endat_interface_src_position_to_speed_pll.vhd" already exists in file group "xilinx_anylanguagesynthesis", cannot add it again.
WARNING: [IP_Flow 19-1971] File named "hdl/uz_endat_interface_src_position_to_speed_pll.vhd" already exists in file group "xilinx_anylanguagebehavioralsimulation", cannot add it again.
WARNING: [IP_Flow 19-1971] File named "hdl/uz_endat_interface_src_floor_div_pow2.vhd" already exists in file group "xilinx_anylanguagesynthesis", cannot add it again.
WARNING: [IP_Flow 19-1971] File named "hdl/uz_endat_interface_src_floor_div_pow2.vhd" already exists in file group "xilinx_anylanguagebehavioralsimulation", cannot add it again.
WARNING: [IP_Flow 19-1971] File named "hdl/uz_endat_interface_src_set_offset_to_raw_position_and_wrap.vhd" already exists in file group "xilinx_anylanguagesynthesis", cannot add it again.
WARNING: [IP_Flow 19-1971] File named "hdl/uz_endat_interface_src_set_offset_to_raw_position_and_wrap.vhd" already exists in file group "xilinx_anylanguagebehavioralsimulation", cannot add it again.
WARNING: [IP_Flow 19-1971] File named "hdl/uz_endat_interface_src_slice_position_and_CRC.vhd" already exists in file group "xilinx_anylanguagesynthesis", cannot add it again.
WARNING: [IP_Flow 19-1971] File named "hdl/uz_endat_interface_src_slice_position_and_CRC.vhd" already exists in file group "xilinx_anylanguagebehavioralsimulation", cannot add it again.
WARNING: [IP_Flow 19-1971] File named "hdl/uz_endat_interface_src_fixed_point_floor_block.vhd" already exists in file group "xilinx_anylanguagesynthesis", cannot add it again.
WARNING: [IP_Flow 19-1971] File named "hdl/uz_endat_interface_src_fixed_point_floor_block.vhd" already exists in file group "xilinx_anylanguagebehavioralsimulation", cannot add it again.
WARNING: [IP_Flow 19-1971] File named "hdl/uz_endat_interface_src_wrap_2pi.vhd" already exists in file group "xilinx_anylanguagesynthesis", cannot add it again.
WARNING: [IP_Flow 19-1971] File named "hdl/uz_endat_interface_src_wrap_2pi.vhd" already exists in file group "xilinx_anylanguagebehavioralsimulation", cannot add it again.
WARNING: [IP_Flow 19-1971] File named "hdl/uz_endat_interface_src_Detect_Rise_Positive2.vhd" already exists in file group "xilinx_anylanguagesynthesis", cannot add it again.
WARNING: [IP_Flow 19-1971] File named "hdl/uz_endat_interface_src_Detect_Rise_Positive2.vhd" already exists in file group "xilinx_anylanguagebehavioralsimulation", cannot add it again.
WARNING: [IP_Flow 19-1971] File named "hdl/uz_endat_interface_src_Detect_Rise_Positive3.vhd" already exists in file group "xilinx_anylanguagesynthesis", cannot add it again.
WARNING: [IP_Flow 19-1971] File named "hdl/uz_endat_interface_src_Detect_Rise_Positive3.vhd" already exists in file group "xilinx_anylanguagebehavioralsimulation", cannot add it again.
WARNING: [IP_Flow 19-1971] File named "hdl/uz_endat_interface_src_S_R_Flip_Flop.vhd" already exists in file group "xilinx_anylanguagesynthesis", cannot add it again.
WARNING: [IP_Flow 19-1971] File named "hdl/uz_endat_interface_src_S_R_Flip_Flop.vhd" already exists in file group "xilinx_anylanguagebehavioralsimulation", cannot add it again.
WARNING: [IP_Flow 19-1971] File named "hdl/uz_endat_interface_src_S_R_Flip_Flop_block.vhd" already exists in file group "xilinx_anylanguagesynthesis", cannot add it again.
WARNING: [IP_Flow 19-1971] File named "hdl/uz_endat_interface_src_S_R_Flip_Flop_block.vhd" already exists in file group "xilinx_anylanguagebehavioralsimulation", cannot add it again.
WARNING: [IP_Flow 19-1971] File named "hdl/uz_endat_interface_src_RW_data_and_mode_command_control.vhd" already exists in file group "xilinx_anylanguagesynthesis", cannot add it again.
WARNING: [IP_Flow 19-1971] File named "hdl/uz_endat_interface_src_RW_data_and_mode_command_control.vhd" already exists in file group "xilinx_anylanguagebehavioralsimulation", cannot add it again.
WARNING: [IP_Flow 19-1971] File named "hdl/uz_endat_interface_src_S_R_Flip_Flop_block1.vhd" already exists in file group "xilinx_anylanguagesynthesis", cannot add it again.
WARNING: [IP_Flow 19-1971] File named "hdl/uz_endat_interface_src_S_R_Flip_Flop_block1.vhd" already exists in file group "xilinx_anylanguagebehavioralsimulation", cannot add it again.
WARNING: [IP_Flow 19-1971] File named "hdl/uz_endat_interface_src_Detect_Rise_Positive_block.vhd" already exists in file group "xilinx_anylanguagesynthesis", cannot add it again.
WARNING: [IP_Flow 19-1971] File named "hdl/uz_endat_interface_src_Detect_Rise_Positive_block.vhd" already exists in file group "xilinx_anylanguagebehavioralsimulation", cannot add it again.
WARNING: [IP_Flow 19-1971] File named "hdl/uz_endat_interface_src_Detect_Rise_Positive1_block.vhd" already exists in file group "xilinx_anylanguagesynthesis", cannot add it again.
WARNING: [IP_Flow 19-1971] File named "hdl/uz_endat_interface_src_Detect_Rise_Positive1_block.vhd" already exists in file group "xilinx_anylanguagebehavioralsimulation", cannot add it again.
WARNING: [IP_Flow 19-1971] File named "hdl/uz_endat_interface_src_Detect_Rise_Positive1_block1.vhd" already exists in file group "xilinx_anylanguagesynthesis", cannot add it again.
WARNING: [IP_Flow 19-1971] File named "hdl/uz_endat_interface_src_Detect_Rise_Positive1_block1.vhd" already exists in file group "xilinx_anylanguagebehavioralsimulation", cannot add it again.
WARNING: [IP_Flow 19-1971] File named "hdl/uz_endat_interface_src_Detect_Rise_Positive2_block.vhd" already exists in file group "xilinx_anylanguagesynthesis", cannot add it again.
WARNING: [IP_Flow 19-1971] File named "hdl/uz_endat_interface_src_Detect_Rise_Positive2_block.vhd" already exists in file group "xilinx_anylanguagebehavioralsimulation", cannot add it again.
WARNING: [IP_Flow 19-1971] File named "hdl/uz_endat_interface_src_Model.vhd" already exists in file group "xilinx_anylanguagesynthesis", cannot add it again.
WARNING: [IP_Flow 19-1971] File named "hdl/uz_endat_interface_src_Model.vhd" already exists in file group "xilinx_anylanguagebehavioralsimulation", cannot add it again.
WARNING: [IP_Flow 19-1971] File named "hdl/uz_endat_interface_src_Sample_and_Hold1.vhd" already exists in file group "xilinx_anylanguagesynthesis", cannot add it again.
WARNING: [IP_Flow 19-1971] File named "hdl/uz_endat_interface_src_Sample_and_Hold1.vhd" already exists in file group "xilinx_anylanguagebehavioralsimulation", cannot add it again.
WARNING: [IP_Flow 19-1971] File named "hdl/uz_endat_interface_src_sample_serial_endat_data.vhd" already exists in file group "xilinx_anylanguagesynthesis", cannot add it again.
WARNING: [IP_Flow 19-1971] File named "hdl/uz_endat_interface_src_sample_serial_endat_data.vhd" already exists in file group "xilinx_anylanguagebehavioralsimulation", cannot add it again.
WARNING: [IP_Flow 19-1971] File named "hdl/uz_endat_interface_src_Detect_Rise_Positive_block1.vhd" already exists in file group "xilinx_anylanguagesynthesis", cannot add it again.
WARNING: [IP_Flow 19-1971] File named "hdl/uz_endat_interface_src_Detect_Rise_Positive_block1.vhd" already exists in file group "xilinx_anylanguagebehavioralsimulation", cannot add it again.
WARNING: [IP_Flow 19-1971] File named "hdl/uz_endat_interface_src_Detect_Rise_Positive2_block1.vhd" already exists in file group "xilinx_anylanguagesynthesis", cannot add it again.
WARNING: [IP_Flow 19-1971] File named "hdl/uz_endat_interface_src_Detect_Rise_Positive2_block1.vhd" already exists in file group "xilinx_anylanguagebehavioralsimulation", cannot add it again.
WARNING: [IP_Flow 19-1971] File named "hdl/uz_endat_interface_src_S_R_Flip_Flop_block2.vhd" already exists in file group "xilinx_anylanguagesynthesis", cannot add it again.
WARNING: [IP_Flow 19-1971] File named "hdl/uz_endat_interface_src_S_R_Flip_Flop_block2.vhd" already exists in file group "xilinx_anylanguagebehavioralsimulation", cannot add it again.
WARNING: [IP_Flow 19-1971] File named "hdl/uz_endat_interface_src_S_R_Flip_Flop_block3.vhd" already exists in file group "xilinx_anylanguagesynthesis", cannot add it again.
WARNING: [IP_Flow 19-1971] File named "hdl/uz_endat_interface_src_S_R_Flip_Flop_block3.vhd" already exists in file group "xilinx_anylanguagebehavioralsimulation", cannot add it again.
WARNING: [IP_Flow 19-1971] File named "hdl/uz_endat_interface_src_endat_clock_enable_controller.vhd" already exists in file group "xilinx_anylanguagesynthesis", cannot add it again.
WARNING: [IP_Flow 19-1971] File named "hdl/uz_endat_interface_src_endat_clock_enable_controller.vhd" already exists in file group "xilinx_anylanguagebehavioralsimulation", cannot add it again.
WARNING: [IP_Flow 19-1971] File named "hdl/uz_endat_interface_src_Detect_Rise_Positive2_block2.vhd" already exists in file group "xilinx_anylanguagesynthesis", cannot add it again.
WARNING: [IP_Flow 19-1971] File named "hdl/uz_endat_interface_src_Detect_Rise_Positive2_block2.vhd" already exists in file group "xilinx_anylanguagebehavioralsimulation", cannot add it again.
WARNING: [IP_Flow 19-1971] File named "hdl/uz_endat_interface_src_S_R_Flip_Flop_block4.vhd" already exists in file group "xilinx_anylanguagesynthesis", cannot add it again.
WARNING: [IP_Flow 19-1971] File named "hdl/uz_endat_interface_src_S_R_Flip_Flop_block4.vhd" already exists in file group "xilinx_anylanguagebehavioralsimulation", cannot add it again.
WARNING: [IP_Flow 19-1971] File named "hdl/uz_endat_interface_src_clk_idle_and_delay_first_clock_function.vhd" already exists in file group "xilinx_anylanguagesynthesis", cannot add it again.
WARNING: [IP_Flow 19-1971] File named "hdl/uz_endat_interface_src_clk_idle_and_delay_first_clock_function.vhd" already exists in file group "xilinx_anylanguagebehavioralsimulation", cannot add it again.
WARNING: [IP_Flow 19-1971] File named "hdl/uz_endat_interface_src_Detect_Rise_Positive1_block2.vhd" already exists in file group "xilinx_anylanguagesynthesis", cannot add it again.
WARNING: [IP_Flow 19-1971] File named "hdl/uz_endat_interface_src_Detect_Rise_Positive1_block2.vhd" already exists in file group "xilinx_anylanguagebehavioralsimulation", cannot add it again.
WARNING: [IP_Flow 19-1971] File named "hdl/uz_endat_interface_src_S_R_Flip_Flop_block5.vhd" already exists in file group "xilinx_anylanguagesynthesis", cannot add it again.
WARNING: [IP_Flow 19-1971] File named "hdl/uz_endat_interface_src_S_R_Flip_Flop_block5.vhd" already exists in file group "xilinx_anylanguagebehavioralsimulation", cannot add it again.
WARNING: [IP_Flow 19-1971] File named "hdl/uz_endat_interface_src_endat_clock_generator.vhd" already exists in file group "xilinx_anylanguagesynthesis", cannot add it again.
WARNING: [IP_Flow 19-1971] File named "hdl/uz_endat_interface_src_endat_clock_generator.vhd" already exists in file group "xilinx_anylanguagebehavioralsimulation", cannot add it again.
WARNING: [IP_Flow 19-1971] File named "hdl/uz_endat_interface_src_serial_communication.vhd" already exists in file group "xilinx_anylanguagesynthesis", cannot add it again.
WARNING: [IP_Flow 19-1971] File named "hdl/uz_endat_interface_src_serial_communication.vhd" already exists in file group "xilinx_anylanguagebehavioralsimulation", cannot add it again.
WARNING: [IP_Flow 19-1971] File named "hdl/uz_endat_interface_src_uz_endat_interface.vhd" already exists in file group "xilinx_anylanguagesynthesis", cannot add it again.
WARNING: [IP_Flow 19-1971] File named "hdl/uz_endat_interface_src_uz_endat_interface.vhd" already exists in file group "xilinx_anylanguagebehavioralsimulation", cannot add it again.
WARNING: [IP_Flow 19-1971] File named "hdl/uz_endat_interface_reset_sync.vhd" already exists in file group "xilinx_anylanguagesynthesis", cannot add it again.
WARNING: [IP_Flow 19-1971] File named "hdl/uz_endat_interface_reset_sync.vhd" already exists in file group "xilinx_anylanguagebehavioralsimulation", cannot add it again.
WARNING: [IP_Flow 19-1971] File named "hdl/uz_endat_interface_dut.vhd" already exists in file group "xilinx_anylanguagesynthesis", cannot add it again.
WARNING: [IP_Flow 19-1971] File named "hdl/uz_endat_interface_dut.vhd" already exists in file group "xilinx_anylanguagebehavioralsimulation", cannot add it again.
WARNING: [IP_Flow 19-1971] File named "hdl/uz_endat_interface_addr_decoder.vhd" already exists in file group "xilinx_anylanguagesynthesis", cannot add it again.
WARNING: [IP_Flow 19-1971] File named "hdl/uz_endat_interface_addr_decoder.vhd" already exists in file group "xilinx_anylanguagebehavioralsimulation", cannot add it again.
WARNING: [IP_Flow 19-1971] File named "hdl/uz_endat_interface_axi_lite_module.vhd" already exists in file group "xilinx_anylanguagesynthesis", cannot add it again.
WARNING: [IP_Flow 19-1971] File named "hdl/uz_endat_interface_axi_lite_module.vhd" already exists in file group "xilinx_anylanguagebehavioralsimulation", cannot add it again.
WARNING: [IP_Flow 19-1971] File named "hdl/uz_endat_interface_axi_lite.vhd" already exists in file group "xilinx_anylanguagesynthesis", cannot add it again.
WARNING: [IP_Flow 19-1971] File named "hdl/uz_endat_interface_axi_lite.vhd" already exists in file group "xilinx_anylanguagebehavioralsimulation", cannot add it again.
WARNING: [IP_Flow 19-1971] File named "hdl/uz_endat_interface.vhd" already exists in file group "xilinx_anylanguagesynthesis", cannot add it again.
WARNING: [IP_Flow 19-1971] File named "hdl/uz_endat_interface.vhd" already exists in file group "xilinx_anylanguagebehavioralsimulation", cannot add it again.
INFO: [Common 17-206] Exiting Vivado at Thu Jan 22 16:53:43 2026...

Elapsed time is 14.193 seconds.
