#-----------------------------------------------------------
# Vivado v2022.2 (64-bit)
# SW Build 3671981 on Fri Oct 14 05:00:03 MDT 2022
# IP Build 3669848 on Fri Oct 14 08:30:02 MDT 2022
# Start of session at: Sat Jun  3 13:49:48 2023
# Process ID: 6632
# Current directory: C:/Users/valen/Documents/repos/UZ/ultrazohm_sw/ip_cores/uz_xilinx_openhw_ipcores/uz_Park/solution1/impl/ip
# Command line: vivado.exe -notrace -mode batch -source run_ippack.tcl
# Log file: C:/Users/valen/Documents/repos/UZ/ultrazohm_sw/ip_cores/uz_xilinx_openhw_ipcores/uz_Park/solution1/impl/ip/vivado.log
# Journal file: C:/Users/valen/Documents/repos/UZ/ultrazohm_sw/ip_cores/uz_xilinx_openhw_ipcores/uz_Park/solution1/impl/ip\vivado.jou
# Running On: LAPTOP-ME665JGB, OS: Windows, CPU Frequency: 2208 MHz, CPU Physical cores: 6, Host memory: 34081 MB
#-----------------------------------------------------------
source run_ippack.tcl -notrace
create_project: Time (s): cpu = 00:00:06 ; elapsed = 00:00:08 . Memory (MB): peak = 1003.406 ; gain = 119.238
INFO: [IP_Flow 19-234] Refreshing IP repositories
INFO: [IP_Flow 19-1704] No user IP repositories specified
INFO: [IP_Flow 19-2313] Loaded Vivado IP repository 'C:/Xilinx/Vivado/2022.2/data/ip'.
WARNING: [IP_Flow 19-4832] The IP name 'uz_Park_fadd_32ns_32ns_32_4_full_dsp_1_ip' you have specified is long. The Windows operating system has path length limitations. It is recommended you use shorter names to reduce the likelihood of issues.
INFO: [IP_Flow 19-1686] Generating 'Synthesis' target for IP 'uz_Park_fadd_32ns_32ns_32_4_full_dsp_1_ip'...
INFO: [IP_Flow 19-1686] Generating 'Simulation' target for IP 'uz_Park_fadd_32ns_32ns_32_4_full_dsp_1_ip'...
WARNING: [IP_Flow 19-4832] The IP name 'uz_Park_fmul_32ns_32ns_32_3_max_dsp_1_ip' you have specified is long. The Windows operating system has path length limitations. It is recommended you use shorter names to reduce the likelihood of issues.
INFO: [IP_Flow 19-1686] Generating 'Synthesis' target for IP 'uz_Park_fmul_32ns_32ns_32_3_max_dsp_1_ip'...
INFO: [IP_Flow 19-1686] Generating 'Simulation' target for IP 'uz_Park_fmul_32ns_32ns_32_3_max_dsp_1_ip'...
INFO: [IP_Flow 19-234] Refreshing IP repositories
INFO: [IP_Flow 19-1704] No user IP repositories specified
INFO: [IP_Flow 19-2313] Loaded Vivado IP repository 'C:/Xilinx/Vivado/2022.2/data/ip'.
INFO: [Common 17-206] Exiting Vivado at Sat Jun  3 13:50:10 2023...
