#-----------------------------------------------------------
# xsim v2020.1 (64-bit)
# SW Build 2902540 on Wed May 27 19:54:49 MDT 2020
# IP Build 2902112 on Wed May 27 22:43:36 MDT 2020
# Start of session at: Tue May 10 15:56:02 2022
# Process ID: 45176
# Current directory: C:/Users/ponpr/Documents/ultrazohm_sw/ip_cores/FOC/FOC_hls/solution1/sim/verilog
# Command line: xsim.exe -mode tcl -source {xsim.dir/uz_FOC_sample/xsim_script.tcl}
# Log file: C:/Users/ponpr/Documents/ultrazohm_sw/ip_cores/FOC/FOC_hls/solution1/sim/verilog/xsim.log
# Journal file: C:/Users/ponpr/Documents/ultrazohm_sw/ip_cores/FOC/FOC_hls/solution1/sim/verilog\xsim.jou
#-----------------------------------------------------------
source xsim.dir/uz_FOC_sample/xsim_script.tcl
# xsim {uz_FOC_sample} -autoloadwcfg -tclbatch {uz_FOC_sample.tcl}
Vivado Simulator 2020.1
Time resolution is 1 ps
source uz_FOC_sample.tcl
## run all
Warning: OPMODE Input Warning : The OPMODE 0110X0X with CARRYINSEL  000 to DSP48E1 instance is invalid.
Time: 100010 ps  Iteration: 0  Process: /apatb_uz_FOC_sample_top/AESL_inst_uz_FOC_sample/fadd_32ns_32ns_32_4_full_dsp_1_U68/uz_FOC_sample_ap_fadd_2_full_dsp_32_u/U0/i_synth/addsub_op/ADDSUB/dsp/OP/dsp48e1_body/ALIGN_ADD/DSP2/i_no_versal_es1_workaround/DSP/prcs_opmode_drc  File: C:/Xilinx/Vivado/2020.1/data/vhdl/src/unisims/primitive/DSP48E1.vhd
Warning: OPMODE Input Warning : The OPMODE 0110X0X with CARRYINSEL  000 to DSP48E1 instance is invalid.
Time: 100010 ps  Iteration: 0  Process: /apatb_uz_FOC_sample_top/AESL_inst_uz_FOC_sample/grp_uz_PI_Controller_sample_1_fu_256/faddfsub_32ns_32ns_32_4_full_dsp_1_U1/uz_FOC_sample_ap_faddfsub_2_full_dsp_32_u/U0/i_synth/addsub_op/ADDSUB/dsp/OP/dsp48e1_body/ALIGN_ADD/DSP2/i_no_versal_es1_workaround/DSP/prcs_opmode_drc  File: C:/Xilinx/Vivado/2020.1/data/vhdl/src/unisims/primitive/DSP48E1.vhd
Warning: OPMODE Input Warning : The OPMODE 0110X0X with CARRYINSEL  000 to DSP48E1 instance is invalid.
Time: 100010 ps  Iteration: 0  Process: /apatb_uz_FOC_sample_top/AESL_inst_uz_FOC_sample/grp_uz_FOC_SpaceVector_Limitation_1_fu_231/faddfsub_32ns_32ns_32_4_full_dsp_1_U50/uz_FOC_sample_ap_faddfsub_2_full_dsp_32_u/U0/i_synth/addsub_op/ADDSUB/dsp/OP/dsp48e1_body/ALIGN_ADD/DSP2/i_no_versal_es1_workaround/DSP/prcs_opmode_drc  File: C:/Xilinx/Vivado/2020.1/data/vhdl/src/unisims/primitive/DSP48E1.vhd
////////////////////////////////////////////////////////////////////////////////////
// Inter-Transaction Progress: Completed Transaction / Total Transaction
// Intra-Transaction Progress: Measured Latency / Latency Estimation * 100%
//
// RTL Simulation : "Inter-Transaction Progress" ["Intra-Transaction Progress"] @ "Simulation Time"
////////////////////////////////////////////////////////////////////////////////////
// RTL Simulation : 0 / 11 [0.00%] @ "1125000"
Warning: OPMODE Input Warning : The OPMODE 0110X0X with CARRYINSEL  000 to DSP48E1 instance is invalid.
Time: 2625 ns  Iteration: 12  Process: /apatb_uz_FOC_sample_top/AESL_inst_uz_FOC_sample/grp_uz_PI_Controller_sample_1_fu_256/faddfsub_32ns_32ns_32_4_full_dsp_1_U1/uz_FOC_sample_ap_faddfsub_2_full_dsp_32_u/U0/i_synth/addsub_op/ADDSUB/dsp/OP/dsp48e1_body/ALIGN_ADD/DSP2/i_no_versal_es1_workaround/DSP/prcs_opmode_drc  File: C:/Xilinx/Vivado/2020.1/data/vhdl/src/unisims/primitive/DSP48E1.vhd
Warning: OPMODE Input Warning : The OPMODE 0110X0X with CARRYINSEL  000 to DSP48E1 instance is invalid.
Time: 2695 ns  Iteration: 12  Process: /apatb_uz_FOC_sample_top/AESL_inst_uz_FOC_sample/grp_uz_PI_Controller_sample_1_fu_256/faddfsub_32ns_32ns_32_4_full_dsp_1_U1/uz_FOC_sample_ap_faddfsub_2_full_dsp_32_u/U0/i_synth/addsub_op/ADDSUB/dsp/OP/dsp48e1_body/ALIGN_ADD/DSP2/i_no_versal_es1_workaround/DSP/prcs_opmode_drc  File: C:/Xilinx/Vivado/2020.1/data/vhdl/src/unisims/primitive/DSP48E1.vhd
Warning: OPMODE Input Warning : The OPMODE 0110X0X with CARRYINSEL  000 to DSP48E1 instance is invalid.
Time: 2755 ns  Iteration: 11  Process: /apatb_uz_FOC_sample_top/AESL_inst_uz_FOC_sample/grp_uz_PI_Controller_sample_1_fu_256/faddfsub_32ns_32ns_32_4_full_dsp_1_U1/uz_FOC_sample_ap_faddfsub_2_full_dsp_32_u/U0/i_synth/addsub_op/ADDSUB/dsp/OP/dsp48e1_body/ALIGN_ADD/DSP2/i_no_versal_es1_workaround/DSP/prcs_opmode_drc  File: C:/Xilinx/Vivado/2020.1/data/vhdl/src/unisims/primitive/DSP48E1.vhd
Warning: OPMODE Input Warning : The OPMODE 0110X0X with CARRYINSEL  000 to DSP48E1 instance is invalid.
Time: 2825 ns  Iteration: 12  Process: /apatb_uz_FOC_sample_top/AESL_inst_uz_FOC_sample/grp_uz_PI_Controller_sample_1_fu_256/faddfsub_32ns_32ns_32_4_full_dsp_1_U1/uz_FOC_sample_ap_faddfsub_2_full_dsp_32_u/U0/i_synth/addsub_op/ADDSUB/dsp/OP/dsp48e1_body/ALIGN_ADD/DSP2/i_no_versal_es1_workaround/DSP/prcs_opmode_drc  File: C:/Xilinx/Vivado/2020.1/data/vhdl/src/unisims/primitive/DSP48E1.vhd
Warning: OPMODE Input Warning : The OPMODE 0110X0X with CARRYINSEL  000 to DSP48E1 instance is invalid.
Time: 2875 ns  Iteration: 12  Process: /apatb_uz_FOC_sample_top/AESL_inst_uz_FOC_sample/grp_uz_PI_Controller_sample_1_fu_256/faddfsub_32ns_32ns_32_4_full_dsp_1_U1/uz_FOC_sample_ap_faddfsub_2_full_dsp_32_u/U0/i_synth/addsub_op/ADDSUB/dsp/OP/dsp48e1_body/ALIGN_ADD/DSP2/i_no_versal_es1_workaround/DSP/prcs_opmode_drc  File: C:/Xilinx/Vivado/2020.1/data/vhdl/src/unisims/primitive/DSP48E1.vhd
Warning: OPMODE Input Warning : The OPMODE 0110X0X with CARRYINSEL  000 to DSP48E1 instance is invalid.
Time: 2945 ns  Iteration: 12  Process: /apatb_uz_FOC_sample_top/AESL_inst_uz_FOC_sample/grp_uz_PI_Controller_sample_1_fu_256/faddfsub_32ns_32ns_32_4_full_dsp_1_U1/uz_FOC_sample_ap_faddfsub_2_full_dsp_32_u/U0/i_synth/addsub_op/ADDSUB/dsp/OP/dsp48e1_body/ALIGN_ADD/DSP2/i_no_versal_es1_workaround/DSP/prcs_opmode_drc  File: C:/Xilinx/Vivado/2020.1/data/vhdl/src/unisims/primitive/DSP48E1.vhd
Warning: OPMODE Input Warning : The OPMODE 0110X0X with CARRYINSEL  000 to DSP48E1 instance is invalid.
Time: 3005 ns  Iteration: 11  Process: /apatb_uz_FOC_sample_top/AESL_inst_uz_FOC_sample/grp_uz_PI_Controller_sample_1_fu_256/faddfsub_32ns_32ns_32_4_full_dsp_1_U1/uz_FOC_sample_ap_faddfsub_2_full_dsp_32_u/U0/i_synth/addsub_op/ADDSUB/dsp/OP/dsp48e1_body/ALIGN_ADD/DSP2/i_no_versal_es1_workaround/DSP/prcs_opmode_drc  File: C:/Xilinx/Vivado/2020.1/data/vhdl/src/unisims/primitive/DSP48E1.vhd
Warning: OPMODE Input Warning : The OPMODE 0110X0X with CARRYINSEL  000 to DSP48E1 instance is invalid.
Time: 3115 ns  Iteration: 12  Process: /apatb_uz_FOC_sample_top/AESL_inst_uz_FOC_sample/grp_uz_PI_Controller_sample_1_fu_256/faddfsub_32ns_32ns_32_4_full_dsp_1_U1/uz_FOC_sample_ap_faddfsub_2_full_dsp_32_u/U0/i_synth/addsub_op/ADDSUB/dsp/OP/dsp48e1_body/ALIGN_ADD/DSP2/i_no_versal_es1_workaround/DSP/prcs_opmode_drc  File: C:/Xilinx/Vivado/2020.1/data/vhdl/src/unisims/primitive/DSP48E1.vhd
Warning: OPMODE Input Warning : The OPMODE 0110X0X with CARRYINSEL  000 to DSP48E1 instance is invalid.
Time: 3225 ns  Iteration: 12  Process: /apatb_uz_FOC_sample_top/AESL_inst_uz_FOC_sample/fadd_32ns_32ns_32_4_full_dsp_1_U68/uz_FOC_sample_ap_fadd_2_full_dsp_32_u/U0/i_synth/addsub_op/ADDSUB/dsp/OP/dsp48e1_body/ALIGN_ADD/DSP2/i_no_versal_es1_workaround/DSP/prcs_opmode_drc  File: C:/Xilinx/Vivado/2020.1/data/vhdl/src/unisims/primitive/DSP48E1.vhd
Warning: OPMODE Input Warning : The OPMODE 0110X0X with CARRYINSEL  000 to DSP48E1 instance is invalid.
Time: 3255 ns  Iteration: 12  Process: /apatb_uz_FOC_sample_top/AESL_inst_uz_FOC_sample/fadd_32ns_32ns_32_4_full_dsp_1_U68/uz_FOC_sample_ap_fadd_2_full_dsp_32_u/U0/i_synth/addsub_op/ADDSUB/dsp/OP/dsp48e1_body/ALIGN_ADD/DSP2/i_no_versal_es1_workaround/DSP/prcs_opmode_drc  File: C:/Xilinx/Vivado/2020.1/data/vhdl/src/unisims/primitive/DSP48E1.vhd
Warning: OPMODE Input Warning : The OPMODE 0110X0X with CARRYINSEL  000 to DSP48E1 instance is invalid.
Time: 3295 ns  Iteration: 12  Process: /apatb_uz_FOC_sample_top/AESL_inst_uz_FOC_sample/fadd_32ns_32ns_32_4_full_dsp_1_U68/uz_FOC_sample_ap_fadd_2_full_dsp_32_u/U0/i_synth/addsub_op/ADDSUB/dsp/OP/dsp48e1_body/ALIGN_ADD/DSP2/i_no_versal_es1_workaround/DSP/prcs_opmode_drc  File: C:/Xilinx/Vivado/2020.1/data/vhdl/src/unisims/primitive/DSP48E1.vhd
Warning: OPMODE Input Warning : The OPMODE 0110X0X with CARRYINSEL  000 to DSP48E1 instance is invalid.
Time: 3505 ns  Iteration: 11  Process: /apatb_uz_FOC_sample_top/AESL_inst_uz_FOC_sample/grp_uz_FOC_SpaceVector_Limitation_1_fu_231/faddfsub_32ns_32ns_32_4_full_dsp_1_U50/uz_FOC_sample_ap_faddfsub_2_full_dsp_32_u/U0/i_synth/addsub_op/ADDSUB/dsp/OP/dsp48e1_body/ALIGN_ADD/DSP2/i_no_versal_es1_workaround/DSP/prcs_opmode_drc  File: C:/Xilinx/Vivado/2020.1/data/vhdl/src/unisims/primitive/DSP48E1.vhd
// RTL Simulation : 1 / 11 [86.54%] @ "5235000"
Warning: OPMODE Input Warning : The OPMODE 0110X0X with CARRYINSEL  000 to DSP48E1 instance is invalid.
Time: 6725 ns  Iteration: 11  Process: /apatb_uz_FOC_sample_top/AESL_inst_uz_FOC_sample/grp_uz_PI_Controller_sample_1_fu_256/faddfsub_32ns_32ns_32_4_full_dsp_1_U1/uz_FOC_sample_ap_faddfsub_2_full_dsp_32_u/U0/i_synth/addsub_op/ADDSUB/dsp/OP/dsp48e1_body/ALIGN_ADD/DSP2/i_no_versal_es1_workaround/DSP/prcs_opmode_drc  File: C:/Xilinx/Vivado/2020.1/data/vhdl/src/unisims/primitive/DSP48E1.vhd
Warning: OPMODE Input Warning : The OPMODE 0110X0X with CARRYINSEL  000 to DSP48E1 instance is invalid.
Time: 6795 ns  Iteration: 11  Process: /apatb_uz_FOC_sample_top/AESL_inst_uz_FOC_sample/grp_uz_PI_Controller_sample_1_fu_256/faddfsub_32ns_32ns_32_4_full_dsp_1_U1/uz_FOC_sample_ap_faddfsub_2_full_dsp_32_u/U0/i_synth/addsub_op/ADDSUB/dsp/OP/dsp48e1_body/ALIGN_ADD/DSP2/i_no_versal_es1_workaround/DSP/prcs_opmode_drc  File: C:/Xilinx/Vivado/2020.1/data/vhdl/src/unisims/primitive/DSP48E1.vhd
Warning: OPMODE Input Warning : The OPMODE 0110X0X with CARRYINSEL  000 to DSP48E1 instance is invalid.
Time: 6855 ns  Iteration: 11  Process: /apatb_uz_FOC_sample_top/AESL_inst_uz_FOC_sample/grp_uz_PI_Controller_sample_1_fu_256/faddfsub_32ns_32ns_32_4_full_dsp_1_U1/uz_FOC_sample_ap_faddfsub_2_full_dsp_32_u/U0/i_synth/addsub_op/ADDSUB/dsp/OP/dsp48e1_body/ALIGN_ADD/DSP2/i_no_versal_es1_workaround/DSP/prcs_opmode_drc  File: C:/Xilinx/Vivado/2020.1/data/vhdl/src/unisims/primitive/DSP48E1.vhd
Warning: OPMODE Input Warning : The OPMODE 0110X0X with CARRYINSEL  000 to DSP48E1 instance is invalid.
Time: 6925 ns  Iteration: 12  Process: /apatb_uz_FOC_sample_top/AESL_inst_uz_FOC_sample/grp_uz_PI_Controller_sample_1_fu_256/faddfsub_32ns_32ns_32_4_full_dsp_1_U1/uz_FOC_sample_ap_faddfsub_2_full_dsp_32_u/U0/i_synth/addsub_op/ADDSUB/dsp/OP/dsp48e1_body/ALIGN_ADD/DSP2/i_no_versal_es1_workaround/DSP/prcs_opmode_drc  File: C:/Xilinx/Vivado/2020.1/data/vhdl/src/unisims/primitive/DSP48E1.vhd
Warning: OPMODE Input Warning : The OPMODE 0110X0X with CARRYINSEL  000 to DSP48E1 instance is invalid.
Time: 6975 ns  Iteration: 11  Process: /apatb_uz_FOC_sample_top/AESL_inst_uz_FOC_sample/grp_uz_PI_Controller_sample_1_fu_256/faddfsub_32ns_32ns_32_4_full_dsp_1_U1/uz_FOC_sample_ap_faddfsub_2_full_dsp_32_u/U0/i_synth/addsub_op/ADDSUB/dsp/OP/dsp48e1_body/ALIGN_ADD/DSP2/i_no_versal_es1_workaround/DSP/prcs_opmode_drc  File: C:/Xilinx/Vivado/2020.1/data/vhdl/src/unisims/primitive/DSP48E1.vhd
Warning: OPMODE Input Warning : The OPMODE 0110X0X with CARRYINSEL  000 to DSP48E1 instance is invalid.
Time: 7045 ns  Iteration: 11  Process: /apatb_uz_FOC_sample_top/AESL_inst_uz_FOC_sample/grp_uz_PI_Controller_sample_1_fu_256/faddfsub_32ns_32ns_32_4_full_dsp_1_U1/uz_FOC_sample_ap_faddfsub_2_full_dsp_32_u/U0/i_synth/addsub_op/ADDSUB/dsp/OP/dsp48e1_body/ALIGN_ADD/DSP2/i_no_versal_es1_workaround/DSP/prcs_opmode_drc  File: C:/Xilinx/Vivado/2020.1/data/vhdl/src/unisims/primitive/DSP48E1.vhd
Warning: OPMODE Input Warning : The OPMODE 0110X0X with CARRYINSEL  000 to DSP48E1 instance is invalid.
Time: 7105 ns  Iteration: 11  Process: /apatb_uz_FOC_sample_top/AESL_inst_uz_FOC_sample/grp_uz_PI_Controller_sample_1_fu_256/faddfsub_32ns_32ns_32_4_full_dsp_1_U1/uz_FOC_sample_ap_faddfsub_2_full_dsp_32_u/U0/i_synth/addsub_op/ADDSUB/dsp/OP/dsp48e1_body/ALIGN_ADD/DSP2/i_no_versal_es1_workaround/DSP/prcs_opmode_drc  File: C:/Xilinx/Vivado/2020.1/data/vhdl/src/unisims/primitive/DSP48E1.vhd
Warning: OPMODE Input Warning : The OPMODE 0110X0X with CARRYINSEL  000 to DSP48E1 instance is invalid.
Time: 7215 ns  Iteration: 11  Process: /apatb_uz_FOC_sample_top/AESL_inst_uz_FOC_sample/grp_uz_PI_Controller_sample_1_fu_256/faddfsub_32ns_32ns_32_4_full_dsp_1_U1/uz_FOC_sample_ap_faddfsub_2_full_dsp_32_u/U0/i_synth/addsub_op/ADDSUB/dsp/OP/dsp48e1_body/ALIGN_ADD/DSP2/i_no_versal_es1_workaround/DSP/prcs_opmode_drc  File: C:/Xilinx/Vivado/2020.1/data/vhdl/src/unisims/primitive/DSP48E1.vhd
Warning: OPMODE Input Warning : The OPMODE 0110X0X with CARRYINSEL  000 to DSP48E1 instance is invalid.
Time: 7325 ns  Iteration: 12  Process: /apatb_uz_FOC_sample_top/AESL_inst_uz_FOC_sample/fadd_32ns_32ns_32_4_full_dsp_1_U68/uz_FOC_sample_ap_fadd_2_full_dsp_32_u/U0/i_synth/addsub_op/ADDSUB/dsp/OP/dsp48e1_body/ALIGN_ADD/DSP2/i_no_versal_es1_workaround/DSP/prcs_opmode_drc  File: C:/Xilinx/Vivado/2020.1/data/vhdl/src/unisims/primitive/DSP48E1.vhd
Warning: OPMODE Input Warning : The OPMODE 0110X0X with CARRYINSEL  000 to DSP48E1 instance is invalid.
Time: 7355 ns  Iteration: 12  Process: /apatb_uz_FOC_sample_top/AESL_inst_uz_FOC_sample/fadd_32ns_32ns_32_4_full_dsp_1_U68/uz_FOC_sample_ap_fadd_2_full_dsp_32_u/U0/i_synth/addsub_op/ADDSUB/dsp/OP/dsp48e1_body/ALIGN_ADD/DSP2/i_no_versal_es1_workaround/DSP/prcs_opmode_drc  File: C:/Xilinx/Vivado/2020.1/data/vhdl/src/unisims/primitive/DSP48E1.vhd
Warning: OPMODE Input Warning : The OPMODE 0110X0X with CARRYINSEL  000 to DSP48E1 instance is invalid.
Time: 7395 ns  Iteration: 12  Process: /apatb_uz_FOC_sample_top/AESL_inst_uz_FOC_sample/fadd_32ns_32ns_32_4_full_dsp_1_U68/uz_FOC_sample_ap_fadd_2_full_dsp_32_u/U0/i_synth/addsub_op/ADDSUB/dsp/OP/dsp48e1_body/ALIGN_ADD/DSP2/i_no_versal_es1_workaround/DSP/prcs_opmode_drc  File: C:/Xilinx/Vivado/2020.1/data/vhdl/src/unisims/primitive/DSP48E1.vhd
Warning: OPMODE Input Warning : The OPMODE 0110X0X with CARRYINSEL  000 to DSP48E1 instance is invalid.
Time: 7605 ns  Iteration: 11  Process: /apatb_uz_FOC_sample_top/AESL_inst_uz_FOC_sample/grp_uz_FOC_SpaceVector_Limitation_1_fu_231/faddfsub_32ns_32ns_32_4_full_dsp_1_U50/uz_FOC_sample_ap_faddfsub_2_full_dsp_32_u/U0/i_synth/addsub_op/ADDSUB/dsp/OP/dsp48e1_body/ALIGN_ADD/DSP2/i_no_versal_es1_workaround/DSP/prcs_opmode_drc  File: C:/Xilinx/Vivado/2020.1/data/vhdl/src/unisims/primitive/DSP48E1.vhd
// RTL Simulation : 2 / 11 [86.54%] @ "9335000"
Warning: OPMODE Input Warning : The OPMODE 0110X0X with CARRYINSEL  000 to DSP48E1 instance is invalid.
Time: 10825 ns  Iteration: 11  Process: /apatb_uz_FOC_sample_top/AESL_inst_uz_FOC_sample/grp_uz_PI_Controller_sample_1_fu_256/faddfsub_32ns_32ns_32_4_full_dsp_1_U1/uz_FOC_sample_ap_faddfsub_2_full_dsp_32_u/U0/i_synth/addsub_op/ADDSUB/dsp/OP/dsp48e1_body/ALIGN_ADD/DSP2/i_no_versal_es1_workaround/DSP/prcs_opmode_drc  File: C:/Xilinx/Vivado/2020.1/data/vhdl/src/unisims/primitive/DSP48E1.vhd
Warning: OPMODE Input Warning : The OPMODE 0110X0X with CARRYINSEL  000 to DSP48E1 instance is invalid.
Time: 10895 ns  Iteration: 11  Process: /apatb_uz_FOC_sample_top/AESL_inst_uz_FOC_sample/grp_uz_PI_Controller_sample_1_fu_256/faddfsub_32ns_32ns_32_4_full_dsp_1_U1/uz_FOC_sample_ap_faddfsub_2_full_dsp_32_u/U0/i_synth/addsub_op/ADDSUB/dsp/OP/dsp48e1_body/ALIGN_ADD/DSP2/i_no_versal_es1_workaround/DSP/prcs_opmode_drc  File: C:/Xilinx/Vivado/2020.1/data/vhdl/src/unisims/primitive/DSP48E1.vhd
Warning: OPMODE Input Warning : The OPMODE 0110X0X with CARRYINSEL  000 to DSP48E1 instance is invalid.
Time: 10955 ns  Iteration: 11  Process: /apatb_uz_FOC_sample_top/AESL_inst_uz_FOC_sample/grp_uz_PI_Controller_sample_1_fu_256/faddfsub_32ns_32ns_32_4_full_dsp_1_U1/uz_FOC_sample_ap_faddfsub_2_full_dsp_32_u/U0/i_synth/addsub_op/ADDSUB/dsp/OP/dsp48e1_body/ALIGN_ADD/DSP2/i_no_versal_es1_workaround/DSP/prcs_opmode_drc  File: C:/Xilinx/Vivado/2020.1/data/vhdl/src/unisims/primitive/DSP48E1.vhd
Warning: OPMODE Input Warning : The OPMODE 0110X0X with CARRYINSEL  000 to DSP48E1 instance is invalid.
Time: 11025 ns  Iteration: 12  Process: /apatb_uz_FOC_sample_top/AESL_inst_uz_FOC_sample/grp_uz_PI_Controller_sample_1_fu_256/faddfsub_32ns_32ns_32_4_full_dsp_1_U1/uz_FOC_sample_ap_faddfsub_2_full_dsp_32_u/U0/i_synth/addsub_op/ADDSUB/dsp/OP/dsp48e1_body/ALIGN_ADD/DSP2/i_no_versal_es1_workaround/DSP/prcs_opmode_drc  File: C:/Xilinx/Vivado/2020.1/data/vhdl/src/unisims/primitive/DSP48E1.vhd
Warning: OPMODE Input Warning : The OPMODE 0110X0X with CARRYINSEL  000 to DSP48E1 instance is invalid.
Time: 11075 ns  Iteration: 11  Process: /apatb_uz_FOC_sample_top/AESL_inst_uz_FOC_sample/grp_uz_PI_Controller_sample_1_fu_256/faddfsub_32ns_32ns_32_4_full_dsp_1_U1/uz_FOC_sample_ap_faddfsub_2_full_dsp_32_u/U0/i_synth/addsub_op/ADDSUB/dsp/OP/dsp48e1_body/ALIGN_ADD/DSP2/i_no_versal_es1_workaround/DSP/prcs_opmode_drc  File: C:/Xilinx/Vivado/2020.1/data/vhdl/src/unisims/primitive/DSP48E1.vhd
Warning: OPMODE Input Warning : The OPMODE 0110X0X with CARRYINSEL  000 to DSP48E1 instance is invalid.
Time: 11145 ns  Iteration: 11  Process: /apatb_uz_FOC_sample_top/AESL_inst_uz_FOC_sample/grp_uz_PI_Controller_sample_1_fu_256/faddfsub_32ns_32ns_32_4_full_dsp_1_U1/uz_FOC_sample_ap_faddfsub_2_full_dsp_32_u/U0/i_synth/addsub_op/ADDSUB/dsp/OP/dsp48e1_body/ALIGN_ADD/DSP2/i_no_versal_es1_workaround/DSP/prcs_opmode_drc  File: C:/Xilinx/Vivado/2020.1/data/vhdl/src/unisims/primitive/DSP48E1.vhd
Warning: OPMODE Input Warning : The OPMODE 0110X0X with CARRYINSEL  000 to DSP48E1 instance is invalid.
Time: 11205 ns  Iteration: 11  Process: /apatb_uz_FOC_sample_top/AESL_inst_uz_FOC_sample/grp_uz_PI_Controller_sample_1_fu_256/faddfsub_32ns_32ns_32_4_full_dsp_1_U1/uz_FOC_sample_ap_faddfsub_2_full_dsp_32_u/U0/i_synth/addsub_op/ADDSUB/dsp/OP/dsp48e1_body/ALIGN_ADD/DSP2/i_no_versal_es1_workaround/DSP/prcs_opmode_drc  File: C:/Xilinx/Vivado/2020.1/data/vhdl/src/unisims/primitive/DSP48E1.vhd
Warning: OPMODE Input Warning : The OPMODE 0110X0X with CARRYINSEL  000 to DSP48E1 instance is invalid.
Time: 11315 ns  Iteration: 11  Process: /apatb_uz_FOC_sample_top/AESL_inst_uz_FOC_sample/grp_uz_PI_Controller_sample_1_fu_256/faddfsub_32ns_32ns_32_4_full_dsp_1_U1/uz_FOC_sample_ap_faddfsub_2_full_dsp_32_u/U0/i_synth/addsub_op/ADDSUB/dsp/OP/dsp48e1_body/ALIGN_ADD/DSP2/i_no_versal_es1_workaround/DSP/prcs_opmode_drc  File: C:/Xilinx/Vivado/2020.1/data/vhdl/src/unisims/primitive/DSP48E1.vhd
Warning: OPMODE Input Warning : The OPMODE 0110X0X with CARRYINSEL  000 to DSP48E1 instance is invalid.
Time: 11425 ns  Iteration: 12  Process: /apatb_uz_FOC_sample_top/AESL_inst_uz_FOC_sample/fadd_32ns_32ns_32_4_full_dsp_1_U68/uz_FOC_sample_ap_fadd_2_full_dsp_32_u/U0/i_synth/addsub_op/ADDSUB/dsp/OP/dsp48e1_body/ALIGN_ADD/DSP2/i_no_versal_es1_workaround/DSP/prcs_opmode_drc  File: C:/Xilinx/Vivado/2020.1/data/vhdl/src/unisims/primitive/DSP48E1.vhd
Warning: OPMODE Input Warning : The OPMODE 0110X0X with CARRYINSEL  000 to DSP48E1 instance is invalid.
Time: 11455 ns  Iteration: 12  Process: /apatb_uz_FOC_sample_top/AESL_inst_uz_FOC_sample/fadd_32ns_32ns_32_4_full_dsp_1_U68/uz_FOC_sample_ap_fadd_2_full_dsp_32_u/U0/i_synth/addsub_op/ADDSUB/dsp/OP/dsp48e1_body/ALIGN_ADD/DSP2/i_no_versal_es1_workaround/DSP/prcs_opmode_drc  File: C:/Xilinx/Vivado/2020.1/data/vhdl/src/unisims/primitive/DSP48E1.vhd
Warning: OPMODE Input Warning : The OPMODE 0110X0X with CARRYINSEL  000 to DSP48E1 instance is invalid.
Time: 11495 ns  Iteration: 11  Process: /apatb_uz_FOC_sample_top/AESL_inst_uz_FOC_sample/fadd_32ns_32ns_32_4_full_dsp_1_U68/uz_FOC_sample_ap_fadd_2_full_dsp_32_u/U0/i_synth/addsub_op/ADDSUB/dsp/OP/dsp48e1_body/ALIGN_ADD/DSP2/i_no_versal_es1_workaround/DSP/prcs_opmode_drc  File: C:/Xilinx/Vivado/2020.1/data/vhdl/src/unisims/primitive/DSP48E1.vhd
Warning: OPMODE Input Warning : The OPMODE 0110X0X with CARRYINSEL  000 to DSP48E1 instance is invalid.
Time: 11705 ns  Iteration: 11  Process: /apatb_uz_FOC_sample_top/AESL_inst_uz_FOC_sample/grp_uz_FOC_SpaceVector_Limitation_1_fu_231/faddfsub_32ns_32ns_32_4_full_dsp_1_U50/uz_FOC_sample_ap_faddfsub_2_full_dsp_32_u/U0/i_synth/addsub_op/ADDSUB/dsp/OP/dsp48e1_body/ALIGN_ADD/DSP2/i_no_versal_es1_workaround/DSP/prcs_opmode_drc  File: C:/Xilinx/Vivado/2020.1/data/vhdl/src/unisims/primitive/DSP48E1.vhd
// RTL Simulation : 3 / 11 [86.54%] @ "13435000"
Warning: OPMODE Input Warning : The OPMODE 0110X0X with CARRYINSEL  000 to DSP48E1 instance is invalid.
Time: 14925 ns  Iteration: 11  Process: /apatb_uz_FOC_sample_top/AESL_inst_uz_FOC_sample/grp_uz_PI_Controller_sample_1_fu_256/faddfsub_32ns_32ns_32_4_full_dsp_1_U1/uz_FOC_sample_ap_faddfsub_2_full_dsp_32_u/U0/i_synth/addsub_op/ADDSUB/dsp/OP/dsp48e1_body/ALIGN_ADD/DSP2/i_no_versal_es1_workaround/DSP/prcs_opmode_drc  File: C:/Xilinx/Vivado/2020.1/data/vhdl/src/unisims/primitive/DSP48E1.vhd
Warning: OPMODE Input Warning : The OPMODE 0110X0X with CARRYINSEL  000 to DSP48E1 instance is invalid.
Time: 14995 ns  Iteration: 11  Process: /apatb_uz_FOC_sample_top/AESL_inst_uz_FOC_sample/grp_uz_PI_Controller_sample_1_fu_256/faddfsub_32ns_32ns_32_4_full_dsp_1_U1/uz_FOC_sample_ap_faddfsub_2_full_dsp_32_u/U0/i_synth/addsub_op/ADDSUB/dsp/OP/dsp48e1_body/ALIGN_ADD/DSP2/i_no_versal_es1_workaround/DSP/prcs_opmode_drc  File: C:/Xilinx/Vivado/2020.1/data/vhdl/src/unisims/primitive/DSP48E1.vhd
Warning: OPMODE Input Warning : The OPMODE 0110X0X with CARRYINSEL  000 to DSP48E1 instance is invalid.
Time: 15055 ns  Iteration: 11  Process: /apatb_uz_FOC_sample_top/AESL_inst_uz_FOC_sample/grp_uz_PI_Controller_sample_1_fu_256/faddfsub_32ns_32ns_32_4_full_dsp_1_U1/uz_FOC_sample_ap_faddfsub_2_full_dsp_32_u/U0/i_synth/addsub_op/ADDSUB/dsp/OP/dsp48e1_body/ALIGN_ADD/DSP2/i_no_versal_es1_workaround/DSP/prcs_opmode_drc  File: C:/Xilinx/Vivado/2020.1/data/vhdl/src/unisims/primitive/DSP48E1.vhd
Warning: OPMODE Input Warning : The OPMODE 0110X0X with CARRYINSEL  000 to DSP48E1 instance is invalid.
Time: 15125 ns  Iteration: 12  Process: /apatb_uz_FOC_sample_top/AESL_inst_uz_FOC_sample/grp_uz_PI_Controller_sample_1_fu_256/faddfsub_32ns_32ns_32_4_full_dsp_1_U1/uz_FOC_sample_ap_faddfsub_2_full_dsp_32_u/U0/i_synth/addsub_op/ADDSUB/dsp/OP/dsp48e1_body/ALIGN_ADD/DSP2/i_no_versal_es1_workaround/DSP/prcs_opmode_drc  File: C:/Xilinx/Vivado/2020.1/data/vhdl/src/unisims/primitive/DSP48E1.vhd
Warning: OPMODE Input Warning : The OPMODE 0110X0X with CARRYINSEL  000 to DSP48E1 instance is invalid.
Time: 15175 ns  Iteration: 11  Process: /apatb_uz_FOC_sample_top/AESL_inst_uz_FOC_sample/grp_uz_PI_Controller_sample_1_fu_256/faddfsub_32ns_32ns_32_4_full_dsp_1_U1/uz_FOC_sample_ap_faddfsub_2_full_dsp_32_u/U0/i_synth/addsub_op/ADDSUB/dsp/OP/dsp48e1_body/ALIGN_ADD/DSP2/i_no_versal_es1_workaround/DSP/prcs_opmode_drc  File: C:/Xilinx/Vivado/2020.1/data/vhdl/src/unisims/primitive/DSP48E1.vhd
Warning: OPMODE Input Warning : The OPMODE 0110X0X with CARRYINSEL  000 to DSP48E1 instance is invalid.
Time: 15245 ns  Iteration: 11  Process: /apatb_uz_FOC_sample_top/AESL_inst_uz_FOC_sample/grp_uz_PI_Controller_sample_1_fu_256/faddfsub_32ns_32ns_32_4_full_dsp_1_U1/uz_FOC_sample_ap_faddfsub_2_full_dsp_32_u/U0/i_synth/addsub_op/ADDSUB/dsp/OP/dsp48e1_body/ALIGN_ADD/DSP2/i_no_versal_es1_workaround/DSP/prcs_opmode_drc  File: C:/Xilinx/Vivado/2020.1/data/vhdl/src/unisims/primitive/DSP48E1.vhd
Warning: OPMODE Input Warning : The OPMODE 0110X0X with CARRYINSEL  000 to DSP48E1 instance is invalid.
Time: 15305 ns  Iteration: 11  Process: /apatb_uz_FOC_sample_top/AESL_inst_uz_FOC_sample/grp_uz_PI_Controller_sample_1_fu_256/faddfsub_32ns_32ns_32_4_full_dsp_1_U1/uz_FOC_sample_ap_faddfsub_2_full_dsp_32_u/U0/i_synth/addsub_op/ADDSUB/dsp/OP/dsp48e1_body/ALIGN_ADD/DSP2/i_no_versal_es1_workaround/DSP/prcs_opmode_drc  File: C:/Xilinx/Vivado/2020.1/data/vhdl/src/unisims/primitive/DSP48E1.vhd
Warning: OPMODE Input Warning : The OPMODE 0110X0X with CARRYINSEL  000 to DSP48E1 instance is invalid.
Time: 15415 ns  Iteration: 11  Process: /apatb_uz_FOC_sample_top/AESL_inst_uz_FOC_sample/grp_uz_PI_Controller_sample_1_fu_256/faddfsub_32ns_32ns_32_4_full_dsp_1_U1/uz_FOC_sample_ap_faddfsub_2_full_dsp_32_u/U0/i_synth/addsub_op/ADDSUB/dsp/OP/dsp48e1_body/ALIGN_ADD/DSP2/i_no_versal_es1_workaround/DSP/prcs_opmode_drc  File: C:/Xilinx/Vivado/2020.1/data/vhdl/src/unisims/primitive/DSP48E1.vhd
Warning: OPMODE Input Warning : The OPMODE 0110X0X with CARRYINSEL  000 to DSP48E1 instance is invalid.
Time: 15525 ns  Iteration: 12  Process: /apatb_uz_FOC_sample_top/AESL_inst_uz_FOC_sample/fadd_32ns_32ns_32_4_full_dsp_1_U68/uz_FOC_sample_ap_fadd_2_full_dsp_32_u/U0/i_synth/addsub_op/ADDSUB/dsp/OP/dsp48e1_body/ALIGN_ADD/DSP2/i_no_versal_es1_workaround/DSP/prcs_opmode_drc  File: C:/Xilinx/Vivado/2020.1/data/vhdl/src/unisims/primitive/DSP48E1.vhd
Warning: OPMODE Input Warning : The OPMODE 0110X0X with CARRYINSEL  000 to DSP48E1 instance is invalid.
Time: 15555 ns  Iteration: 12  Process: /apatb_uz_FOC_sample_top/AESL_inst_uz_FOC_sample/fadd_32ns_32ns_32_4_full_dsp_1_U68/uz_FOC_sample_ap_fadd_2_full_dsp_32_u/U0/i_synth/addsub_op/ADDSUB/dsp/OP/dsp48e1_body/ALIGN_ADD/DSP2/i_no_versal_es1_workaround/DSP/prcs_opmode_drc  File: C:/Xilinx/Vivado/2020.1/data/vhdl/src/unisims/primitive/DSP48E1.vhd
Warning: OPMODE Input Warning : The OPMODE 0110X0X with CARRYINSEL  000 to DSP48E1 instance is invalid.
Time: 15595 ns  Iteration: 11  Process: /apatb_uz_FOC_sample_top/AESL_inst_uz_FOC_sample/fadd_32ns_32ns_32_4_full_dsp_1_U68/uz_FOC_sample_ap_fadd_2_full_dsp_32_u/U0/i_synth/addsub_op/ADDSUB/dsp/OP/dsp48e1_body/ALIGN_ADD/DSP2/i_no_versal_es1_workaround/DSP/prcs_opmode_drc  File: C:/Xilinx/Vivado/2020.1/data/vhdl/src/unisims/primitive/DSP48E1.vhd
Warning: OPMODE Input Warning : The OPMODE 0110X0X with CARRYINSEL  000 to DSP48E1 instance is invalid.
Time: 15805 ns  Iteration: 11  Process: /apatb_uz_FOC_sample_top/AESL_inst_uz_FOC_sample/grp_uz_FOC_SpaceVector_Limitation_1_fu_231/faddfsub_32ns_32ns_32_4_full_dsp_1_U50/uz_FOC_sample_ap_faddfsub_2_full_dsp_32_u/U0/i_synth/addsub_op/ADDSUB/dsp/OP/dsp48e1_body/ALIGN_ADD/DSP2/i_no_versal_es1_workaround/DSP/prcs_opmode_drc  File: C:/Xilinx/Vivado/2020.1/data/vhdl/src/unisims/primitive/DSP48E1.vhd
// RTL Simulation : 4 / 11 [86.54%] @ "17535000"
Warning: OPMODE Input Warning : The OPMODE 0110X0X with CARRYINSEL  000 to DSP48E1 instance is invalid.
Time: 19025 ns  Iteration: 11  Process: /apatb_uz_FOC_sample_top/AESL_inst_uz_FOC_sample/grp_uz_PI_Controller_sample_1_fu_256/faddfsub_32ns_32ns_32_4_full_dsp_1_U1/uz_FOC_sample_ap_faddfsub_2_full_dsp_32_u/U0/i_synth/addsub_op/ADDSUB/dsp/OP/dsp48e1_body/ALIGN_ADD/DSP2/i_no_versal_es1_workaround/DSP/prcs_opmode_drc  File: C:/Xilinx/Vivado/2020.1/data/vhdl/src/unisims/primitive/DSP48E1.vhd
Warning: OPMODE Input Warning : The OPMODE 0110X0X with CARRYINSEL  000 to DSP48E1 instance is invalid.
Time: 19095 ns  Iteration: 11  Process: /apatb_uz_FOC_sample_top/AESL_inst_uz_FOC_sample/grp_uz_PI_Controller_sample_1_fu_256/faddfsub_32ns_32ns_32_4_full_dsp_1_U1/uz_FOC_sample_ap_faddfsub_2_full_dsp_32_u/U0/i_synth/addsub_op/ADDSUB/dsp/OP/dsp48e1_body/ALIGN_ADD/DSP2/i_no_versal_es1_workaround/DSP/prcs_opmode_drc  File: C:/Xilinx/Vivado/2020.1/data/vhdl/src/unisims/primitive/DSP48E1.vhd
Warning: OPMODE Input Warning : The OPMODE 0110X0X with CARRYINSEL  000 to DSP48E1 instance is invalid.
Time: 19155 ns  Iteration: 11  Process: /apatb_uz_FOC_sample_top/AESL_inst_uz_FOC_sample/grp_uz_PI_Controller_sample_1_fu_256/faddfsub_32ns_32ns_32_4_full_dsp_1_U1/uz_FOC_sample_ap_faddfsub_2_full_dsp_32_u/U0/i_synth/addsub_op/ADDSUB/dsp/OP/dsp48e1_body/ALIGN_ADD/DSP2/i_no_versal_es1_workaround/DSP/prcs_opmode_drc  File: C:/Xilinx/Vivado/2020.1/data/vhdl/src/unisims/primitive/DSP48E1.vhd
Warning: OPMODE Input Warning : The OPMODE 0110X0X with CARRYINSEL  000 to DSP48E1 instance is invalid.
Time: 19225 ns  Iteration: 12  Process: /apatb_uz_FOC_sample_top/AESL_inst_uz_FOC_sample/grp_uz_PI_Controller_sample_1_fu_256/faddfsub_32ns_32ns_32_4_full_dsp_1_U1/uz_FOC_sample_ap_faddfsub_2_full_dsp_32_u/U0/i_synth/addsub_op/ADDSUB/dsp/OP/dsp48e1_body/ALIGN_ADD/DSP2/i_no_versal_es1_workaround/DSP/prcs_opmode_drc  File: C:/Xilinx/Vivado/2020.1/data/vhdl/src/unisims/primitive/DSP48E1.vhd
Warning: OPMODE Input Warning : The OPMODE 0110X0X with CARRYINSEL  000 to DSP48E1 instance is invalid.
Time: 19275 ns  Iteration: 11  Process: /apatb_uz_FOC_sample_top/AESL_inst_uz_FOC_sample/grp_uz_PI_Controller_sample_1_fu_256/faddfsub_32ns_32ns_32_4_full_dsp_1_U1/uz_FOC_sample_ap_faddfsub_2_full_dsp_32_u/U0/i_synth/addsub_op/ADDSUB/dsp/OP/dsp48e1_body/ALIGN_ADD/DSP2/i_no_versal_es1_workaround/DSP/prcs_opmode_drc  File: C:/Xilinx/Vivado/2020.1/data/vhdl/src/unisims/primitive/DSP48E1.vhd
Warning: OPMODE Input Warning : The OPMODE 0110X0X with CARRYINSEL  000 to DSP48E1 instance is invalid.
Time: 19345 ns  Iteration: 11  Process: /apatb_uz_FOC_sample_top/AESL_inst_uz_FOC_sample/grp_uz_PI_Controller_sample_1_fu_256/faddfsub_32ns_32ns_32_4_full_dsp_1_U1/uz_FOC_sample_ap_faddfsub_2_full_dsp_32_u/U0/i_synth/addsub_op/ADDSUB/dsp/OP/dsp48e1_body/ALIGN_ADD/DSP2/i_no_versal_es1_workaround/DSP/prcs_opmode_drc  File: C:/Xilinx/Vivado/2020.1/data/vhdl/src/unisims/primitive/DSP48E1.vhd
Warning: OPMODE Input Warning : The OPMODE 0110X0X with CARRYINSEL  000 to DSP48E1 instance is invalid.
Time: 19405 ns  Iteration: 11  Process: /apatb_uz_FOC_sample_top/AESL_inst_uz_FOC_sample/grp_uz_PI_Controller_sample_1_fu_256/faddfsub_32ns_32ns_32_4_full_dsp_1_U1/uz_FOC_sample_ap_faddfsub_2_full_dsp_32_u/U0/i_synth/addsub_op/ADDSUB/dsp/OP/dsp48e1_body/ALIGN_ADD/DSP2/i_no_versal_es1_workaround/DSP/prcs_opmode_drc  File: C:/Xilinx/Vivado/2020.1/data/vhdl/src/unisims/primitive/DSP48E1.vhd
Warning: OPMODE Input Warning : The OPMODE 0110X0X with CARRYINSEL  000 to DSP48E1 instance is invalid.
Time: 19515 ns  Iteration: 11  Process: /apatb_uz_FOC_sample_top/AESL_inst_uz_FOC_sample/grp_uz_PI_Controller_sample_1_fu_256/faddfsub_32ns_32ns_32_4_full_dsp_1_U1/uz_FOC_sample_ap_faddfsub_2_full_dsp_32_u/U0/i_synth/addsub_op/ADDSUB/dsp/OP/dsp48e1_body/ALIGN_ADD/DSP2/i_no_versal_es1_workaround/DSP/prcs_opmode_drc  File: C:/Xilinx/Vivado/2020.1/data/vhdl/src/unisims/primitive/DSP48E1.vhd
Warning: OPMODE Input Warning : The OPMODE 0110X0X with CARRYINSEL  000 to DSP48E1 instance is invalid.
Time: 19625 ns  Iteration: 12  Process: /apatb_uz_FOC_sample_top/AESL_inst_uz_FOC_sample/fadd_32ns_32ns_32_4_full_dsp_1_U68/uz_FOC_sample_ap_fadd_2_full_dsp_32_u/U0/i_synth/addsub_op/ADDSUB/dsp/OP/dsp48e1_body/ALIGN_ADD/DSP2/i_no_versal_es1_workaround/DSP/prcs_opmode_drc  File: C:/Xilinx/Vivado/2020.1/data/vhdl/src/unisims/primitive/DSP48E1.vhd
Warning: OPMODE Input Warning : The OPMODE 0110X0X with CARRYINSEL  000 to DSP48E1 instance is invalid.
Time: 19655 ns  Iteration: 12  Process: /apatb_uz_FOC_sample_top/AESL_inst_uz_FOC_sample/fadd_32ns_32ns_32_4_full_dsp_1_U68/uz_FOC_sample_ap_fadd_2_full_dsp_32_u/U0/i_synth/addsub_op/ADDSUB/dsp/OP/dsp48e1_body/ALIGN_ADD/DSP2/i_no_versal_es1_workaround/DSP/prcs_opmode_drc  File: C:/Xilinx/Vivado/2020.1/data/vhdl/src/unisims/primitive/DSP48E1.vhd
Warning: OPMODE Input Warning : The OPMODE 0110X0X with CARRYINSEL  000 to DSP48E1 instance is invalid.
Time: 19695 ns  Iteration: 11  Process: /apatb_uz_FOC_sample_top/AESL_inst_uz_FOC_sample/fadd_32ns_32ns_32_4_full_dsp_1_U68/uz_FOC_sample_ap_fadd_2_full_dsp_32_u/U0/i_synth/addsub_op/ADDSUB/dsp/OP/dsp48e1_body/ALIGN_ADD/DSP2/i_no_versal_es1_workaround/DSP/prcs_opmode_drc  File: C:/Xilinx/Vivado/2020.1/data/vhdl/src/unisims/primitive/DSP48E1.vhd
Warning: OPMODE Input Warning : The OPMODE 0110X0X with CARRYINSEL  000 to DSP48E1 instance is invalid.
Time: 19905 ns  Iteration: 11  Process: /apatb_uz_FOC_sample_top/AESL_inst_uz_FOC_sample/grp_uz_FOC_SpaceVector_Limitation_1_fu_231/faddfsub_32ns_32ns_32_4_full_dsp_1_U50/uz_FOC_sample_ap_faddfsub_2_full_dsp_32_u/U0/i_synth/addsub_op/ADDSUB/dsp/OP/dsp48e1_body/ALIGN_ADD/DSP2/i_no_versal_es1_workaround/DSP/prcs_opmode_drc  File: C:/Xilinx/Vivado/2020.1/data/vhdl/src/unisims/primitive/DSP48E1.vhd
// RTL Simulation : 5 / 11 [86.54%] @ "21635000"
Warning: OPMODE Input Warning : The OPMODE 0110X0X with CARRYINSEL  000 to DSP48E1 instance is invalid.
Time: 23125 ns  Iteration: 11  Process: /apatb_uz_FOC_sample_top/AESL_inst_uz_FOC_sample/grp_uz_PI_Controller_sample_1_fu_256/faddfsub_32ns_32ns_32_4_full_dsp_1_U1/uz_FOC_sample_ap_faddfsub_2_full_dsp_32_u/U0/i_synth/addsub_op/ADDSUB/dsp/OP/dsp48e1_body/ALIGN_ADD/DSP2/i_no_versal_es1_workaround/DSP/prcs_opmode_drc  File: C:/Xilinx/Vivado/2020.1/data/vhdl/src/unisims/primitive/DSP48E1.vhd
Warning: OPMODE Input Warning : The OPMODE 0110X0X with CARRYINSEL  000 to DSP48E1 instance is invalid.
Time: 23195 ns  Iteration: 11  Process: /apatb_uz_FOC_sample_top/AESL_inst_uz_FOC_sample/grp_uz_PI_Controller_sample_1_fu_256/faddfsub_32ns_32ns_32_4_full_dsp_1_U1/uz_FOC_sample_ap_faddfsub_2_full_dsp_32_u/U0/i_synth/addsub_op/ADDSUB/dsp/OP/dsp48e1_body/ALIGN_ADD/DSP2/i_no_versal_es1_workaround/DSP/prcs_opmode_drc  File: C:/Xilinx/Vivado/2020.1/data/vhdl/src/unisims/primitive/DSP48E1.vhd
Warning: OPMODE Input Warning : The OPMODE 0110X0X with CARRYINSEL  000 to DSP48E1 instance is invalid.
Time: 23255 ns  Iteration: 11  Process: /apatb_uz_FOC_sample_top/AESL_inst_uz_FOC_sample/grp_uz_PI_Controller_sample_1_fu_256/faddfsub_32ns_32ns_32_4_full_dsp_1_U1/uz_FOC_sample_ap_faddfsub_2_full_dsp_32_u/U0/i_synth/addsub_op/ADDSUB/dsp/OP/dsp48e1_body/ALIGN_ADD/DSP2/i_no_versal_es1_workaround/DSP/prcs_opmode_drc  File: C:/Xilinx/Vivado/2020.1/data/vhdl/src/unisims/primitive/DSP48E1.vhd
Warning: OPMODE Input Warning : The OPMODE 0110X0X with CARRYINSEL  000 to DSP48E1 instance is invalid.
Time: 23325 ns  Iteration: 12  Process: /apatb_uz_FOC_sample_top/AESL_inst_uz_FOC_sample/grp_uz_PI_Controller_sample_1_fu_256/faddfsub_32ns_32ns_32_4_full_dsp_1_U1/uz_FOC_sample_ap_faddfsub_2_full_dsp_32_u/U0/i_synth/addsub_op/ADDSUB/dsp/OP/dsp48e1_body/ALIGN_ADD/DSP2/i_no_versal_es1_workaround/DSP/prcs_opmode_drc  File: C:/Xilinx/Vivado/2020.1/data/vhdl/src/unisims/primitive/DSP48E1.vhd
Warning: OPMODE Input Warning : The OPMODE 0110X0X with CARRYINSEL  000 to DSP48E1 instance is invalid.
Time: 23375 ns  Iteration: 11  Process: /apatb_uz_FOC_sample_top/AESL_inst_uz_FOC_sample/grp_uz_PI_Controller_sample_1_fu_256/faddfsub_32ns_32ns_32_4_full_dsp_1_U1/uz_FOC_sample_ap_faddfsub_2_full_dsp_32_u/U0/i_synth/addsub_op/ADDSUB/dsp/OP/dsp48e1_body/ALIGN_ADD/DSP2/i_no_versal_es1_workaround/DSP/prcs_opmode_drc  File: C:/Xilinx/Vivado/2020.1/data/vhdl/src/unisims/primitive/DSP48E1.vhd
Warning: OPMODE Input Warning : The OPMODE 0110X0X with CARRYINSEL  000 to DSP48E1 instance is invalid.
Time: 23445 ns  Iteration: 11  Process: /apatb_uz_FOC_sample_top/AESL_inst_uz_FOC_sample/grp_uz_PI_Controller_sample_1_fu_256/faddfsub_32ns_32ns_32_4_full_dsp_1_U1/uz_FOC_sample_ap_faddfsub_2_full_dsp_32_u/U0/i_synth/addsub_op/ADDSUB/dsp/OP/dsp48e1_body/ALIGN_ADD/DSP2/i_no_versal_es1_workaround/DSP/prcs_opmode_drc  File: C:/Xilinx/Vivado/2020.1/data/vhdl/src/unisims/primitive/DSP48E1.vhd
Warning: OPMODE Input Warning : The OPMODE 0110X0X with CARRYINSEL  000 to DSP48E1 instance is invalid.
Time: 23505 ns  Iteration: 11  Process: /apatb_uz_FOC_sample_top/AESL_inst_uz_FOC_sample/grp_uz_PI_Controller_sample_1_fu_256/faddfsub_32ns_32ns_32_4_full_dsp_1_U1/uz_FOC_sample_ap_faddfsub_2_full_dsp_32_u/U0/i_synth/addsub_op/ADDSUB/dsp/OP/dsp48e1_body/ALIGN_ADD/DSP2/i_no_versal_es1_workaround/DSP/prcs_opmode_drc  File: C:/Xilinx/Vivado/2020.1/data/vhdl/src/unisims/primitive/DSP48E1.vhd
Warning: OPMODE Input Warning : The OPMODE 0110X0X with CARRYINSEL  000 to DSP48E1 instance is invalid.
Time: 23615 ns  Iteration: 11  Process: /apatb_uz_FOC_sample_top/AESL_inst_uz_FOC_sample/grp_uz_PI_Controller_sample_1_fu_256/faddfsub_32ns_32ns_32_4_full_dsp_1_U1/uz_FOC_sample_ap_faddfsub_2_full_dsp_32_u/U0/i_synth/addsub_op/ADDSUB/dsp/OP/dsp48e1_body/ALIGN_ADD/DSP2/i_no_versal_es1_workaround/DSP/prcs_opmode_drc  File: C:/Xilinx/Vivado/2020.1/data/vhdl/src/unisims/primitive/DSP48E1.vhd
Warning: OPMODE Input Warning : The OPMODE 0110X0X with CARRYINSEL  000 to DSP48E1 instance is invalid.
Time: 23725 ns  Iteration: 12  Process: /apatb_uz_FOC_sample_top/AESL_inst_uz_FOC_sample/fadd_32ns_32ns_32_4_full_dsp_1_U68/uz_FOC_sample_ap_fadd_2_full_dsp_32_u/U0/i_synth/addsub_op/ADDSUB/dsp/OP/dsp48e1_body/ALIGN_ADD/DSP2/i_no_versal_es1_workaround/DSP/prcs_opmode_drc  File: C:/Xilinx/Vivado/2020.1/data/vhdl/src/unisims/primitive/DSP48E1.vhd
Warning: OPMODE Input Warning : The OPMODE 0110X0X with CARRYINSEL  000 to DSP48E1 instance is invalid.
Time: 23755 ns  Iteration: 12  Process: /apatb_uz_FOC_sample_top/AESL_inst_uz_FOC_sample/fadd_32ns_32ns_32_4_full_dsp_1_U68/uz_FOC_sample_ap_fadd_2_full_dsp_32_u/U0/i_synth/addsub_op/ADDSUB/dsp/OP/dsp48e1_body/ALIGN_ADD/DSP2/i_no_versal_es1_workaround/DSP/prcs_opmode_drc  File: C:/Xilinx/Vivado/2020.1/data/vhdl/src/unisims/primitive/DSP48E1.vhd
Warning: OPMODE Input Warning : The OPMODE 0110X0X with CARRYINSEL  000 to DSP48E1 instance is invalid.
Time: 23795 ns  Iteration: 11  Process: /apatb_uz_FOC_sample_top/AESL_inst_uz_FOC_sample/fadd_32ns_32ns_32_4_full_dsp_1_U68/uz_FOC_sample_ap_fadd_2_full_dsp_32_u/U0/i_synth/addsub_op/ADDSUB/dsp/OP/dsp48e1_body/ALIGN_ADD/DSP2/i_no_versal_es1_workaround/DSP/prcs_opmode_drc  File: C:/Xilinx/Vivado/2020.1/data/vhdl/src/unisims/primitive/DSP48E1.vhd
Warning: OPMODE Input Warning : The OPMODE 0110X0X with CARRYINSEL  000 to DSP48E1 instance is invalid.
Time: 24005 ns  Iteration: 11  Process: /apatb_uz_FOC_sample_top/AESL_inst_uz_FOC_sample/grp_uz_FOC_SpaceVector_Limitation_1_fu_231/faddfsub_32ns_32ns_32_4_full_dsp_1_U50/uz_FOC_sample_ap_faddfsub_2_full_dsp_32_u/U0/i_synth/addsub_op/ADDSUB/dsp/OP/dsp48e1_body/ALIGN_ADD/DSP2/i_no_versal_es1_workaround/DSP/prcs_opmode_drc  File: C:/Xilinx/Vivado/2020.1/data/vhdl/src/unisims/primitive/DSP48E1.vhd
// RTL Simulation : 6 / 11 [86.54%] @ "25735000"
Warning: OPMODE Input Warning : The OPMODE 0110X0X with CARRYINSEL  000 to DSP48E1 instance is invalid.
Time: 27225 ns  Iteration: 11  Process: /apatb_uz_FOC_sample_top/AESL_inst_uz_FOC_sample/grp_uz_PI_Controller_sample_1_fu_256/faddfsub_32ns_32ns_32_4_full_dsp_1_U1/uz_FOC_sample_ap_faddfsub_2_full_dsp_32_u/U0/i_synth/addsub_op/ADDSUB/dsp/OP/dsp48e1_body/ALIGN_ADD/DSP2/i_no_versal_es1_workaround/DSP/prcs_opmode_drc  File: C:/Xilinx/Vivado/2020.1/data/vhdl/src/unisims/primitive/DSP48E1.vhd
Warning: OPMODE Input Warning : The OPMODE 0110X0X with CARRYINSEL  000 to DSP48E1 instance is invalid.
Time: 27295 ns  Iteration: 11  Process: /apatb_uz_FOC_sample_top/AESL_inst_uz_FOC_sample/grp_uz_PI_Controller_sample_1_fu_256/faddfsub_32ns_32ns_32_4_full_dsp_1_U1/uz_FOC_sample_ap_faddfsub_2_full_dsp_32_u/U0/i_synth/addsub_op/ADDSUB/dsp/OP/dsp48e1_body/ALIGN_ADD/DSP2/i_no_versal_es1_workaround/DSP/prcs_opmode_drc  File: C:/Xilinx/Vivado/2020.1/data/vhdl/src/unisims/primitive/DSP48E1.vhd
Warning: OPMODE Input Warning : The OPMODE 0110X0X with CARRYINSEL  000 to DSP48E1 instance is invalid.
Time: 27355 ns  Iteration: 11  Process: /apatb_uz_FOC_sample_top/AESL_inst_uz_FOC_sample/grp_uz_PI_Controller_sample_1_fu_256/faddfsub_32ns_32ns_32_4_full_dsp_1_U1/uz_FOC_sample_ap_faddfsub_2_full_dsp_32_u/U0/i_synth/addsub_op/ADDSUB/dsp/OP/dsp48e1_body/ALIGN_ADD/DSP2/i_no_versal_es1_workaround/DSP/prcs_opmode_drc  File: C:/Xilinx/Vivado/2020.1/data/vhdl/src/unisims/primitive/DSP48E1.vhd
Warning: OPMODE Input Warning : The OPMODE 0110X0X with CARRYINSEL  000 to DSP48E1 instance is invalid.
Time: 27425 ns  Iteration: 12  Process: /apatb_uz_FOC_sample_top/AESL_inst_uz_FOC_sample/grp_uz_PI_Controller_sample_1_fu_256/faddfsub_32ns_32ns_32_4_full_dsp_1_U1/uz_FOC_sample_ap_faddfsub_2_full_dsp_32_u/U0/i_synth/addsub_op/ADDSUB/dsp/OP/dsp48e1_body/ALIGN_ADD/DSP2/i_no_versal_es1_workaround/DSP/prcs_opmode_drc  File: C:/Xilinx/Vivado/2020.1/data/vhdl/src/unisims/primitive/DSP48E1.vhd
Warning: OPMODE Input Warning : The OPMODE 0110X0X with CARRYINSEL  000 to DSP48E1 instance is invalid.
Time: 27475 ns  Iteration: 11  Process: /apatb_uz_FOC_sample_top/AESL_inst_uz_FOC_sample/grp_uz_PI_Controller_sample_1_fu_256/faddfsub_32ns_32ns_32_4_full_dsp_1_U1/uz_FOC_sample_ap_faddfsub_2_full_dsp_32_u/U0/i_synth/addsub_op/ADDSUB/dsp/OP/dsp48e1_body/ALIGN_ADD/DSP2/i_no_versal_es1_workaround/DSP/prcs_opmode_drc  File: C:/Xilinx/Vivado/2020.1/data/vhdl/src/unisims/primitive/DSP48E1.vhd
Warning: OPMODE Input Warning : The OPMODE 0110X0X with CARRYINSEL  000 to DSP48E1 instance is invalid.
Time: 27545 ns  Iteration: 11  Process: /apatb_uz_FOC_sample_top/AESL_inst_uz_FOC_sample/grp_uz_PI_Controller_sample_1_fu_256/faddfsub_32ns_32ns_32_4_full_dsp_1_U1/uz_FOC_sample_ap_faddfsub_2_full_dsp_32_u/U0/i_synth/addsub_op/ADDSUB/dsp/OP/dsp48e1_body/ALIGN_ADD/DSP2/i_no_versal_es1_workaround/DSP/prcs_opmode_drc  File: C:/Xilinx/Vivado/2020.1/data/vhdl/src/unisims/primitive/DSP48E1.vhd
Warning: OPMODE Input Warning : The OPMODE 0110X0X with CARRYINSEL  000 to DSP48E1 instance is invalid.
Time: 27605 ns  Iteration: 11  Process: /apatb_uz_FOC_sample_top/AESL_inst_uz_FOC_sample/grp_uz_PI_Controller_sample_1_fu_256/faddfsub_32ns_32ns_32_4_full_dsp_1_U1/uz_FOC_sample_ap_faddfsub_2_full_dsp_32_u/U0/i_synth/addsub_op/ADDSUB/dsp/OP/dsp48e1_body/ALIGN_ADD/DSP2/i_no_versal_es1_workaround/DSP/prcs_opmode_drc  File: C:/Xilinx/Vivado/2020.1/data/vhdl/src/unisims/primitive/DSP48E1.vhd
Warning: OPMODE Input Warning : The OPMODE 0110X0X with CARRYINSEL  000 to DSP48E1 instance is invalid.
Time: 27715 ns  Iteration: 11  Process: /apatb_uz_FOC_sample_top/AESL_inst_uz_FOC_sample/grp_uz_PI_Controller_sample_1_fu_256/faddfsub_32ns_32ns_32_4_full_dsp_1_U1/uz_FOC_sample_ap_faddfsub_2_full_dsp_32_u/U0/i_synth/addsub_op/ADDSUB/dsp/OP/dsp48e1_body/ALIGN_ADD/DSP2/i_no_versal_es1_workaround/DSP/prcs_opmode_drc  File: C:/Xilinx/Vivado/2020.1/data/vhdl/src/unisims/primitive/DSP48E1.vhd
Warning: OPMODE Input Warning : The OPMODE 0110X0X with CARRYINSEL  000 to DSP48E1 instance is invalid.
Time: 27825 ns  Iteration: 12  Process: /apatb_uz_FOC_sample_top/AESL_inst_uz_FOC_sample/fadd_32ns_32ns_32_4_full_dsp_1_U68/uz_FOC_sample_ap_fadd_2_full_dsp_32_u/U0/i_synth/addsub_op/ADDSUB/dsp/OP/dsp48e1_body/ALIGN_ADD/DSP2/i_no_versal_es1_workaround/DSP/prcs_opmode_drc  File: C:/Xilinx/Vivado/2020.1/data/vhdl/src/unisims/primitive/DSP48E1.vhd
Warning: OPMODE Input Warning : The OPMODE 0110X0X with CARRYINSEL  000 to DSP48E1 instance is invalid.
Time: 27855 ns  Iteration: 12  Process: /apatb_uz_FOC_sample_top/AESL_inst_uz_FOC_sample/fadd_32ns_32ns_32_4_full_dsp_1_U68/uz_FOC_sample_ap_fadd_2_full_dsp_32_u/U0/i_synth/addsub_op/ADDSUB/dsp/OP/dsp48e1_body/ALIGN_ADD/DSP2/i_no_versal_es1_workaround/DSP/prcs_opmode_drc  File: C:/Xilinx/Vivado/2020.1/data/vhdl/src/unisims/primitive/DSP48E1.vhd
Warning: OPMODE Input Warning : The OPMODE 0110X0X with CARRYINSEL  000 to DSP48E1 instance is invalid.
Time: 27895 ns  Iteration: 11  Process: /apatb_uz_FOC_sample_top/AESL_inst_uz_FOC_sample/fadd_32ns_32ns_32_4_full_dsp_1_U68/uz_FOC_sample_ap_fadd_2_full_dsp_32_u/U0/i_synth/addsub_op/ADDSUB/dsp/OP/dsp48e1_body/ALIGN_ADD/DSP2/i_no_versal_es1_workaround/DSP/prcs_opmode_drc  File: C:/Xilinx/Vivado/2020.1/data/vhdl/src/unisims/primitive/DSP48E1.vhd
Warning: OPMODE Input Warning : The OPMODE 0110X0X with CARRYINSEL  000 to DSP48E1 instance is invalid.
Time: 28105 ns  Iteration: 11  Process: /apatb_uz_FOC_sample_top/AESL_inst_uz_FOC_sample/grp_uz_FOC_SpaceVector_Limitation_1_fu_231/faddfsub_32ns_32ns_32_4_full_dsp_1_U50/uz_FOC_sample_ap_faddfsub_2_full_dsp_32_u/U0/i_synth/addsub_op/ADDSUB/dsp/OP/dsp48e1_body/ALIGN_ADD/DSP2/i_no_versal_es1_workaround/DSP/prcs_opmode_drc  File: C:/Xilinx/Vivado/2020.1/data/vhdl/src/unisims/primitive/DSP48E1.vhd
// RTL Simulation : 7 / 11 [86.54%] @ "29835000"
Warning: OPMODE Input Warning : The OPMODE 0110X0X with CARRYINSEL  000 to DSP48E1 instance is invalid.
Time: 31325 ns  Iteration: 11  Process: /apatb_uz_FOC_sample_top/AESL_inst_uz_FOC_sample/grp_uz_PI_Controller_sample_1_fu_256/faddfsub_32ns_32ns_32_4_full_dsp_1_U1/uz_FOC_sample_ap_faddfsub_2_full_dsp_32_u/U0/i_synth/addsub_op/ADDSUB/dsp/OP/dsp48e1_body/ALIGN_ADD/DSP2/i_no_versal_es1_workaround/DSP/prcs_opmode_drc  File: C:/Xilinx/Vivado/2020.1/data/vhdl/src/unisims/primitive/DSP48E1.vhd
Warning: OPMODE Input Warning : The OPMODE 0110X0X with CARRYINSEL  000 to DSP48E1 instance is invalid.
Time: 31395 ns  Iteration: 11  Process: /apatb_uz_FOC_sample_top/AESL_inst_uz_FOC_sample/grp_uz_PI_Controller_sample_1_fu_256/faddfsub_32ns_32ns_32_4_full_dsp_1_U1/uz_FOC_sample_ap_faddfsub_2_full_dsp_32_u/U0/i_synth/addsub_op/ADDSUB/dsp/OP/dsp48e1_body/ALIGN_ADD/DSP2/i_no_versal_es1_workaround/DSP/prcs_opmode_drc  File: C:/Xilinx/Vivado/2020.1/data/vhdl/src/unisims/primitive/DSP48E1.vhd
Warning: OPMODE Input Warning : The OPMODE 0110X0X with CARRYINSEL  000 to DSP48E1 instance is invalid.
Time: 31455 ns  Iteration: 11  Process: /apatb_uz_FOC_sample_top/AESL_inst_uz_FOC_sample/grp_uz_PI_Controller_sample_1_fu_256/faddfsub_32ns_32ns_32_4_full_dsp_1_U1/uz_FOC_sample_ap_faddfsub_2_full_dsp_32_u/U0/i_synth/addsub_op/ADDSUB/dsp/OP/dsp48e1_body/ALIGN_ADD/DSP2/i_no_versal_es1_workaround/DSP/prcs_opmode_drc  File: C:/Xilinx/Vivado/2020.1/data/vhdl/src/unisims/primitive/DSP48E1.vhd
Warning: OPMODE Input Warning : The OPMODE 0110X0X with CARRYINSEL  000 to DSP48E1 instance is invalid.
Time: 31525 ns  Iteration: 12  Process: /apatb_uz_FOC_sample_top/AESL_inst_uz_FOC_sample/grp_uz_PI_Controller_sample_1_fu_256/faddfsub_32ns_32ns_32_4_full_dsp_1_U1/uz_FOC_sample_ap_faddfsub_2_full_dsp_32_u/U0/i_synth/addsub_op/ADDSUB/dsp/OP/dsp48e1_body/ALIGN_ADD/DSP2/i_no_versal_es1_workaround/DSP/prcs_opmode_drc  File: C:/Xilinx/Vivado/2020.1/data/vhdl/src/unisims/primitive/DSP48E1.vhd
Warning: OPMODE Input Warning : The OPMODE 0110X0X with CARRYINSEL  000 to DSP48E1 instance is invalid.
Time: 31575 ns  Iteration: 11  Process: /apatb_uz_FOC_sample_top/AESL_inst_uz_FOC_sample/grp_uz_PI_Controller_sample_1_fu_256/faddfsub_32ns_32ns_32_4_full_dsp_1_U1/uz_FOC_sample_ap_faddfsub_2_full_dsp_32_u/U0/i_synth/addsub_op/ADDSUB/dsp/OP/dsp48e1_body/ALIGN_ADD/DSP2/i_no_versal_es1_workaround/DSP/prcs_opmode_drc  File: C:/Xilinx/Vivado/2020.1/data/vhdl/src/unisims/primitive/DSP48E1.vhd
Warning: OPMODE Input Warning : The OPMODE 0110X0X with CARRYINSEL  000 to DSP48E1 instance is invalid.
Time: 31645 ns  Iteration: 11  Process: /apatb_uz_FOC_sample_top/AESL_inst_uz_FOC_sample/grp_uz_PI_Controller_sample_1_fu_256/faddfsub_32ns_32ns_32_4_full_dsp_1_U1/uz_FOC_sample_ap_faddfsub_2_full_dsp_32_u/U0/i_synth/addsub_op/ADDSUB/dsp/OP/dsp48e1_body/ALIGN_ADD/DSP2/i_no_versal_es1_workaround/DSP/prcs_opmode_drc  File: C:/Xilinx/Vivado/2020.1/data/vhdl/src/unisims/primitive/DSP48E1.vhd
Warning: OPMODE Input Warning : The OPMODE 0110X0X with CARRYINSEL  000 to DSP48E1 instance is invalid.
Time: 31705 ns  Iteration: 11  Process: /apatb_uz_FOC_sample_top/AESL_inst_uz_FOC_sample/grp_uz_PI_Controller_sample_1_fu_256/faddfsub_32ns_32ns_32_4_full_dsp_1_U1/uz_FOC_sample_ap_faddfsub_2_full_dsp_32_u/U0/i_synth/addsub_op/ADDSUB/dsp/OP/dsp48e1_body/ALIGN_ADD/DSP2/i_no_versal_es1_workaround/DSP/prcs_opmode_drc  File: C:/Xilinx/Vivado/2020.1/data/vhdl/src/unisims/primitive/DSP48E1.vhd
Warning: OPMODE Input Warning : The OPMODE 0110X0X with CARRYINSEL  000 to DSP48E1 instance is invalid.
Time: 31815 ns  Iteration: 11  Process: /apatb_uz_FOC_sample_top/AESL_inst_uz_FOC_sample/grp_uz_PI_Controller_sample_1_fu_256/faddfsub_32ns_32ns_32_4_full_dsp_1_U1/uz_FOC_sample_ap_faddfsub_2_full_dsp_32_u/U0/i_synth/addsub_op/ADDSUB/dsp/OP/dsp48e1_body/ALIGN_ADD/DSP2/i_no_versal_es1_workaround/DSP/prcs_opmode_drc  File: C:/Xilinx/Vivado/2020.1/data/vhdl/src/unisims/primitive/DSP48E1.vhd
Warning: OPMODE Input Warning : The OPMODE 0110X0X with CARRYINSEL  000 to DSP48E1 instance is invalid.
Time: 31925 ns  Iteration: 12  Process: /apatb_uz_FOC_sample_top/AESL_inst_uz_FOC_sample/fadd_32ns_32ns_32_4_full_dsp_1_U68/uz_FOC_sample_ap_fadd_2_full_dsp_32_u/U0/i_synth/addsub_op/ADDSUB/dsp/OP/dsp48e1_body/ALIGN_ADD/DSP2/i_no_versal_es1_workaround/DSP/prcs_opmode_drc  File: C:/Xilinx/Vivado/2020.1/data/vhdl/src/unisims/primitive/DSP48E1.vhd
Warning: OPMODE Input Warning : The OPMODE 0110X0X with CARRYINSEL  000 to DSP48E1 instance is invalid.
Time: 31955 ns  Iteration: 12  Process: /apatb_uz_FOC_sample_top/AESL_inst_uz_FOC_sample/fadd_32ns_32ns_32_4_full_dsp_1_U68/uz_FOC_sample_ap_fadd_2_full_dsp_32_u/U0/i_synth/addsub_op/ADDSUB/dsp/OP/dsp48e1_body/ALIGN_ADD/DSP2/i_no_versal_es1_workaround/DSP/prcs_opmode_drc  File: C:/Xilinx/Vivado/2020.1/data/vhdl/src/unisims/primitive/DSP48E1.vhd
Warning: OPMODE Input Warning : The OPMODE 0110X0X with CARRYINSEL  000 to DSP48E1 instance is invalid.
Time: 31995 ns  Iteration: 11  Process: /apatb_uz_FOC_sample_top/AESL_inst_uz_FOC_sample/fadd_32ns_32ns_32_4_full_dsp_1_U68/uz_FOC_sample_ap_fadd_2_full_dsp_32_u/U0/i_synth/addsub_op/ADDSUB/dsp/OP/dsp48e1_body/ALIGN_ADD/DSP2/i_no_versal_es1_workaround/DSP/prcs_opmode_drc  File: C:/Xilinx/Vivado/2020.1/data/vhdl/src/unisims/primitive/DSP48E1.vhd
Warning: OPMODE Input Warning : The OPMODE 0110X0X with CARRYINSEL  000 to DSP48E1 instance is invalid.
Time: 32205 ns  Iteration: 11  Process: /apatb_uz_FOC_sample_top/AESL_inst_uz_FOC_sample/grp_uz_FOC_SpaceVector_Limitation_1_fu_231/faddfsub_32ns_32ns_32_4_full_dsp_1_U50/uz_FOC_sample_ap_faddfsub_2_full_dsp_32_u/U0/i_synth/addsub_op/ADDSUB/dsp/OP/dsp48e1_body/ALIGN_ADD/DSP2/i_no_versal_es1_workaround/DSP/prcs_opmode_drc  File: C:/Xilinx/Vivado/2020.1/data/vhdl/src/unisims/primitive/DSP48E1.vhd
// RTL Simulation : 8 / 11 [86.54%] @ "33935000"
Warning: OPMODE Input Warning : The OPMODE 0110X0X with CARRYINSEL  000 to DSP48E1 instance is invalid.
Time: 35425 ns  Iteration: 11  Process: /apatb_uz_FOC_sample_top/AESL_inst_uz_FOC_sample/grp_uz_PI_Controller_sample_1_fu_256/faddfsub_32ns_32ns_32_4_full_dsp_1_U1/uz_FOC_sample_ap_faddfsub_2_full_dsp_32_u/U0/i_synth/addsub_op/ADDSUB/dsp/OP/dsp48e1_body/ALIGN_ADD/DSP2/i_no_versal_es1_workaround/DSP/prcs_opmode_drc  File: C:/Xilinx/Vivado/2020.1/data/vhdl/src/unisims/primitive/DSP48E1.vhd
Warning: OPMODE Input Warning : The OPMODE 0110X0X with CARRYINSEL  000 to DSP48E1 instance is invalid.
Time: 35495 ns  Iteration: 11  Process: /apatb_uz_FOC_sample_top/AESL_inst_uz_FOC_sample/grp_uz_PI_Controller_sample_1_fu_256/faddfsub_32ns_32ns_32_4_full_dsp_1_U1/uz_FOC_sample_ap_faddfsub_2_full_dsp_32_u/U0/i_synth/addsub_op/ADDSUB/dsp/OP/dsp48e1_body/ALIGN_ADD/DSP2/i_no_versal_es1_workaround/DSP/prcs_opmode_drc  File: C:/Xilinx/Vivado/2020.1/data/vhdl/src/unisims/primitive/DSP48E1.vhd
Warning: OPMODE Input Warning : The OPMODE 0110X0X with CARRYINSEL  000 to DSP48E1 instance is invalid.
Time: 35555 ns  Iteration: 11  Process: /apatb_uz_FOC_sample_top/AESL_inst_uz_FOC_sample/grp_uz_PI_Controller_sample_1_fu_256/faddfsub_32ns_32ns_32_4_full_dsp_1_U1/uz_FOC_sample_ap_faddfsub_2_full_dsp_32_u/U0/i_synth/addsub_op/ADDSUB/dsp/OP/dsp48e1_body/ALIGN_ADD/DSP2/i_no_versal_es1_workaround/DSP/prcs_opmode_drc  File: C:/Xilinx/Vivado/2020.1/data/vhdl/src/unisims/primitive/DSP48E1.vhd
Warning: OPMODE Input Warning : The OPMODE 0110X0X with CARRYINSEL  000 to DSP48E1 instance is invalid.
Time: 35625 ns  Iteration: 12  Process: /apatb_uz_FOC_sample_top/AESL_inst_uz_FOC_sample/grp_uz_PI_Controller_sample_1_fu_256/faddfsub_32ns_32ns_32_4_full_dsp_1_U1/uz_FOC_sample_ap_faddfsub_2_full_dsp_32_u/U0/i_synth/addsub_op/ADDSUB/dsp/OP/dsp48e1_body/ALIGN_ADD/DSP2/i_no_versal_es1_workaround/DSP/prcs_opmode_drc  File: C:/Xilinx/Vivado/2020.1/data/vhdl/src/unisims/primitive/DSP48E1.vhd
Warning: OPMODE Input Warning : The OPMODE 0110X0X with CARRYINSEL  000 to DSP48E1 instance is invalid.
Time: 35675 ns  Iteration: 11  Process: /apatb_uz_FOC_sample_top/AESL_inst_uz_FOC_sample/grp_uz_PI_Controller_sample_1_fu_256/faddfsub_32ns_32ns_32_4_full_dsp_1_U1/uz_FOC_sample_ap_faddfsub_2_full_dsp_32_u/U0/i_synth/addsub_op/ADDSUB/dsp/OP/dsp48e1_body/ALIGN_ADD/DSP2/i_no_versal_es1_workaround/DSP/prcs_opmode_drc  File: C:/Xilinx/Vivado/2020.1/data/vhdl/src/unisims/primitive/DSP48E1.vhd
Warning: OPMODE Input Warning : The OPMODE 0110X0X with CARRYINSEL  000 to DSP48E1 instance is invalid.
Time: 35745 ns  Iteration: 11  Process: /apatb_uz_FOC_sample_top/AESL_inst_uz_FOC_sample/grp_uz_PI_Controller_sample_1_fu_256/faddfsub_32ns_32ns_32_4_full_dsp_1_U1/uz_FOC_sample_ap_faddfsub_2_full_dsp_32_u/U0/i_synth/addsub_op/ADDSUB/dsp/OP/dsp48e1_body/ALIGN_ADD/DSP2/i_no_versal_es1_workaround/DSP/prcs_opmode_drc  File: C:/Xilinx/Vivado/2020.1/data/vhdl/src/unisims/primitive/DSP48E1.vhd
Warning: OPMODE Input Warning : The OPMODE 0110X0X with CARRYINSEL  000 to DSP48E1 instance is invalid.
Time: 35805 ns  Iteration: 11  Process: /apatb_uz_FOC_sample_top/AESL_inst_uz_FOC_sample/grp_uz_PI_Controller_sample_1_fu_256/faddfsub_32ns_32ns_32_4_full_dsp_1_U1/uz_FOC_sample_ap_faddfsub_2_full_dsp_32_u/U0/i_synth/addsub_op/ADDSUB/dsp/OP/dsp48e1_body/ALIGN_ADD/DSP2/i_no_versal_es1_workaround/DSP/prcs_opmode_drc  File: C:/Xilinx/Vivado/2020.1/data/vhdl/src/unisims/primitive/DSP48E1.vhd
Warning: OPMODE Input Warning : The OPMODE 0110X0X with CARRYINSEL  000 to DSP48E1 instance is invalid.
Time: 35915 ns  Iteration: 11  Process: /apatb_uz_FOC_sample_top/AESL_inst_uz_FOC_sample/grp_uz_PI_Controller_sample_1_fu_256/faddfsub_32ns_32ns_32_4_full_dsp_1_U1/uz_FOC_sample_ap_faddfsub_2_full_dsp_32_u/U0/i_synth/addsub_op/ADDSUB/dsp/OP/dsp48e1_body/ALIGN_ADD/DSP2/i_no_versal_es1_workaround/DSP/prcs_opmode_drc  File: C:/Xilinx/Vivado/2020.1/data/vhdl/src/unisims/primitive/DSP48E1.vhd
Warning: OPMODE Input Warning : The OPMODE 0110X0X with CARRYINSEL  000 to DSP48E1 instance is invalid.
Time: 36025 ns  Iteration: 12  Process: /apatb_uz_FOC_sample_top/AESL_inst_uz_FOC_sample/fadd_32ns_32ns_32_4_full_dsp_1_U68/uz_FOC_sample_ap_fadd_2_full_dsp_32_u/U0/i_synth/addsub_op/ADDSUB/dsp/OP/dsp48e1_body/ALIGN_ADD/DSP2/i_no_versal_es1_workaround/DSP/prcs_opmode_drc  File: C:/Xilinx/Vivado/2020.1/data/vhdl/src/unisims/primitive/DSP48E1.vhd
Warning: OPMODE Input Warning : The OPMODE 0110X0X with CARRYINSEL  000 to DSP48E1 instance is invalid.
Time: 36055 ns  Iteration: 12  Process: /apatb_uz_FOC_sample_top/AESL_inst_uz_FOC_sample/fadd_32ns_32ns_32_4_full_dsp_1_U68/uz_FOC_sample_ap_fadd_2_full_dsp_32_u/U0/i_synth/addsub_op/ADDSUB/dsp/OP/dsp48e1_body/ALIGN_ADD/DSP2/i_no_versal_es1_workaround/DSP/prcs_opmode_drc  File: C:/Xilinx/Vivado/2020.1/data/vhdl/src/unisims/primitive/DSP48E1.vhd
Warning: OPMODE Input Warning : The OPMODE 0110X0X with CARRYINSEL  000 to DSP48E1 instance is invalid.
Time: 36095 ns  Iteration: 11  Process: /apatb_uz_FOC_sample_top/AESL_inst_uz_FOC_sample/fadd_32ns_32ns_32_4_full_dsp_1_U68/uz_FOC_sample_ap_fadd_2_full_dsp_32_u/U0/i_synth/addsub_op/ADDSUB/dsp/OP/dsp48e1_body/ALIGN_ADD/DSP2/i_no_versal_es1_workaround/DSP/prcs_opmode_drc  File: C:/Xilinx/Vivado/2020.1/data/vhdl/src/unisims/primitive/DSP48E1.vhd
Warning: OPMODE Input Warning : The OPMODE 0110X0X with CARRYINSEL  000 to DSP48E1 instance is invalid.
Time: 36305 ns  Iteration: 11  Process: /apatb_uz_FOC_sample_top/AESL_inst_uz_FOC_sample/grp_uz_FOC_SpaceVector_Limitation_1_fu_231/faddfsub_32ns_32ns_32_4_full_dsp_1_U50/uz_FOC_sample_ap_faddfsub_2_full_dsp_32_u/U0/i_synth/addsub_op/ADDSUB/dsp/OP/dsp48e1_body/ALIGN_ADD/DSP2/i_no_versal_es1_workaround/DSP/prcs_opmode_drc  File: C:/Xilinx/Vivado/2020.1/data/vhdl/src/unisims/primitive/DSP48E1.vhd
// RTL Simulation : 9 / 11 [86.54%] @ "38035000"
Warning: OPMODE Input Warning : The OPMODE 0110X0X with CARRYINSEL  000 to DSP48E1 instance is invalid.
Time: 39525 ns  Iteration: 11  Process: /apatb_uz_FOC_sample_top/AESL_inst_uz_FOC_sample/grp_uz_PI_Controller_sample_1_fu_256/faddfsub_32ns_32ns_32_4_full_dsp_1_U1/uz_FOC_sample_ap_faddfsub_2_full_dsp_32_u/U0/i_synth/addsub_op/ADDSUB/dsp/OP/dsp48e1_body/ALIGN_ADD/DSP2/i_no_versal_es1_workaround/DSP/prcs_opmode_drc  File: C:/Xilinx/Vivado/2020.1/data/vhdl/src/unisims/primitive/DSP48E1.vhd
Warning: OPMODE Input Warning : The OPMODE 0110X0X with CARRYINSEL  000 to DSP48E1 instance is invalid.
Time: 39595 ns  Iteration: 11  Process: /apatb_uz_FOC_sample_top/AESL_inst_uz_FOC_sample/grp_uz_PI_Controller_sample_1_fu_256/faddfsub_32ns_32ns_32_4_full_dsp_1_U1/uz_FOC_sample_ap_faddfsub_2_full_dsp_32_u/U0/i_synth/addsub_op/ADDSUB/dsp/OP/dsp48e1_body/ALIGN_ADD/DSP2/i_no_versal_es1_workaround/DSP/prcs_opmode_drc  File: C:/Xilinx/Vivado/2020.1/data/vhdl/src/unisims/primitive/DSP48E1.vhd
Warning: OPMODE Input Warning : The OPMODE 0110X0X with CARRYINSEL  000 to DSP48E1 instance is invalid.
Time: 39655 ns  Iteration: 11  Process: /apatb_uz_FOC_sample_top/AESL_inst_uz_FOC_sample/grp_uz_PI_Controller_sample_1_fu_256/faddfsub_32ns_32ns_32_4_full_dsp_1_U1/uz_FOC_sample_ap_faddfsub_2_full_dsp_32_u/U0/i_synth/addsub_op/ADDSUB/dsp/OP/dsp48e1_body/ALIGN_ADD/DSP2/i_no_versal_es1_workaround/DSP/prcs_opmode_drc  File: C:/Xilinx/Vivado/2020.1/data/vhdl/src/unisims/primitive/DSP48E1.vhd
Warning: OPMODE Input Warning : The OPMODE 0110X0X with CARRYINSEL  000 to DSP48E1 instance is invalid.
Time: 39725 ns  Iteration: 12  Process: /apatb_uz_FOC_sample_top/AESL_inst_uz_FOC_sample/grp_uz_PI_Controller_sample_1_fu_256/faddfsub_32ns_32ns_32_4_full_dsp_1_U1/uz_FOC_sample_ap_faddfsub_2_full_dsp_32_u/U0/i_synth/addsub_op/ADDSUB/dsp/OP/dsp48e1_body/ALIGN_ADD/DSP2/i_no_versal_es1_workaround/DSP/prcs_opmode_drc  File: C:/Xilinx/Vivado/2020.1/data/vhdl/src/unisims/primitive/DSP48E1.vhd
Warning: OPMODE Input Warning : The OPMODE 0110X0X with CARRYINSEL  000 to DSP48E1 instance is invalid.
Time: 39775 ns  Iteration: 11  Process: /apatb_uz_FOC_sample_top/AESL_inst_uz_FOC_sample/grp_uz_PI_Controller_sample_1_fu_256/faddfsub_32ns_32ns_32_4_full_dsp_1_U1/uz_FOC_sample_ap_faddfsub_2_full_dsp_32_u/U0/i_synth/addsub_op/ADDSUB/dsp/OP/dsp48e1_body/ALIGN_ADD/DSP2/i_no_versal_es1_workaround/DSP/prcs_opmode_drc  File: C:/Xilinx/Vivado/2020.1/data/vhdl/src/unisims/primitive/DSP48E1.vhd
Warning: OPMODE Input Warning : The OPMODE 0110X0X with CARRYINSEL  000 to DSP48E1 instance is invalid.
Time: 39845 ns  Iteration: 11  Process: /apatb_uz_FOC_sample_top/AESL_inst_uz_FOC_sample/grp_uz_PI_Controller_sample_1_fu_256/faddfsub_32ns_32ns_32_4_full_dsp_1_U1/uz_FOC_sample_ap_faddfsub_2_full_dsp_32_u/U0/i_synth/addsub_op/ADDSUB/dsp/OP/dsp48e1_body/ALIGN_ADD/DSP2/i_no_versal_es1_workaround/DSP/prcs_opmode_drc  File: C:/Xilinx/Vivado/2020.1/data/vhdl/src/unisims/primitive/DSP48E1.vhd
Warning: OPMODE Input Warning : The OPMODE 0110X0X with CARRYINSEL  000 to DSP48E1 instance is invalid.
Time: 39905 ns  Iteration: 11  Process: /apatb_uz_FOC_sample_top/AESL_inst_uz_FOC_sample/grp_uz_PI_Controller_sample_1_fu_256/faddfsub_32ns_32ns_32_4_full_dsp_1_U1/uz_FOC_sample_ap_faddfsub_2_full_dsp_32_u/U0/i_synth/addsub_op/ADDSUB/dsp/OP/dsp48e1_body/ALIGN_ADD/DSP2/i_no_versal_es1_workaround/DSP/prcs_opmode_drc  File: C:/Xilinx/Vivado/2020.1/data/vhdl/src/unisims/primitive/DSP48E1.vhd
Warning: OPMODE Input Warning : The OPMODE 0110X0X with CARRYINSEL  000 to DSP48E1 instance is invalid.
Time: 40015 ns  Iteration: 11  Process: /apatb_uz_FOC_sample_top/AESL_inst_uz_FOC_sample/grp_uz_PI_Controller_sample_1_fu_256/faddfsub_32ns_32ns_32_4_full_dsp_1_U1/uz_FOC_sample_ap_faddfsub_2_full_dsp_32_u/U0/i_synth/addsub_op/ADDSUB/dsp/OP/dsp48e1_body/ALIGN_ADD/DSP2/i_no_versal_es1_workaround/DSP/prcs_opmode_drc  File: C:/Xilinx/Vivado/2020.1/data/vhdl/src/unisims/primitive/DSP48E1.vhd
Warning: OPMODE Input Warning : The OPMODE 0110X0X with CARRYINSEL  000 to DSP48E1 instance is invalid.
Time: 40125 ns  Iteration: 12  Process: /apatb_uz_FOC_sample_top/AESL_inst_uz_FOC_sample/fadd_32ns_32ns_32_4_full_dsp_1_U68/uz_FOC_sample_ap_fadd_2_full_dsp_32_u/U0/i_synth/addsub_op/ADDSUB/dsp/OP/dsp48e1_body/ALIGN_ADD/DSP2/i_no_versal_es1_workaround/DSP/prcs_opmode_drc  File: C:/Xilinx/Vivado/2020.1/data/vhdl/src/unisims/primitive/DSP48E1.vhd
Warning: OPMODE Input Warning : The OPMODE 0110X0X with CARRYINSEL  000 to DSP48E1 instance is invalid.
Time: 40155 ns  Iteration: 12  Process: /apatb_uz_FOC_sample_top/AESL_inst_uz_FOC_sample/fadd_32ns_32ns_32_4_full_dsp_1_U68/uz_FOC_sample_ap_fadd_2_full_dsp_32_u/U0/i_synth/addsub_op/ADDSUB/dsp/OP/dsp48e1_body/ALIGN_ADD/DSP2/i_no_versal_es1_workaround/DSP/prcs_opmode_drc  File: C:/Xilinx/Vivado/2020.1/data/vhdl/src/unisims/primitive/DSP48E1.vhd
Warning: OPMODE Input Warning : The OPMODE 0110X0X with CARRYINSEL  000 to DSP48E1 instance is invalid.
Time: 40195 ns  Iteration: 11  Process: /apatb_uz_FOC_sample_top/AESL_inst_uz_FOC_sample/fadd_32ns_32ns_32_4_full_dsp_1_U68/uz_FOC_sample_ap_fadd_2_full_dsp_32_u/U0/i_synth/addsub_op/ADDSUB/dsp/OP/dsp48e1_body/ALIGN_ADD/DSP2/i_no_versal_es1_workaround/DSP/prcs_opmode_drc  File: C:/Xilinx/Vivado/2020.1/data/vhdl/src/unisims/primitive/DSP48E1.vhd
Warning: OPMODE Input Warning : The OPMODE 0110X0X with CARRYINSEL  000 to DSP48E1 instance is invalid.
Time: 40405 ns  Iteration: 11  Process: /apatb_uz_FOC_sample_top/AESL_inst_uz_FOC_sample/grp_uz_FOC_SpaceVector_Limitation_1_fu_231/faddfsub_32ns_32ns_32_4_full_dsp_1_U50/uz_FOC_sample_ap_faddfsub_2_full_dsp_32_u/U0/i_synth/addsub_op/ADDSUB/dsp/OP/dsp48e1_body/ALIGN_ADD/DSP2/i_no_versal_es1_workaround/DSP/prcs_opmode_drc  File: C:/Xilinx/Vivado/2020.1/data/vhdl/src/unisims/primitive/DSP48E1.vhd
// RTL Simulation : 10 / 11 [86.54%] @ "42135000"
Warning: OPMODE Input Warning : The OPMODE 0110X0X with CARRYINSEL  000 to DSP48E1 instance is invalid.
Time: 43625 ns  Iteration: 11  Process: /apatb_uz_FOC_sample_top/AESL_inst_uz_FOC_sample/grp_uz_PI_Controller_sample_1_fu_256/faddfsub_32ns_32ns_32_4_full_dsp_1_U1/uz_FOC_sample_ap_faddfsub_2_full_dsp_32_u/U0/i_synth/addsub_op/ADDSUB/dsp/OP/dsp48e1_body/ALIGN_ADD/DSP2/i_no_versal_es1_workaround/DSP/prcs_opmode_drc  File: C:/Xilinx/Vivado/2020.1/data/vhdl/src/unisims/primitive/DSP48E1.vhd
Warning: OPMODE Input Warning : The OPMODE 0110X0X with CARRYINSEL  000 to DSP48E1 instance is invalid.
Time: 43695 ns  Iteration: 11  Process: /apatb_uz_FOC_sample_top/AESL_inst_uz_FOC_sample/grp_uz_PI_Controller_sample_1_fu_256/faddfsub_32ns_32ns_32_4_full_dsp_1_U1/uz_FOC_sample_ap_faddfsub_2_full_dsp_32_u/U0/i_synth/addsub_op/ADDSUB/dsp/OP/dsp48e1_body/ALIGN_ADD/DSP2/i_no_versal_es1_workaround/DSP/prcs_opmode_drc  File: C:/Xilinx/Vivado/2020.1/data/vhdl/src/unisims/primitive/DSP48E1.vhd
Warning: OPMODE Input Warning : The OPMODE 0110X0X with CARRYINSEL  000 to DSP48E1 instance is invalid.
Time: 43755 ns  Iteration: 11  Process: /apatb_uz_FOC_sample_top/AESL_inst_uz_FOC_sample/grp_uz_PI_Controller_sample_1_fu_256/faddfsub_32ns_32ns_32_4_full_dsp_1_U1/uz_FOC_sample_ap_faddfsub_2_full_dsp_32_u/U0/i_synth/addsub_op/ADDSUB/dsp/OP/dsp48e1_body/ALIGN_ADD/DSP2/i_no_versal_es1_workaround/DSP/prcs_opmode_drc  File: C:/Xilinx/Vivado/2020.1/data/vhdl/src/unisims/primitive/DSP48E1.vhd
Warning: OPMODE Input Warning : The OPMODE 0110X0X with CARRYINSEL  000 to DSP48E1 instance is invalid.
Time: 43825 ns  Iteration: 12  Process: /apatb_uz_FOC_sample_top/AESL_inst_uz_FOC_sample/grp_uz_PI_Controller_sample_1_fu_256/faddfsub_32ns_32ns_32_4_full_dsp_1_U1/uz_FOC_sample_ap_faddfsub_2_full_dsp_32_u/U0/i_synth/addsub_op/ADDSUB/dsp/OP/dsp48e1_body/ALIGN_ADD/DSP2/i_no_versal_es1_workaround/DSP/prcs_opmode_drc  File: C:/Xilinx/Vivado/2020.1/data/vhdl/src/unisims/primitive/DSP48E1.vhd
Warning: OPMODE Input Warning : The OPMODE 0110X0X with CARRYINSEL  000 to DSP48E1 instance is invalid.
Time: 43875 ns  Iteration: 11  Process: /apatb_uz_FOC_sample_top/AESL_inst_uz_FOC_sample/grp_uz_PI_Controller_sample_1_fu_256/faddfsub_32ns_32ns_32_4_full_dsp_1_U1/uz_FOC_sample_ap_faddfsub_2_full_dsp_32_u/U0/i_synth/addsub_op/ADDSUB/dsp/OP/dsp48e1_body/ALIGN_ADD/DSP2/i_no_versal_es1_workaround/DSP/prcs_opmode_drc  File: C:/Xilinx/Vivado/2020.1/data/vhdl/src/unisims/primitive/DSP48E1.vhd
Warning: OPMODE Input Warning : The OPMODE 0110X0X with CARRYINSEL  000 to DSP48E1 instance is invalid.
Time: 43945 ns  Iteration: 11  Process: /apatb_uz_FOC_sample_top/AESL_inst_uz_FOC_sample/grp_uz_PI_Controller_sample_1_fu_256/faddfsub_32ns_32ns_32_4_full_dsp_1_U1/uz_FOC_sample_ap_faddfsub_2_full_dsp_32_u/U0/i_synth/addsub_op/ADDSUB/dsp/OP/dsp48e1_body/ALIGN_ADD/DSP2/i_no_versal_es1_workaround/DSP/prcs_opmode_drc  File: C:/Xilinx/Vivado/2020.1/data/vhdl/src/unisims/primitive/DSP48E1.vhd
Warning: OPMODE Input Warning : The OPMODE 0110X0X with CARRYINSEL  000 to DSP48E1 instance is invalid.
Time: 44005 ns  Iteration: 11  Process: /apatb_uz_FOC_sample_top/AESL_inst_uz_FOC_sample/grp_uz_PI_Controller_sample_1_fu_256/faddfsub_32ns_32ns_32_4_full_dsp_1_U1/uz_FOC_sample_ap_faddfsub_2_full_dsp_32_u/U0/i_synth/addsub_op/ADDSUB/dsp/OP/dsp48e1_body/ALIGN_ADD/DSP2/i_no_versal_es1_workaround/DSP/prcs_opmode_drc  File: C:/Xilinx/Vivado/2020.1/data/vhdl/src/unisims/primitive/DSP48E1.vhd
Warning: OPMODE Input Warning : The OPMODE 0110X0X with CARRYINSEL  000 to DSP48E1 instance is invalid.
Time: 44115 ns  Iteration: 11  Process: /apatb_uz_FOC_sample_top/AESL_inst_uz_FOC_sample/grp_uz_PI_Controller_sample_1_fu_256/faddfsub_32ns_32ns_32_4_full_dsp_1_U1/uz_FOC_sample_ap_faddfsub_2_full_dsp_32_u/U0/i_synth/addsub_op/ADDSUB/dsp/OP/dsp48e1_body/ALIGN_ADD/DSP2/i_no_versal_es1_workaround/DSP/prcs_opmode_drc  File: C:/Xilinx/Vivado/2020.1/data/vhdl/src/unisims/primitive/DSP48E1.vhd
Warning: OPMODE Input Warning : The OPMODE 0110X0X with CARRYINSEL  000 to DSP48E1 instance is invalid.
Time: 44225 ns  Iteration: 12  Process: /apatb_uz_FOC_sample_top/AESL_inst_uz_FOC_sample/fadd_32ns_32ns_32_4_full_dsp_1_U68/uz_FOC_sample_ap_fadd_2_full_dsp_32_u/U0/i_synth/addsub_op/ADDSUB/dsp/OP/dsp48e1_body/ALIGN_ADD/DSP2/i_no_versal_es1_workaround/DSP/prcs_opmode_drc  File: C:/Xilinx/Vivado/2020.1/data/vhdl/src/unisims/primitive/DSP48E1.vhd
Warning: OPMODE Input Warning : The OPMODE 0110X0X with CARRYINSEL  000 to DSP48E1 instance is invalid.
Time: 44255 ns  Iteration: 12  Process: /apatb_uz_FOC_sample_top/AESL_inst_uz_FOC_sample/fadd_32ns_32ns_32_4_full_dsp_1_U68/uz_FOC_sample_ap_fadd_2_full_dsp_32_u/U0/i_synth/addsub_op/ADDSUB/dsp/OP/dsp48e1_body/ALIGN_ADD/DSP2/i_no_versal_es1_workaround/DSP/prcs_opmode_drc  File: C:/Xilinx/Vivado/2020.1/data/vhdl/src/unisims/primitive/DSP48E1.vhd
Warning: OPMODE Input Warning : The OPMODE 0110X0X with CARRYINSEL  000 to DSP48E1 instance is invalid.
Time: 44295 ns  Iteration: 11  Process: /apatb_uz_FOC_sample_top/AESL_inst_uz_FOC_sample/fadd_32ns_32ns_32_4_full_dsp_1_U68/uz_FOC_sample_ap_fadd_2_full_dsp_32_u/U0/i_synth/addsub_op/ADDSUB/dsp/OP/dsp48e1_body/ALIGN_ADD/DSP2/i_no_versal_es1_workaround/DSP/prcs_opmode_drc  File: C:/Xilinx/Vivado/2020.1/data/vhdl/src/unisims/primitive/DSP48E1.vhd
Warning: OPMODE Input Warning : The OPMODE 0110X0X with CARRYINSEL  000 to DSP48E1 instance is invalid.
Time: 44505 ns  Iteration: 11  Process: /apatb_uz_FOC_sample_top/AESL_inst_uz_FOC_sample/grp_uz_FOC_SpaceVector_Limitation_1_fu_231/faddfsub_32ns_32ns_32_4_full_dsp_1_U50/uz_FOC_sample_ap_faddfsub_2_full_dsp_32_u/U0/i_synth/addsub_op/ADDSUB/dsp/OP/dsp48e1_body/ALIGN_ADD/DSP2/i_no_versal_es1_workaround/DSP/prcs_opmode_drc  File: C:/Xilinx/Vivado/2020.1/data/vhdl/src/unisims/primitive/DSP48E1.vhd
// RTL Simulation : 11 / 11 [100.00%] @ "46235000"
////////////////////////////////////////////////////////////////////////////////////
$finish called at time : 46275 ns : File "C:/Users/ponpr/Documents/ultrazohm_sw/ip_cores/FOC/FOC_hls/solution1/sim/verilog/uz_FOC_sample.autotb.v" Line 569
## quit
INFO: [Common 17-206] Exiting xsim at Tue May 10 15:56:08 2022...
