#-----------------------------------------------------------
# Vivado v2020.1 (64-bit)
# SW Build 2902540 on Wed May 27 19:54:35 MDT 2020
# IP Build 2902112 on Wed May 27 22:43:36 MDT 2020
# Start of session at: Thu Apr 22 14:35:14 2021
# Process ID: 128650
# Current directory: /home/ts/Dokumente/ultrazohm_testbench/ultrazohm_test/ultrazohm_sw/ip_cores/InterlockDeadtime2L/ipcore/uz_interlockDeadtime2L_v1_0/prj_ip
# Command line: vivado -mode batch -notrace -source vivado_ip_package.tcl
# Log file: /home/ts/Dokumente/ultrazohm_testbench/ultrazohm_test/ultrazohm_sw/ip_cores/InterlockDeadtime2L/ipcore/uz_interlockDeadtime2L_v1_0/prj_ip/vivado.log
# Journal file: /home/ts/Dokumente/ultrazohm_testbench/ultrazohm_test/ultrazohm_sw/ip_cores/InterlockDeadtime2L/ipcore/uz_interlockDeadtime2L_v1_0/prj_ip/vivado.jou
#-----------------------------------------------------------
source vivado_ip_package.tcl -notrace
WARNING: [IP_Flow 19-3899] Cannot get the environment domain name variable for the component vendor name. Setting the vendor name to 'user.org'.
INFO: [IP_Flow 19-234] Refreshing IP repositories
INFO: [IP_Flow 19-1700] Loaded user IP repository '/home/ts/Dokumente/ultrazohm_testbench/ultrazohm_test/ultrazohm_sw/ip_cores/InterlockDeadtime2L/ipcore'.
WARNING: [IP_Flow 19-3656] If you move the project, the path for repository '/home/ts/Dokumente/ultrazohm_testbench/ultrazohm_test/ultrazohm_sw/ip_cores/InterlockDeadtime2L/ipcore' may become invalid. A better location for the repository would be in a path adjacent to the project. (Current project location is '/home/ts/Dokumente/ultrazohm_testbench/ultrazohm_test/ultrazohm_sw/ip_cores/InterlockDeadtime2L/ipcore/uz_interlockDeadtime2L_v1_0/prj_ip'.)
INFO: [IP_Flow 19-2313] Loaded Vivado IP repository '/tools/Xilinx/Vivado/2020.1/data/ip'.
INFO: [IP_Flow 19-5107] Inferred bus interface 'AXI4' of definition 'xilinx.com:interface:aximm:1.0' (from Xilinx Repository).
INFO: [IP_Flow 19-5107] Inferred bus interface 'AXI4_ARESETN' of definition 'xilinx.com:signal:reset:1.0' (from Xilinx Repository).
INFO: [IP_Flow 19-5107] Inferred bus interface 'IPCORE_RESETN' of definition 'xilinx.com:signal:reset:1.0' (from Xilinx Repository).
INFO: [IP_Flow 19-5107] Inferred bus interface 'AXI4_ACLK' of definition 'xilinx.com:signal:clock:1.0' (from Xilinx Repository).
INFO: [IP_Flow 19-5107] Inferred bus interface 'IPCORE_CLK' of definition 'xilinx.com:signal:clock:1.0' (from Xilinx Repository).
INFO: [IP_Flow 19-4728] Bus Interface 'AXI4_ARESETN': Added interface parameter 'POLARITY' with value 'ACTIVE_LOW'.
INFO: [IP_Flow 19-4728] Bus Interface 'IPCORE_RESETN': Added interface parameter 'POLARITY' with value 'ACTIVE_LOW'.
INFO: [IP_Flow 19-4728] Bus Interface 'AXI4_ACLK': Added interface parameter 'ASSOCIATED_BUSIF' with value 'AXI4'.
INFO: [IP_Flow 19-4728] Bus Interface 'AXI4_ACLK': Added interface parameter 'ASSOCIATED_RESET' with value 'AXI4_ARESETN'.
INFO: [IP_Flow 19-4728] Bus Interface 'IPCORE_CLK': Added interface parameter 'ASSOCIATED_RESET' with value 'IPCORE_RESETN'.
WARNING: [IP_Flow 19-5661] Bus Interface 'IPCORE_CLK' does not have any bus interfaces associated with it.
INFO: [IP_Flow 19-2181] Payment Required is not set for this core.
INFO: [IP_Flow 19-2187] The Product Guide file is missing.
WARNING: [IP_Flow 19-1971] File named "hdl/vhdl/uz_interlockDeadtime2L_src_InverseBotSwitchModule.vhd" already exists in file group "xilinx_anylanguagesynthesis", cannot add it again.
WARNING: [IP_Flow 19-1971] File named "hdl/vhdl/uz_interlockDeadtime2L_src_InverseBotSwitchModule.vhd" already exists in file group "xilinx_anylanguagebehavioralsimulation", cannot add it again.
WARNING: [IP_Flow 19-1971] File named "hdl/vhdl/uz_interlockDeadtime2L_src_InterlockModule.vhd" already exists in file group "xilinx_anylanguagesynthesis", cannot add it again.
WARNING: [IP_Flow 19-1971] File named "hdl/vhdl/uz_interlockDeadtime2L_src_InterlockModule.vhd" already exists in file group "xilinx_anylanguagebehavioralsimulation", cannot add it again.
WARNING: [IP_Flow 19-1971] File named "hdl/vhdl/uz_interlockDeadtime2L_src_Detect_Fall_Nonpositive2.vhd" already exists in file group "xilinx_anylanguagesynthesis", cannot add it again.
WARNING: [IP_Flow 19-1971] File named "hdl/vhdl/uz_interlockDeadtime2L_src_Detect_Fall_Nonpositive2.vhd" already exists in file group "xilinx_anylanguagebehavioralsimulation", cannot add it again.
WARNING: [IP_Flow 19-1971] File named "hdl/vhdl/uz_interlockDeadtime2L_src_DeadtimeModule.vhd" already exists in file group "xilinx_anylanguagesynthesis", cannot add it again.
WARNING: [IP_Flow 19-1971] File named "hdl/vhdl/uz_interlockDeadtime2L_src_DeadtimeModule.vhd" already exists in file group "xilinx_anylanguagebehavioralsimulation", cannot add it again.
WARNING: [IP_Flow 19-1971] File named "hdl/vhdl/uz_interlockDeadtime2L_src_EnableOutputModule.vhd" already exists in file group "xilinx_anylanguagesynthesis", cannot add it again.
WARNING: [IP_Flow 19-1971] File named "hdl/vhdl/uz_interlockDeadtime2L_src_EnableOutputModule.vhd" already exists in file group "xilinx_anylanguagebehavioralsimulation", cannot add it again.
WARNING: [IP_Flow 19-1971] File named "hdl/vhdl/uz_interlockDeadtime2L_src_uz_interlockDeadtime2L.vhd" already exists in file group "xilinx_anylanguagesynthesis", cannot add it again.
WARNING: [IP_Flow 19-1971] File named "hdl/vhdl/uz_interlockDeadtime2L_src_uz_interlockDeadtime2L.vhd" already exists in file group "xilinx_anylanguagebehavioralsimulation", cannot add it again.
WARNING: [IP_Flow 19-1971] File named "hdl/vhdl/uz_interlockDeadtime2L_reset_sync.vhd" already exists in file group "xilinx_anylanguagesynthesis", cannot add it again.
WARNING: [IP_Flow 19-1971] File named "hdl/vhdl/uz_interlockDeadtime2L_reset_sync.vhd" already exists in file group "xilinx_anylanguagebehavioralsimulation", cannot add it again.
WARNING: [IP_Flow 19-1971] File named "hdl/vhdl/uz_interlockDeadtime2L_dut.vhd" already exists in file group "xilinx_anylanguagesynthesis", cannot add it again.
WARNING: [IP_Flow 19-1971] File named "hdl/vhdl/uz_interlockDeadtime2L_dut.vhd" already exists in file group "xilinx_anylanguagebehavioralsimulation", cannot add it again.
WARNING: [IP_Flow 19-1971] File named "hdl/vhdl/uz_interlockDeadtime2L_addr_decoder.vhd" already exists in file group "xilinx_anylanguagesynthesis", cannot add it again.
WARNING: [IP_Flow 19-1971] File named "hdl/vhdl/uz_interlockDeadtime2L_addr_decoder.vhd" already exists in file group "xilinx_anylanguagebehavioralsimulation", cannot add it again.
WARNING: [IP_Flow 19-1971] File named "hdl/vhdl/uz_interlockDeadtime2L_SimpleDualPortRAM_generic.vhd" already exists in file group "xilinx_anylanguagesynthesis", cannot add it again.
WARNING: [IP_Flow 19-1971] File named "hdl/vhdl/uz_interlockDeadtime2L_SimpleDualPortRAM_generic.vhd" already exists in file group "xilinx_anylanguagebehavioralsimulation", cannot add it again.
WARNING: [IP_Flow 19-1971] File named "hdl/vhdl/uz_interlockDeadtime2L_rdfifo_data.vhd" already exists in file group "xilinx_anylanguagesynthesis", cannot add it again.
WARNING: [IP_Flow 19-1971] File named "hdl/vhdl/uz_interlockDeadtime2L_rdfifo_data.vhd" already exists in file group "xilinx_anylanguagebehavioralsimulation", cannot add it again.
WARNING: [IP_Flow 19-1971] File named "hdl/vhdl/uz_interlockDeadtime2L_SimpleDualPortRAM_singlebit.vhd" already exists in file group "xilinx_anylanguagesynthesis", cannot add it again.
WARNING: [IP_Flow 19-1971] File named "hdl/vhdl/uz_interlockDeadtime2L_SimpleDualPortRAM_singlebit.vhd" already exists in file group "xilinx_anylanguagebehavioralsimulation", cannot add it again.
WARNING: [IP_Flow 19-1971] File named "hdl/vhdl/uz_interlockDeadtime2L_rdfifo_last.vhd" already exists in file group "xilinx_anylanguagesynthesis", cannot add it again.
WARNING: [IP_Flow 19-1971] File named "hdl/vhdl/uz_interlockDeadtime2L_rdfifo_last.vhd" already exists in file group "xilinx_anylanguagebehavioralsimulation", cannot add it again.
WARNING: [IP_Flow 19-1971] File named "hdl/vhdl/uz_interlockDeadtime2L_rdfifo_rid.vhd" already exists in file group "xilinx_anylanguagesynthesis", cannot add it again.
WARNING: [IP_Flow 19-1971] File named "hdl/vhdl/uz_interlockDeadtime2L_rdfifo_rid.vhd" already exists in file group "xilinx_anylanguagebehavioralsimulation", cannot add it again.
WARNING: [IP_Flow 19-1971] File named "hdl/vhdl/uz_interlockDeadtime2L_axi4_module.vhd" already exists in file group "xilinx_anylanguagesynthesis", cannot add it again.
WARNING: [IP_Flow 19-1971] File named "hdl/vhdl/uz_interlockDeadtime2L_axi4_module.vhd" already exists in file group "xilinx_anylanguagebehavioralsimulation", cannot add it again.
WARNING: [IP_Flow 19-1971] File named "hdl/vhdl/uz_interlockDeadtime2L_axi4.vhd" already exists in file group "xilinx_anylanguagesynthesis", cannot add it again.
WARNING: [IP_Flow 19-1971] File named "hdl/vhdl/uz_interlockDeadtime2L_axi4.vhd" already exists in file group "xilinx_anylanguagebehavioralsimulation", cannot add it again.
WARNING: [IP_Flow 19-1971] File named "hdl/vhdl/uz_interlockDeadtime2L.vhd" already exists in file group "xilinx_anylanguagesynthesis", cannot add it again.
WARNING: [IP_Flow 19-1971] File named "hdl/vhdl/uz_interlockDeadtime2L.vhd" already exists in file group "xilinx_anylanguagebehavioralsimulation", cannot add it again.
INFO: [Common 17-206] Exiting Vivado at Thu Apr 22 14:35:26 2021...
