#-----------------------------------------------------------
# Vivado v2017.4 (64-bit)
# SW Build 2086221 on Fri Dec 15 20:55:39 MST 2017
# IP Build 2085800 on Fri Dec 15 22:25:07 MST 2017
# Start of session at: Mon Sep 14 17:05:52 2020
# Process ID: 16984
# Current directory: C:/Users/David/Desktop/Ultrazohm drivers ADCs/IP_Cores editable/ADC_max11331_AXI
# Command line: vivado.exe -gui_launcher_event rodinguilauncherevent16284 C:\Users\David\Desktop\Ultrazohm drivers ADCs\IP_Cores editable\ADC_max11331_AXI\edit_ADC_max11331_AXI_v1_0.xpr
# Log file: C:/Users/David/Desktop/Ultrazohm drivers ADCs/IP_Cores editable/ADC_max11331_AXI/vivado.log
# Journal file: C:/Users/David/Desktop/Ultrazohm drivers ADCs/IP_Cores editable/ADC_max11331_AXI\vivado.jou
#-----------------------------------------------------------
start_gui
open_project {C:/Users/David/Desktop/Ultrazohm drivers ADCs/IP_Cores editable/ADC_max11331_AXI/edit_ADC_max11331_AXI_v1_0.xpr}
INFO: [Project 1-313] Project file moved from 'C:/Users/David/Documents/Vivado_Projects/2.-new_ip_repo/ADC_max11331_AXI' since last save.
Scanning sources...
Finished scanning sources
INFO: [filemgmt 56-1] IP Repository Path: Directory not found as 'C:/Users/David/Desktop/Ultrazohm drivers ADCs/IP_Cores editable/average_8_samples_slow_adc'; using path 'C:/Users/David/Documents/Vivado_Projects/2.-new_ip_repo/average_8_samples_slow_adc' instead.
INFO: [filemgmt 56-1] IP Repository Path: Directory not found as 'C:/Users/David/Desktop/Ultrazohm drivers ADCs/IP_Cores editable/clock_divider/clock_divider_1.0'; using path 'C:/Users/David/Documents/Vivado_Projects/2.-new_ip_repo/clock_divider/clock_divider_1.0' instead.
INFO: [filemgmt 56-1] IP Repository Path: Directory not found as 'C:/Users/David/Desktop/Ultrazohm drivers ADCs/IP_Cores editable/FPGA_to_ARM_debug/FPGA_to_ARM_debug_1.0'; using path 'C:/Users/David/Documents/Vivado_Projects/2.-new_ip_repo/FPGA_to_ARM_debug/FPGA_to_ARM_debug_1.0' instead.
INFO: [filemgmt 56-1] IP Repository Path: Directory not found as 'C:/Users/David/Desktop/Ultrazohm drivers ADCs/IP_Cores editable/Modulador_SPS/modulador_SPS_2.0'; using path 'C:/Users/David/Documents/Vivado_Projects/2.-new_ip_repo/Modulador_SPS/modulador_SPS_2.0' instead.
INFO: [filemgmt 56-1] IP Repository Path: Directory not found as 'C:/Users/David/Desktop/Ultrazohm drivers ADCs/IP_Cores editable/transport_delay_x18/transport_delay_x18_1.0'; using path 'C:/Users/David/Documents/Vivado_Projects/2.-new_ip_repo/transport_delay_x18/transport_delay_x18_1.0' instead.
INFO: [filemgmt 56-1] IP Repository Path: Directory not found as 'C:/Users/David/Desktop/Ultrazohm drivers ADCs/IP_Cores editable/transport_delay_x3/transport_delay_x3_1.0'; using path 'C:/Users/David/Documents/Vivado_Projects/2.-new_ip_repo/transport_delay_x3/transport_delay_x3_1.0' instead.
INFO: [filemgmt 56-1] IP Repository Path: Directory not found as 'C:/Users/David/Desktop/Ultrazohm drivers ADCs/IP_Cores editable/shift_n_points'; using path 'C:/Users/David/Documents/Vivado_Projects/2.-new_ip_repo/shift_n_points' instead.
INFO: [filemgmt 56-1] IP Repository Path: Directory not found as 'C:/Users/David/Desktop/Ultrazohm drivers ADCs/IP_Cores editable/shift_50pts'; using path 'C:/Users/David/Documents/Vivado_Projects/2.-new_ip_repo/shift_50pts' instead.
INFO: [filemgmt 56-1] IP Repository Path: Directory not found as 'C:/Users/David/Desktop/Ultrazohm drivers ADCs/IP_Cores editable/sample_clock_50duty/sample_clock_50duty_2.0'; using path 'C:/Users/David/Documents/Vivado_Projects/2.-new_ip_repo/sample_clock_50duty/sample_clock_50duty_2.0' instead.
INFO: [filemgmt 56-1] IP Repository Path: Directory not found as 'C:/Users/David/Desktop/Ultrazohm drivers ADCs/1.-ip_repo/average_64_samples'; using path 'C:/Users/David/Documents/Vivado_Projects/1.-ip_repo/average_64_samples' instead.
INFO: [IP_Flow 19-234] Refreshing IP repositories
INFO: [IP_Flow 19-1700] Loaded user IP repository 'c:/Users/David/Desktop/Ultrazohm drivers ADCs/IP_Cores editable/ADC_max11331_AXI/ADC_max11331_AXI_1.0'.
INFO: [IP_Flow 19-1700] Loaded user IP repository 'c:/Users/David/Documents/Vivado_Projects/2.-new_ip_repo/average_8_samples_slow_adc'.
INFO: [IP_Flow 19-1700] Loaded user IP repository 'c:/Users/David/Documents/Vivado_Projects/2.-new_ip_repo/clock_divider/clock_divider_1.0'.
INFO: [IP_Flow 19-1700] Loaded user IP repository 'c:/Users/David/Documents/Vivado_Projects/2.-new_ip_repo/FPGA_to_ARM_debug/FPGA_to_ARM_debug_1.0'.
INFO: [IP_Flow 19-1700] Loaded user IP repository 'c:/Users/David/Documents/Vivado_Projects/2.-new_ip_repo/Modulador_SPS/modulador_SPS_2.0'.
INFO: [IP_Flow 19-1700] Loaded user IP repository 'c:/Users/David/Documents/Vivado_Projects/2.-new_ip_repo/transport_delay_x18/transport_delay_x18_1.0'.
INFO: [IP_Flow 19-1700] Loaded user IP repository 'c:/Users/David/Documents/Vivado_Projects/2.-new_ip_repo/transport_delay_x3/transport_delay_x3_1.0'.
INFO: [IP_Flow 19-1700] Loaded user IP repository 'c:/Users/David/Documents/Vivado_Projects/2.-new_ip_repo/shift_n_points'.
INFO: [IP_Flow 19-1700] Loaded user IP repository 'c:/Users/David/Documents/Vivado_Projects/2.-new_ip_repo/shift_50pts'.
INFO: [IP_Flow 19-1700] Loaded user IP repository 'c:/Users/David/Documents/Vivado_Projects/2.-new_ip_repo/sample_clock_50duty/sample_clock_50duty_2.0'.
INFO: [IP_Flow 19-1700] Loaded user IP repository 'c:/Users/David/Documents/Vivado_Projects/1.-ip_repo/average_64_samples'.
INFO: [IP_Flow 19-2313] Loaded Vivado IP repository 'C:/Xilinx/Vivado/2017.4/data/ip'.
ipx::open_ipxact_file {C:/Users/David/Desktop/Ultrazohm drivers ADCs/IP_Cores editable/ADC_max11331_AXI/ADC_max11331_AXI_1.0/component.xml}
WARNING: [IP_Flow 19-4308] Project file 'C:/Users/David/Desktop/Ultrazohm drivers ADCs/IP_Cores editable/ADC_max11331_AXI/edit_ADC_max11331_AXI_v1_0.srcs/sim_1/new/ADC_max11331_tb.vhd' is not found in the component files. It will be added automatically when merging sources and repackaging. Please remove the file from the source project if this is not desired.
WARNING: [IP_Flow 19-4308] Project file 'C:/Users/David/Desktop/Ultrazohm drivers ADCs/IP_Cores editable/ADC_max11331_AXI/edit_ADC_max11331_AXI_v1_0.sim/ADC_max11331_AXI_v1_0_tb_behav.wcfg' is not found in the component files. It will be added automatically when merging sources and repackaging. Please remove the file from the source project if this is not desired.
WARNING: [IP_Flow 19-3898] File Group 'xilinx_testbench (Test Bench)': File 'C:/Users/David/Documents/Vivado_Projects/2.-new_ip_repo/ADC_max11331_AXI/edit_ADC_max11331_AXI_v1_0.sim/ADC_max11331_AXI_v1_0_tb_behav.wcfg' is not found in the project sources. It will be removed from the packaged IP when the sources are merged. If still required, please add this file to the project and re-package.
WARNING: [IP_Flow 19-3898] File Group 'xilinx_testbench (Test Bench)': File 'C:/Users/David/Documents/Vivado_Projects/2.-new_ip_repo/ADC_max11331_AXI/edit_ADC_max11331_AXI_v1_0.srcs/sim_1/new/ADC_max11331_tb.vhd' is not found in the project sources. It will be removed from the packaged IP when the sources are merged. If still required, please add this file to the project and re-package.
set_property supported_families {zynq Pre-Production zynquplus Beta} [ipx::current_core]
ipx::merge_project_changes files [ipx::current_core]
WARNING: [IP_Flow 19-5109] 'File Group 'xilinx_testbench (Test Bench)'': File 'C:/Users/David/Documents/Vivado_Projects/2.-new_ip_repo/ADC_max11331_AXI/edit_ADC_max11331_AXI_v1_0.sim/ADC_max11331_AXI_v1_0_tb_behav.wcfg' is not found in the project sources. It has been removed from the packaged IP. If still required, please add this file to the project, merge sources and re-package.
WARNING: [IP_Flow 19-5109] 'File Group 'xilinx_testbench (Test Bench)'': File 'C:/Users/David/Documents/Vivado_Projects/2.-new_ip_repo/ADC_max11331_AXI/edit_ADC_max11331_AXI_v1_0.srcs/sim_1/new/ADC_max11331_tb.vhd' is not found in the project sources. It has been removed from the packaged IP. If still required, please add this file to the project, merge sources and re-package.
set_property version 2.2 [ipx::current_core]
set_property display_name ADC_max11331_AXI_v2.2 [ipx::current_core]
set_property description {Driver for MAX11331 ADC. It performs auto initialization in case of detecting wrong echo messages. force init in every measurement is added. Clk select form AXI} [ipx::current_core]
set_property core_revision 15 [ipx::current_core]
ipx::create_xgui_files [ipx::current_core]
ipx::update_checksums [ipx::current_core]
ipx::save_core [ipx::current_core]
update_ip_catalog -rebuild -repo_path {c:/Users/David/Desktop/Ultrazohm drivers ADCs/IP_Cores editable/ADC_max11331_AXI/ADC_max11331_AXI_1.0}
INFO: [IP_Flow 19-725] Reloaded user IP repository 'c:/Users/David/Desktop/Ultrazohm drivers ADCs/IP_Cores editable/ADC_max11331_AXI/ADC_max11331_AXI_1.0'
ipx::check_integrity -quiet [ipx::current_core]
ipx::archive_core {c:\Users\David\Desktop\Ultrazohm drivers ADCs\IP_Cores editable\ADC_max11331_AXI\ADC_max11331_AXI_1.0\E2Tech_user_ADC_max11331_AXI_2.2.zip} [ipx::current_core]
reset_run synth_1
WARNING: [Vivado 12-1017] Problems encountered:
1. Failed to delete one or more files in run directory C:/Users/David/Desktop/Ultrazohm drivers ADCs/IP_Cores editable/ADC_max11331_AXI/edit_ADC_max11331_AXI_v1_0.runs/synth_1

launch_runs synth_1 -jobs 4
[Mon Sep 14 17:15:54 2020] Launched synth_1...
Run output will be captured here: C:/Users/David/Desktop/Ultrazohm drivers ADCs/IP_Cores editable/ADC_max11331_AXI/edit_ADC_max11331_AXI_v1_0.runs/synth_1/runme.log
set_property core_revision 16 [ipx::current_core]
ipx::create_xgui_files [ipx::current_core]
ipx::update_checksums [ipx::current_core]
ipx::save_core [ipx::current_core]
update_ip_catalog -rebuild -repo_path {c:/Users/David/Desktop/Ultrazohm drivers ADCs/IP_Cores editable/ADC_max11331_AXI/ADC_max11331_AXI_1.0}
INFO: [IP_Flow 19-725] Reloaded user IP repository 'c:/Users/David/Desktop/Ultrazohm drivers ADCs/IP_Cores editable/ADC_max11331_AXI/ADC_max11331_AXI_1.0'
ipx::check_integrity -quiet [ipx::current_core]
ipx::archive_core {c:\Users\David\Desktop\Ultrazohm drivers ADCs\IP_Cores editable\ADC_max11331_AXI\ADC_max11331_AXI_1.0\E2Tech_user_ADC_max11331_AXI_2.2.zip} [ipx::current_core]
exit
INFO: [Common 17-206] Exiting Vivado at Mon Sep 14 17:22:17 2020...
