#-----------------------------------------------------------
# Vivado v2020.1.1 (64-bit)
# SW Build 2960000 on Wed Aug  5 22:57:20 MDT 2020
# IP Build 2956692 on Thu Aug  6 01:41:30 MDT 2020
# Start of session at: Wed Sep 16 19:49:52 2020
# Process ID: 1836
# Current directory: C:/Users/thoma/Documents/UltraZohm/Ultrazohm drivers ADCs/Ultrazohm drivers ADCs/IP_Cores editable/ADC_max11331_AXI
# Command line: vivado.exe -gui_launcher_event rodinguilauncherevent3860 C:\Users\thoma\Documents\UltraZohm\Ultrazohm drivers ADCs\Ultrazohm drivers ADCs\IP_Cores editable\ADC_max11331_AXI\edit_ADC_max11331_AXI_v1_0.xpr
# Log file: C:/Users/thoma/Documents/UltraZohm/Ultrazohm drivers ADCs/Ultrazohm drivers ADCs/IP_Cores editable/ADC_max11331_AXI/vivado.log
# Journal file: C:/Users/thoma/Documents/UltraZohm/Ultrazohm drivers ADCs/Ultrazohm drivers ADCs/IP_Cores editable/ADC_max11331_AXI\vivado.jou
#-----------------------------------------------------------
start_gui
open_project -read_only {C:/Users/thoma/Documents/UltraZohm/Ultrazohm drivers ADCs/Ultrazohm drivers ADCs/IP_Cores editable/ADC_max11331_AXI/edit_ADC_max11331_AXI_v1_0.xpr}
INFO: [ProjectBase 1-489] The host OS only allows 260 characters in a normal path. The project is stored in a path with more than 80 characters. If you experience issues with IP, Block Designs, or files not being found, please consider moving the project to a location with a shorter path. Alternately consider using the OS subst command to map part of the path to a drive letter.
Current project path is 'C:/Users/thoma/Documents/UltraZohm/Ultrazohm drivers ADCs/Ultrazohm drivers ADCs/IP_Cores editable/ADC_max11331_AXI'
INFO: [Project 1-313] Project file moved from 'C:/Users/David/Desktop/Ultrazohm drivers ADCs/IP_Cores editable/ADC_max11331_AXI' since last save.
Scanning sources...
Finished scanning sources
WARNING: [filemgmt 56-2] IP Repository Path: Could not find the directory 'C:/Users/thoma/Documents/UltraZohm/Documents/Vivado_Projects/2.-new_ip_repo/average_8_samples_slow_adc', nor could it be found using path 'C:/Users/David/Documents/Vivado_Projects/2.-new_ip_repo/average_8_samples_slow_adc'.
WARNING: [filemgmt 56-2] IP Repository Path: Could not find the directory 'C:/Users/thoma/Documents/UltraZohm/Documents/Vivado_Projects/2.-new_ip_repo/clock_divider/clock_divider_1.0', nor could it be found using path 'C:/Users/David/Documents/Vivado_Projects/2.-new_ip_repo/clock_divider/clock_divider_1.0'.
WARNING: [filemgmt 56-2] IP Repository Path: Could not find the directory 'C:/Users/thoma/Documents/UltraZohm/Documents/Vivado_Projects/2.-new_ip_repo/FPGA_to_ARM_debug/FPGA_to_ARM_debug_1.0', nor could it be found using path 'C:/Users/David/Documents/Vivado_Projects/2.-new_ip_repo/FPGA_to_ARM_debug/FPGA_to_ARM_debug_1.0'.
WARNING: [filemgmt 56-2] IP Repository Path: Could not find the directory 'C:/Users/thoma/Documents/UltraZohm/Documents/Vivado_Projects/2.-new_ip_repo/Modulador_SPS/modulador_SPS_2.0', nor could it be found using path 'C:/Users/David/Documents/Vivado_Projects/2.-new_ip_repo/Modulador_SPS/modulador_SPS_2.0'.
WARNING: [filemgmt 56-2] IP Repository Path: Could not find the directory 'C:/Users/thoma/Documents/UltraZohm/Documents/Vivado_Projects/2.-new_ip_repo/transport_delay_x18/transport_delay_x18_1.0', nor could it be found using path 'C:/Users/David/Documents/Vivado_Projects/2.-new_ip_repo/transport_delay_x18/transport_delay_x18_1.0'.
WARNING: [filemgmt 56-2] IP Repository Path: Could not find the directory 'C:/Users/thoma/Documents/UltraZohm/Documents/Vivado_Projects/2.-new_ip_repo/transport_delay_x3/transport_delay_x3_1.0', nor could it be found using path 'C:/Users/David/Documents/Vivado_Projects/2.-new_ip_repo/transport_delay_x3/transport_delay_x3_1.0'.
WARNING: [filemgmt 56-2] IP Repository Path: Could not find the directory 'C:/Users/thoma/Documents/UltraZohm/Documents/Vivado_Projects/2.-new_ip_repo/shift_n_points', nor could it be found using path 'C:/Users/David/Documents/Vivado_Projects/2.-new_ip_repo/shift_n_points'.
WARNING: [filemgmt 56-2] IP Repository Path: Could not find the directory 'C:/Users/thoma/Documents/UltraZohm/Documents/Vivado_Projects/2.-new_ip_repo/shift_50pts', nor could it be found using path 'C:/Users/David/Documents/Vivado_Projects/2.-new_ip_repo/shift_50pts'.
WARNING: [filemgmt 56-2] IP Repository Path: Could not find the directory 'C:/Users/thoma/Documents/UltraZohm/Documents/Vivado_Projects/2.-new_ip_repo/sample_clock_50duty/sample_clock_50duty_2.0', nor could it be found using path 'C:/Users/David/Documents/Vivado_Projects/2.-new_ip_repo/sample_clock_50duty/sample_clock_50duty_2.0'.
WARNING: [filemgmt 56-2] IP Repository Path: Could not find the directory 'C:/Users/thoma/Documents/UltraZohm/Documents/Vivado_Projects/1.-ip_repo/average_64_samples', nor could it be found using path 'C:/Users/David/Documents/Vivado_Projects/1.-ip_repo/average_64_samples'.
WARNING: [Project 1-229] Project 'edit_ADC_max11331_AXI_v1_0.xpr' is read-only and therefore could not be upgraded for this version of Vivado.  Use 'File | Save Project As...' if you wish to save an upgraded copy.
INFO: [IP_Flow 19-234] Refreshing IP repositories
INFO: [IP_Flow 19-1700] Loaded user IP repository 'c:/Users/thoma/Documents/UltraZohm/Ultrazohm drivers ADCs/Ultrazohm drivers ADCs/IP_Cores editable/ADC_max11331_AXI/ADC_max11331_AXI_1.0'.
WARNING: [IP_Flow 19-2248] Failed to load user IP repository 'c:/Users/thoma/Documents/UltraZohm/Documents/Vivado_Projects/2.-new_ip_repo/average_8_samples_slow_adc'; Can't find the specified path.
If this directory should no longer be in your list of user repositories, go to the IP Settings dialog and remove it.
WARNING: [IP_Flow 19-2248] Failed to load user IP repository 'c:/Users/thoma/Documents/UltraZohm/Documents/Vivado_Projects/2.-new_ip_repo/clock_divider/clock_divider_1.0'; Can't find the specified path.
If this directory should no longer be in your list of user repositories, go to the IP Settings dialog and remove it.
WARNING: [IP_Flow 19-2248] Failed to load user IP repository 'c:/Users/thoma/Documents/UltraZohm/Documents/Vivado_Projects/2.-new_ip_repo/FPGA_to_ARM_debug/FPGA_to_ARM_debug_1.0'; Can't find the specified path.
If this directory should no longer be in your list of user repositories, go to the IP Settings dialog and remove it.
WARNING: [IP_Flow 19-2248] Failed to load user IP repository 'c:/Users/thoma/Documents/UltraZohm/Documents/Vivado_Projects/2.-new_ip_repo/Modulador_SPS/modulador_SPS_2.0'; Can't find the specified path.
If this directory should no longer be in your list of user repositories, go to the IP Settings dialog and remove it.
WARNING: [IP_Flow 19-2248] Failed to load user IP repository 'c:/Users/thoma/Documents/UltraZohm/Documents/Vivado_Projects/2.-new_ip_repo/transport_delay_x18/transport_delay_x18_1.0'; Can't find the specified path.
If this directory should no longer be in your list of user repositories, go to the IP Settings dialog and remove it.
WARNING: [IP_Flow 19-2248] Failed to load user IP repository 'c:/Users/thoma/Documents/UltraZohm/Documents/Vivado_Projects/2.-new_ip_repo/transport_delay_x3/transport_delay_x3_1.0'; Can't find the specified path.
If this directory should no longer be in your list of user repositories, go to the IP Settings dialog and remove it.
WARNING: [IP_Flow 19-2248] Failed to load user IP repository 'c:/Users/thoma/Documents/UltraZohm/Documents/Vivado_Projects/2.-new_ip_repo/shift_n_points'; Can't find the specified path.
If this directory should no longer be in your list of user repositories, go to the IP Settings dialog and remove it.
WARNING: [IP_Flow 19-2248] Failed to load user IP repository 'c:/Users/thoma/Documents/UltraZohm/Documents/Vivado_Projects/2.-new_ip_repo/shift_50pts'; Can't find the specified path.
If this directory should no longer be in your list of user repositories, go to the IP Settings dialog and remove it.
WARNING: [IP_Flow 19-2248] Failed to load user IP repository 'c:/Users/thoma/Documents/UltraZohm/Documents/Vivado_Projects/2.-new_ip_repo/sample_clock_50duty/sample_clock_50duty_2.0'; Can't find the specified path.
If this directory should no longer be in your list of user repositories, go to the IP Settings dialog and remove it.
WARNING: [IP_Flow 19-2248] Failed to load user IP repository 'c:/Users/thoma/Documents/UltraZohm/Documents/Vivado_Projects/1.-ip_repo/average_64_samples'; Can't find the specified path.
If this directory should no longer be in your list of user repositories, go to the IP Settings dialog and remove it.
INFO: [IP_Flow 19-2313] Loaded Vivado IP repository 'D:/Xilinx/Vivado/2020.1/data/ip'.
open_project: Time (s): cpu = 00:00:21 ; elapsed = 00:00:10 . Memory (MB): peak = 1081.039 ; gain = 0.000
ipx::open_ipxact_file {C:/Users/thoma/Documents/UltraZohm/Ultrazohm drivers ADCs/Ultrazohm drivers ADCs/IP_Cores editable/ADC_max11331_AXI/ADC_max11331_AXI_1.0/component.xml}
WARNING: [IP_Flow 19-5226] Project source file 'c:/Users/thoma/Documents/UltraZohm/Ultrazohm drivers ADCs/Ultrazohm drivers ADCs/IP_Cores editable/ADC_max11331_AXI/ADC_max11331_AXI_1.0/component.xml' ignored by IP packager.
WARNING: [IP_Flow 19-3898] File Group 'xilinx_vhdlsynthesis (VHDL Synthesis)': File 'c:/Users/thoma/Documents/UltraZohm/Ultrazohm drivers ADCs/Ultrazohm drivers ADCs/IP_Cores editable/ADC_max11331_AXI/ADC_max11331_AXI_1.0/hdl/ADC_max11331_AXI_v1_0_S0_AXI_Lite.vhd' is not found in the project sources. It will be removed from the packaged IP when the sources are merged. If still required, please add this file to the project and re-package.
WARNING: [IP_Flow 19-3898] File Group 'xilinx_vhdlsynthesis (VHDL Synthesis)': File 'c:/Users/thoma/Documents/UltraZohm/Ultrazohm drivers ADCs/Ultrazohm drivers ADCs/IP_Cores editable/ADC_max11331_AXI/ADC_max11331_AXI_1.0/src/slow_adc_main.vhd' is not found in the project sources. It will be removed from the packaged IP when the sources are merged. If still required, please add this file to the project and re-package.
WARNING: [IP_Flow 19-3898] File Group 'xilinx_vhdlsynthesis (VHDL Synthesis)': File 'c:/Users/thoma/Documents/UltraZohm/Ultrazohm drivers ADCs/Ultrazohm drivers ADCs/IP_Cores editable/ADC_max11331_AXI/ADC_max11331_AXI_1.0/src/spi_master_multi_slave.vhd' is not found in the project sources. It will be removed from the packaged IP when the sources are merged. If still required, please add this file to the project and re-package.
WARNING: [IP_Flow 19-3898] File Group 'xilinx_vhdlsynthesis (VHDL Synthesis)': File 'c:/Users/thoma/Documents/UltraZohm/Ultrazohm drivers ADCs/Ultrazohm drivers ADCs/IP_Cores editable/ADC_max11331_AXI/ADC_max11331_AXI_1.0/hdl/ADC_max11331_AXI_v1_0.vhd' is not found in the project sources. It will be removed from the packaged IP when the sources are merged. If still required, please add this file to the project and re-package.
WARNING: [IP_Flow 19-3898] File Group 'xilinx_vhdlbehavioralsimulation (VHDL Simulation)': File 'c:/Users/thoma/Documents/UltraZohm/Ultrazohm drivers ADCs/Ultrazohm drivers ADCs/IP_Cores editable/ADC_max11331_AXI/ADC_max11331_AXI_1.0/hdl/ADC_max11331_AXI_v1_0_S0_AXI_Lite.vhd' is not found in the project sources. It will be removed from the packaged IP when the sources are merged. If still required, please add this file to the project and re-package.
WARNING: [IP_Flow 19-3898] File Group 'xilinx_vhdlbehavioralsimulation (VHDL Simulation)': File 'c:/Users/thoma/Documents/UltraZohm/Ultrazohm drivers ADCs/Ultrazohm drivers ADCs/IP_Cores editable/ADC_max11331_AXI/ADC_max11331_AXI_1.0/src/slow_adc_main.vhd' is not found in the project sources. It will be removed from the packaged IP when the sources are merged. If still required, please add this file to the project and re-package.
WARNING: [IP_Flow 19-3898] File Group 'xilinx_vhdlbehavioralsimulation (VHDL Simulation)': File 'c:/Users/thoma/Documents/UltraZohm/Ultrazohm drivers ADCs/Ultrazohm drivers ADCs/IP_Cores editable/ADC_max11331_AXI/ADC_max11331_AXI_1.0/src/spi_master_multi_slave.vhd' is not found in the project sources. It will be removed from the packaged IP when the sources are merged. If still required, please add this file to the project and re-package.
WARNING: [IP_Flow 19-3898] File Group 'xilinx_vhdlbehavioralsimulation (VHDL Simulation)': File 'c:/Users/thoma/Documents/UltraZohm/Ultrazohm drivers ADCs/Ultrazohm drivers ADCs/IP_Cores editable/ADC_max11331_AXI/ADC_max11331_AXI_1.0/hdl/ADC_max11331_AXI_v1_0.vhd' is not found in the project sources. It will be removed from the packaged IP when the sources are merged. If still required, please add this file to the project and re-package.
WARNING: [IP_Flow 19-3898] File Group 'xilinx_testbench (Test Bench)': File 'c:/Users/David/Desktop/Ultrazohm drivers ADCs/IP_Cores editable/ADC_max11331_AXI/edit_ADC_max11331_AXI_v1_0.srcs/sim_1/new/ADC_max11331_tb.vhd' is not found in the project sources. It will be removed from the packaged IP when the sources are merged. If still required, please add this file to the project and re-package.
WARNING: [IP_Flow 19-3898] File Group 'xilinx_testbench (Test Bench)': File 'c:/Users/David/Desktop/Ultrazohm drivers ADCs/IP_Cores editable/ADC_max11331_AXI/edit_ADC_max11331_AXI_v1_0.sim/ADC_max11331_AXI_v1_0_tb_behav.wcfg' is not found in the project sources. It will be removed from the packaged IP when the sources are merged. If still required, please add this file to the project and re-package.
WARNING: [IP_Flow 19-4308] Project file 'c:/Users/thoma/Documents/UltraZohm/Ultrazohm drivers ADCs/Ultrazohm drivers ADCs/IP_Cores editable/ADC_max11331_AXI/edit_ADC_max11331_AXI_v1_0.srcs/sim_1/new/ADC_max11331_tb.vhd' is not found in the component files. It will be added automatically when merging sources and repackaging. Please remove the file from the source project if this is not desired.
WARNING: [IP_Flow 19-4308] Project file 'c:/Users/thoma/Documents/UltraZohm/Ultrazohm drivers ADCs/Ultrazohm drivers ADCs/IP_Cores editable/ADC_max11331_AXI/edit_ADC_max11331_AXI_v1_0.sim/ADC_max11331_AXI_v1_0_tb_behav.wcfg' is not found in the component files. It will be added automatically when merging sources and repackaging. Please remove the file from the source project if this is not desired.
exit
INFO: [Common 17-206] Exiting Vivado at Wed Sep 16 20:24:04 2020...
