#-----------------------------------------------------------
# Vivado v2020.1.1 (64-bit)
# SW Build 2960000 on Wed Aug  5 22:57:20 MDT 2020
# IP Build 2956692 on Thu Aug  6 01:41:30 MDT 2020
# Start of session at: Thu Jun 17 16:31:54 2021
# Process ID: 4188
# Current directory: C:/Users/Public/Documents/UltraZohm/ultrazohm_official/ip_cores/MAX113331/ADC_max11331_AXI _vivado_2020_xprj
# Command line: vivado.exe -gui_launcher_event rodinguilauncherevent10056 C:\Users\Public\Documents\UltraZohm\ultrazohm_official\ip_cores\MAX113331\ADC_max11331_AXI _vivado_2020_xprj\edit_ADC_max11331_AXI_v1_0.xpr
# Log file: C:/Users/Public/Documents/UltraZohm/ultrazohm_official/ip_cores/MAX113331/ADC_max11331_AXI _vivado_2020_xprj/vivado.log
# Journal file: C:/Users/Public/Documents/UltraZohm/ultrazohm_official/ip_cores/MAX113331/ADC_max11331_AXI _vivado_2020_xprj\vivado.jou
#-----------------------------------------------------------
start_gui
open_project {C:/Users/Public/Documents/UltraZohm/ultrazohm_official/ip_cores/MAX113331/ADC_max11331_AXI _vivado_2020_xprj/edit_ADC_max11331_AXI_v1_0.xpr}
INFO: [ProjectBase 1-489] The host OS only allows 260 characters in a normal path. The project is stored in a path with more than 80 characters. If you experience issues with IP, Block Designs, or files not being found, please consider moving the project to a location with a shorter path. Alternately consider using the OS subst command to map part of the path to a drive letter.
Current project path is 'C:/Users/Public/Documents/UltraZohm/ultrazohm_official/ip_cores/MAX113331/ADC_max11331_AXI _vivado_2020_xprj'
INFO: [Project 1-313] Project file moved from 'C:/Users/Public/Documents/UltraZohm/Ultrazohm drivers ADCs/Ultrazohm drivers ADCs/IP_Cores editable/ADC_max11331_AXI _vivado_2020' since last save.
WARNING: [Project 1-312] File not found as 'C:/Users/Public/Documents/UltraZohm/ultrazohm_official/ip_cores/MAX113331/ADC_max11331_AXI _vivado_2020_xprj/edit_ADC_max11331_AXI_v1_0.srcs/sim_1/new/ADC_max11331_tb.vhd'; using path 'C:/Users/Public/Documents/UltraZohm/Ultrazohm drivers ADCs/Ultrazohm drivers ADCs/IP_Cores editable/ADC_max11331_AXI _vivado_2020/edit_ADC_max11331_AXI_v1_0.srcs/sim_1/new/ADC_max11331_tb.vhd' instead.
WARNING: [Project 1-312] File not found as 'C:/Users/Public/Documents/UltraZohm/ultrazohm_official/ip_cores/MAX113331/ADC_max11331_AXI _vivado_2020_xprj/edit_ADC_max11331_AXI_v1_0.sim/ADC_max11331_AXI_v1_0_tb_behav.wcfg'; using path 'C:/Users/Public/Documents/UltraZohm/Ultrazohm drivers ADCs/Ultrazohm drivers ADCs/IP_Cores editable/ADC_max11331_AXI _vivado_2020/edit_ADC_max11331_AXI_v1_0.sim/ADC_max11331_AXI_v1_0_tb_behav.wcfg' instead.
Scanning sources...
Finished scanning sources
WARNING: [Project 1-509] GeneratedRun file for 'synth_1' not found
WARNING: [filemgmt 56-3] IP Repository Path: Could not find the directory 'C:/Users/Public/Documents/UltraZohm/Documents/Vivado_Projects/2.-new_ip_repo/average_8_samples_slow_adc'.
WARNING: [filemgmt 56-3] IP Repository Path: Could not find the directory 'C:/Users/Public/Documents/UltraZohm/Documents/Vivado_Projects/2.-new_ip_repo/clock_divider/clock_divider_1.0'.
WARNING: [filemgmt 56-3] IP Repository Path: Could not find the directory 'C:/Users/Public/Documents/UltraZohm/Documents/Vivado_Projects/2.-new_ip_repo/FPGA_to_ARM_debug/FPGA_to_ARM_debug_1.0'.
WARNING: [filemgmt 56-3] IP Repository Path: Could not find the directory 'C:/Users/Public/Documents/UltraZohm/Documents/Vivado_Projects/2.-new_ip_repo/Modulador_SPS/modulador_SPS_2.0'.
WARNING: [filemgmt 56-3] IP Repository Path: Could not find the directory 'C:/Users/Public/Documents/UltraZohm/Documents/Vivado_Projects/2.-new_ip_repo/transport_delay_x18/transport_delay_x18_1.0'.
WARNING: [filemgmt 56-3] IP Repository Path: Could not find the directory 'C:/Users/Public/Documents/UltraZohm/Documents/Vivado_Projects/2.-new_ip_repo/transport_delay_x3/transport_delay_x3_1.0'.
WARNING: [filemgmt 56-3] IP Repository Path: Could not find the directory 'C:/Users/Public/Documents/UltraZohm/Documents/Vivado_Projects/2.-new_ip_repo/shift_n_points'.
WARNING: [filemgmt 56-3] IP Repository Path: Could not find the directory 'C:/Users/Public/Documents/UltraZohm/Documents/Vivado_Projects/2.-new_ip_repo/shift_50pts'.
WARNING: [filemgmt 56-3] IP Repository Path: Could not find the directory 'C:/Users/Public/Documents/UltraZohm/Documents/Vivado_Projects/2.-new_ip_repo/sample_clock_50duty/sample_clock_50duty_2.0'.
WARNING: [filemgmt 56-3] IP Repository Path: Could not find the directory 'C:/Users/Public/Documents/UltraZohm/Documents/Vivado_Projects/1.-ip_repo/average_64_samples'.
INFO: [filemgmt 56-1] IPUserFilesDir: Directory not found as 'C:/Users/Public/Documents/UltraZohm/ultrazohm_official/ip_cores/MAX113331/ADC_max11331_AXI _vivado_2020_xprj/edit_ADC_max11331_AXI_v1_0.ip_user_files'; using path 'C:/Users/Public/Documents/UltraZohm/Ultrazohm drivers ADCs/Ultrazohm drivers ADCs/IP_Cores editable/ADC_max11331_AXI _vivado_2020/edit_ADC_max11331_AXI_v1_0.ip_user_files' instead.
INFO: [IP_Flow 19-234] Refreshing IP repositories
INFO: [IP_Flow 19-1700] Loaded user IP repository 'c:/Users/Public/Documents/UltraZohm/ultrazohm_official/ip_cores/MAX113331/ADC_max11331_AXI _vivado_2020_xprj/ADC_max11331_AXI_1.0'.
WARNING: [IP_Flow 19-2248] Failed to load user IP repository 'c:/Users/Public/Documents/UltraZohm/Documents/Vivado_Projects/2.-new_ip_repo/average_8_samples_slow_adc'; Can't find the specified path.
If this directory should no longer be in your list of user repositories, go to the IP Settings dialog and remove it.
WARNING: [IP_Flow 19-2248] Failed to load user IP repository 'c:/Users/Public/Documents/UltraZohm/Documents/Vivado_Projects/2.-new_ip_repo/clock_divider/clock_divider_1.0'; Can't find the specified path.
If this directory should no longer be in your list of user repositories, go to the IP Settings dialog and remove it.
WARNING: [IP_Flow 19-2248] Failed to load user IP repository 'c:/Users/Public/Documents/UltraZohm/Documents/Vivado_Projects/2.-new_ip_repo/FPGA_to_ARM_debug/FPGA_to_ARM_debug_1.0'; Can't find the specified path.
If this directory should no longer be in your list of user repositories, go to the IP Settings dialog and remove it.
WARNING: [IP_Flow 19-2248] Failed to load user IP repository 'c:/Users/Public/Documents/UltraZohm/Documents/Vivado_Projects/2.-new_ip_repo/Modulador_SPS/modulador_SPS_2.0'; Can't find the specified path.
If this directory should no longer be in your list of user repositories, go to the IP Settings dialog and remove it.
WARNING: [IP_Flow 19-2248] Failed to load user IP repository 'c:/Users/Public/Documents/UltraZohm/Documents/Vivado_Projects/2.-new_ip_repo/transport_delay_x18/transport_delay_x18_1.0'; Can't find the specified path.
If this directory should no longer be in your list of user repositories, go to the IP Settings dialog and remove it.
WARNING: [IP_Flow 19-2248] Failed to load user IP repository 'c:/Users/Public/Documents/UltraZohm/Documents/Vivado_Projects/2.-new_ip_repo/transport_delay_x3/transport_delay_x3_1.0'; Can't find the specified path.
If this directory should no longer be in your list of user repositories, go to the IP Settings dialog and remove it.
WARNING: [IP_Flow 19-2248] Failed to load user IP repository 'c:/Users/Public/Documents/UltraZohm/Documents/Vivado_Projects/2.-new_ip_repo/shift_n_points'; Can't find the specified path.
If this directory should no longer be in your list of user repositories, go to the IP Settings dialog and remove it.
WARNING: [IP_Flow 19-2248] Failed to load user IP repository 'c:/Users/Public/Documents/UltraZohm/Documents/Vivado_Projects/2.-new_ip_repo/shift_50pts'; Can't find the specified path.
If this directory should no longer be in your list of user repositories, go to the IP Settings dialog and remove it.
WARNING: [IP_Flow 19-2248] Failed to load user IP repository 'c:/Users/Public/Documents/UltraZohm/Documents/Vivado_Projects/2.-new_ip_repo/sample_clock_50duty/sample_clock_50duty_2.0'; Can't find the specified path.
If this directory should no longer be in your list of user repositories, go to the IP Settings dialog and remove it.
WARNING: [IP_Flow 19-2248] Failed to load user IP repository 'c:/Users/Public/Documents/UltraZohm/Documents/Vivado_Projects/1.-ip_repo/average_64_samples'; Can't find the specified path.
If this directory should no longer be in your list of user repositories, go to the IP Settings dialog and remove it.
INFO: [IP_Flow 19-2313] Loaded Vivado IP repository 'C:/Xilinx/Vivado/2020.1/data/ip'.
exit
INFO: [Common 17-206] Exiting Vivado at Thu Jun 17 16:32:19 2021...
