Task "Vivado IP Packager" successful.
Generated logfile: 

****** Vivado v2022.2 (64-bit)
  **** SW Build 3671981 on Fri Oct 14 05:00:03 MDT 2022
  **** IP Build 3669848 on Fri Oct 14 08:30:02 MDT 2022
    ** Copyright 1986-2022 Xilinx, Inc. All Rights Reserved.

source vivado_ip_package.tcl -notrace
create_project: Time (s): cpu = 00:00:03 ; elapsed = 00:00:09 . Memory (MB): peak = 377.430 ; gain = 70.590
INFO: [IP_Flow 19-234] Refreshing IP repositories
INFO: [IP_Flow 19-1700] Loaded user IP repository 'c:/Users/Philipp/uz_temp/ultrazohm_sw/ip_cores/uz_pmsm_model/hdl_prj/ipcore'.
WARNING: [IP_Flow 19-3656] If you move the project, the path for repository 'c:/Users/Philipp/uz_temp/ultrazohm_sw/ip_cores/uz_pmsm_model/hdl_prj/ipcore' may become invalid. A better location for the repository would be in a path adjacent to the project. (Current project location is 'c:/Users/Philipp/uz_temp/ultrazohm_sw/ip_cores/uz_pmsm_model/hdl_prj/ipcore/uz_pmsm_model_v1_0/prj_ip'.)
INFO: [IP_Flow 19-2313] Loaded Vivado IP repository 'C:/Xilinx/Vivado/2022.2/data/ip'.
INFO: [IP_Flow 19-5107] Inferred bus interface 'AXI4' of definition 'xilinx.com:interface:aximm:1.0' (from Xilinx Repository).
INFO: [IP_Flow 19-5107] Inferred bus interface 'AXI4_ARESETN' of definition 'xilinx.com:signal:reset:1.0' (from Xilinx Repository).
INFO: [IP_Flow 19-5107] Inferred bus interface 'IPCORE_RESETN' of definition 'xilinx.com:signal:reset:1.0' (from Xilinx Repository).
INFO: [IP_Flow 19-5107] Inferred bus interface 'AXI4_ACLK' of definition 'xilinx.com:signal:clock:1.0' (from Xilinx Repository).
INFO: [IP_Flow 19-5107] Inferred bus interface 'IPCORE_CLK' of definition 'xilinx.com:signal:clock:1.0' (from Xilinx Repository).
INFO: [IP_Flow 19-4728] Bus Interface 'AXI4_ARESETN': Added interface parameter 'POLARITY' with value 'ACTIVE_LOW'.
INFO: [IP_Flow 19-4728] Bus Interface 'IPCORE_RESETN': Added interface parameter 'POLARITY' with value 'ACTIVE_LOW'.
INFO: [IP_Flow 19-4728] Bus Interface 'AXI4_ACLK': Added interface parameter 'ASSOCIATED_BUSIF' with value 'AXI4'.
INFO: [IP_Flow 19-4728] Bus Interface 'AXI4_ACLK': Added interface parameter 'ASSOCIATED_RESET' with value 'AXI4_ARESETN'.
INFO: [IP_Flow 19-4728] Bus Interface 'IPCORE_CLK': Added interface parameter 'ASSOCIATED_RESET' with value 'IPCORE_RESETN'.
WARNING: [IP_Flow 19-5661] Bus Interface 'IPCORE_CLK' does not have any bus interfaces associated with it.
INFO: [IP_Flow 19-2181] Payment Required is not set for this core.
INFO: [IP_Flow 19-2187] The Product Guide file is missing.
WARNING: [IP_Flow 19-1971] File named "hdl/uz_pmsm_model_src_uz_pmsm_model_pkg.vhd" already exists in file group "xilinx_anylanguagesynthesis", cannot add it again.
WARNING: [IP_Flow 19-1971] File named "hdl/uz_pmsm_model_src_uz_pmsm_model_pkg.vhd" already exists in file group "xilinx_anylanguagebehavioralsimulation", cannot add it again.
WARNING: [IP_Flow 19-1971] File named "hdl/uz_pmsm_model_src_uz_pmsm_model_tc.vhd" already exists in file group "xilinx_anylanguagesynthesis", cannot add it again.
WARNING: [IP_Flow 19-1971] File named "hdl/uz_pmsm_model_src_uz_pmsm_model_tc.vhd" already exists in file group "xilinx_anylanguagebehavioralsimulation", cannot add it again.
WARNING: [IP_Flow 19-1971] File named "hdl/uz_pmsm_model_src_nfp_uminus_single.vhd" already exists in file group "xilinx_anylanguagesynthesis", cannot add it again.
WARNING: [IP_Flow 19-1971] File named "hdl/uz_pmsm_model_src_nfp_uminus_single.vhd" already exists in file group "xilinx_anylanguagebehavioralsimulation", cannot add it again.
WARNING: [IP_Flow 19-1971] File named "hdl/uz_pmsm_model_src_nfp_mul_single.vhd" already exists in file group "xilinx_anylanguagesynthesis", cannot add it again.
WARNING: [IP_Flow 19-1971] File named "hdl/uz_pmsm_model_src_nfp_mul_single.vhd" already exists in file group "xilinx_anylanguagebehavioralsimulation", cannot add it again.
WARNING: [IP_Flow 19-1971] File named "hdl/uz_pmsm_model_src_nfp_abs_single.vhd" already exists in file group "xilinx_anylanguagesynthesis", cannot add it again.
WARNING: [IP_Flow 19-1971] File named "hdl/uz_pmsm_model_src_nfp_abs_single.vhd" already exists in file group "xilinx_anylanguagebehavioralsimulation", cannot add it again.
WARNING: [IP_Flow 19-1971] File named "hdl/uz_pmsm_model_src_nfp_sub_single.vhd" already exists in file group "xilinx_anylanguagesynthesis", cannot add it again.
WARNING: [IP_Flow 19-1971] File named "hdl/uz_pmsm_model_src_nfp_sub_single.vhd" already exists in file group "xilinx_anylanguagebehavioralsimulation", cannot add it again.
WARNING: [IP_Flow 19-1971] File named "hdl/uz_pmsm_model_src_nfp_cosh_single.vhd" already exists in file group "xilinx_anylanguagesynthesis", cannot add it again.
WARNING: [IP_Flow 19-1971] File named "hdl/uz_pmsm_model_src_nfp_cosh_single.vhd" already exists in file group "xilinx_anylanguagebehavioralsimulation", cannot add it again.
WARNING: [IP_Flow 19-1971] File named "hdl/uz_pmsm_model_src_nfp_recip_single.vhd" already exists in file group "xilinx_anylanguagesynthesis", cannot add it again.
WARNING: [IP_Flow 19-1971] File named "hdl/uz_pmsm_model_src_nfp_recip_single.vhd" already exists in file group "xilinx_anylanguagebehavioralsimulation", cannot add it again.
WARNING: [IP_Flow 19-1971] File named "hdl/uz_pmsm_model_src_nfp_add_single.vhd" already exists in file group "xilinx_anylanguagesynthesis", cannot add it again.
WARNING: [IP_Flow 19-1971] File named "hdl/uz_pmsm_model_src_nfp_add_single.vhd" already exists in file group "xilinx_anylanguagebehavioralsimulation", cannot add it again.
WARNING: [IP_Flow 19-1971] File named "hdl/uz_pmsm_model_src_nfp_tanh_single.vhd" already exists in file group "xilinx_anylanguagesynthesis", cannot add it again.
WARNING: [IP_Flow 19-1971] File named "hdl/uz_pmsm_model_src_nfp_tanh_single.vhd" already exists in file group "xilinx_anylanguagebehavioralsimulation", cannot add it again.
WARNING: [IP_Flow 19-1971] File named "hdl/uz_pmsm_model_src_nfp_log_single.vhd" already exists in file group "xilinx_anylanguagesynthesis", cannot add it again.
WARNING: [IP_Flow 19-1971] File named "hdl/uz_pmsm_model_src_nfp_log_single.vhd" already exists in file group "xilinx_anylanguagebehavioralsimulation", cannot add it again.
WARNING: [IP_Flow 19-1971] File named "hdl/uz_pmsm_model_src_nfp_signum_single.vhd" already exists in file group "xilinx_anylanguagesynthesis", cannot add it again.
WARNING: [IP_Flow 19-1971] File named "hdl/uz_pmsm_model_src_nfp_signum_single.vhd" already exists in file group "xilinx_anylanguagebehavioralsimulation", cannot add it again.
WARNING: [IP_Flow 19-1971] File named "hdl/uz_pmsm_model_src_nfp_div_single.vhd" already exists in file group "xilinx_anylanguagesynthesis", cannot add it again.
WARNING: [IP_Flow 19-1971] File named "hdl/uz_pmsm_model_src_nfp_div_single.vhd" already exists in file group "xilinx_anylanguagebehavioralsimulation", cannot add it again.
WARNING: [IP_Flow 19-1971] File named "hdl/uz_pmsm_model_src_uz_pmsm_model.vhd" already exists in file group "xilinx_anylanguagesynthesis", cannot add it again.
WARNING: [IP_Flow 19-1971] File named "hdl/uz_pmsm_model_src_uz_pmsm_model.vhd" already exists in file group "xilinx_anylanguagebehavioralsimulation", cannot add it again.
WARNING: [IP_Flow 19-1971] File named "hdl/uz_pmsm_model_pkg.vhd" already exists in file group "xilinx_anylanguagesynthesis", cannot add it again.
WARNING: [IP_Flow 19-1971] File named "hdl/uz_pmsm_model_pkg.vhd" already exists in file group "xilinx_anylanguagebehavioralsimulation", cannot add it again.
WARNING: [IP_Flow 19-1971] File named "hdl/uz_pmsm_model_reset_sync.vhd" already exists in file group "xilinx_anylanguagesynthesis", cannot add it again.
WARNING: [IP_Flow 19-1971] File named "hdl/uz_pmsm_model_reset_sync.vhd" already exists in file group "xilinx_anylanguagebehavioralsimulation", cannot add it again.
WARNING: [IP_Flow 19-1971] File named "hdl/uz_pmsm_model_dut.vhd" already exists in file group "xilinx_anylanguagesynthesis", cannot add it again.
WARNING: [IP_Flow 19-1971] File named "hdl/uz_pmsm_model_dut.vhd" already exists in file group "xilinx_anylanguagebehavioralsimulation", cannot add it again.
WARNING: [IP_Flow 19-1971] File named "hdl/uz_pmsm_model_addr_decoder.vhd" already exists in file group "xilinx_anylanguagesynthesis", cannot add it again.
WARNING: [IP_Flow 19-1971] File named "hdl/uz_pmsm_model_addr_decoder.vhd" already exists in file group "xilinx_anylanguagebehavioralsimulation", cannot add it again.
WARNING: [IP_Flow 19-1971] File named "hdl/uz_pmsm_model_SimpleDualPortRAM_generic.vhd" already exists in file group "xilinx_anylanguagesynthesis", cannot add it again.
WARNING: [IP_Flow 19-1971] File named "hdl/uz_pmsm_model_SimpleDualPortRAM_generic.vhd" already exists in file group "xilinx_anylanguagebehavioralsimulation", cannot add it again.
WARNING: [IP_Flow 19-1971] File named "hdl/uz_pmsm_model_rdfifo_data.vhd" already exists in file group "xilinx_anylanguagesynthesis", cannot add it again.
WARNING: [IP_Flow 19-1971] File named "hdl/uz_pmsm_model_rdfifo_data.vhd" already exists in file group "xilinx_anylanguagebehavioralsimulation", cannot add it again.
WARNING: [IP_Flow 19-1971] File named "hdl/uz_pmsm_model_SimpleDualPortRAM_singlebit.vhd" already exists in file group "xilinx_anylanguagesynthesis", cannot add it again.
WARNING: [IP_Flow 19-1971] File named "hdl/uz_pmsm_model_SimpleDualPortRAM_singlebit.vhd" already exists in file group "xilinx_anylanguagebehavioralsimulation", cannot add it again.
WARNING: [IP_Flow 19-1971] File named "hdl/uz_pmsm_model_rdfifo_last.vhd" already exists in file group "xilinx_anylanguagesynthesis", cannot add it again.
WARNING: [IP_Flow 19-1971] File named "hdl/uz_pmsm_model_rdfifo_last.vhd" already exists in file group "xilinx_anylanguagebehavioralsimulation", cannot add it again.
WARNING: [IP_Flow 19-1971] File named "hdl/uz_pmsm_model_rdfifo_rid.vhd" already exists in file group "xilinx_anylanguagesynthesis", cannot add it again.
WARNING: [IP_Flow 19-1971] File named "hdl/uz_pmsm_model_rdfifo_rid.vhd" already exists in file group "xilinx_anylanguagebehavioralsimulation", cannot add it again.
WARNING: [IP_Flow 19-1971] File named "hdl/uz_pmsm_model_axi4_module.vhd" already exists in file group "xilinx_anylanguagesynthesis", cannot add it again.
WARNING: [IP_Flow 19-1971] File named "hdl/uz_pmsm_model_axi4_module.vhd" already exists in file group "xilinx_anylanguagebehavioralsimulation", cannot add it again.
WARNING: [IP_Flow 19-1971] File named "hdl/uz_pmsm_model_axi4.vhd" already exists in file group "xilinx_anylanguagesynthesis", cannot add it again.
WARNING: [IP_Flow 19-1971] File named "hdl/uz_pmsm_model_axi4.vhd" already exists in file group "xilinx_anylanguagebehavioralsimulation", cannot add it again.
WARNING: [IP_Flow 19-1971] File named "hdl/uz_pmsm_model.vhd" already exists in file group "xilinx_anylanguagesynthesis", cannot add it again.
WARNING: [IP_Flow 19-1971] File named "hdl/uz_pmsm_model.vhd" already exists in file group "xilinx_anylanguagebehavioralsimulation", cannot add it again.
INFO: [Common 17-206] Exiting Vivado at Thu May 23 13:51:54 2024...

Elapsed time is 40.4629 seconds.
