Copyright 1986-2017 Xilinx, Inc. All Rights Reserved.
-----------------------------------------------------------------------------------------------------------------------------
| Tool Version : Vivado v.2017.4 (win64) Build 2086221 Fri Dec 15 20:55:39 MST 2017
| Date         : Thu Nov  8 16:50:51 2018
| Host         : TUEIEAL-TM01 running 64-bit major release  (build 9200)
| Command      : report_utilization -file design_1_wrapper_utilization_placed.rpt -pb design_1_wrapper_utilization_placed.pb
| Design       : design_1_wrapper
| Device       : xczu9egffvb1156-2
| Design State : Fully Placed
-----------------------------------------------------------------------------------------------------------------------------

Utilization Design Information

Table of Contents
-----------------
1. CLB Logic
1.1 Summary of Registers by Type
2. CLB Logic Distribution
3. BLOCKRAM
4. ARITHMETIC
5. I/O
6. CLOCK
7. ADVANCED
8. CONFIGURATION
9. Primitives
10. Black Boxes
11. Instantiated Netlists

1. CLB Logic
------------

+-------------------------+------+-------+-----------+-------+
|        Site Type        | Used | Fixed | Available | Util% |
+-------------------------+------+-------+-----------+-------+
| CLB LUTs                |    4 |     0 |    274080 | <0.01 |
|   LUT as Logic          |    4 |     0 |    274080 | <0.01 |
|   LUT as Memory         |    0 |     0 |    144000 |  0.00 |
| CLB Registers           |    9 |     0 |    548160 | <0.01 |
|   Register as Flip Flop |    9 |     0 |    548160 | <0.01 |
|   Register as Latch     |    0 |     0 |    548160 |  0.00 |
| CARRY8                  |    0 |     0 |     34260 |  0.00 |
| F7 Muxes                |    0 |     0 |    137040 |  0.00 |
| F8 Muxes                |    0 |     0 |     68520 |  0.00 |
| F9 Muxes                |    0 |     0 |     34260 |  0.00 |
+-------------------------+------+-------+-----------+-------+


1.1 Summary of Registers by Type
--------------------------------

+-------+--------------+-------------+--------------+
| Total | Clock Enable | Synchronous | Asynchronous |
+-------+--------------+-------------+--------------+
| 0     |            _ |           - |            - |
| 0     |            _ |           - |          Set |
| 0     |            _ |           - |        Reset |
| 0     |            _ |         Set |            - |
| 0     |            _ |       Reset |            - |
| 0     |          Yes |           - |            - |
| 0     |          Yes |           - |          Set |
| 0     |          Yes |           - |        Reset |
| 0     |          Yes |         Set |            - |
| 9     |          Yes |       Reset |            - |
+-------+--------------+-------------+--------------+


2. CLB Logic Distribution
-------------------------

+-------------------------------------------+------+-------+-----------+-------+
|                 Site Type                 | Used | Fixed | Available | Util% |
+-------------------------------------------+------+-------+-----------+-------+
| CLB                                       |    2 |     0 |     34260 | <0.01 |
|   CLBL                                    |    0 |     0 |           |       |
|   CLBM                                    |    2 |     0 |           |       |
| LUT as Logic                              |    4 |     0 |    274080 | <0.01 |
|   using O5 output only                    |    1 |       |           |       |
|   using O6 output only                    |    2 |       |           |       |
|   using O5 and O6                         |    1 |       |           |       |
| LUT as Memory                             |    0 |     0 |    144000 |  0.00 |
|   LUT as Distributed RAM                  |    0 |     0 |           |       |
|   LUT as Shift Register                   |    0 |     0 |           |       |
| LUT Flip Flop Pairs                       |    3 |     0 |    274080 | <0.01 |
|   fully used LUT-FF pairs                 |    0 |       |           |       |
|   LUT-FF pairs with one unused LUT output |    2 |       |           |       |
|   LUT-FF pairs with one unused Flip Flop  |    3 |       |           |       |
| Unique Control Sets                       |    3 |       |           |       |
+-------------------------------------------+------+-------+-----------+-------+
* Note: Review the Control Sets Report for more information regarding control sets.


3. BLOCKRAM
-----------

+----------------+------+-------+-----------+-------+
|    Site Type   | Used | Fixed | Available | Util% |
+----------------+------+-------+-----------+-------+
| Block RAM Tile |    0 |     0 |       912 |  0.00 |
|   RAMB36/FIFO* |    0 |     0 |       912 |  0.00 |
|   RAMB18       |    0 |     0 |      1824 |  0.00 |
+----------------+------+-------+-----------+-------+
* Note: Each Block RAM Tile only has one FIFO logic available and therefore can accommodate only one FIFO36E2 or one FIFO18E2. However, if a FIFO18E2 occupies a Block RAM Tile, that tile can still accommodate a RAMB18E2


4. ARITHMETIC
-------------

+-----------+------+-------+-----------+-------+
| Site Type | Used | Fixed | Available | Util% |
+-----------+------+-------+-----------+-------+
| DSPs      |    0 |     0 |      2520 |  0.00 |
+-----------+------+-------+-----------+-------+


5. I/O
------

+------------------+------+-------+-----------+-------+
|     Site Type    | Used | Fixed | Available | Util% |
+------------------+------+-------+-----------+-------+
| Bonded IOB       |    5 |     0 |       328 |  1.52 |
| HPIOB_M          |    3 |     0 |        96 |  3.13 |
|   INPUT          |    2 |       |           |       |
|   OUTPUT         |    1 |       |           |       |
|   BIDIR          |    0 |       |           |       |
| HPIOB_S          |    2 |     0 |        96 |  2.08 |
|   INPUT          |    1 |       |           |       |
|   OUTPUT         |    1 |       |           |       |
|   BIDIR          |    0 |       |           |       |
| HDIOB_M          |    0 |     0 |        60 |  0.00 |
| HDIOB_S          |    0 |     0 |        60 |  0.00 |
| HPIOB_SNGL       |    0 |     0 |        16 |  0.00 |
| HPIOBDIFFINBUF   |    0 |     0 |        96 |  0.00 |
| HPIOBDIFFOUTBUF  |    0 |     0 |        96 |  0.00 |
| HDIOBDIFFINBUF   |    0 |     0 |        60 |  0.00 |
| BITSLICE_CONTROL |    0 |     0 |        32 |  0.00 |
| BITSLICE_RX_TX   |    0 |     0 |       208 |  0.00 |
| BITSLICE_TX      |    0 |     0 |        32 |  0.00 |
| RIU_OR           |    0 |     0 |        16 |  0.00 |
+------------------+------+-------+-----------+-------+


6. CLOCK
--------

+----------------------+------+-------+-----------+-------+
|       Site Type      | Used | Fixed | Available | Util% |
+----------------------+------+-------+-----------+-------+
| GLOBAL CLOCK BUFFERs |    0 |     0 |       404 |  0.00 |
|   BUFGCE             |    0 |     0 |       116 |  0.00 |
|   BUFGCE_DIV         |    0 |     0 |        16 |  0.00 |
|   BUFG_GT            |    0 |     0 |       168 |  0.00 |
|   BUFG_PS            |    0 |     0 |        72 |  0.00 |
|   BUFGCTRL*          |    0 |     0 |        32 |  0.00 |
| PLL                  |    0 |     0 |         8 |  0.00 |
| MMCM                 |    0 |     0 |         4 |  0.00 |
+----------------------+------+-------+-----------+-------+
* Note: Each used BUFGCTRL counts as two global buffer resources. This table does not include global clocking resources, only buffer cell usage. See the Clock Utilization Report (report_clock_utilization) for detailed accounting of global clocking resource availability.


7. ADVANCED
-----------

+-----------------+------+-------+-----------+-------+
|    Site Type    | Used | Fixed | Available | Util% |
+-----------------+------+-------+-----------+-------+
| GTHE4_CHANNEL   |    0 |     0 |        24 |  0.00 |
| GTHE4_COMMON    |    0 |     0 |         6 |  0.00 |
| OBUFDS_GTE4     |    0 |     0 |        12 |  0.00 |
| OBUFDS_GTE4_ADV |    0 |     0 |        12 |  0.00 |
| PS8             |    0 |     0 |         1 |  0.00 |
| SYSMONE4        |    0 |     0 |         1 |  0.00 |
+-----------------+------+-------+-----------+-------+


8. CONFIGURATION
----------------

+-------------+------+-------+-----------+-------+
|  Site Type  | Used | Fixed | Available | Util% |
+-------------+------+-------+-----------+-------+
| BSCANE2     |    0 |     0 |         4 |  0.00 |
| DNA_PORTE2  |    0 |     0 |         1 |  0.00 |
| EFUSE_USR   |    0 |     0 |         1 |  0.00 |
| FRAME_ECCE4 |    0 |     0 |         1 |  0.00 |
| ICAPE3      |    0 |     0 |         2 |  0.00 |
| MASTER_JTAG |    0 |     0 |         1 |  0.00 |
| STARTUPE3   |    0 |     0 |         1 |  0.00 |
+-------------+------+-------+-----------+-------+


9. Primitives
-------------

+----------+------+---------------------+
| Ref Name | Used | Functional Category |
+----------+------+---------------------+
| FDRE     |    9 |            Register |
| INBUF    |    3 |                 I/O |
| IBUFCTRL |    3 |              Others |
| OBUF     |    2 |                 I/O |
| LUT3     |    2 |                 CLB |
| LUT6     |    1 |                 CLB |
| LUT4     |    1 |                 CLB |
| LUT2     |    1 |                 CLB |
+----------+------+---------------------+


10. Black Boxes
---------------

+----------+------+
| Ref Name | Used |
+----------+------+


11. Instantiated Netlists
-------------------------

+----------------------+------+
|       Ref Name       | Used |
+----------------------+------+
| design_1_AXI2TCM_0_0 |    1 |
+----------------------+------+


