

================================================================
== Vitis HLS Report for 'multiply_line11'
================================================================
* Date:           Fri May 19 07:25:00 2023

* Version:        2020.1 (Build 2902540 on Wed May 27 20:16:15 MDT 2020)
* Project:        uz_VSD
* Solution:       solution1 (Vivado IP Flow Target)
* Product family: zynquplus
* Target device:  xczu19eg-ffve1924-2-e


================================================================
== Performance Estimates
================================================================
+ Timing: 
    * Summary: 
    +--------+----------+----------+------------+
    |  Clock |  Target  | Estimated| Uncertainty|
    +--------+----------+----------+------------+
    |ap_clk  | 10.00 ns | 8.924 ns |   2.70 ns  |
    +--------+----------+----------+------------+

+ Latency: 
    * Summary: 
    +---------+---------+-----------+-----------+-----+-----+----------+
    |  Latency (cycles) |   Latency (absolute)  |  Interval | Pipeline |
    |   min   |   max   |    min    |    max    | min | max |   Type   |
    +---------+---------+-----------+-----------+-----+-----+----------+
    |        5|        5| 50.000 ns | 50.000 ns |    4|    4| dataflow |
    +---------+---------+-----------+-----------+-----+-----+----------+

    + Detail: 
        * Instance: 
        +---------------------------------------------------+--------------------------------------+---------+---------+-----------+-----------+-----+-----+---------+
        |                                                   |                                      |  Latency (cycles) |   Latency (absolute)  |  Interval | Pipeline|
        |                      Instance                     |                Module                |   min   |   max   |    min    |    max    | min | max |   Type  |
        +---------------------------------------------------+--------------------------------------+---------+---------+-----------+-----------+-----+-----+---------+
        |grp_multiply_line11_Block_split1_proc144_fu_114    |multiply_line11_Block_split1_proc144  |        3|        3| 30.000 ns | 30.000 ns |    3|    3|   none  |
        |call_ln34_multiply_line11_entry145_fu_136          |multiply_line11_entry145              |        0|        0|    0 ns   |    0 ns   |    0|    0|   none  |
        |call_ln34_p_prop_ret_products_OC_0_dc_proc_fu_158  |p_prop_ret_products_OC_0_dc_proc      |        0|        0|    0 ns   |    0 ns   |    0|    0|   none  |
        |call_ln34_p_prop_ret_products_OC_1_dc_proc_fu_165  |p_prop_ret_products_OC_1_dc_proc      |        0|        0|    0 ns   |    0 ns   |    0|    0|   none  |
        |call_ln34_p_prop_ret_products_OC_2_dc_proc_fu_172  |p_prop_ret_products_OC_2_dc_proc      |        0|        0|    0 ns   |    0 ns   |    0|    0|   none  |
        |call_ln34_p_prop_ret_products_OC_3_dc_proc_fu_179  |p_prop_ret_products_OC_3_dc_proc      |        0|        0|    0 ns   |    0 ns   |    0|    0|   none  |
        |call_ln34_p_prop_ret_products_OC_4_dc_proc_fu_186  |p_prop_ret_products_OC_4_dc_proc      |        0|        0|    0 ns   |    0 ns   |    0|    0|   none  |
        |call_ln34_p_prop_ret_products_OC_5_dc_proc_fu_193  |p_prop_ret_products_OC_5_dc_proc      |        0|        0|    0 ns   |    0 ns   |    0|    0|   none  |
        +---------------------------------------------------+--------------------------------------+---------+---------+-----------+-----------+-----+-----+---------+

        * Loop: 
        N/A

============================================================
+ Verbose Summary: Synthesis Manager
============================================================
InlineROM: 1
ExposeGlobal: 0
============================================================
+ Verbose Summary: CDFG Model
============================================================
IsTopModel: 0
ResetActiveHigh: 1
IsCombinational: 2
IsDatapathOnly: 0
HasWiredReturn: 1
HasMFsm: 0
HasVarLatency: 1
IsPipeline: 0
IsRtlPipelined: 0
IsInstanceOverlapped: 0
IsDontTouch: 0
HasImplIP: 0
IsGatedGlobalClock: 0


============================================================
+ Verbose Summary: Schedule
============================================================
* Number of FSM states : 3
* Pipeline : 0
* Dataflow Pipeline: 1
  DF-Pipeline-0: Size = 3, States = { 1 2 3 }

* FSM state transitions: 
1 --> 2 
2 --> 3 
3 --> 

* FSM state operations: 

State 1 <SV = 0> <Delay = 0.00>
ST_1 : Operation 4 [1/1] (0.00ns)   --->   "%scalar_val_0_c = alloca i64" [uz_VSD/uz_VSD.cpp:34]   --->   Operation 4 'alloca' 'scalar_val_0_c' <Predicate = true> <Delay = 0.00> <CoreInst = "FIFO_SRL">   --->   Core 21 'FIFO_SRL' <Latency = 0> <II = 1> <Delay = 1.83> <Storage> <Opcode : 'read' 'write' 'nbread' 'nbwrite'> <Ports = 0> <Width = 32> <Depth = 2> <FIFO>
ST_1 : Operation 5 [1/1] (0.00ns)   --->   "%scalar_val_1_c = alloca i64" [uz_VSD/uz_VSD.cpp:34]   --->   Operation 5 'alloca' 'scalar_val_1_c' <Predicate = true> <Delay = 0.00> <CoreInst = "FIFO_SRL">   --->   Core 21 'FIFO_SRL' <Latency = 0> <II = 1> <Delay = 1.83> <Storage> <Opcode : 'read' 'write' 'nbread' 'nbwrite'> <Ports = 0> <Width = 32> <Depth = 2> <FIFO>
ST_1 : Operation 6 [1/1] (0.00ns)   --->   "%scalar_val_2_c = alloca i64" [uz_VSD/uz_VSD.cpp:34]   --->   Operation 6 'alloca' 'scalar_val_2_c' <Predicate = true> <Delay = 0.00> <CoreInst = "FIFO_SRL">   --->   Core 21 'FIFO_SRL' <Latency = 0> <II = 1> <Delay = 1.83> <Storage> <Opcode : 'read' 'write' 'nbread' 'nbwrite'> <Ports = 0> <Width = 32> <Depth = 2> <FIFO>
ST_1 : Operation 7 [1/1] (0.00ns)   --->   "%scalar_val_3_c = alloca i64" [uz_VSD/uz_VSD.cpp:34]   --->   Operation 7 'alloca' 'scalar_val_3_c' <Predicate = true> <Delay = 0.00> <CoreInst = "FIFO_SRL">   --->   Core 21 'FIFO_SRL' <Latency = 0> <II = 1> <Delay = 1.83> <Storage> <Opcode : 'read' 'write' 'nbread' 'nbwrite'> <Ports = 0> <Width = 32> <Depth = 2> <FIFO>
ST_1 : Operation 8 [1/1] (0.00ns)   --->   "%scalar_val_4_c = alloca i64" [uz_VSD/uz_VSD.cpp:34]   --->   Operation 8 'alloca' 'scalar_val_4_c' <Predicate = true> <Delay = 0.00> <CoreInst = "FIFO_SRL">   --->   Core 21 'FIFO_SRL' <Latency = 0> <II = 1> <Delay = 1.83> <Storage> <Opcode : 'read' 'write' 'nbread' 'nbwrite'> <Ports = 0> <Width = 32> <Depth = 2> <FIFO>
ST_1 : Operation 9 [1/1] (0.00ns)   --->   "%scalar_val_5_c = alloca i64" [uz_VSD/uz_VSD.cpp:34]   --->   Operation 9 'alloca' 'scalar_val_5_c' <Predicate = true> <Delay = 0.00> <CoreInst = "FIFO_SRL">   --->   Core 21 'FIFO_SRL' <Latency = 0> <II = 1> <Delay = 1.83> <Storage> <Opcode : 'read' 'write' 'nbread' 'nbwrite'> <Ports = 0> <Width = 32> <Depth = 2> <FIFO>
ST_1 : Operation 10 [1/1] (0.00ns)   --->   "%call_ln34 = call void @multiply_line11.entry145, i32 %val_5, i32 %val_4, i32 %val_3, i32 %val_2, i32 %val_1, i32 %val_0, i32 %scalar_val_5_c, i32 %scalar_val_4_c, i32 %scalar_val_3_c, i32 %scalar_val_2_c, i32 %scalar_val_1_c, i32 %scalar_val_0_c" [uz_VSD/uz_VSD.cpp:34]   --->   Operation 10 'call' 'call_ln34' <Predicate = true> <Delay = 0.00> <CoreType = "Generic">   --->   Core 0 '' <Latency = 0> <II = 1> <Delay = 1.00> <Generic> <Opcode : >

State 2 <SV = 1> <Delay = 0.00>
ST_2 : Operation 11 [2/2] (0.00ns)   --->   "%call_ret = call i192 @multiply_line11_Block_.split1_proc144, i32 %scalar_val_0_c, i32 %val_0_out, i32 %scalar_val_1_c, i32 %val_1_out, i32 %scalar_val_2_c, i32 %val_2_out, i32 %scalar_val_3_c, i32 %val_3_out, i32 %scalar_val_4_c, i32 %val_4_out, i32 %scalar_val_5_c, i32 %val_5_out, void %call_ln34, void %call_ln34" [uz_VSD/uz_VSD.cpp:34]   --->   Operation 11 'call' 'call_ret' <Predicate = true> <Delay = 0.00> <CoreType = "Generic">   --->   Core 0 '' <Latency = 0> <II = 1> <Delay = 1.00> <Generic> <Opcode : >

State 3 <SV = 2> <Delay = 8.92>
ST_3 : Operation 12 [1/1] (0.00ns)   --->   "%specinterface_ln0 = specinterface void @_ssdm_op_SpecInterface, i32 %val_5, void @ap_fifo_str, i32, i32, void @p_str, i32, i32, void @p_str, void @p_str, void @p_str, i32, i32, i32, i32, void @p_str, void @ScalarProp_str"   --->   Operation 12 'specinterface' 'specinterface_ln0' <Predicate = true> <Delay = 0.00>
ST_3 : Operation 13 [1/1] (0.00ns)   --->   "%specinterface_ln0 = specinterface void @_ssdm_op_SpecInterface, i32 %val_4, void @ap_fifo_str, i32, i32, void @p_str, i32, i32, void @p_str, void @p_str, void @p_str, i32, i32, i32, i32, void @p_str, void @ScalarProp_str"   --->   Operation 13 'specinterface' 'specinterface_ln0' <Predicate = true> <Delay = 0.00>
ST_3 : Operation 14 [1/1] (0.00ns)   --->   "%specinterface_ln0 = specinterface void @_ssdm_op_SpecInterface, i32 %val_3, void @ap_fifo_str, i32, i32, void @p_str, i32, i32, void @p_str, void @p_str, void @p_str, i32, i32, i32, i32, void @p_str, void @ScalarProp_str"   --->   Operation 14 'specinterface' 'specinterface_ln0' <Predicate = true> <Delay = 0.00>
ST_3 : Operation 15 [1/1] (0.00ns)   --->   "%specinterface_ln0 = specinterface void @_ssdm_op_SpecInterface, i32 %val_2, void @ap_fifo_str, i32, i32, void @p_str, i32, i32, void @p_str, void @p_str, void @p_str, i32, i32, i32, i32, void @p_str, void @ScalarProp_str"   --->   Operation 15 'specinterface' 'specinterface_ln0' <Predicate = true> <Delay = 0.00>
ST_3 : Operation 16 [1/1] (0.00ns)   --->   "%specinterface_ln0 = specinterface void @_ssdm_op_SpecInterface, i32 %val_1, void @ap_fifo_str, i32, i32, void @p_str, i32, i32, void @p_str, void @p_str, void @p_str, i32, i32, i32, i32, void @p_str, void @ScalarProp_str"   --->   Operation 16 'specinterface' 'specinterface_ln0' <Predicate = true> <Delay = 0.00>
ST_3 : Operation 17 [1/1] (0.00ns)   --->   "%specinterface_ln0 = specinterface void @_ssdm_op_SpecInterface, i32 %val_0, void @ap_fifo_str, i32, i32, void @p_str, i32, i32, void @p_str, void @p_str, void @p_str, i32, i32, i32, i32, void @p_str, void @ScalarProp_str"   --->   Operation 17 'specinterface' 'specinterface_ln0' <Predicate = true> <Delay = 0.00>
ST_3 : Operation 18 [1/1] (0.00ns)   --->   "%specinterface_ln0 = specinterface void @_ssdm_op_SpecInterface, i32 %val_0_out, void @ap_fifo_str, i32, i32, void @p_str, i32, i32, void @p_str, void @p_str, void @p_str, i32, i32, i32, i32, void @p_str, void @p_str"   --->   Operation 18 'specinterface' 'specinterface_ln0' <Predicate = true> <Delay = 0.00>
ST_3 : Operation 19 [1/1] (0.00ns)   --->   "%specinterface_ln0 = specinterface void @_ssdm_op_SpecInterface, i32 %val_1_out, void @ap_fifo_str, i32, i32, void @p_str, i32, i32, void @p_str, void @p_str, void @p_str, i32, i32, i32, i32, void @p_str, void @p_str"   --->   Operation 19 'specinterface' 'specinterface_ln0' <Predicate = true> <Delay = 0.00>
ST_3 : Operation 20 [1/1] (0.00ns)   --->   "%specinterface_ln0 = specinterface void @_ssdm_op_SpecInterface, i32 %val_2_out, void @ap_fifo_str, i32, i32, void @p_str, i32, i32, void @p_str, void @p_str, void @p_str, i32, i32, i32, i32, void @p_str, void @p_str"   --->   Operation 20 'specinterface' 'specinterface_ln0' <Predicate = true> <Delay = 0.00>
ST_3 : Operation 21 [1/1] (0.00ns)   --->   "%specinterface_ln0 = specinterface void @_ssdm_op_SpecInterface, i32 %val_3_out, void @ap_fifo_str, i32, i32, void @p_str, i32, i32, void @p_str, void @p_str, void @p_str, i32, i32, i32, i32, void @p_str, void @p_str"   --->   Operation 21 'specinterface' 'specinterface_ln0' <Predicate = true> <Delay = 0.00>
ST_3 : Operation 22 [1/1] (0.00ns)   --->   "%specinterface_ln0 = specinterface void @_ssdm_op_SpecInterface, i32 %val_4_out, void @ap_fifo_str, i32, i32, void @p_str, i32, i32, void @p_str, void @p_str, void @p_str, i32, i32, i32, i32, void @p_str, void @p_str"   --->   Operation 22 'specinterface' 'specinterface_ln0' <Predicate = true> <Delay = 0.00>
ST_3 : Operation 23 [1/1] (0.00ns)   --->   "%specinterface_ln0 = specinterface void @_ssdm_op_SpecInterface, i32 %val_5_out, void @ap_fifo_str, i32, i32, void @p_str, i32, i32, void @p_str, void @p_str, void @p_str, i32, i32, i32, i32, void @p_str, void @p_str"   --->   Operation 23 'specinterface' 'specinterface_ln0' <Predicate = true> <Delay = 0.00>
ST_3 : Operation 24 [1/1] (0.00ns)   --->   "%specdataflowpipeline_ln34 = specdataflowpipeline void @_ssdm_op_SpecDataflowPipeline, i32, i32, void @empty" [uz_VSD/uz_VSD.cpp:34]   --->   Operation 24 'specdataflowpipeline' 'specdataflowpipeline_ln34' <Predicate = true> <Delay = 0.00>
ST_3 : Operation 25 [1/1] (0.00ns)   --->   "%empty = specchannel i32 @_ssdm_op_SpecChannel, void @scalar_val_OC_5_c_str, i32, void @p_str, void @p_str, i32, i32, i32 %scalar_val_5_c, i32 %scalar_val_5_c" [uz_VSD/uz_VSD.cpp:34]   --->   Operation 25 'specchannel' 'empty' <Predicate = true> <Delay = 0.00>
ST_3 : Operation 26 [1/1] (0.00ns)   --->   "%specinterface_ln34 = specinterface void @_ssdm_op_SpecInterface, i32 %scalar_val_5_c, void @ap_fifo_str, i32, i32, void @p_str, i32, i32, void @p_str, void @p_str, void @p_str, i32, i32, i32, i32, void @p_str, void @p_str" [uz_VSD/uz_VSD.cpp:34]   --->   Operation 26 'specinterface' 'specinterface_ln34' <Predicate = true> <Delay = 0.00>
ST_3 : Operation 27 [1/1] (0.00ns)   --->   "%empty_98 = specchannel i32 @_ssdm_op_SpecChannel, void @scalar_val_OC_4_c_str, i32, void @p_str, void @p_str, i32, i32, i32 %scalar_val_4_c, i32 %scalar_val_4_c" [uz_VSD/uz_VSD.cpp:34]   --->   Operation 27 'specchannel' 'empty_98' <Predicate = true> <Delay = 0.00>
ST_3 : Operation 28 [1/1] (0.00ns)   --->   "%specinterface_ln34 = specinterface void @_ssdm_op_SpecInterface, i32 %scalar_val_4_c, void @ap_fifo_str, i32, i32, void @p_str, i32, i32, void @p_str, void @p_str, void @p_str, i32, i32, i32, i32, void @p_str, void @p_str" [uz_VSD/uz_VSD.cpp:34]   --->   Operation 28 'specinterface' 'specinterface_ln34' <Predicate = true> <Delay = 0.00>
ST_3 : Operation 29 [1/1] (0.00ns)   --->   "%empty_99 = specchannel i32 @_ssdm_op_SpecChannel, void @scalar_val_OC_3_c_str, i32, void @p_str, void @p_str, i32, i32, i32 %scalar_val_3_c, i32 %scalar_val_3_c" [uz_VSD/uz_VSD.cpp:34]   --->   Operation 29 'specchannel' 'empty_99' <Predicate = true> <Delay = 0.00>
ST_3 : Operation 30 [1/1] (0.00ns)   --->   "%specinterface_ln34 = specinterface void @_ssdm_op_SpecInterface, i32 %scalar_val_3_c, void @ap_fifo_str, i32, i32, void @p_str, i32, i32, void @p_str, void @p_str, void @p_str, i32, i32, i32, i32, void @p_str, void @p_str" [uz_VSD/uz_VSD.cpp:34]   --->   Operation 30 'specinterface' 'specinterface_ln34' <Predicate = true> <Delay = 0.00>
ST_3 : Operation 31 [1/1] (0.00ns)   --->   "%empty_100 = specchannel i32 @_ssdm_op_SpecChannel, void @scalar_val_OC_2_c_str, i32, void @p_str, void @p_str, i32, i32, i32 %scalar_val_2_c, i32 %scalar_val_2_c" [uz_VSD/uz_VSD.cpp:34]   --->   Operation 31 'specchannel' 'empty_100' <Predicate = true> <Delay = 0.00>
ST_3 : Operation 32 [1/1] (0.00ns)   --->   "%specinterface_ln34 = specinterface void @_ssdm_op_SpecInterface, i32 %scalar_val_2_c, void @ap_fifo_str, i32, i32, void @p_str, i32, i32, void @p_str, void @p_str, void @p_str, i32, i32, i32, i32, void @p_str, void @p_str" [uz_VSD/uz_VSD.cpp:34]   --->   Operation 32 'specinterface' 'specinterface_ln34' <Predicate = true> <Delay = 0.00>
ST_3 : Operation 33 [1/1] (0.00ns)   --->   "%empty_101 = specchannel i32 @_ssdm_op_SpecChannel, void @scalar_val_OC_1_c_str, i32, void @p_str, void @p_str, i32, i32, i32 %scalar_val_1_c, i32 %scalar_val_1_c" [uz_VSD/uz_VSD.cpp:34]   --->   Operation 33 'specchannel' 'empty_101' <Predicate = true> <Delay = 0.00>
ST_3 : Operation 34 [1/1] (0.00ns)   --->   "%specinterface_ln34 = specinterface void @_ssdm_op_SpecInterface, i32 %scalar_val_1_c, void @ap_fifo_str, i32, i32, void @p_str, i32, i32, void @p_str, void @p_str, void @p_str, i32, i32, i32, i32, void @p_str, void @p_str" [uz_VSD/uz_VSD.cpp:34]   --->   Operation 34 'specinterface' 'specinterface_ln34' <Predicate = true> <Delay = 0.00>
ST_3 : Operation 35 [1/1] (0.00ns)   --->   "%empty_102 = specchannel i32 @_ssdm_op_SpecChannel, void @scalar_val_OC_0_c_str, i32, void @p_str, void @p_str, i32, i32, i32 %scalar_val_0_c, i32 %scalar_val_0_c" [uz_VSD/uz_VSD.cpp:34]   --->   Operation 35 'specchannel' 'empty_102' <Predicate = true> <Delay = 0.00>
ST_3 : Operation 36 [1/1] (0.00ns)   --->   "%specinterface_ln34 = specinterface void @_ssdm_op_SpecInterface, i32 %scalar_val_0_c, void @ap_fifo_str, i32, i32, void @p_str, i32, i32, void @p_str, void @p_str, void @p_str, i32, i32, i32, i32, void @p_str, void @p_str" [uz_VSD/uz_VSD.cpp:34]   --->   Operation 36 'specinterface' 'specinterface_ln34' <Predicate = true> <Delay = 0.00>
ST_3 : Operation 37 [1/2] (7.01ns)   --->   "%call_ret = call i192 @multiply_line11_Block_.split1_proc144, i32 %scalar_val_0_c, i32 %val_0_out, i32 %scalar_val_1_c, i32 %val_1_out, i32 %scalar_val_2_c, i32 %val_2_out, i32 %scalar_val_3_c, i32 %val_3_out, i32 %scalar_val_4_c, i32 %val_4_out, i32 %scalar_val_5_c, i32 %val_5_out, void %call_ln34, void %call_ln34" [uz_VSD/uz_VSD.cpp:34]   --->   Operation 37 'call' 'call_ret' <Predicate = true> <Delay = 7.01> <CoreType = "Generic">   --->   Core 0 '' <Latency = 0> <II = 1> <Delay = 1.00> <Generic> <Opcode : >
ST_3 : Operation 38 [1/1] (0.00ns)   --->   "%products_0_dc_channel = extractvalue i192 %call_ret" [uz_VSD/uz_VSD.cpp:34]   --->   Operation 38 'extractvalue' 'products_0_dc_channel' <Predicate = true> <Delay = 0.00> <CoreInst = "FIFO_SRL">   --->   Core 21 'FIFO_SRL' <Latency = 0> <II = 1> <Delay = 1.83> <Storage> <Opcode : 'read' 'write' 'nbread' 'nbwrite'> <Ports = 0> <Width = 32> <Depth = 2> <FIFO>
ST_3 : Operation 39 [1/1] (0.00ns)   --->   "%products_1_dc_channel = extractvalue i192 %call_ret" [uz_VSD/uz_VSD.cpp:34]   --->   Operation 39 'extractvalue' 'products_1_dc_channel' <Predicate = true> <Delay = 0.00> <CoreInst = "FIFO_SRL">   --->   Core 21 'FIFO_SRL' <Latency = 0> <II = 1> <Delay = 1.83> <Storage> <Opcode : 'read' 'write' 'nbread' 'nbwrite'> <Ports = 0> <Width = 32> <Depth = 2> <FIFO>
ST_3 : Operation 40 [1/1] (0.00ns)   --->   "%products_2_dc_channel = extractvalue i192 %call_ret" [uz_VSD/uz_VSD.cpp:34]   --->   Operation 40 'extractvalue' 'products_2_dc_channel' <Predicate = true> <Delay = 0.00> <CoreInst = "FIFO_SRL">   --->   Core 21 'FIFO_SRL' <Latency = 0> <II = 1> <Delay = 1.83> <Storage> <Opcode : 'read' 'write' 'nbread' 'nbwrite'> <Ports = 0> <Width = 32> <Depth = 2> <FIFO>
ST_3 : Operation 41 [1/1] (0.00ns)   --->   "%products_3_dc_channel = extractvalue i192 %call_ret" [uz_VSD/uz_VSD.cpp:34]   --->   Operation 41 'extractvalue' 'products_3_dc_channel' <Predicate = true> <Delay = 0.00> <CoreInst = "FIFO_SRL">   --->   Core 21 'FIFO_SRL' <Latency = 0> <II = 1> <Delay = 1.83> <Storage> <Opcode : 'read' 'write' 'nbread' 'nbwrite'> <Ports = 0> <Width = 32> <Depth = 2> <FIFO>
ST_3 : Operation 42 [1/1] (0.00ns)   --->   "%products_4_dc_channel = extractvalue i192 %call_ret" [uz_VSD/uz_VSD.cpp:34]   --->   Operation 42 'extractvalue' 'products_4_dc_channel' <Predicate = true> <Delay = 0.00> <CoreInst = "FIFO_SRL">   --->   Core 21 'FIFO_SRL' <Latency = 0> <II = 1> <Delay = 1.83> <Storage> <Opcode : 'read' 'write' 'nbread' 'nbwrite'> <Ports = 0> <Width = 32> <Depth = 2> <FIFO>
ST_3 : Operation 43 [1/1] (0.00ns)   --->   "%products_5_dc_channel = extractvalue i192 %call_ret" [uz_VSD/uz_VSD.cpp:34]   --->   Operation 43 'extractvalue' 'products_5_dc_channel' <Predicate = true> <Delay = 0.00> <CoreInst = "FIFO_SRL">   --->   Core 21 'FIFO_SRL' <Latency = 0> <II = 1> <Delay = 1.83> <Storage> <Opcode : 'read' 'write' 'nbread' 'nbwrite'> <Ports = 0> <Width = 32> <Depth = 2> <FIFO>
ST_3 : Operation 44 [1/1] (0.00ns)   --->   "%specinterface_ln0 = specinterface void @_ssdm_op_SpecInterface, i32 %products_0_out, void @ap_fifo_str, i32, i32, void @p_str, i32, i32, void @p_str, void @p_str, void @p_str, i32, i32, i32, i32, void @p_str, void @p_str"   --->   Operation 44 'specinterface' 'specinterface_ln0' <Predicate = true> <Delay = 0.00>
ST_3 : Operation 45 [1/1] (1.83ns)   --->   "%call_ln34 = call void @__prop_ret_products_OC_0_dc_proc, i32 %products_0_dc_channel, i32 %products_0_out" [uz_VSD/uz_VSD.cpp:34]   --->   Operation 45 'call' 'call_ln34' <Predicate = true> <Delay = 1.83> <CoreType = "Generic">   --->   Core 0 '' <Latency = 0> <II = 1> <Delay = 1.00> <Generic> <Opcode : >
ST_3 : Operation 46 [1/1] (0.00ns)   --->   "%specinterface_ln0 = specinterface void @_ssdm_op_SpecInterface, i32 %products_1_out, void @ap_fifo_str, i32, i32, void @p_str, i32, i32, void @p_str, void @p_str, void @p_str, i32, i32, i32, i32, void @p_str, void @p_str"   --->   Operation 46 'specinterface' 'specinterface_ln0' <Predicate = true> <Delay = 0.00>
ST_3 : Operation 47 [1/1] (1.83ns)   --->   "%call_ln34 = call void @__prop_ret_products_OC_1_dc_proc, i32 %products_1_dc_channel, i32 %products_1_out" [uz_VSD/uz_VSD.cpp:34]   --->   Operation 47 'call' 'call_ln34' <Predicate = true> <Delay = 1.83> <CoreType = "Generic">   --->   Core 0 '' <Latency = 0> <II = 1> <Delay = 1.00> <Generic> <Opcode : >
ST_3 : Operation 48 [1/1] (0.00ns)   --->   "%specinterface_ln0 = specinterface void @_ssdm_op_SpecInterface, i32 %products_2_out, void @ap_fifo_str, i32, i32, void @p_str, i32, i32, void @p_str, void @p_str, void @p_str, i32, i32, i32, i32, void @p_str, void @p_str"   --->   Operation 48 'specinterface' 'specinterface_ln0' <Predicate = true> <Delay = 0.00>
ST_3 : Operation 49 [1/1] (1.83ns)   --->   "%call_ln34 = call void @__prop_ret_products_OC_2_dc_proc, i32 %products_2_dc_channel, i32 %products_2_out" [uz_VSD/uz_VSD.cpp:34]   --->   Operation 49 'call' 'call_ln34' <Predicate = true> <Delay = 1.83> <CoreType = "Generic">   --->   Core 0 '' <Latency = 0> <II = 1> <Delay = 1.00> <Generic> <Opcode : >
ST_3 : Operation 50 [1/1] (0.00ns)   --->   "%specinterface_ln0 = specinterface void @_ssdm_op_SpecInterface, i32 %products_3_out, void @ap_fifo_str, i32, i32, void @p_str, i32, i32, void @p_str, void @p_str, void @p_str, i32, i32, i32, i32, void @p_str, void @p_str"   --->   Operation 50 'specinterface' 'specinterface_ln0' <Predicate = true> <Delay = 0.00>
ST_3 : Operation 51 [1/1] (1.86ns)   --->   "%call_ln34 = call void @__prop_ret_products_OC_3_dc_proc, i32 %products_3_dc_channel, i32 %products_3_out" [uz_VSD/uz_VSD.cpp:34]   --->   Operation 51 'call' 'call_ln34' <Predicate = true> <Delay = 1.86> <CoreType = "Generic">   --->   Core 0 '' <Latency = 0> <II = 1> <Delay = 1.00> <Generic> <Opcode : >
ST_3 : Operation 52 [1/1] (0.00ns)   --->   "%specinterface_ln0 = specinterface void @_ssdm_op_SpecInterface, i32 %products_4_out, void @ap_fifo_str, i32, i32, void @p_str, i32, i32, void @p_str, void @p_str, void @p_str, i32, i32, i32, i32, void @p_str, void @p_str"   --->   Operation 52 'specinterface' 'specinterface_ln0' <Predicate = true> <Delay = 0.00>
ST_3 : Operation 53 [1/1] (1.88ns)   --->   "%call_ln34 = call void @__prop_ret_products_OC_4_dc_proc, i32 %products_4_dc_channel, i32 %products_4_out" [uz_VSD/uz_VSD.cpp:34]   --->   Operation 53 'call' 'call_ln34' <Predicate = true> <Delay = 1.88> <CoreType = "Generic">   --->   Core 0 '' <Latency = 0> <II = 1> <Delay = 1.00> <Generic> <Opcode : >
ST_3 : Operation 54 [1/1] (0.00ns)   --->   "%specinterface_ln0 = specinterface void @_ssdm_op_SpecInterface, i32 %products_5_out, void @ap_fifo_str, i32, i32, void @p_str, i32, i32, void @p_str, void @p_str, void @p_str, i32, i32, i32, i32, void @p_str, void @p_str"   --->   Operation 54 'specinterface' 'specinterface_ln0' <Predicate = true> <Delay = 0.00>
ST_3 : Operation 55 [1/1] (1.90ns)   --->   "%call_ln34 = call void @__prop_ret_products_OC_5_dc_proc, i32 %products_5_dc_channel, i32 %products_5_out" [uz_VSD/uz_VSD.cpp:34]   --->   Operation 55 'call' 'call_ln34' <Predicate = true> <Delay = 1.90> <CoreType = "Generic">   --->   Core 0 '' <Latency = 0> <II = 1> <Delay = 1.00> <Generic> <Opcode : >
ST_3 : Operation 56 [1/1] (0.00ns)   --->   "%ret_ln0 = ret"   --->   Operation 56 'ret' 'ret_ln0' <Predicate = true> <Delay = 0.00>


============================================================
+ Verbose Summary: Binding
============================================================
STG Binding: 
---------------- STG Properties BEGIN ----------------
- Is combinational: 0
- Is one-state seq: 0
- Is datapath-only: 0
- Is pipelined: 0
- Is top level: 0
Port [ Return ] is wired: 1; IO mode=ap_ctrl_hs:ce=0
Port [ val_0]:  wired=1; compound=1; hidden=0; nouse=0; global=0; static=0; extern=0; dir=0; type=3; pingpong=0; private_global=0; IO mode=ap_fifo:ce=0
Port [ val_1]:  wired=1; compound=1; hidden=0; nouse=0; global=0; static=0; extern=0; dir=0; type=3; pingpong=0; private_global=0; IO mode=ap_fifo:ce=0
Port [ val_2]:  wired=1; compound=1; hidden=0; nouse=0; global=0; static=0; extern=0; dir=0; type=3; pingpong=0; private_global=0; IO mode=ap_fifo:ce=0
Port [ val_3]:  wired=1; compound=1; hidden=0; nouse=0; global=0; static=0; extern=0; dir=0; type=3; pingpong=0; private_global=0; IO mode=ap_fifo:ce=0
Port [ val_4]:  wired=1; compound=1; hidden=0; nouse=0; global=0; static=0; extern=0; dir=0; type=3; pingpong=0; private_global=0; IO mode=ap_fifo:ce=0
Port [ val_5]:  wired=1; compound=1; hidden=0; nouse=0; global=0; static=0; extern=0; dir=0; type=3; pingpong=0; private_global=0; IO mode=ap_fifo:ce=0
Port [ val_0_out]:  wired=1; compound=1; hidden=0; nouse=0; global=0; static=0; extern=0; dir=1; type=3; pingpong=0; private_global=0; IO mode=ap_fifo:ce=0
Port [ val_1_out]:  wired=1; compound=1; hidden=0; nouse=0; global=0; static=0; extern=0; dir=1; type=3; pingpong=0; private_global=0; IO mode=ap_fifo:ce=0
Port [ val_2_out]:  wired=1; compound=1; hidden=0; nouse=0; global=0; static=0; extern=0; dir=1; type=3; pingpong=0; private_global=0; IO mode=ap_fifo:ce=0
Port [ val_3_out]:  wired=1; compound=1; hidden=0; nouse=0; global=0; static=0; extern=0; dir=1; type=3; pingpong=0; private_global=0; IO mode=ap_fifo:ce=0
Port [ val_4_out]:  wired=1; compound=1; hidden=0; nouse=0; global=0; static=0; extern=0; dir=1; type=3; pingpong=0; private_global=0; IO mode=ap_fifo:ce=0
Port [ val_5_out]:  wired=1; compound=1; hidden=0; nouse=0; global=0; static=0; extern=0; dir=1; type=3; pingpong=0; private_global=0; IO mode=ap_fifo:ce=0
Port [ products_0_out]:  wired=1; compound=1; hidden=0; nouse=0; global=0; static=0; extern=0; dir=1; type=3; pingpong=0; private_global=0; IO mode=ap_fifo:ce=0
Port [ products_1_out]:  wired=1; compound=1; hidden=0; nouse=0; global=0; static=0; extern=0; dir=1; type=3; pingpong=0; private_global=0; IO mode=ap_fifo:ce=0
Port [ products_2_out]:  wired=1; compound=1; hidden=0; nouse=0; global=0; static=0; extern=0; dir=1; type=3; pingpong=0; private_global=0; IO mode=ap_fifo:ce=0
Port [ products_3_out]:  wired=1; compound=1; hidden=0; nouse=0; global=0; static=0; extern=0; dir=1; type=3; pingpong=0; private_global=0; IO mode=ap_fifo:ce=0
Port [ products_4_out]:  wired=1; compound=1; hidden=0; nouse=0; global=0; static=0; extern=0; dir=1; type=3; pingpong=0; private_global=0; IO mode=ap_fifo:ce=0
Port [ products_5_out]:  wired=1; compound=1; hidden=0; nouse=0; global=0; static=0; extern=0; dir=1; type=3; pingpong=0; private_global=0; IO mode=ap_fifo:ce=0
---------------- STG Properties END ------------------

---------------- Datapath Model BEGIN ----------------

<LifeTime>
<method=bitvector/>
scalar_val_0_c            (alloca              ) [ 0111]
scalar_val_1_c            (alloca              ) [ 0111]
scalar_val_2_c            (alloca              ) [ 0111]
scalar_val_3_c            (alloca              ) [ 0111]
scalar_val_4_c            (alloca              ) [ 0111]
scalar_val_5_c            (alloca              ) [ 0111]
call_ln34                 (call                ) [ 0000]
specinterface_ln0         (specinterface       ) [ 0000]
specinterface_ln0         (specinterface       ) [ 0000]
specinterface_ln0         (specinterface       ) [ 0000]
specinterface_ln0         (specinterface       ) [ 0000]
specinterface_ln0         (specinterface       ) [ 0000]
specinterface_ln0         (specinterface       ) [ 0000]
specinterface_ln0         (specinterface       ) [ 0000]
specinterface_ln0         (specinterface       ) [ 0000]
specinterface_ln0         (specinterface       ) [ 0000]
specinterface_ln0         (specinterface       ) [ 0000]
specinterface_ln0         (specinterface       ) [ 0000]
specinterface_ln0         (specinterface       ) [ 0000]
specdataflowpipeline_ln34 (specdataflowpipeline) [ 0000]
empty                     (specchannel         ) [ 0000]
specinterface_ln34        (specinterface       ) [ 0000]
empty_98                  (specchannel         ) [ 0000]
specinterface_ln34        (specinterface       ) [ 0000]
empty_99                  (specchannel         ) [ 0000]
specinterface_ln34        (specinterface       ) [ 0000]
empty_100                 (specchannel         ) [ 0000]
specinterface_ln34        (specinterface       ) [ 0000]
empty_101                 (specchannel         ) [ 0000]
specinterface_ln34        (specinterface       ) [ 0000]
empty_102                 (specchannel         ) [ 0000]
specinterface_ln34        (specinterface       ) [ 0000]
call_ret                  (call                ) [ 0000]
products_0_dc_channel     (extractvalue        ) [ 0000]
products_1_dc_channel     (extractvalue        ) [ 0000]
products_2_dc_channel     (extractvalue        ) [ 0000]
products_3_dc_channel     (extractvalue        ) [ 0000]
products_4_dc_channel     (extractvalue        ) [ 0000]
products_5_dc_channel     (extractvalue        ) [ 0000]
specinterface_ln0         (specinterface       ) [ 0000]
call_ln34                 (call                ) [ 0000]
specinterface_ln0         (specinterface       ) [ 0000]
call_ln34                 (call                ) [ 0000]
specinterface_ln0         (specinterface       ) [ 0000]
call_ln34                 (call                ) [ 0000]
specinterface_ln0         (specinterface       ) [ 0000]
call_ln34                 (call                ) [ 0000]
specinterface_ln0         (specinterface       ) [ 0000]
call_ln34                 (call                ) [ 0000]
specinterface_ln0         (specinterface       ) [ 0000]
call_ln34                 (call                ) [ 0000]
ret_ln0                   (ret                 ) [ 0000]
</LifeTime>

<model>

<comp_list>
<comp id="0" class="1000" name="val_0">
<pin_list>
<pin id="1" dir="1" index="0" bw="1" slack="0"/>
</pin_list>
<bind>
<StgValue><ssdm name="val_0"/></StgValue>
</bind>
</comp>

<comp id="2" class="1000" name="val_1">
<pin_list>
<pin id="3" dir="1" index="0" bw="1" slack="0"/>
</pin_list>
<bind>
<StgValue><ssdm name="val_1"/></StgValue>
</bind>
</comp>

<comp id="4" class="1000" name="val_2">
<pin_list>
<pin id="5" dir="1" index="0" bw="1" slack="0"/>
</pin_list>
<bind>
<StgValue><ssdm name="val_2"/></StgValue>
</bind>
</comp>

<comp id="6" class="1000" name="val_3">
<pin_list>
<pin id="7" dir="1" index="0" bw="1" slack="0"/>
</pin_list>
<bind>
<StgValue><ssdm name="val_3"/></StgValue>
</bind>
</comp>

<comp id="8" class="1000" name="val_4">
<pin_list>
<pin id="9" dir="1" index="0" bw="1" slack="0"/>
</pin_list>
<bind>
<StgValue><ssdm name="val_4"/></StgValue>
</bind>
</comp>

<comp id="10" class="1000" name="val_5">
<pin_list>
<pin id="11" dir="1" index="0" bw="1" slack="0"/>
</pin_list>
<bind>
<StgValue><ssdm name="val_5"/></StgValue>
</bind>
</comp>

<comp id="12" class="1000" name="val_0_out">
<pin_list>
<pin id="13" dir="1" index="0" bw="1" slack="0"/>
</pin_list>
<bind>
<StgValue><ssdm name="val_0_out"/></StgValue>
</bind>
</comp>

<comp id="14" class="1000" name="val_1_out">
<pin_list>
<pin id="15" dir="1" index="0" bw="1" slack="0"/>
</pin_list>
<bind>
<StgValue><ssdm name="val_1_out"/></StgValue>
</bind>
</comp>

<comp id="16" class="1000" name="val_2_out">
<pin_list>
<pin id="17" dir="1" index="0" bw="1" slack="0"/>
</pin_list>
<bind>
<StgValue><ssdm name="val_2_out"/></StgValue>
</bind>
</comp>

<comp id="18" class="1000" name="val_3_out">
<pin_list>
<pin id="19" dir="1" index="0" bw="1" slack="0"/>
</pin_list>
<bind>
<StgValue><ssdm name="val_3_out"/></StgValue>
</bind>
</comp>

<comp id="20" class="1000" name="val_4_out">
<pin_list>
<pin id="21" dir="1" index="0" bw="1" slack="0"/>
</pin_list>
<bind>
<StgValue><ssdm name="val_4_out"/></StgValue>
</bind>
</comp>

<comp id="22" class="1000" name="val_5_out">
<pin_list>
<pin id="23" dir="1" index="0" bw="1" slack="0"/>
</pin_list>
<bind>
<StgValue><ssdm name="val_5_out"/></StgValue>
</bind>
</comp>

<comp id="24" class="1000" name="products_0_out">
<pin_list>
<pin id="25" dir="1" index="0" bw="1" slack="0"/>
</pin_list>
<bind>
<StgValue><ssdm name="products_0_out"/></StgValue>
</bind>
</comp>

<comp id="26" class="1000" name="products_1_out">
<pin_list>
<pin id="27" dir="1" index="0" bw="1" slack="0"/>
</pin_list>
<bind>
<StgValue><ssdm name="products_1_out"/></StgValue>
</bind>
</comp>

<comp id="28" class="1000" name="products_2_out">
<pin_list>
<pin id="29" dir="1" index="0" bw="1" slack="0"/>
</pin_list>
<bind>
<StgValue><ssdm name="products_2_out"/></StgValue>
</bind>
</comp>

<comp id="30" class="1000" name="products_3_out">
<pin_list>
<pin id="31" dir="1" index="0" bw="1" slack="0"/>
</pin_list>
<bind>
<StgValue><ssdm name="products_3_out"/></StgValue>
</bind>
</comp>

<comp id="32" class="1000" name="products_4_out">
<pin_list>
<pin id="33" dir="1" index="0" bw="1" slack="0"/>
</pin_list>
<bind>
<StgValue><ssdm name="products_4_out"/></StgValue>
</bind>
</comp>

<comp id="34" class="1000" name="products_5_out">
<pin_list>
<pin id="35" dir="1" index="0" bw="1" slack="0"/>
</pin_list>
<bind>
<StgValue><ssdm name="products_5_out"/></StgValue>
</bind>
</comp>

<comp id="36" class="1001" name="const_36">
<pin_list>
<pin id="37" dir="1" index="0" bw="1" slack="0"/>
</pin_list>
<bind>
<StgValue><ssdm name=""/></StgValue>
</bind>
</comp>

<comp id="38" class="1001" name="const_38">
<pin_list>
<pin id="39" dir="1" index="0" bw="1" slack="0"/>
</pin_list>
<bind>
<StgValue><ssdm name="multiply_line11.entry145"/></StgValue>
</bind>
</comp>

<comp id="40" class="1001" name="const_40">
<pin_list>
<pin id="41" dir="1" index="0" bw="1" slack="0"/>
</pin_list>
<bind>
<StgValue><ssdm name="multiply_line11_Block_.split1_proc144"/></StgValue>
</bind>
</comp>

<comp id="42" class="1001" name="const_42">
<pin_list>
<pin id="43" dir="1" index="0" bw="1" slack="2147483647"/>
</pin_list>
<bind>
<StgValue><ssdm name="_ssdm_op_SpecInterface"/></StgValue>
</bind>
</comp>

<comp id="44" class="1001" name="const_44">
<pin_list>
<pin id="45" dir="1" index="0" bw="1" slack="2147483647"/>
</pin_list>
<bind>
<StgValue><ssdm name="ap_fifo_str"/></StgValue>
</bind>
</comp>

<comp id="46" class="1001" name="const_46">
<pin_list>
<pin id="47" dir="1" index="0" bw="1" slack="2147483647"/>
</pin_list>
<bind>
<StgValue><ssdm name=""/></StgValue>
</bind>
</comp>

<comp id="48" class="1001" name="const_48">
<pin_list>
<pin id="49" dir="1" index="0" bw="1" slack="2147483647"/>
</pin_list>
<bind>
<StgValue><ssdm name="p_str"/></StgValue>
</bind>
</comp>

<comp id="50" class="1001" name="const_50">
<pin_list>
<pin id="51" dir="1" index="0" bw="1" slack="2147483647"/>
</pin_list>
<bind>
<StgValue><ssdm name=""/></StgValue>
</bind>
</comp>

<comp id="52" class="1001" name="const_52">
<pin_list>
<pin id="53" dir="1" index="0" bw="1" slack="2147483647"/>
</pin_list>
<bind>
<StgValue><ssdm name=""/></StgValue>
</bind>
</comp>

<comp id="54" class="1001" name="const_54">
<pin_list>
<pin id="55" dir="1" index="0" bw="1" slack="2147483647"/>
</pin_list>
<bind>
<StgValue><ssdm name="ScalarProp_str"/></StgValue>
</bind>
</comp>

<comp id="56" class="1001" name="const_56">
<pin_list>
<pin id="57" dir="1" index="0" bw="1" slack="2147483647"/>
</pin_list>
<bind>
<StgValue><ssdm name="_ssdm_op_SpecDataflowPipeline"/></StgValue>
</bind>
</comp>

<comp id="58" class="1001" name="const_58">
<pin_list>
<pin id="59" dir="1" index="0" bw="1" slack="2147483647"/>
</pin_list>
<bind>
<StgValue><ssdm name=""/></StgValue>
</bind>
</comp>

<comp id="60" class="1001" name="const_60">
<pin_list>
<pin id="61" dir="1" index="0" bw="1" slack="2147483647"/>
</pin_list>
<bind>
<StgValue><ssdm name="empty"/></StgValue>
</bind>
</comp>

<comp id="62" class="1001" name="const_62">
<pin_list>
<pin id="63" dir="1" index="0" bw="1" slack="2147483647"/>
</pin_list>
<bind>
<StgValue><ssdm name="_ssdm_op_SpecChannel"/></StgValue>
</bind>
</comp>

<comp id="64" class="1001" name="const_64">
<pin_list>
<pin id="65" dir="1" index="0" bw="1" slack="2147483647"/>
</pin_list>
<bind>
<StgValue><ssdm name="scalar_val_OC_5_c_str"/></StgValue>
</bind>
</comp>

<comp id="66" class="1001" name="const_66">
<pin_list>
<pin id="67" dir="1" index="0" bw="1" slack="2147483647"/>
</pin_list>
<bind>
<StgValue><ssdm name=""/></StgValue>
</bind>
</comp>

<comp id="68" class="1001" name="const_68">
<pin_list>
<pin id="69" dir="1" index="0" bw="1" slack="2147483647"/>
</pin_list>
<bind>
<StgValue><ssdm name="scalar_val_OC_4_c_str"/></StgValue>
</bind>
</comp>

<comp id="70" class="1001" name="const_70">
<pin_list>
<pin id="71" dir="1" index="0" bw="1" slack="2147483647"/>
</pin_list>
<bind>
<StgValue><ssdm name="scalar_val_OC_3_c_str"/></StgValue>
</bind>
</comp>

<comp id="72" class="1001" name="const_72">
<pin_list>
<pin id="73" dir="1" index="0" bw="1" slack="2147483647"/>
</pin_list>
<bind>
<StgValue><ssdm name="scalar_val_OC_2_c_str"/></StgValue>
</bind>
</comp>

<comp id="74" class="1001" name="const_74">
<pin_list>
<pin id="75" dir="1" index="0" bw="1" slack="2147483647"/>
</pin_list>
<bind>
<StgValue><ssdm name="scalar_val_OC_1_c_str"/></StgValue>
</bind>
</comp>

<comp id="76" class="1001" name="const_76">
<pin_list>
<pin id="77" dir="1" index="0" bw="1" slack="2147483647"/>
</pin_list>
<bind>
<StgValue><ssdm name="scalar_val_OC_0_c_str"/></StgValue>
</bind>
</comp>

<comp id="78" class="1001" name="const_78">
<pin_list>
<pin id="79" dir="1" index="0" bw="1" slack="0"/>
</pin_list>
<bind>
<StgValue><ssdm name="__prop_ret_products_OC_0_dc_proc"/></StgValue>
</bind>
</comp>

<comp id="80" class="1001" name="const_80">
<pin_list>
<pin id="81" dir="1" index="0" bw="1" slack="0"/>
</pin_list>
<bind>
<StgValue><ssdm name="__prop_ret_products_OC_1_dc_proc"/></StgValue>
</bind>
</comp>

<comp id="82" class="1001" name="const_82">
<pin_list>
<pin id="83" dir="1" index="0" bw="1" slack="0"/>
</pin_list>
<bind>
<StgValue><ssdm name="__prop_ret_products_OC_2_dc_proc"/></StgValue>
</bind>
</comp>

<comp id="84" class="1001" name="const_84">
<pin_list>
<pin id="85" dir="1" index="0" bw="1" slack="0"/>
</pin_list>
<bind>
<StgValue><ssdm name="__prop_ret_products_OC_3_dc_proc"/></StgValue>
</bind>
</comp>

<comp id="86" class="1001" name="const_86">
<pin_list>
<pin id="87" dir="1" index="0" bw="1" slack="0"/>
</pin_list>
<bind>
<StgValue><ssdm name="__prop_ret_products_OC_4_dc_proc"/></StgValue>
</bind>
</comp>

<comp id="88" class="1001" name="const_88">
<pin_list>
<pin id="89" dir="1" index="0" bw="1" slack="0"/>
</pin_list>
<bind>
<StgValue><ssdm name="__prop_ret_products_OC_5_dc_proc"/></StgValue>
</bind>
</comp>

<comp id="90" class="1004" name="scalar_val_0_c_fu_90">
<pin_list>
<pin id="91" dir="0" index="0" bw="1" slack="0"/>
<pin id="92" dir="1" index="1" bw="32" slack="0"/>
</pin_list>
<bind>
<opcode="alloca(26) " fcode="alloca"/>
<opset="scalar_val_0_c/1 "/>
</bind>
</comp>

<comp id="94" class="1004" name="scalar_val_1_c_fu_94">
<pin_list>
<pin id="95" dir="0" index="0" bw="1" slack="0"/>
<pin id="96" dir="1" index="1" bw="32" slack="0"/>
</pin_list>
<bind>
<opcode="alloca(26) " fcode="alloca"/>
<opset="scalar_val_1_c/1 "/>
</bind>
</comp>

<comp id="98" class="1004" name="scalar_val_2_c_fu_98">
<pin_list>
<pin id="99" dir="0" index="0" bw="1" slack="0"/>
<pin id="100" dir="1" index="1" bw="32" slack="0"/>
</pin_list>
<bind>
<opcode="alloca(26) " fcode="alloca"/>
<opset="scalar_val_2_c/1 "/>
</bind>
</comp>

<comp id="102" class="1004" name="scalar_val_3_c_fu_102">
<pin_list>
<pin id="103" dir="0" index="0" bw="1" slack="0"/>
<pin id="104" dir="1" index="1" bw="32" slack="0"/>
</pin_list>
<bind>
<opcode="alloca(26) " fcode="alloca"/>
<opset="scalar_val_3_c/1 "/>
</bind>
</comp>

<comp id="106" class="1004" name="scalar_val_4_c_fu_106">
<pin_list>
<pin id="107" dir="0" index="0" bw="1" slack="0"/>
<pin id="108" dir="1" index="1" bw="32" slack="0"/>
</pin_list>
<bind>
<opcode="alloca(26) " fcode="alloca"/>
<opset="scalar_val_4_c/1 "/>
</bind>
</comp>

<comp id="110" class="1004" name="scalar_val_5_c_fu_110">
<pin_list>
<pin id="111" dir="0" index="0" bw="1" slack="0"/>
<pin id="112" dir="1" index="1" bw="32" slack="0"/>
</pin_list>
<bind>
<opcode="alloca(26) " fcode="alloca"/>
<opset="scalar_val_5_c/1 "/>
</bind>
</comp>

<comp id="114" class="1004" name="grp_multiply_line11_Block_split1_proc144_fu_114">
<pin_list>
<pin id="115" dir="0" index="0" bw="192" slack="0"/>
<pin id="116" dir="0" index="1" bw="32" slack="1"/>
<pin id="117" dir="0" index="2" bw="32" slack="0"/>
<pin id="118" dir="0" index="3" bw="32" slack="1"/>
<pin id="119" dir="0" index="4" bw="32" slack="0"/>
<pin id="120" dir="0" index="5" bw="32" slack="1"/>
<pin id="121" dir="0" index="6" bw="32" slack="0"/>
<pin id="122" dir="0" index="7" bw="32" slack="1"/>
<pin id="123" dir="0" index="8" bw="32" slack="0"/>
<pin id="124" dir="0" index="9" bw="32" slack="1"/>
<pin id="125" dir="0" index="10" bw="32" slack="0"/>
<pin id="126" dir="0" index="11" bw="32" slack="1"/>
<pin id="127" dir="0" index="12" bw="32" slack="0"/>
<pin id="128" dir="1" index="13" bw="192" slack="0"/>
</pin_list>
<bind>
<opcode="call(48) " fcode="call"/>
<opset="call_ret/2 "/>
</bind>
</comp>

<comp id="136" class="1004" name="call_ln34_multiply_line11_entry145_fu_136">
<pin_list>
<pin id="137" dir="0" index="0" bw="0" slack="0"/>
<pin id="138" dir="0" index="1" bw="32" slack="0"/>
<pin id="139" dir="0" index="2" bw="32" slack="0"/>
<pin id="140" dir="0" index="3" bw="32" slack="0"/>
<pin id="141" dir="0" index="4" bw="32" slack="0"/>
<pin id="142" dir="0" index="5" bw="32" slack="0"/>
<pin id="143" dir="0" index="6" bw="32" slack="0"/>
<pin id="144" dir="0" index="7" bw="32" slack="0"/>
<pin id="145" dir="0" index="8" bw="32" slack="0"/>
<pin id="146" dir="0" index="9" bw="32" slack="0"/>
<pin id="147" dir="0" index="10" bw="32" slack="0"/>
<pin id="148" dir="0" index="11" bw="32" slack="0"/>
<pin id="149" dir="0" index="12" bw="32" slack="0"/>
<pin id="150" dir="1" index="13" bw="0" slack="2147483647"/>
</pin_list>
<bind>
<opcode="call(48) " fcode="call"/>
<opset="call_ln34/1 "/>
</bind>
</comp>

<comp id="158" class="1004" name="call_ln34_p_prop_ret_products_OC_0_dc_proc_fu_158">
<pin_list>
<pin id="159" dir="0" index="0" bw="0" slack="0"/>
<pin id="160" dir="0" index="1" bw="32" slack="0"/>
<pin id="161" dir="0" index="2" bw="32" slack="0"/>
<pin id="162" dir="1" index="3" bw="0" slack="2147483647"/>
</pin_list>
<bind>
<opcode="call(48) " fcode="call"/>
<opset="call_ln34/3 "/>
</bind>
</comp>

<comp id="165" class="1004" name="call_ln34_p_prop_ret_products_OC_1_dc_proc_fu_165">
<pin_list>
<pin id="166" dir="0" index="0" bw="0" slack="0"/>
<pin id="167" dir="0" index="1" bw="32" slack="0"/>
<pin id="168" dir="0" index="2" bw="32" slack="0"/>
<pin id="169" dir="1" index="3" bw="0" slack="2147483647"/>
</pin_list>
<bind>
<opcode="call(48) " fcode="call"/>
<opset="call_ln34/3 "/>
</bind>
</comp>

<comp id="172" class="1004" name="call_ln34_p_prop_ret_products_OC_2_dc_proc_fu_172">
<pin_list>
<pin id="173" dir="0" index="0" bw="0" slack="0"/>
<pin id="174" dir="0" index="1" bw="32" slack="0"/>
<pin id="175" dir="0" index="2" bw="32" slack="0"/>
<pin id="176" dir="1" index="3" bw="0" slack="2147483647"/>
</pin_list>
<bind>
<opcode="call(48) " fcode="call"/>
<opset="call_ln34/3 "/>
</bind>
</comp>

<comp id="179" class="1004" name="call_ln34_p_prop_ret_products_OC_3_dc_proc_fu_179">
<pin_list>
<pin id="180" dir="0" index="0" bw="0" slack="0"/>
<pin id="181" dir="0" index="1" bw="32" slack="0"/>
<pin id="182" dir="0" index="2" bw="32" slack="0"/>
<pin id="183" dir="1" index="3" bw="0" slack="2147483647"/>
</pin_list>
<bind>
<opcode="call(48) " fcode="call"/>
<opset="call_ln34/3 "/>
</bind>
</comp>

<comp id="186" class="1004" name="call_ln34_p_prop_ret_products_OC_4_dc_proc_fu_186">
<pin_list>
<pin id="187" dir="0" index="0" bw="0" slack="0"/>
<pin id="188" dir="0" index="1" bw="32" slack="0"/>
<pin id="189" dir="0" index="2" bw="32" slack="0"/>
<pin id="190" dir="1" index="3" bw="0" slack="2147483647"/>
</pin_list>
<bind>
<opcode="call(48) " fcode="call"/>
<opset="call_ln34/3 "/>
</bind>
</comp>

<comp id="193" class="1004" name="call_ln34_p_prop_ret_products_OC_5_dc_proc_fu_193">
<pin_list>
<pin id="194" dir="0" index="0" bw="0" slack="0"/>
<pin id="195" dir="0" index="1" bw="32" slack="0"/>
<pin id="196" dir="0" index="2" bw="32" slack="0"/>
<pin id="197" dir="1" index="3" bw="0" slack="2147483647"/>
</pin_list>
<bind>
<opcode="call(48) " fcode="call"/>
<opset="call_ln34/3 "/>
</bind>
</comp>

<comp id="200" class="1004" name="products_0_dc_channel_fu_200">
<pin_list>
<pin id="201" dir="0" index="0" bw="192" slack="0"/>
<pin id="202" dir="1" index="1" bw="32" slack="0"/>
</pin_list>
<bind>
<opcode="extractvalue(56) " fcode="extractvalue"/>
<opset="products_0_dc_channel/3 "/>
</bind>
</comp>

<comp id="205" class="1004" name="products_1_dc_channel_fu_205">
<pin_list>
<pin id="206" dir="0" index="0" bw="192" slack="0"/>
<pin id="207" dir="1" index="1" bw="32" slack="0"/>
</pin_list>
<bind>
<opcode="extractvalue(56) " fcode="extractvalue"/>
<opset="products_1_dc_channel/3 "/>
</bind>
</comp>

<comp id="210" class="1004" name="products_2_dc_channel_fu_210">
<pin_list>
<pin id="211" dir="0" index="0" bw="192" slack="0"/>
<pin id="212" dir="1" index="1" bw="32" slack="0"/>
</pin_list>
<bind>
<opcode="extractvalue(56) " fcode="extractvalue"/>
<opset="products_2_dc_channel/3 "/>
</bind>
</comp>

<comp id="215" class="1004" name="products_3_dc_channel_fu_215">
<pin_list>
<pin id="216" dir="0" index="0" bw="192" slack="0"/>
<pin id="217" dir="1" index="1" bw="32" slack="0"/>
</pin_list>
<bind>
<opcode="extractvalue(56) " fcode="extractvalue"/>
<opset="products_3_dc_channel/3 "/>
</bind>
</comp>

<comp id="220" class="1004" name="products_4_dc_channel_fu_220">
<pin_list>
<pin id="221" dir="0" index="0" bw="192" slack="0"/>
<pin id="222" dir="1" index="1" bw="32" slack="0"/>
</pin_list>
<bind>
<opcode="extractvalue(56) " fcode="extractvalue"/>
<opset="products_4_dc_channel/3 "/>
</bind>
</comp>

<comp id="225" class="1004" name="products_5_dc_channel_fu_225">
<pin_list>
<pin id="226" dir="0" index="0" bw="192" slack="0"/>
<pin id="227" dir="1" index="1" bw="32" slack="0"/>
</pin_list>
<bind>
<opcode="extractvalue(56) " fcode="extractvalue"/>
<opset="products_5_dc_channel/3 "/>
</bind>
</comp>

<comp id="230" class="1005" name="scalar_val_0_c_reg_230">
<pin_list>
<pin id="231" dir="0" index="0" bw="32" slack="0"/>
<pin id="232" dir="1" index="1" bw="32" slack="0"/>
</pin_list>
<bind>
<opset="scalar_val_0_c "/>
</bind>
</comp>

<comp id="236" class="1005" name="scalar_val_1_c_reg_236">
<pin_list>
<pin id="237" dir="0" index="0" bw="32" slack="0"/>
<pin id="238" dir="1" index="1" bw="32" slack="0"/>
</pin_list>
<bind>
<opset="scalar_val_1_c "/>
</bind>
</comp>

<comp id="242" class="1005" name="scalar_val_2_c_reg_242">
<pin_list>
<pin id="243" dir="0" index="0" bw="32" slack="0"/>
<pin id="244" dir="1" index="1" bw="32" slack="0"/>
</pin_list>
<bind>
<opset="scalar_val_2_c "/>
</bind>
</comp>

<comp id="248" class="1005" name="scalar_val_3_c_reg_248">
<pin_list>
<pin id="249" dir="0" index="0" bw="32" slack="0"/>
<pin id="250" dir="1" index="1" bw="32" slack="0"/>
</pin_list>
<bind>
<opset="scalar_val_3_c "/>
</bind>
</comp>

<comp id="254" class="1005" name="scalar_val_4_c_reg_254">
<pin_list>
<pin id="255" dir="0" index="0" bw="32" slack="0"/>
<pin id="256" dir="1" index="1" bw="32" slack="0"/>
</pin_list>
<bind>
<opset="scalar_val_4_c "/>
</bind>
</comp>

<comp id="260" class="1005" name="scalar_val_5_c_reg_260">
<pin_list>
<pin id="261" dir="0" index="0" bw="32" slack="0"/>
<pin id="262" dir="1" index="1" bw="32" slack="0"/>
</pin_list>
<bind>
<opset="scalar_val_5_c "/>
</bind>
</comp>

</comp_list>

<net_list>
<net id="93"><net_src comp="36" pin="0"/><net_sink comp="90" pin=0"/></net>

<net id="97"><net_src comp="36" pin="0"/><net_sink comp="94" pin=0"/></net>

<net id="101"><net_src comp="36" pin="0"/><net_sink comp="98" pin=0"/></net>

<net id="105"><net_src comp="36" pin="0"/><net_sink comp="102" pin=0"/></net>

<net id="109"><net_src comp="36" pin="0"/><net_sink comp="106" pin=0"/></net>

<net id="113"><net_src comp="36" pin="0"/><net_sink comp="110" pin=0"/></net>

<net id="129"><net_src comp="40" pin="0"/><net_sink comp="114" pin=0"/></net>

<net id="130"><net_src comp="12" pin="0"/><net_sink comp="114" pin=2"/></net>

<net id="131"><net_src comp="14" pin="0"/><net_sink comp="114" pin=4"/></net>

<net id="132"><net_src comp="16" pin="0"/><net_sink comp="114" pin=6"/></net>

<net id="133"><net_src comp="18" pin="0"/><net_sink comp="114" pin=8"/></net>

<net id="134"><net_src comp="20" pin="0"/><net_sink comp="114" pin=10"/></net>

<net id="135"><net_src comp="22" pin="0"/><net_sink comp="114" pin=12"/></net>

<net id="151"><net_src comp="38" pin="0"/><net_sink comp="136" pin=0"/></net>

<net id="152"><net_src comp="10" pin="0"/><net_sink comp="136" pin=1"/></net>

<net id="153"><net_src comp="8" pin="0"/><net_sink comp="136" pin=2"/></net>

<net id="154"><net_src comp="6" pin="0"/><net_sink comp="136" pin=3"/></net>

<net id="155"><net_src comp="4" pin="0"/><net_sink comp="136" pin=4"/></net>

<net id="156"><net_src comp="2" pin="0"/><net_sink comp="136" pin=5"/></net>

<net id="157"><net_src comp="0" pin="0"/><net_sink comp="136" pin=6"/></net>

<net id="163"><net_src comp="78" pin="0"/><net_sink comp="158" pin=0"/></net>

<net id="164"><net_src comp="24" pin="0"/><net_sink comp="158" pin=2"/></net>

<net id="170"><net_src comp="80" pin="0"/><net_sink comp="165" pin=0"/></net>

<net id="171"><net_src comp="26" pin="0"/><net_sink comp="165" pin=2"/></net>

<net id="177"><net_src comp="82" pin="0"/><net_sink comp="172" pin=0"/></net>

<net id="178"><net_src comp="28" pin="0"/><net_sink comp="172" pin=2"/></net>

<net id="184"><net_src comp="84" pin="0"/><net_sink comp="179" pin=0"/></net>

<net id="185"><net_src comp="30" pin="0"/><net_sink comp="179" pin=2"/></net>

<net id="191"><net_src comp="86" pin="0"/><net_sink comp="186" pin=0"/></net>

<net id="192"><net_src comp="32" pin="0"/><net_sink comp="186" pin=2"/></net>

<net id="198"><net_src comp="88" pin="0"/><net_sink comp="193" pin=0"/></net>

<net id="199"><net_src comp="34" pin="0"/><net_sink comp="193" pin=2"/></net>

<net id="203"><net_src comp="114" pin="13"/><net_sink comp="200" pin=0"/></net>

<net id="204"><net_src comp="200" pin="1"/><net_sink comp="158" pin=1"/></net>

<net id="208"><net_src comp="114" pin="13"/><net_sink comp="205" pin=0"/></net>

<net id="209"><net_src comp="205" pin="1"/><net_sink comp="165" pin=1"/></net>

<net id="213"><net_src comp="114" pin="13"/><net_sink comp="210" pin=0"/></net>

<net id="214"><net_src comp="210" pin="1"/><net_sink comp="172" pin=1"/></net>

<net id="218"><net_src comp="114" pin="13"/><net_sink comp="215" pin=0"/></net>

<net id="219"><net_src comp="215" pin="1"/><net_sink comp="179" pin=1"/></net>

<net id="223"><net_src comp="114" pin="13"/><net_sink comp="220" pin=0"/></net>

<net id="224"><net_src comp="220" pin="1"/><net_sink comp="186" pin=1"/></net>

<net id="228"><net_src comp="114" pin="13"/><net_sink comp="225" pin=0"/></net>

<net id="229"><net_src comp="225" pin="1"/><net_sink comp="193" pin=1"/></net>

<net id="233"><net_src comp="90" pin="1"/><net_sink comp="230" pin=0"/></net>

<net id="234"><net_src comp="230" pin="1"/><net_sink comp="136" pin=12"/></net>

<net id="235"><net_src comp="230" pin="1"/><net_sink comp="114" pin=1"/></net>

<net id="239"><net_src comp="94" pin="1"/><net_sink comp="236" pin=0"/></net>

<net id="240"><net_src comp="236" pin="1"/><net_sink comp="136" pin=11"/></net>

<net id="241"><net_src comp="236" pin="1"/><net_sink comp="114" pin=3"/></net>

<net id="245"><net_src comp="98" pin="1"/><net_sink comp="242" pin=0"/></net>

<net id="246"><net_src comp="242" pin="1"/><net_sink comp="136" pin=10"/></net>

<net id="247"><net_src comp="242" pin="1"/><net_sink comp="114" pin=5"/></net>

<net id="251"><net_src comp="102" pin="1"/><net_sink comp="248" pin=0"/></net>

<net id="252"><net_src comp="248" pin="1"/><net_sink comp="136" pin=9"/></net>

<net id="253"><net_src comp="248" pin="1"/><net_sink comp="114" pin=7"/></net>

<net id="257"><net_src comp="106" pin="1"/><net_sink comp="254" pin=0"/></net>

<net id="258"><net_src comp="254" pin="1"/><net_sink comp="136" pin=8"/></net>

<net id="259"><net_src comp="254" pin="1"/><net_sink comp="114" pin=9"/></net>

<net id="263"><net_src comp="110" pin="1"/><net_sink comp="260" pin=0"/></net>

<net id="264"><net_src comp="260" pin="1"/><net_sink comp="136" pin=7"/></net>

<net id="265"><net_src comp="260" pin="1"/><net_sink comp="114" pin=11"/></net>

</net_list>

</model> 
---------------- Datapath Model END ------------------

* FSMD analyzer results:
  - Output states:
	Port: val_0_out | {2 3 }
	Port: val_1_out | {2 3 }
	Port: val_2_out | {2 3 }
	Port: val_3_out | {2 3 }
	Port: val_4_out | {2 3 }
	Port: val_5_out | {2 3 }
	Port: products_0_out | {3 }
	Port: products_1_out | {3 }
	Port: products_2_out | {3 }
	Port: products_3_out | {3 }
	Port: products_4_out | {3 }
	Port: products_5_out | {3 }
 - Input state : 
	Port: multiply_line11 : val_0 | {1 }
	Port: multiply_line11 : val_1 | {1 }
	Port: multiply_line11 : val_2 | {1 }
	Port: multiply_line11 : val_3 | {1 }
	Port: multiply_line11 : val_4 | {1 }
	Port: multiply_line11 : val_5 | {1 }
  - Chain level:
	State 1
		call_ln34 : 1
	State 2
	State 3
		products_0_dc_channel : 1
		products_1_dc_channel : 1
		products_2_dc_channel : 1
		products_3_dc_channel : 1
		products_4_dc_channel : 1
		products_5_dc_channel : 1
		call_ln34 : 2
		call_ln34 : 2
		call_ln34 : 2
		call_ln34 : 2
		call_ln34 : 2
		call_ln34 : 2


============================================================
+ Verbose Summary: Datapath Resource usage 
============================================================

* Functional unit list:
|----------|---------------------------------------------------|---------|---------|---------|
| Operation|                  Functional Unit                  |   DSP   |    FF   |   LUT   |
|----------|---------------------------------------------------|---------|---------|---------|
|          |  grp_multiply_line11_Block_split1_proc144_fu_114  |    9    |   576   |   405   |
|          |     call_ln34_multiply_line11_entry145_fu_136     |    0    |    0    |    0    |
|          | call_ln34_p_prop_ret_products_OC_0_dc_proc_fu_158 |    0    |    0    |    0    |
|   call   | call_ln34_p_prop_ret_products_OC_1_dc_proc_fu_165 |    0    |    0    |    0    |
|          | call_ln34_p_prop_ret_products_OC_2_dc_proc_fu_172 |    0    |    0    |    0    |
|          | call_ln34_p_prop_ret_products_OC_3_dc_proc_fu_179 |    0    |    0    |    0    |
|          | call_ln34_p_prop_ret_products_OC_4_dc_proc_fu_186 |    0    |    0    |    0    |
|          | call_ln34_p_prop_ret_products_OC_5_dc_proc_fu_193 |    0    |    0    |    0    |
|----------|---------------------------------------------------|---------|---------|---------|
|          |            products_0_dc_channel_fu_200           |    0    |    0    |    0    |
|          |            products_1_dc_channel_fu_205           |    0    |    0    |    0    |
|extractvalue|            products_2_dc_channel_fu_210           |    0    |    0    |    0    |
|          |            products_3_dc_channel_fu_215           |    0    |    0    |    0    |
|          |            products_4_dc_channel_fu_220           |    0    |    0    |    0    |
|          |            products_5_dc_channel_fu_225           |    0    |    0    |    0    |
|----------|---------------------------------------------------|---------|---------|---------|
|   Total  |                                                   |    9    |   576   |   405   |
|----------|---------------------------------------------------|---------|---------|---------|

Memories:
N/A

* Register list:
+----------------------+--------+
|                      |   FF   |
+----------------------+--------+
|scalar_val_0_c_reg_230|   32   |
|scalar_val_1_c_reg_236|   32   |
|scalar_val_2_c_reg_242|   32   |
|scalar_val_3_c_reg_248|   32   |
|scalar_val_4_c_reg_254|   32   |
|scalar_val_5_c_reg_260|   32   |
+----------------------+--------+
|         Total        |   192  |
+----------------------+--------+

* Multiplexer (MUX) list: 
|--------|------|------|------|--------|
|  Comp  |  Pin | Size |  BW  | S x BW |
|--------|------|------|------|--------|
|  Total |      |      |      |    0   |
|--------|------|------|------|--------|



* Summary:
+-----------+--------+--------+--------+
|           |   DSP  |   FF   |   LUT  |
+-----------+--------+--------+--------+
|  Function |    9   |   576  |   405  |
|   Memory  |    -   |    -   |    -   |
|Multiplexer|    -   |    -   |    -   |
|  Register |    -   |   192  |    -   |
+-----------+--------+--------+--------+
|   Total   |    9   |   768  |   405  |
+-----------+--------+--------+--------+
