

================================================================
== Vitis HLS Report for 'multiply_line14_Block_split1_proc174'
================================================================
* Date:           Fri May 19 07:25:11 2023

* Version:        2020.1 (Build 2902540 on Wed May 27 20:16:15 MDT 2020)
* Project:        uz_VSD
* Solution:       solution1 (Vivado IP Flow Target)
* Product family: zynquplus
* Target device:  xczu19eg-ffve1924-2-e


================================================================
== Performance Estimates
================================================================
+ Timing: 
    * Summary: 
    +--------+----------+----------+------------+
    |  Clock |  Target  | Estimated| Uncertainty|
    +--------+----------+----------+------------+
    |ap_clk  | 10.00 ns | 7.016 ns |   2.70 ns  |
    +--------+----------+----------+------------+

+ Latency: 
    * Summary: 
    +---------+---------+-----------+-----------+-----+-----+---------+
    |  Latency (cycles) |   Latency (absolute)  |  Interval | Pipeline|
    |   min   |   max   |    min    |    max    | min | max |   Type  |
    +---------+---------+-----------+-----------+-----+-----+---------+
    |        3|        3| 30.000 ns | 30.000 ns |    3|    3|   none  |
    +---------+---------+-----------+-----------+-----+-----+---------+

    + Detail: 
        * Instance: 
        N/A

        * Loop: 
        N/A

============================================================
+ Verbose Summary: Synthesis Manager
============================================================
InlineROM: 1
ExposeGlobal: 0
============================================================
+ Verbose Summary: CDFG Model
============================================================
IsTopModel: 0
ResetActiveHigh: 1
IsCombinational: 2
IsDatapathOnly: 0
HasWiredReturn: 1
HasMFsm: 0
HasVarLatency: 1
IsPipeline: 0
IsRtlPipelined: 0
IsInstanceOverlapped: 0
IsDontTouch: 0
HasImplIP: 0
IsGatedGlobalClock: 0


============================================================
+ Verbose Summary: Schedule
============================================================
* Number of FSM states : 4
* Pipeline : 0
* Dataflow Pipeline: 0

* FSM state transitions: 
1 --> 2 
2 --> 3 
3 --> 4 
4 --> 

* FSM state operations: 

State 1 <SV = 0> <Delay = 3.67>
ST_1 : Operation 5 [1/1] (1.83ns)   --->   "%scalar_val_0_read = read i32 @_ssdm_op_Read.ap_fifo.floatP, i32 %scalar_val_0"   --->   Operation 5 'read' 'scalar_val_0_read' <Predicate = true> <Delay = 1.83> <CoreInst = "FIFO_SRL">   --->   Core 21 'FIFO_SRL' <Latency = 0> <II = 1> <Delay = 1.83> <Storage> <Opcode : 'read' 'write' 'nbread' 'nbwrite'> <Ports = 0> <Width = 32> <Depth = 2> <FIFO>
ST_1 : Operation 6 [1/1] (1.83ns)   --->   "%scalar_val_1_read = read i32 @_ssdm_op_Read.ap_fifo.floatP, i32 %scalar_val_1"   --->   Operation 6 'read' 'scalar_val_1_read' <Predicate = true> <Delay = 1.83> <CoreInst = "FIFO_SRL">   --->   Core 21 'FIFO_SRL' <Latency = 0> <II = 1> <Delay = 1.83> <Storage> <Opcode : 'read' 'write' 'nbread' 'nbwrite'> <Ports = 0> <Width = 32> <Depth = 2> <FIFO>
ST_1 : Operation 7 [1/1] (1.83ns)   --->   "%scalar_val_2_read = read i32 @_ssdm_op_Read.ap_fifo.floatP, i32 %scalar_val_2"   --->   Operation 7 'read' 'scalar_val_2_read' <Predicate = true> <Delay = 1.83> <CoreInst = "FIFO_SRL">   --->   Core 21 'FIFO_SRL' <Latency = 0> <II = 1> <Delay = 1.83> <Storage> <Opcode : 'read' 'write' 'nbread' 'nbwrite'> <Ports = 0> <Width = 32> <Depth = 2> <FIFO>
ST_1 : Operation 8 [1/1] (1.83ns)   --->   "%scalar_val_3_read = read i32 @_ssdm_op_Read.ap_fifo.floatP, i32 %scalar_val_3"   --->   Operation 8 'read' 'scalar_val_3_read' <Predicate = true> <Delay = 1.83> <CoreInst = "FIFO_SRL">   --->   Core 21 'FIFO_SRL' <Latency = 0> <II = 1> <Delay = 1.83> <Storage> <Opcode : 'read' 'write' 'nbread' 'nbwrite'> <Ports = 0> <Width = 32> <Depth = 2> <FIFO>
ST_1 : Operation 9 [1/1] (1.83ns)   --->   "%scalar_val_4_read = read i32 @_ssdm_op_Read.ap_fifo.floatP, i32 %scalar_val_4"   --->   Operation 9 'read' 'scalar_val_4_read' <Predicate = true> <Delay = 1.83> <CoreInst = "FIFO_SRL">   --->   Core 21 'FIFO_SRL' <Latency = 0> <II = 1> <Delay = 1.83> <Storage> <Opcode : 'read' 'write' 'nbread' 'nbwrite'> <Ports = 0> <Width = 32> <Depth = 2> <FIFO>
ST_1 : Operation 10 [1/1] (1.83ns)   --->   "%scalar_val_5_read = read i32 @_ssdm_op_Read.ap_fifo.floatP, i32 %scalar_val_5"   --->   Operation 10 'read' 'scalar_val_5_read' <Predicate = true> <Delay = 1.83> <CoreInst = "FIFO_SRL">   --->   Core 21 'FIFO_SRL' <Latency = 0> <II = 1> <Delay = 1.83> <Storage> <Opcode : 'read' 'write' 'nbread' 'nbwrite'> <Ports = 0> <Width = 32> <Depth = 2> <FIFO>
ST_1 : Operation 11 [1/1] (1.83ns)   --->   "%write_ln0 = write void @_ssdm_op_Write.ap_fifo.floatP, i32 %val_0_out, i32 %scalar_val_0_read"   --->   Operation 11 'write' 'write_ln0' <Predicate = true> <Delay = 1.83> <CoreInst = "FIFO_SRL">   --->   Core 21 'FIFO_SRL' <Latency = 0> <II = 1> <Delay = 1.83> <Storage> <Opcode : 'read' 'write' 'nbread' 'nbwrite'> <Ports = 0> <Width = 32> <Depth = 2> <FIFO>
ST_1 : Operation 12 [1/1] (1.83ns)   --->   "%write_ln0 = write void @_ssdm_op_Write.ap_fifo.floatP, i32 %val_1_out, i32 %scalar_val_1_read"   --->   Operation 12 'write' 'write_ln0' <Predicate = true> <Delay = 1.83> <CoreInst = "FIFO_SRL">   --->   Core 21 'FIFO_SRL' <Latency = 0> <II = 1> <Delay = 1.83> <Storage> <Opcode : 'read' 'write' 'nbread' 'nbwrite'> <Ports = 0> <Width = 32> <Depth = 2> <FIFO>
ST_1 : Operation 13 [1/1] (1.83ns)   --->   "%write_ln0 = write void @_ssdm_op_Write.ap_fifo.floatP, i32 %val_2_out, i32 %scalar_val_2_read"   --->   Operation 13 'write' 'write_ln0' <Predicate = true> <Delay = 1.83> <CoreInst = "FIFO_SRL">   --->   Core 21 'FIFO_SRL' <Latency = 0> <II = 1> <Delay = 1.83> <Storage> <Opcode : 'read' 'write' 'nbread' 'nbwrite'> <Ports = 0> <Width = 32> <Depth = 2> <FIFO>
ST_1 : Operation 14 [1/1] (1.83ns)   --->   "%write_ln0 = write void @_ssdm_op_Write.ap_fifo.floatP, i32 %val_3_out, i32 %scalar_val_3_read"   --->   Operation 14 'write' 'write_ln0' <Predicate = true> <Delay = 1.83> <CoreInst = "FIFO_SRL">   --->   Core 21 'FIFO_SRL' <Latency = 0> <II = 1> <Delay = 1.83> <Storage> <Opcode : 'read' 'write' 'nbread' 'nbwrite'> <Ports = 0> <Width = 32> <Depth = 2> <FIFO>
ST_1 : Operation 15 [1/1] (1.83ns)   --->   "%write_ln0 = write void @_ssdm_op_Write.ap_fifo.floatP, i32 %val_4_out, i32 %scalar_val_4_read"   --->   Operation 15 'write' 'write_ln0' <Predicate = true> <Delay = 1.83> <CoreInst = "FIFO_SRL">   --->   Core 21 'FIFO_SRL' <Latency = 0> <II = 1> <Delay = 1.83> <Storage> <Opcode : 'read' 'write' 'nbread' 'nbwrite'> <Ports = 0> <Width = 32> <Depth = 2> <FIFO>
ST_1 : Operation 16 [1/1] (1.83ns)   --->   "%write_ln0 = write void @_ssdm_op_Write.ap_fifo.floatP, i32 %val_5_out, i32 %scalar_val_5_read"   --->   Operation 16 'write' 'write_ln0' <Predicate = true> <Delay = 1.83> <CoreInst = "FIFO_SRL">   --->   Core 21 'FIFO_SRL' <Latency = 0> <II = 1> <Delay = 1.83> <Storage> <Opcode : 'read' 'write' 'nbread' 'nbwrite'> <Ports = 0> <Width = 32> <Depth = 2> <FIFO>

State 2 <SV = 1> <Delay = 7.01>
ST_2 : Operation 17 [3/3] (7.01ns)   --->   "%products_0_dc = fmul i32 %scalar_val_0_read, i32" [uz_VSD/uz_VSD.cpp:31]   --->   Operation 17 'fmul' 'products_0_dc' <Predicate = true> <Delay = 7.01> <CoreInst = "FMul_maxdsp">   --->   Core 86 'FMul_maxdsp' <Latency = 2> <II = 1> <Delay = 7.01> <FuncUnit> <Opcode : 'fmul'> <InPorts = 2> <OutPorts = 1>
ST_2 : Operation 18 [3/3] (7.01ns)   --->   "%products_1_dc = fmul i32 %scalar_val_1_read, i32" [uz_VSD/uz_VSD.cpp:31]   --->   Operation 18 'fmul' 'products_1_dc' <Predicate = true> <Delay = 7.01> <CoreInst = "FMul_maxdsp">   --->   Core 86 'FMul_maxdsp' <Latency = 2> <II = 1> <Delay = 7.01> <FuncUnit> <Opcode : 'fmul'> <InPorts = 2> <OutPorts = 1>
ST_2 : Operation 19 [3/3] (7.01ns)   --->   "%products_2_dc = fmul i32 %scalar_val_2_read, i32" [uz_VSD/uz_VSD.cpp:31]   --->   Operation 19 'fmul' 'products_2_dc' <Predicate = true> <Delay = 7.01> <CoreInst = "FMul_maxdsp">   --->   Core 86 'FMul_maxdsp' <Latency = 2> <II = 1> <Delay = 7.01> <FuncUnit> <Opcode : 'fmul'> <InPorts = 2> <OutPorts = 1>
ST_2 : Operation 20 [3/3] (7.01ns)   --->   "%products_3_dc = fmul i32 %scalar_val_3_read, i32" [uz_VSD/uz_VSD.cpp:31]   --->   Operation 20 'fmul' 'products_3_dc' <Predicate = true> <Delay = 7.01> <CoreInst = "FMul_maxdsp">   --->   Core 86 'FMul_maxdsp' <Latency = 2> <II = 1> <Delay = 7.01> <FuncUnit> <Opcode : 'fmul'> <InPorts = 2> <OutPorts = 1>
ST_2 : Operation 21 [3/3] (7.01ns)   --->   "%products_4_dc = fmul i32 %scalar_val_4_read, i32" [uz_VSD/uz_VSD.cpp:31]   --->   Operation 21 'fmul' 'products_4_dc' <Predicate = true> <Delay = 7.01> <CoreInst = "FMul_maxdsp">   --->   Core 86 'FMul_maxdsp' <Latency = 2> <II = 1> <Delay = 7.01> <FuncUnit> <Opcode : 'fmul'> <InPorts = 2> <OutPorts = 1>

State 3 <SV = 2> <Delay = 7.01>
ST_3 : Operation 22 [2/3] (7.01ns)   --->   "%products_0_dc = fmul i32 %scalar_val_0_read, i32" [uz_VSD/uz_VSD.cpp:31]   --->   Operation 22 'fmul' 'products_0_dc' <Predicate = true> <Delay = 7.01> <CoreInst = "FMul_maxdsp">   --->   Core 86 'FMul_maxdsp' <Latency = 2> <II = 1> <Delay = 7.01> <FuncUnit> <Opcode : 'fmul'> <InPorts = 2> <OutPorts = 1>
ST_3 : Operation 23 [2/3] (7.01ns)   --->   "%products_1_dc = fmul i32 %scalar_val_1_read, i32" [uz_VSD/uz_VSD.cpp:31]   --->   Operation 23 'fmul' 'products_1_dc' <Predicate = true> <Delay = 7.01> <CoreInst = "FMul_maxdsp">   --->   Core 86 'FMul_maxdsp' <Latency = 2> <II = 1> <Delay = 7.01> <FuncUnit> <Opcode : 'fmul'> <InPorts = 2> <OutPorts = 1>
ST_3 : Operation 24 [2/3] (7.01ns)   --->   "%products_2_dc = fmul i32 %scalar_val_2_read, i32" [uz_VSD/uz_VSD.cpp:31]   --->   Operation 24 'fmul' 'products_2_dc' <Predicate = true> <Delay = 7.01> <CoreInst = "FMul_maxdsp">   --->   Core 86 'FMul_maxdsp' <Latency = 2> <II = 1> <Delay = 7.01> <FuncUnit> <Opcode : 'fmul'> <InPorts = 2> <OutPorts = 1>
ST_3 : Operation 25 [2/3] (7.01ns)   --->   "%products_3_dc = fmul i32 %scalar_val_3_read, i32" [uz_VSD/uz_VSD.cpp:31]   --->   Operation 25 'fmul' 'products_3_dc' <Predicate = true> <Delay = 7.01> <CoreInst = "FMul_maxdsp">   --->   Core 86 'FMul_maxdsp' <Latency = 2> <II = 1> <Delay = 7.01> <FuncUnit> <Opcode : 'fmul'> <InPorts = 2> <OutPorts = 1>
ST_3 : Operation 26 [2/3] (7.01ns)   --->   "%products_4_dc = fmul i32 %scalar_val_4_read, i32" [uz_VSD/uz_VSD.cpp:31]   --->   Operation 26 'fmul' 'products_4_dc' <Predicate = true> <Delay = 7.01> <CoreInst = "FMul_maxdsp">   --->   Core 86 'FMul_maxdsp' <Latency = 2> <II = 1> <Delay = 7.01> <FuncUnit> <Opcode : 'fmul'> <InPorts = 2> <OutPorts = 1>

State 4 <SV = 3> <Delay = 7.01>
ST_4 : Operation 27 [1/1] (0.00ns)   --->   "%specinterface_ln0 = specinterface void @_ssdm_op_SpecInterface, i32 %val_0_out, void @ap_fifo_str, i32, i32, void @p_str, i32, i32, void @p_str, void @p_str, void @p_str, i32, i32, i32, i32, void @p_str, void @ScalarProp_str"   --->   Operation 27 'specinterface' 'specinterface_ln0' <Predicate = true> <Delay = 0.00>
ST_4 : Operation 28 [1/1] (0.00ns)   --->   "%specinterface_ln0 = specinterface void @_ssdm_op_SpecInterface, i32 %val_0_out, void @ap_fifo_str, i32, i32, void @p_str, i32, i32, void @p_str, void @p_str, void @p_str, i32, i32, i32, i32, void @p_str, void @ScalarProp_str"   --->   Operation 28 'specinterface' 'specinterface_ln0' <Predicate = true> <Delay = 0.00>
ST_4 : Operation 29 [1/1] (0.00ns)   --->   "%specinterface_ln0 = specinterface void @_ssdm_op_SpecInterface, i32 %val_1_out, void @ap_fifo_str, i32, i32, void @p_str, i32, i32, void @p_str, void @p_str, void @p_str, i32, i32, i32, i32, void @p_str, void @ScalarProp_str"   --->   Operation 29 'specinterface' 'specinterface_ln0' <Predicate = true> <Delay = 0.00>
ST_4 : Operation 30 [1/1] (0.00ns)   --->   "%specinterface_ln0 = specinterface void @_ssdm_op_SpecInterface, i32 %val_1_out, void @ap_fifo_str, i32, i32, void @p_str, i32, i32, void @p_str, void @p_str, void @p_str, i32, i32, i32, i32, void @p_str, void @ScalarProp_str"   --->   Operation 30 'specinterface' 'specinterface_ln0' <Predicate = true> <Delay = 0.00>
ST_4 : Operation 31 [1/1] (0.00ns)   --->   "%specinterface_ln0 = specinterface void @_ssdm_op_SpecInterface, i32 %val_2_out, void @ap_fifo_str, i32, i32, void @p_str, i32, i32, void @p_str, void @p_str, void @p_str, i32, i32, i32, i32, void @p_str, void @ScalarProp_str"   --->   Operation 31 'specinterface' 'specinterface_ln0' <Predicate = true> <Delay = 0.00>
ST_4 : Operation 32 [1/1] (0.00ns)   --->   "%specinterface_ln0 = specinterface void @_ssdm_op_SpecInterface, i32 %val_2_out, void @ap_fifo_str, i32, i32, void @p_str, i32, i32, void @p_str, void @p_str, void @p_str, i32, i32, i32, i32, void @p_str, void @ScalarProp_str"   --->   Operation 32 'specinterface' 'specinterface_ln0' <Predicate = true> <Delay = 0.00>
ST_4 : Operation 33 [1/1] (0.00ns)   --->   "%specinterface_ln0 = specinterface void @_ssdm_op_SpecInterface, i32 %val_3_out, void @ap_fifo_str, i32, i32, void @p_str, i32, i32, void @p_str, void @p_str, void @p_str, i32, i32, i32, i32, void @p_str, void @ScalarProp_str"   --->   Operation 33 'specinterface' 'specinterface_ln0' <Predicate = true> <Delay = 0.00>
ST_4 : Operation 34 [1/1] (0.00ns)   --->   "%specinterface_ln0 = specinterface void @_ssdm_op_SpecInterface, i32 %val_3_out, void @ap_fifo_str, i32, i32, void @p_str, i32, i32, void @p_str, void @p_str, void @p_str, i32, i32, i32, i32, void @p_str, void @ScalarProp_str"   --->   Operation 34 'specinterface' 'specinterface_ln0' <Predicate = true> <Delay = 0.00>
ST_4 : Operation 35 [1/1] (0.00ns)   --->   "%specinterface_ln0 = specinterface void @_ssdm_op_SpecInterface, i32 %val_4_out, void @ap_fifo_str, i32, i32, void @p_str, i32, i32, void @p_str, void @p_str, void @p_str, i32, i32, i32, i32, void @p_str, void @ScalarProp_str"   --->   Operation 35 'specinterface' 'specinterface_ln0' <Predicate = true> <Delay = 0.00>
ST_4 : Operation 36 [1/1] (0.00ns)   --->   "%specinterface_ln0 = specinterface void @_ssdm_op_SpecInterface, i32 %val_4_out, void @ap_fifo_str, i32, i32, void @p_str, i32, i32, void @p_str, void @p_str, void @p_str, i32, i32, i32, i32, void @p_str, void @ScalarProp_str"   --->   Operation 36 'specinterface' 'specinterface_ln0' <Predicate = true> <Delay = 0.00>
ST_4 : Operation 37 [1/1] (0.00ns)   --->   "%specinterface_ln0 = specinterface void @_ssdm_op_SpecInterface, i32 %val_5_out, void @ap_fifo_str, i32, i32, void @p_str, i32, i32, void @p_str, void @p_str, void @p_str, i32, i32, i32, i32, void @p_str, void @ScalarProp_str"   --->   Operation 37 'specinterface' 'specinterface_ln0' <Predicate = true> <Delay = 0.00>
ST_4 : Operation 38 [1/1] (0.00ns)   --->   "%specinterface_ln0 = specinterface void @_ssdm_op_SpecInterface, i32 %val_5_out, void @ap_fifo_str, i32, i32, void @p_str, i32, i32, void @p_str, void @p_str, void @p_str, i32, i32, i32, i32, void @p_str, void @ScalarProp_str"   --->   Operation 38 'specinterface' 'specinterface_ln0' <Predicate = true> <Delay = 0.00>
ST_4 : Operation 39 [1/1] (0.00ns)   --->   "%specinterface_ln0 = specinterface void @_ssdm_op_SpecInterface, i32 %scalar_val_5, void @ap_fifo_str, i32, i32, void @p_str, i32, i32, void @p_str, void @p_str, void @p_str, i32, i32, i32, i32, void @p_str, void @ScalarProp_str"   --->   Operation 39 'specinterface' 'specinterface_ln0' <Predicate = true> <Delay = 0.00>
ST_4 : Operation 40 [1/1] (0.00ns)   --->   "%specinterface_ln0 = specinterface void @_ssdm_op_SpecInterface, i32 %scalar_val_4, void @ap_fifo_str, i32, i32, void @p_str, i32, i32, void @p_str, void @p_str, void @p_str, i32, i32, i32, i32, void @p_str, void @ScalarProp_str"   --->   Operation 40 'specinterface' 'specinterface_ln0' <Predicate = true> <Delay = 0.00>
ST_4 : Operation 41 [1/1] (0.00ns)   --->   "%specinterface_ln0 = specinterface void @_ssdm_op_SpecInterface, i32 %scalar_val_3, void @ap_fifo_str, i32, i32, void @p_str, i32, i32, void @p_str, void @p_str, void @p_str, i32, i32, i32, i32, void @p_str, void @ScalarProp_str"   --->   Operation 41 'specinterface' 'specinterface_ln0' <Predicate = true> <Delay = 0.00>
ST_4 : Operation 42 [1/1] (0.00ns)   --->   "%specinterface_ln0 = specinterface void @_ssdm_op_SpecInterface, i32 %scalar_val_2, void @ap_fifo_str, i32, i32, void @p_str, i32, i32, void @p_str, void @p_str, void @p_str, i32, i32, i32, i32, void @p_str, void @ScalarProp_str"   --->   Operation 42 'specinterface' 'specinterface_ln0' <Predicate = true> <Delay = 0.00>
ST_4 : Operation 43 [1/1] (0.00ns)   --->   "%specinterface_ln0 = specinterface void @_ssdm_op_SpecInterface, i32 %scalar_val_1, void @ap_fifo_str, i32, i32, void @p_str, i32, i32, void @p_str, void @p_str, void @p_str, i32, i32, i32, i32, void @p_str, void @ScalarProp_str"   --->   Operation 43 'specinterface' 'specinterface_ln0' <Predicate = true> <Delay = 0.00>
ST_4 : Operation 44 [1/1] (0.00ns)   --->   "%specinterface_ln0 = specinterface void @_ssdm_op_SpecInterface, i32 %scalar_val_0, void @ap_fifo_str, i32, i32, void @p_str, i32, i32, void @p_str, void @p_str, void @p_str, i32, i32, i32, i32, void @p_str, void @ScalarProp_str"   --->   Operation 44 'specinterface' 'specinterface_ln0' <Predicate = true> <Delay = 0.00>
ST_4 : Operation 45 [1/1] (0.00ns)   --->   "%specinterface_ln0 = specinterface void @_ssdm_op_SpecInterface, i32 %val_5_out, void @ap_fifo_str, i32, i32, void @p_str, i32, i32, void @p_str, void @p_str, void @p_str, i32, i32, i32, i32, void @p_str, void @ScalarProp_str"   --->   Operation 45 'specinterface' 'specinterface_ln0' <Predicate = true> <Delay = 0.00>
ST_4 : Operation 46 [1/1] (0.00ns)   --->   "%specinterface_ln0 = specinterface void @_ssdm_op_SpecInterface, i32 %val_4_out, void @ap_fifo_str, i32, i32, void @p_str, i32, i32, void @p_str, void @p_str, void @p_str, i32, i32, i32, i32, void @p_str, void @ScalarProp_str"   --->   Operation 46 'specinterface' 'specinterface_ln0' <Predicate = true> <Delay = 0.00>
ST_4 : Operation 47 [1/1] (0.00ns)   --->   "%specinterface_ln0 = specinterface void @_ssdm_op_SpecInterface, i32 %val_3_out, void @ap_fifo_str, i32, i32, void @p_str, i32, i32, void @p_str, void @p_str, void @p_str, i32, i32, i32, i32, void @p_str, void @ScalarProp_str"   --->   Operation 47 'specinterface' 'specinterface_ln0' <Predicate = true> <Delay = 0.00>
ST_4 : Operation 48 [1/1] (0.00ns)   --->   "%specinterface_ln0 = specinterface void @_ssdm_op_SpecInterface, i32 %val_2_out, void @ap_fifo_str, i32, i32, void @p_str, i32, i32, void @p_str, void @p_str, void @p_str, i32, i32, i32, i32, void @p_str, void @ScalarProp_str"   --->   Operation 48 'specinterface' 'specinterface_ln0' <Predicate = true> <Delay = 0.00>
ST_4 : Operation 49 [1/1] (0.00ns)   --->   "%specinterface_ln0 = specinterface void @_ssdm_op_SpecInterface, i32 %val_1_out, void @ap_fifo_str, i32, i32, void @p_str, i32, i32, void @p_str, void @p_str, void @p_str, i32, i32, i32, i32, void @p_str, void @ScalarProp_str"   --->   Operation 49 'specinterface' 'specinterface_ln0' <Predicate = true> <Delay = 0.00>
ST_4 : Operation 50 [1/1] (0.00ns)   --->   "%specinterface_ln0 = specinterface void @_ssdm_op_SpecInterface, i32 %val_0_out, void @ap_fifo_str, i32, i32, void @p_str, i32, i32, void @p_str, void @p_str, void @p_str, i32, i32, i32, i32, void @p_str, void @ScalarProp_str"   --->   Operation 50 'specinterface' 'specinterface_ln0' <Predicate = true> <Delay = 0.00>
ST_4 : Operation 51 [1/1] (0.00ns)   --->   "%specinterface_ln0 = specinterface void @_ssdm_op_SpecInterface, i32 %val_0_out, void @ap_fifo_str, i32, i32, void @p_str, i32, i32, void @p_str, void @p_str, void @p_str, i32, i32, i32, i32, void @p_str, void @ScalarProp_str"   --->   Operation 51 'specinterface' 'specinterface_ln0' <Predicate = true> <Delay = 0.00>
ST_4 : Operation 52 [1/1] (0.00ns)   --->   "%specinterface_ln0 = specinterface void @_ssdm_op_SpecInterface, i32 %val_1_out, void @ap_fifo_str, i32, i32, void @p_str, i32, i32, void @p_str, void @p_str, void @p_str, i32, i32, i32, i32, void @p_str, void @ScalarProp_str"   --->   Operation 52 'specinterface' 'specinterface_ln0' <Predicate = true> <Delay = 0.00>
ST_4 : Operation 53 [1/1] (0.00ns)   --->   "%specinterface_ln0 = specinterface void @_ssdm_op_SpecInterface, i32 %val_2_out, void @ap_fifo_str, i32, i32, void @p_str, i32, i32, void @p_str, void @p_str, void @p_str, i32, i32, i32, i32, void @p_str, void @ScalarProp_str"   --->   Operation 53 'specinterface' 'specinterface_ln0' <Predicate = true> <Delay = 0.00>
ST_4 : Operation 54 [1/1] (0.00ns)   --->   "%specinterface_ln0 = specinterface void @_ssdm_op_SpecInterface, i32 %val_3_out, void @ap_fifo_str, i32, i32, void @p_str, i32, i32, void @p_str, void @p_str, void @p_str, i32, i32, i32, i32, void @p_str, void @ScalarProp_str"   --->   Operation 54 'specinterface' 'specinterface_ln0' <Predicate = true> <Delay = 0.00>
ST_4 : Operation 55 [1/1] (0.00ns)   --->   "%specinterface_ln0 = specinterface void @_ssdm_op_SpecInterface, i32 %val_4_out, void @ap_fifo_str, i32, i32, void @p_str, i32, i32, void @p_str, void @p_str, void @p_str, i32, i32, i32, i32, void @p_str, void @ScalarProp_str"   --->   Operation 55 'specinterface' 'specinterface_ln0' <Predicate = true> <Delay = 0.00>
ST_4 : Operation 56 [1/1] (0.00ns)   --->   "%specinterface_ln0 = specinterface void @_ssdm_op_SpecInterface, i32 %val_5_out, void @ap_fifo_str, i32, i32, void @p_str, i32, i32, void @p_str, void @p_str, void @p_str, i32, i32, i32, i32, void @p_str, void @ScalarProp_str"   --->   Operation 56 'specinterface' 'specinterface_ln0' <Predicate = true> <Delay = 0.00>
ST_4 : Operation 57 [1/3] (7.01ns)   --->   "%products_0_dc = fmul i32 %scalar_val_0_read, i32" [uz_VSD/uz_VSD.cpp:31]   --->   Operation 57 'fmul' 'products_0_dc' <Predicate = true> <Delay = 7.01> <CoreInst = "FMul_maxdsp">   --->   Core 86 'FMul_maxdsp' <Latency = 2> <II = 1> <Delay = 7.01> <FuncUnit> <Opcode : 'fmul'> <InPorts = 2> <OutPorts = 1>
ST_4 : Operation 58 [1/3] (7.01ns)   --->   "%products_1_dc = fmul i32 %scalar_val_1_read, i32" [uz_VSD/uz_VSD.cpp:31]   --->   Operation 58 'fmul' 'products_1_dc' <Predicate = true> <Delay = 7.01> <CoreInst = "FMul_maxdsp">   --->   Core 86 'FMul_maxdsp' <Latency = 2> <II = 1> <Delay = 7.01> <FuncUnit> <Opcode : 'fmul'> <InPorts = 2> <OutPorts = 1>
ST_4 : Operation 59 [1/3] (7.01ns)   --->   "%products_2_dc = fmul i32 %scalar_val_2_read, i32" [uz_VSD/uz_VSD.cpp:31]   --->   Operation 59 'fmul' 'products_2_dc' <Predicate = true> <Delay = 7.01> <CoreInst = "FMul_maxdsp">   --->   Core 86 'FMul_maxdsp' <Latency = 2> <II = 1> <Delay = 7.01> <FuncUnit> <Opcode : 'fmul'> <InPorts = 2> <OutPorts = 1>
ST_4 : Operation 60 [1/3] (7.01ns)   --->   "%products_3_dc = fmul i32 %scalar_val_3_read, i32" [uz_VSD/uz_VSD.cpp:31]   --->   Operation 60 'fmul' 'products_3_dc' <Predicate = true> <Delay = 7.01> <CoreInst = "FMul_maxdsp">   --->   Core 86 'FMul_maxdsp' <Latency = 2> <II = 1> <Delay = 7.01> <FuncUnit> <Opcode : 'fmul'> <InPorts = 2> <OutPorts = 1>
ST_4 : Operation 61 [1/3] (7.01ns)   --->   "%products_4_dc = fmul i32 %scalar_val_4_read, i32" [uz_VSD/uz_VSD.cpp:31]   --->   Operation 61 'fmul' 'products_4_dc' <Predicate = true> <Delay = 7.01> <CoreInst = "FMul_maxdsp">   --->   Core 86 'FMul_maxdsp' <Latency = 2> <II = 1> <Delay = 7.01> <FuncUnit> <Opcode : 'fmul'> <InPorts = 2> <OutPorts = 1>
ST_4 : Operation 62 [1/1] (0.00ns)   --->   "%mrv = insertvalue i192, i32 %products_0_dc" [uz_VSD/uz_VSD.cpp:34]   --->   Operation 62 'insertvalue' 'mrv' <Predicate = true> <Delay = 0.00>
ST_4 : Operation 63 [1/1] (0.00ns)   --->   "%mrv_1 = insertvalue i192 %mrv, i32 %products_1_dc" [uz_VSD/uz_VSD.cpp:34]   --->   Operation 63 'insertvalue' 'mrv_1' <Predicate = true> <Delay = 0.00>
ST_4 : Operation 64 [1/1] (0.00ns)   --->   "%mrv_2 = insertvalue i192 %mrv_1, i32 %products_2_dc" [uz_VSD/uz_VSD.cpp:34]   --->   Operation 64 'insertvalue' 'mrv_2' <Predicate = true> <Delay = 0.00>
ST_4 : Operation 65 [1/1] (0.00ns)   --->   "%mrv_3 = insertvalue i192 %mrv_2, i32 %products_3_dc" [uz_VSD/uz_VSD.cpp:34]   --->   Operation 65 'insertvalue' 'mrv_3' <Predicate = true> <Delay = 0.00>
ST_4 : Operation 66 [1/1] (0.00ns)   --->   "%mrv_4 = insertvalue i192 %mrv_3, i32 %products_4_dc" [uz_VSD/uz_VSD.cpp:34]   --->   Operation 66 'insertvalue' 'mrv_4' <Predicate = true> <Delay = 0.00>
ST_4 : Operation 67 [1/1] (0.00ns)   --->   "%mrv_5 = insertvalue i192 %mrv_4, i32 %scalar_val_5_read" [uz_VSD/uz_VSD.cpp:34]   --->   Operation 67 'insertvalue' 'mrv_5' <Predicate = true> <Delay = 0.00>
ST_4 : Operation 68 [1/1] (0.00ns)   --->   "%ret_ln34 = ret i192 %mrv_5" [uz_VSD/uz_VSD.cpp:34]   --->   Operation 68 'ret' 'ret_ln34' <Predicate = true> <Delay = 0.00>


============================================================
+ Verbose Summary: Binding
============================================================
STG Binding: 
---------------- STG Properties BEGIN ----------------
- Is combinational: 0
- Is one-state seq: 0
- Is datapath-only: 0
- Is pipelined: 0
- Is top level: 0
Port [ Return ] is wired: 1; IO mode=ap_ctrl_hs:ce=0
Port [ scalar_val_0]:  wired=1; compound=1; hidden=0; nouse=0; global=0; static=0; extern=0; dir=0; type=3; pingpong=0; private_global=0; IO mode=ap_fifo:ce=0
Port [ val_0_out]:  wired=1; compound=1; hidden=0; nouse=0; global=0; static=0; extern=0; dir=1; type=3; pingpong=0; private_global=0; IO mode=ap_fifo:ce=0
Port [ scalar_val_1]:  wired=1; compound=1; hidden=0; nouse=0; global=0; static=0; extern=0; dir=0; type=3; pingpong=0; private_global=0; IO mode=ap_fifo:ce=0
Port [ val_1_out]:  wired=1; compound=1; hidden=0; nouse=0; global=0; static=0; extern=0; dir=1; type=3; pingpong=0; private_global=0; IO mode=ap_fifo:ce=0
Port [ scalar_val_2]:  wired=1; compound=1; hidden=0; nouse=0; global=0; static=0; extern=0; dir=0; type=3; pingpong=0; private_global=0; IO mode=ap_fifo:ce=0
Port [ val_2_out]:  wired=1; compound=1; hidden=0; nouse=0; global=0; static=0; extern=0; dir=1; type=3; pingpong=0; private_global=0; IO mode=ap_fifo:ce=0
Port [ scalar_val_3]:  wired=1; compound=1; hidden=0; nouse=0; global=0; static=0; extern=0; dir=0; type=3; pingpong=0; private_global=0; IO mode=ap_fifo:ce=0
Port [ val_3_out]:  wired=1; compound=1; hidden=0; nouse=0; global=0; static=0; extern=0; dir=1; type=3; pingpong=0; private_global=0; IO mode=ap_fifo:ce=0
Port [ scalar_val_4]:  wired=1; compound=1; hidden=0; nouse=0; global=0; static=0; extern=0; dir=0; type=3; pingpong=0; private_global=0; IO mode=ap_fifo:ce=0
Port [ val_4_out]:  wired=1; compound=1; hidden=0; nouse=0; global=0; static=0; extern=0; dir=1; type=3; pingpong=0; private_global=0; IO mode=ap_fifo:ce=0
Port [ scalar_val_5]:  wired=1; compound=1; hidden=0; nouse=0; global=0; static=0; extern=0; dir=0; type=3; pingpong=0; private_global=0; IO mode=ap_fifo:ce=0
Port [ val_5_out]:  wired=1; compound=1; hidden=0; nouse=0; global=0; static=0; extern=0; dir=1; type=3; pingpong=0; private_global=0; IO mode=ap_fifo:ce=0
---------------- STG Properties END ------------------

---------------- Datapath Model BEGIN ----------------

<LifeTime>
<method=bitvector/>
scalar_val_0_read (read         ) [ 00111]
scalar_val_1_read (read         ) [ 00111]
scalar_val_2_read (read         ) [ 00111]
scalar_val_3_read (read         ) [ 00111]
scalar_val_4_read (read         ) [ 00111]
scalar_val_5_read (read         ) [ 00111]
write_ln0         (write        ) [ 00000]
write_ln0         (write        ) [ 00000]
write_ln0         (write        ) [ 00000]
write_ln0         (write        ) [ 00000]
write_ln0         (write        ) [ 00000]
write_ln0         (write        ) [ 00000]
specinterface_ln0 (specinterface) [ 00000]
specinterface_ln0 (specinterface) [ 00000]
specinterface_ln0 (specinterface) [ 00000]
specinterface_ln0 (specinterface) [ 00000]
specinterface_ln0 (specinterface) [ 00000]
specinterface_ln0 (specinterface) [ 00000]
specinterface_ln0 (specinterface) [ 00000]
specinterface_ln0 (specinterface) [ 00000]
specinterface_ln0 (specinterface) [ 00000]
specinterface_ln0 (specinterface) [ 00000]
specinterface_ln0 (specinterface) [ 00000]
specinterface_ln0 (specinterface) [ 00000]
specinterface_ln0 (specinterface) [ 00000]
specinterface_ln0 (specinterface) [ 00000]
specinterface_ln0 (specinterface) [ 00000]
specinterface_ln0 (specinterface) [ 00000]
specinterface_ln0 (specinterface) [ 00000]
specinterface_ln0 (specinterface) [ 00000]
specinterface_ln0 (specinterface) [ 00000]
specinterface_ln0 (specinterface) [ 00000]
specinterface_ln0 (specinterface) [ 00000]
specinterface_ln0 (specinterface) [ 00000]
specinterface_ln0 (specinterface) [ 00000]
specinterface_ln0 (specinterface) [ 00000]
specinterface_ln0 (specinterface) [ 00000]
specinterface_ln0 (specinterface) [ 00000]
specinterface_ln0 (specinterface) [ 00000]
specinterface_ln0 (specinterface) [ 00000]
specinterface_ln0 (specinterface) [ 00000]
specinterface_ln0 (specinterface) [ 00000]
products_0_dc     (fmul         ) [ 00000]
products_1_dc     (fmul         ) [ 00000]
products_2_dc     (fmul         ) [ 00000]
products_3_dc     (fmul         ) [ 00000]
products_4_dc     (fmul         ) [ 00000]
mrv               (insertvalue  ) [ 00000]
mrv_1             (insertvalue  ) [ 00000]
mrv_2             (insertvalue  ) [ 00000]
mrv_3             (insertvalue  ) [ 00000]
mrv_4             (insertvalue  ) [ 00000]
mrv_5             (insertvalue  ) [ 00000]
ret_ln34          (ret          ) [ 00000]
</LifeTime>

<model>

<comp_list>
<comp id="0" class="1000" name="scalar_val_0">
<pin_list>
<pin id="1" dir="1" index="0" bw="1" slack="0"/>
</pin_list>
<bind>
<StgValue><ssdm name="scalar_val_0"/></StgValue>
</bind>
</comp>

<comp id="2" class="1000" name="val_0_out">
<pin_list>
<pin id="3" dir="1" index="0" bw="1" slack="0"/>
</pin_list>
<bind>
<StgValue><ssdm name="val_0_out"/></StgValue>
</bind>
</comp>

<comp id="4" class="1000" name="scalar_val_1">
<pin_list>
<pin id="5" dir="1" index="0" bw="1" slack="0"/>
</pin_list>
<bind>
<StgValue><ssdm name="scalar_val_1"/></StgValue>
</bind>
</comp>

<comp id="6" class="1000" name="val_1_out">
<pin_list>
<pin id="7" dir="1" index="0" bw="1" slack="0"/>
</pin_list>
<bind>
<StgValue><ssdm name="val_1_out"/></StgValue>
</bind>
</comp>

<comp id="8" class="1000" name="scalar_val_2">
<pin_list>
<pin id="9" dir="1" index="0" bw="1" slack="0"/>
</pin_list>
<bind>
<StgValue><ssdm name="scalar_val_2"/></StgValue>
</bind>
</comp>

<comp id="10" class="1000" name="val_2_out">
<pin_list>
<pin id="11" dir="1" index="0" bw="1" slack="0"/>
</pin_list>
<bind>
<StgValue><ssdm name="val_2_out"/></StgValue>
</bind>
</comp>

<comp id="12" class="1000" name="scalar_val_3">
<pin_list>
<pin id="13" dir="1" index="0" bw="1" slack="0"/>
</pin_list>
<bind>
<StgValue><ssdm name="scalar_val_3"/></StgValue>
</bind>
</comp>

<comp id="14" class="1000" name="val_3_out">
<pin_list>
<pin id="15" dir="1" index="0" bw="1" slack="0"/>
</pin_list>
<bind>
<StgValue><ssdm name="val_3_out"/></StgValue>
</bind>
</comp>

<comp id="16" class="1000" name="scalar_val_4">
<pin_list>
<pin id="17" dir="1" index="0" bw="1" slack="0"/>
</pin_list>
<bind>
<StgValue><ssdm name="scalar_val_4"/></StgValue>
</bind>
</comp>

<comp id="18" class="1000" name="val_4_out">
<pin_list>
<pin id="19" dir="1" index="0" bw="1" slack="0"/>
</pin_list>
<bind>
<StgValue><ssdm name="val_4_out"/></StgValue>
</bind>
</comp>

<comp id="20" class="1000" name="scalar_val_5">
<pin_list>
<pin id="21" dir="1" index="0" bw="1" slack="0"/>
</pin_list>
<bind>
<StgValue><ssdm name="scalar_val_5"/></StgValue>
</bind>
</comp>

<comp id="22" class="1000" name="val_5_out">
<pin_list>
<pin id="23" dir="1" index="0" bw="1" slack="0"/>
</pin_list>
<bind>
<StgValue><ssdm name="val_5_out"/></StgValue>
</bind>
</comp>

<comp id="24" class="1001" name="const_24">
<pin_list>
<pin id="25" dir="1" index="0" bw="1" slack="0"/>
</pin_list>
<bind>
<StgValue><ssdm name="_ssdm_op_Read.ap_fifo.floatP"/></StgValue>
</bind>
</comp>

<comp id="26" class="1001" name="const_26">
<pin_list>
<pin id="27" dir="1" index="0" bw="1" slack="0"/>
</pin_list>
<bind>
<StgValue><ssdm name="_ssdm_op_Write.ap_fifo.floatP"/></StgValue>
</bind>
</comp>

<comp id="28" class="1001" name="const_28">
<pin_list>
<pin id="29" dir="1" index="0" bw="1" slack="0"/>
</pin_list>
<bind>
<StgValue><ssdm name=""/></StgValue>
</bind>
</comp>

<comp id="30" class="1001" name="const_30">
<pin_list>
<pin id="31" dir="1" index="0" bw="1" slack="0"/>
</pin_list>
<bind>
<StgValue><ssdm name=""/></StgValue>
</bind>
</comp>

<comp id="32" class="1001" name="const_32">
<pin_list>
<pin id="33" dir="1" index="0" bw="1" slack="0"/>
</pin_list>
<bind>
<StgValue><ssdm name=""/></StgValue>
</bind>
</comp>

<comp id="34" class="1001" name="const_34">
<pin_list>
<pin id="35" dir="1" index="0" bw="1" slack="0"/>
</pin_list>
<bind>
<StgValue><ssdm name=""/></StgValue>
</bind>
</comp>

<comp id="36" class="1001" name="const_36">
<pin_list>
<pin id="37" dir="1" index="0" bw="1" slack="2147483647"/>
</pin_list>
<bind>
<StgValue><ssdm name="_ssdm_op_SpecInterface"/></StgValue>
</bind>
</comp>

<comp id="38" class="1001" name="const_38">
<pin_list>
<pin id="39" dir="1" index="0" bw="1" slack="2147483647"/>
</pin_list>
<bind>
<StgValue><ssdm name="ap_fifo_str"/></StgValue>
</bind>
</comp>

<comp id="40" class="1001" name="const_40">
<pin_list>
<pin id="41" dir="1" index="0" bw="1" slack="2147483647"/>
</pin_list>
<bind>
<StgValue><ssdm name=""/></StgValue>
</bind>
</comp>

<comp id="42" class="1001" name="const_42">
<pin_list>
<pin id="43" dir="1" index="0" bw="1" slack="2147483647"/>
</pin_list>
<bind>
<StgValue><ssdm name="p_str"/></StgValue>
</bind>
</comp>

<comp id="44" class="1001" name="const_44">
<pin_list>
<pin id="45" dir="1" index="0" bw="1" slack="2147483647"/>
</pin_list>
<bind>
<StgValue><ssdm name=""/></StgValue>
</bind>
</comp>

<comp id="46" class="1001" name="const_46">
<pin_list>
<pin id="47" dir="1" index="0" bw="1" slack="2147483647"/>
</pin_list>
<bind>
<StgValue><ssdm name=""/></StgValue>
</bind>
</comp>

<comp id="48" class="1001" name="const_48">
<pin_list>
<pin id="49" dir="1" index="0" bw="1" slack="2147483647"/>
</pin_list>
<bind>
<StgValue><ssdm name="ScalarProp_str"/></StgValue>
</bind>
</comp>

<comp id="50" class="1001" name="const_50">
<pin_list>
<pin id="51" dir="1" index="0" bw="1" slack="0"/>
</pin_list>
<bind>
<StgValue><ssdm name=""/></StgValue>
</bind>
</comp>

<comp id="52" class="1004" name="scalar_val_0_read_read_fu_52">
<pin_list>
<pin id="53" dir="0" index="0" bw="32" slack="0"/>
<pin id="54" dir="0" index="1" bw="32" slack="0"/>
<pin id="55" dir="1" index="2" bw="32" slack="0"/>
</pin_list>
<bind>
<opcode="read(1150) " fcode="read"/>
<opset="scalar_val_0_read/1 "/>
</bind>
</comp>

<comp id="58" class="1004" name="scalar_val_1_read_read_fu_58">
<pin_list>
<pin id="59" dir="0" index="0" bw="32" slack="0"/>
<pin id="60" dir="0" index="1" bw="32" slack="0"/>
<pin id="61" dir="1" index="2" bw="32" slack="0"/>
</pin_list>
<bind>
<opcode="read(1150) " fcode="read"/>
<opset="scalar_val_1_read/1 "/>
</bind>
</comp>

<comp id="64" class="1004" name="scalar_val_2_read_read_fu_64">
<pin_list>
<pin id="65" dir="0" index="0" bw="32" slack="0"/>
<pin id="66" dir="0" index="1" bw="32" slack="0"/>
<pin id="67" dir="1" index="2" bw="32" slack="0"/>
</pin_list>
<bind>
<opcode="read(1150) " fcode="read"/>
<opset="scalar_val_2_read/1 "/>
</bind>
</comp>

<comp id="70" class="1004" name="scalar_val_3_read_read_fu_70">
<pin_list>
<pin id="71" dir="0" index="0" bw="32" slack="0"/>
<pin id="72" dir="0" index="1" bw="32" slack="0"/>
<pin id="73" dir="1" index="2" bw="32" slack="0"/>
</pin_list>
<bind>
<opcode="read(1150) " fcode="read"/>
<opset="scalar_val_3_read/1 "/>
</bind>
</comp>

<comp id="76" class="1004" name="scalar_val_4_read_read_fu_76">
<pin_list>
<pin id="77" dir="0" index="0" bw="32" slack="0"/>
<pin id="78" dir="0" index="1" bw="32" slack="0"/>
<pin id="79" dir="1" index="2" bw="32" slack="0"/>
</pin_list>
<bind>
<opcode="read(1150) " fcode="read"/>
<opset="scalar_val_4_read/1 "/>
</bind>
</comp>

<comp id="82" class="1004" name="scalar_val_5_read_read_fu_82">
<pin_list>
<pin id="83" dir="0" index="0" bw="32" slack="0"/>
<pin id="84" dir="0" index="1" bw="32" slack="0"/>
<pin id="85" dir="1" index="2" bw="32" slack="0"/>
</pin_list>
<bind>
<opcode="read(1150) " fcode="read"/>
<opset="scalar_val_5_read/1 "/>
</bind>
</comp>

<comp id="88" class="1004" name="write_ln0_write_fu_88">
<pin_list>
<pin id="89" dir="0" index="0" bw="0" slack="0"/>
<pin id="90" dir="0" index="1" bw="32" slack="0"/>
<pin id="91" dir="0" index="2" bw="32" slack="0"/>
<pin id="92" dir="1" index="3" bw="0" slack="2147483647"/>
</pin_list>
<bind>
<opcode="write(1151) " fcode="write"/>
<opset="write_ln0/1 "/>
</bind>
</comp>

<comp id="96" class="1004" name="write_ln0_write_fu_96">
<pin_list>
<pin id="97" dir="0" index="0" bw="0" slack="0"/>
<pin id="98" dir="0" index="1" bw="32" slack="0"/>
<pin id="99" dir="0" index="2" bw="32" slack="0"/>
<pin id="100" dir="1" index="3" bw="0" slack="2147483647"/>
</pin_list>
<bind>
<opcode="write(1151) " fcode="write"/>
<opset="write_ln0/1 "/>
</bind>
</comp>

<comp id="104" class="1004" name="write_ln0_write_fu_104">
<pin_list>
<pin id="105" dir="0" index="0" bw="0" slack="0"/>
<pin id="106" dir="0" index="1" bw="32" slack="0"/>
<pin id="107" dir="0" index="2" bw="32" slack="0"/>
<pin id="108" dir="1" index="3" bw="0" slack="2147483647"/>
</pin_list>
<bind>
<opcode="write(1151) " fcode="write"/>
<opset="write_ln0/1 "/>
</bind>
</comp>

<comp id="112" class="1004" name="write_ln0_write_fu_112">
<pin_list>
<pin id="113" dir="0" index="0" bw="0" slack="0"/>
<pin id="114" dir="0" index="1" bw="32" slack="0"/>
<pin id="115" dir="0" index="2" bw="32" slack="0"/>
<pin id="116" dir="1" index="3" bw="0" slack="2147483647"/>
</pin_list>
<bind>
<opcode="write(1151) " fcode="write"/>
<opset="write_ln0/1 "/>
</bind>
</comp>

<comp id="120" class="1004" name="write_ln0_write_fu_120">
<pin_list>
<pin id="121" dir="0" index="0" bw="0" slack="0"/>
<pin id="122" dir="0" index="1" bw="32" slack="0"/>
<pin id="123" dir="0" index="2" bw="32" slack="0"/>
<pin id="124" dir="1" index="3" bw="0" slack="2147483647"/>
</pin_list>
<bind>
<opcode="write(1151) " fcode="write"/>
<opset="write_ln0/1 "/>
</bind>
</comp>

<comp id="128" class="1004" name="write_ln0_write_fu_128">
<pin_list>
<pin id="129" dir="0" index="0" bw="0" slack="0"/>
<pin id="130" dir="0" index="1" bw="32" slack="0"/>
<pin id="131" dir="0" index="2" bw="32" slack="0"/>
<pin id="132" dir="1" index="3" bw="0" slack="2147483647"/>
</pin_list>
<bind>
<opcode="write(1151) " fcode="write"/>
<opset="write_ln0/1 "/>
</bind>
</comp>

<comp id="136" class="1004" name="grp_fu_136">
<pin_list>
<pin id="137" dir="0" index="0" bw="32" slack="1"/>
<pin id="138" dir="0" index="1" bw="32" slack="0"/>
<pin id="139" dir="1" index="2" bw="32" slack="0"/>
</pin_list>
<bind>
<opcode="fmul(13) " fcode="fmul"/>
<opset="products_0_dc/2 "/>
</bind>
</comp>

<comp id="141" class="1004" name="grp_fu_141">
<pin_list>
<pin id="142" dir="0" index="0" bw="32" slack="1"/>
<pin id="143" dir="0" index="1" bw="32" slack="0"/>
<pin id="144" dir="1" index="2" bw="32" slack="0"/>
</pin_list>
<bind>
<opcode="fmul(13) " fcode="fmul"/>
<opset="products_1_dc/2 "/>
</bind>
</comp>

<comp id="146" class="1004" name="grp_fu_146">
<pin_list>
<pin id="147" dir="0" index="0" bw="32" slack="1"/>
<pin id="148" dir="0" index="1" bw="32" slack="0"/>
<pin id="149" dir="1" index="2" bw="32" slack="0"/>
</pin_list>
<bind>
<opcode="fmul(13) " fcode="fmul"/>
<opset="products_2_dc/2 "/>
</bind>
</comp>

<comp id="151" class="1004" name="grp_fu_151">
<pin_list>
<pin id="152" dir="0" index="0" bw="32" slack="1"/>
<pin id="153" dir="0" index="1" bw="32" slack="0"/>
<pin id="154" dir="1" index="2" bw="32" slack="0"/>
</pin_list>
<bind>
<opcode="fmul(13) " fcode="fmul"/>
<opset="products_3_dc/2 "/>
</bind>
</comp>

<comp id="156" class="1004" name="grp_fu_156">
<pin_list>
<pin id="157" dir="0" index="0" bw="32" slack="1"/>
<pin id="158" dir="0" index="1" bw="32" slack="0"/>
<pin id="159" dir="1" index="2" bw="32" slack="0"/>
</pin_list>
<bind>
<opcode="fmul(13) " fcode="fmul"/>
<opset="products_4_dc/2 "/>
</bind>
</comp>

<comp id="161" class="1004" name="mrv_fu_161">
<pin_list>
<pin id="162" dir="0" index="0" bw="192" slack="0"/>
<pin id="163" dir="0" index="1" bw="32" slack="0"/>
<pin id="164" dir="1" index="2" bw="192" slack="0"/>
</pin_list>
<bind>
<opcode="insertvalue(57) " fcode="insertvalue"/>
<opset="mrv/4 "/>
</bind>
</comp>

<comp id="167" class="1004" name="mrv_1_fu_167">
<pin_list>
<pin id="168" dir="0" index="0" bw="192" slack="0"/>
<pin id="169" dir="0" index="1" bw="32" slack="0"/>
<pin id="170" dir="1" index="2" bw="192" slack="0"/>
</pin_list>
<bind>
<opcode="insertvalue(57) " fcode="insertvalue"/>
<opset="mrv_1/4 "/>
</bind>
</comp>

<comp id="173" class="1004" name="mrv_2_fu_173">
<pin_list>
<pin id="174" dir="0" index="0" bw="192" slack="0"/>
<pin id="175" dir="0" index="1" bw="32" slack="0"/>
<pin id="176" dir="1" index="2" bw="192" slack="0"/>
</pin_list>
<bind>
<opcode="insertvalue(57) " fcode="insertvalue"/>
<opset="mrv_2/4 "/>
</bind>
</comp>

<comp id="179" class="1004" name="mrv_3_fu_179">
<pin_list>
<pin id="180" dir="0" index="0" bw="192" slack="0"/>
<pin id="181" dir="0" index="1" bw="32" slack="0"/>
<pin id="182" dir="1" index="2" bw="192" slack="0"/>
</pin_list>
<bind>
<opcode="insertvalue(57) " fcode="insertvalue"/>
<opset="mrv_3/4 "/>
</bind>
</comp>

<comp id="185" class="1004" name="mrv_4_fu_185">
<pin_list>
<pin id="186" dir="0" index="0" bw="192" slack="0"/>
<pin id="187" dir="0" index="1" bw="32" slack="0"/>
<pin id="188" dir="1" index="2" bw="192" slack="0"/>
</pin_list>
<bind>
<opcode="insertvalue(57) " fcode="insertvalue"/>
<opset="mrv_4/4 "/>
</bind>
</comp>

<comp id="191" class="1004" name="mrv_5_fu_191">
<pin_list>
<pin id="192" dir="0" index="0" bw="192" slack="0"/>
<pin id="193" dir="0" index="1" bw="32" slack="3"/>
<pin id="194" dir="1" index="2" bw="192" slack="2147483647"/>
</pin_list>
<bind>
<opcode="insertvalue(57) " fcode="insertvalue"/>
<opset="mrv_5/4 "/>
</bind>
</comp>

<comp id="196" class="1005" name="scalar_val_0_read_reg_196">
<pin_list>
<pin id="197" dir="0" index="0" bw="32" slack="1"/>
<pin id="198" dir="1" index="1" bw="32" slack="1"/>
</pin_list>
<bind>
<opset="scalar_val_0_read "/>
</bind>
</comp>

<comp id="201" class="1005" name="scalar_val_1_read_reg_201">
<pin_list>
<pin id="202" dir="0" index="0" bw="32" slack="1"/>
<pin id="203" dir="1" index="1" bw="32" slack="1"/>
</pin_list>
<bind>
<opset="scalar_val_1_read "/>
</bind>
</comp>

<comp id="206" class="1005" name="scalar_val_2_read_reg_206">
<pin_list>
<pin id="207" dir="0" index="0" bw="32" slack="1"/>
<pin id="208" dir="1" index="1" bw="32" slack="1"/>
</pin_list>
<bind>
<opset="scalar_val_2_read "/>
</bind>
</comp>

<comp id="211" class="1005" name="scalar_val_3_read_reg_211">
<pin_list>
<pin id="212" dir="0" index="0" bw="32" slack="1"/>
<pin id="213" dir="1" index="1" bw="32" slack="1"/>
</pin_list>
<bind>
<opset="scalar_val_3_read "/>
</bind>
</comp>

<comp id="216" class="1005" name="scalar_val_4_read_reg_216">
<pin_list>
<pin id="217" dir="0" index="0" bw="32" slack="1"/>
<pin id="218" dir="1" index="1" bw="32" slack="1"/>
</pin_list>
<bind>
<opset="scalar_val_4_read "/>
</bind>
</comp>

<comp id="221" class="1005" name="scalar_val_5_read_reg_221">
<pin_list>
<pin id="222" dir="0" index="0" bw="32" slack="3"/>
<pin id="223" dir="1" index="1" bw="32" slack="3"/>
</pin_list>
<bind>
<opset="scalar_val_5_read "/>
</bind>
</comp>

</comp_list>

<net_list>
<net id="56"><net_src comp="24" pin="0"/><net_sink comp="52" pin=0"/></net>

<net id="57"><net_src comp="0" pin="0"/><net_sink comp="52" pin=1"/></net>

<net id="62"><net_src comp="24" pin="0"/><net_sink comp="58" pin=0"/></net>

<net id="63"><net_src comp="4" pin="0"/><net_sink comp="58" pin=1"/></net>

<net id="68"><net_src comp="24" pin="0"/><net_sink comp="64" pin=0"/></net>

<net id="69"><net_src comp="8" pin="0"/><net_sink comp="64" pin=1"/></net>

<net id="74"><net_src comp="24" pin="0"/><net_sink comp="70" pin=0"/></net>

<net id="75"><net_src comp="12" pin="0"/><net_sink comp="70" pin=1"/></net>

<net id="80"><net_src comp="24" pin="0"/><net_sink comp="76" pin=0"/></net>

<net id="81"><net_src comp="16" pin="0"/><net_sink comp="76" pin=1"/></net>

<net id="86"><net_src comp="24" pin="0"/><net_sink comp="82" pin=0"/></net>

<net id="87"><net_src comp="20" pin="0"/><net_sink comp="82" pin=1"/></net>

<net id="93"><net_src comp="26" pin="0"/><net_sink comp="88" pin=0"/></net>

<net id="94"><net_src comp="2" pin="0"/><net_sink comp="88" pin=1"/></net>

<net id="95"><net_src comp="52" pin="2"/><net_sink comp="88" pin=2"/></net>

<net id="101"><net_src comp="26" pin="0"/><net_sink comp="96" pin=0"/></net>

<net id="102"><net_src comp="6" pin="0"/><net_sink comp="96" pin=1"/></net>

<net id="103"><net_src comp="58" pin="2"/><net_sink comp="96" pin=2"/></net>

<net id="109"><net_src comp="26" pin="0"/><net_sink comp="104" pin=0"/></net>

<net id="110"><net_src comp="10" pin="0"/><net_sink comp="104" pin=1"/></net>

<net id="111"><net_src comp="64" pin="2"/><net_sink comp="104" pin=2"/></net>

<net id="117"><net_src comp="26" pin="0"/><net_sink comp="112" pin=0"/></net>

<net id="118"><net_src comp="14" pin="0"/><net_sink comp="112" pin=1"/></net>

<net id="119"><net_src comp="70" pin="2"/><net_sink comp="112" pin=2"/></net>

<net id="125"><net_src comp="26" pin="0"/><net_sink comp="120" pin=0"/></net>

<net id="126"><net_src comp="18" pin="0"/><net_sink comp="120" pin=1"/></net>

<net id="127"><net_src comp="76" pin="2"/><net_sink comp="120" pin=2"/></net>

<net id="133"><net_src comp="26" pin="0"/><net_sink comp="128" pin=0"/></net>

<net id="134"><net_src comp="22" pin="0"/><net_sink comp="128" pin=1"/></net>

<net id="135"><net_src comp="82" pin="2"/><net_sink comp="128" pin=2"/></net>

<net id="140"><net_src comp="28" pin="0"/><net_sink comp="136" pin=1"/></net>

<net id="145"><net_src comp="30" pin="0"/><net_sink comp="141" pin=1"/></net>

<net id="150"><net_src comp="32" pin="0"/><net_sink comp="146" pin=1"/></net>

<net id="155"><net_src comp="30" pin="0"/><net_sink comp="151" pin=1"/></net>

<net id="160"><net_src comp="34" pin="0"/><net_sink comp="156" pin=1"/></net>

<net id="165"><net_src comp="50" pin="0"/><net_sink comp="161" pin=0"/></net>

<net id="166"><net_src comp="136" pin="2"/><net_sink comp="161" pin=1"/></net>

<net id="171"><net_src comp="161" pin="2"/><net_sink comp="167" pin=0"/></net>

<net id="172"><net_src comp="141" pin="2"/><net_sink comp="167" pin=1"/></net>

<net id="177"><net_src comp="167" pin="2"/><net_sink comp="173" pin=0"/></net>

<net id="178"><net_src comp="146" pin="2"/><net_sink comp="173" pin=1"/></net>

<net id="183"><net_src comp="173" pin="2"/><net_sink comp="179" pin=0"/></net>

<net id="184"><net_src comp="151" pin="2"/><net_sink comp="179" pin=1"/></net>

<net id="189"><net_src comp="179" pin="2"/><net_sink comp="185" pin=0"/></net>

<net id="190"><net_src comp="156" pin="2"/><net_sink comp="185" pin=1"/></net>

<net id="195"><net_src comp="185" pin="2"/><net_sink comp="191" pin=0"/></net>

<net id="199"><net_src comp="52" pin="2"/><net_sink comp="196" pin=0"/></net>

<net id="200"><net_src comp="196" pin="1"/><net_sink comp="136" pin=0"/></net>

<net id="204"><net_src comp="58" pin="2"/><net_sink comp="201" pin=0"/></net>

<net id="205"><net_src comp="201" pin="1"/><net_sink comp="141" pin=0"/></net>

<net id="209"><net_src comp="64" pin="2"/><net_sink comp="206" pin=0"/></net>

<net id="210"><net_src comp="206" pin="1"/><net_sink comp="146" pin=0"/></net>

<net id="214"><net_src comp="70" pin="2"/><net_sink comp="211" pin=0"/></net>

<net id="215"><net_src comp="211" pin="1"/><net_sink comp="151" pin=0"/></net>

<net id="219"><net_src comp="76" pin="2"/><net_sink comp="216" pin=0"/></net>

<net id="220"><net_src comp="216" pin="1"/><net_sink comp="156" pin=0"/></net>

<net id="224"><net_src comp="82" pin="2"/><net_sink comp="221" pin=0"/></net>

<net id="225"><net_src comp="221" pin="1"/><net_sink comp="191" pin=1"/></net>

</net_list>

</model> 
---------------- Datapath Model END ------------------

* FSMD analyzer results:
  - Output states:
	Port: val_0_out | {1 }
	Port: val_1_out | {1 }
	Port: val_2_out | {1 }
	Port: val_3_out | {1 }
	Port: val_4_out | {1 }
	Port: val_5_out | {1 }
 - Input state : 
	Port: multiply_line14_Block_.split1_proc174 : scalar_val_0 | {1 }
	Port: multiply_line14_Block_.split1_proc174 : scalar_val_1 | {1 }
	Port: multiply_line14_Block_.split1_proc174 : scalar_val_2 | {1 }
	Port: multiply_line14_Block_.split1_proc174 : scalar_val_3 | {1 }
	Port: multiply_line14_Block_.split1_proc174 : scalar_val_4 | {1 }
	Port: multiply_line14_Block_.split1_proc174 : scalar_val_5 | {1 }
  - Chain level:
	State 1
	State 2
	State 3
	State 4
		mrv : 1
		mrv_1 : 2
		mrv_2 : 3
		mrv_3 : 4
		mrv_4 : 5
		mrv_5 : 6
		ret_ln34 : 7


============================================================
+ Verbose Summary: Datapath Resource usage 
============================================================

* Functional unit list:
|----------|------------------------------|---------|---------|---------|
| Operation|        Functional Unit       |   DSP   |    FF   |   LUT   |
|----------|------------------------------|---------|---------|---------|
|          |          grp_fu_136          |    3    |   128   |   135   |
|          |          grp_fu_141          |    3    |   128   |   135   |
|   fmul   |          grp_fu_146          |    3    |   128   |   135   |
|          |          grp_fu_151          |    3    |   128   |   135   |
|          |          grp_fu_156          |    3    |   128   |   135   |
|----------|------------------------------|---------|---------|---------|
|          | scalar_val_0_read_read_fu_52 |    0    |    0    |    0    |
|          | scalar_val_1_read_read_fu_58 |    0    |    0    |    0    |
|   read   | scalar_val_2_read_read_fu_64 |    0    |    0    |    0    |
|          | scalar_val_3_read_read_fu_70 |    0    |    0    |    0    |
|          | scalar_val_4_read_read_fu_76 |    0    |    0    |    0    |
|          | scalar_val_5_read_read_fu_82 |    0    |    0    |    0    |
|----------|------------------------------|---------|---------|---------|
|          |     write_ln0_write_fu_88    |    0    |    0    |    0    |
|          |     write_ln0_write_fu_96    |    0    |    0    |    0    |
|   write  |    write_ln0_write_fu_104    |    0    |    0    |    0    |
|          |    write_ln0_write_fu_112    |    0    |    0    |    0    |
|          |    write_ln0_write_fu_120    |    0    |    0    |    0    |
|          |    write_ln0_write_fu_128    |    0    |    0    |    0    |
|----------|------------------------------|---------|---------|---------|
|          |          mrv_fu_161          |    0    |    0    |    0    |
|          |         mrv_1_fu_167         |    0    |    0    |    0    |
|insertvalue|         mrv_2_fu_173         |    0    |    0    |    0    |
|          |         mrv_3_fu_179         |    0    |    0    |    0    |
|          |         mrv_4_fu_185         |    0    |    0    |    0    |
|          |         mrv_5_fu_191         |    0    |    0    |    0    |
|----------|------------------------------|---------|---------|---------|
|   Total  |                              |    15   |   640   |   675   |
|----------|------------------------------|---------|---------|---------|

Memories:
N/A

* Register list:
+-------------------------+--------+
|                         |   FF   |
+-------------------------+--------+
|scalar_val_0_read_reg_196|   32   |
|scalar_val_1_read_reg_201|   32   |
|scalar_val_2_read_reg_206|   32   |
|scalar_val_3_read_reg_211|   32   |
|scalar_val_4_read_reg_216|   32   |
|scalar_val_5_read_reg_221|   32   |
+-------------------------+--------+
|          Total          |   192  |
+-------------------------+--------+

* Multiplexer (MUX) list: 
|--------|------|------|------|--------|
|  Comp  |  Pin | Size |  BW  | S x BW |
|--------|------|------|------|--------|
|  Total |      |      |      |    0   |
|--------|------|------|------|--------|



* Summary:
+-----------+--------+--------+--------+
|           |   DSP  |   FF   |   LUT  |
+-----------+--------+--------+--------+
|  Function |   15   |   640  |   675  |
|   Memory  |    -   |    -   |    -   |
|Multiplexer|    -   |    -   |    -   |
|  Register |    -   |   192  |    -   |
+-----------+--------+--------+--------+
|   Total   |   15   |   832  |   675  |
+-----------+--------+--------+--------+
